Parameters: GAD=1 vflib=1 dir=0 label=1 lowerbound=1 fileNameGp=../graphsdb/mcs10/rand/r02/mcs10_r02_s90.A17 fileNameGt=../graphsdb/mcs10/rand/r02/mcs10_r02_s90.B17
Reading graphs...
90 :  1432
90 :  1452
Initializing...
maxdom : 12
D->valSize : 554
Solving...
currentSize : 3 <-- 0.007480 s
currentSize : 5 <-- 0.007928 s
currentSize : 6 <-- 0.010168 s
currentSize : 7 <-- 0.293700 s
currentSize : 9 <-- 0.434532 s
currentSize : 10 <-- 0.438959 s

maxsize : 10
nodes : 27280.000000
filtered : 479685.000000
CCGP filtered : 155391.000000
CCGT filtered : 117330.000000
time : 1.668019
