Parameters: GAD=1 vflib=1 dir=0 label=1 lowerbound=1 fileNameGp=../graphsdb/mcs10/bvg/b06/mcs10_b06_s100.A68 fileNameGt=../graphsdb/mcs10/bvg/b06/mcs10_b06_s100.B68
Reading graphs...
100 :  296
100 :  297
Initializing...
maxdom : 8
D->valSize : 330
Solving...
currentSize : 1 <-- 0.004805 s
currentSize : 2 <-- 0.005767 s
currentSize : 4 <-- 0.009119 s
currentSize : 5 <-- 0.009312 s
currentSize : 8 <-- 0.010001 s
currentSize : 10 <-- 0.010245 s

maxsize : 10
nodes : 3876.000000
filtered : 27758.000000
CCGP filtered : 48889.000000
CCGT filtered : 77026.000000
time : 0.231339
