Parameters: GAD=1 vflib=1 dir=0 label=1 lowerbound=1 fileNameGp=../graphsdb/mcs10/rand/r02/mcs10_r02_s90.A10 fileNameGt=../graphsdb/mcs10/rand/r02/mcs10_r02_s90.B10
Reading graphs...
90 :  1443
90 :  1454
Initializing...
maxdom : 9
D->valSize : 520
Solving...
currentSize : 2 <-- 0.005581 s
currentSize : 4 <-- 0.007939 s
currentSize : 5 <-- 0.009166 s
currentSize : 6 <-- 0.028834 s
currentSize : 7 <-- 0.298161 s
currentSize : 9 <-- 0.855276 s

maxsize : 9
nodes : 36930.000000
filtered : 529963.000000
CCGP filtered : 156495.000000
CCGT filtered : 149727.000000
time : 2.103917
