Parameters: GAD=1 vflib=1 dir=0 label=1 lowerbound=1 fileNameGp=../graphsdb/mcs10/rand/r02/mcs10_r02_s70.A00 fileNameGt=../graphsdb/mcs10/rand/r02/mcs10_r02_s70.B00
Reading graphs...
70 :  869
70 :  862
Initializing...
maxdom : 8
D->valSize : 310
Solving...
currentSize : 2 <-- 0.002639 s
currentSize : 3 <-- 0.003468 s
currentSize : 4 <-- 0.005909 s
currentSize : 5 <-- 0.006982 s
currentSize : 6 <-- 0.034629 s
currentSize : 7 <-- 0.139365 s

maxsize : 7
nodes : 4832.000000
filtered : 75587.000000
CCGP filtered : 23692.000000
CCGT filtered : 24829.000000
time : 0.190069
