Parameters: GAD=1 vflib=1 dir=0 label=1 lowerbound=1 fileNameGp=../graphsdb/mcs10/rand/r01/mcs10_r01_s80.A46 fileNameGt=../graphsdb/mcs10/rand/r01/mcs10_r01_s80.B46
Reading graphs...
80 :  605
80 :  597
Initializing...
maxdom : 9
D->valSize : 440
Solving...
currentSize : 2 <-- 0.004131 s
currentSize : 3 <-- 0.006066 s
currentSize : 4 <-- 0.010933 s
currentSize : 5 <-- 0.012711 s
currentSize : 6 <-- 0.012783 s
currentSize : 8 <-- 0.057447 s
currentSize : 9 <-- 0.057525 s

maxsize : 9
nodes : 3308.000000
filtered : 77431.000000
CCGP filtered : 60824.000000
CCGT filtered : 70367.000000
time : 0.150232
