Parameters: GAD=1 vflib=1 dir=0 label=1 lowerbound=1 fileNameGp=../graphsdb/mcs30/m3D/m3Dr6/mcs30_m3Dr6_s90.A11 fileNameGt=../graphsdb/mcs30/m3D/m3Dr6/mcs30_m3Dr6_s90.B11
Reading graphs...
90 :  258
90 :  261
Initializing...
maxdom : 10
D->valSize : 535
Solving...
currentSize : 8 <-- 0.006323 s
currentSize : 10 <-- 0.006576 s
currentSize : 13 <-- 0.018535 s
currentSize : 14 <-- 0.018902 s
currentSize : 15 <-- 0.019121 s
currentSize : 27 <-- 0.019972 s

TIMEOUT
maxsize : 27
nodes : 76626937.000000
filtered : 318088814.000000
CCGP filtered : 901469803.000000
CCGT filtered : 464582576.000000
time : 3600.000000
