Parameters: GAD=1 vflib=1 dir=0 label=1 lowerbound=1 fileNameGp=../graphsdb/mcs30/rand/r02/mcs30_r02_s50.A97 fileNameGt=../graphsdb/mcs30/rand/r02/mcs30_r02_s50.B97
Reading graphs...
50 :  439
50 :  442
Initializing...
maxdom : 9
D->valSize : 333
Solving...
currentSize : 1 <-- 0.002199 s
currentSize : 4 <-- 0.004682 s
currentSize : 5 <-- 0.004808 s
currentSize : 6 <-- 0.005468 s
currentSize : 7 <-- 0.050390 s
currentSize : 8 <-- 0.053878 s
currentSize : 9 <-- 0.054373 s
currentSize : 14 <-- 0.070388 s

maxsize : 14
nodes : 8467.000000
filtered : 135059.000000
CCGP filtered : 29360.000000
CCGT filtered : 17674.000000
time : 0.208075
