Parameters: GAD=1 vflib=1 dir=0 label=1 lowerbound=1 fileNameGp=../graphsdb/mcs30/m3D/m3Dr2/mcs30_m3Dr2_s100.A09 fileNameGt=../graphsdb/mcs30/m3D/m3Dr2/mcs30_m3Dr2_s100.B09
Reading graphs...
100 :  253
100 :  253
Initializing...
maxdom : 7
D->valSize : 326
Solving...
currentSize : 1 <-- 0.003074 s
currentSize : 3 <-- 0.003244 s
currentSize : 12 <-- 0.004243 s
currentSize : 17 <-- 0.005189 s
currentSize : 18 <-- 0.005364 s
currentSize : 27 <-- 0.005643 s

maxsize : 27
nodes : 12953327.000000
filtered : 44233285.000000
CCGP filtered : 54993256.000000
CCGT filtered : 57899452.000000
time : 793.063477
