Parameters: GAD=1 vflib=1 dir=0 label=1 lowerbound=1 fileNameGp=../graphsdb/mcs30/bvg/b06/mcs30_b06_s90.A09 fileNameGt=../graphsdb/mcs30/bvg/b06/mcs30_b06_s90.B09
Reading graphs...
90 :  269
90 :  268
Initializing...
maxdom : 10
D->valSize : 535
Solving...
currentSize : 1 <-- 0.005991 s
currentSize : 2 <-- 0.006491 s
currentSize : 15 <-- 0.007918 s
currentSize : 17 <-- 0.008344 s
currentSize : 26 <-- 0.008931 s
currentSize : 27 <-- 6.354903 s

maxsize : 27
nodes : 59160459.000000
filtered : 255866773.000000
CCGP filtered : 445600816.000000
CCGT filtered : 323395153.000000
time : 2949.150635
