Parameters: GAD=1 vflib=1 dir=0 label=1 lowerbound=1 fileNameGp=../graphsdb/mcs30/m2D/m2Dr6/mcs30_m2Dr6_s70.A93 fileNameGt=../graphsdb/mcs30/m2D/m2Dr6/mcs30_m2Dr6_s70.B93
Reading graphs...
70 :  160
70 :  160
Initializing...
maxdom : 8
D->valSize : 344
Solving...
currentSize : 1 <-- 0.004337 s
currentSize : 4 <-- 0.005260 s
currentSize : 6 <-- 0.005445 s
currentSize : 8 <-- 0.005587 s
currentSize : 12 <-- 0.006340 s
currentSize : 23 <-- 0.007244 s
currentSize : 25 <-- 1.166675 s

maxsize : 25
nodes : 1261202.000000
filtered : 4813548.000000
CCGP filtered : 6929310.000000
CCGT filtered : 3641427.000000
time : 38.728157
