Parameters: GAD=1 vflib=1 dir=0 label=1 lowerbound=1 fileNameGp=../graphsdb/mcs30/rand/r02/mcs30_r02_s80.A53 fileNameGt=../graphsdb/mcs30/rand/r02/mcs30_r02_s80.B53
Reading graphs...
80 :  1121
80 :  1139
Initializing...
maxdom : 9
D->valSize : 422
Solving...
currentSize : 2 <-- 0.010641 s
currentSize : 3 <-- 0.011067 s
currentSize : 4 <-- 0.012770 s
currentSize : 5 <-- 0.024194 s
currentSize : 6 <-- 0.034471 s
currentSize : 7 <-- 0.039150 s
currentSize : 8 <-- 0.066129 s
currentSize : 9 <-- 0.135621 s
currentSize : 11 <-- 0.139586 s
currentSize : 12 <-- 0.163986 s
currentSize : 22 <-- 0.260534 s

maxsize : 22
nodes : 11925.000000
filtered : 224780.000000
CCGP filtered : 31534.000000
CCGT filtered : 29010.000000
time : 0.722424
