Parameters: GAD=1 vflib=1 dir=0 label=1 lowerbound=1 fileNameGp=../graphsdb/mcs30/bvg/b09m/mcs30_b09m_s50.A00 fileNameGt=../graphsdb/mcs30/bvg/b09m/mcs30_b09m_s50.B00
Reading graphs...
50 :  216
50 :  214
Initializing...
maxdom : 10
D->valSize : 323
Solving...
currentSize : 1 <-- 0.002075 s
currentSize : 2 <-- 0.002182 s
currentSize : 3 <-- 0.002555 s
currentSize : 5 <-- 0.002880 s
currentSize : 7 <-- 0.009118 s
currentSize : 13 <-- 0.009237 s

maxsize : 13
nodes : 19162.000000
filtered : 110866.000000
CCGP filtered : 132896.000000
CCGT filtered : 70278.000000
time : 0.370959
