Parameters: GAD=1 vflib=1 dir=0 label=1 lowerbound=1 fileNameGp=../graphsdb/mcs30/bvg/b06/mcs30_b06_s90.A19 fileNameGt=../graphsdb/mcs30/bvg/b06/mcs30_b06_s90.B19
Reading graphs...
90 :  267
90 :  268
Initializing...
maxdom : 10
D->valSize : 501
Solving...
currentSize : 1 <-- 0.005036 s
currentSize : 2 <-- 0.005219 s
currentSize : 9 <-- 0.008364 s
currentSize : 10 <-- 0.008495 s
currentSize : 13 <-- 0.008923 s
currentSize : 14 <-- 0.009057 s
currentSize : 15 <-- 0.009269 s
currentSize : 16 <-- 0.009632 s
currentSize : 22 <-- 0.010261 s
currentSize : 27 <-- 11.642374 s

maxsize : 27
nodes : 32748231.000000
filtered : 143284110.000000
CCGP filtered : 280919396.000000
CCGT filtered : 124747970.000000
time : 1512.358398
