Parameters: GAD=1 vflib=1 dir=0 label=1 lowerbound=1 fileNameGp=../graphsdb/mcs30/m3D/m3Dr4/mcs30_m3Dr4_s90.A66 fileNameGt=../graphsdb/mcs30/m3D/m3Dr4/mcs30_m3Dr4_s90.B66
Reading graphs...
90 :  242
90 :  244
Initializing...
maxdom : 9
D->valSize : 552
Solving...
currentSize : 1 <-- 0.006189 s
currentSize : 3 <-- 0.007823 s
currentSize : 14 <-- 0.008742 s
currentSize : 17 <-- 0.009277 s
currentSize : 20 <-- 0.009517 s
currentSize : 21 <-- 0.009700 s
currentSize : 27 <-- 0.009957 s

maxsize : 27
nodes : 62375659.000000
filtered : 281217840.000000
CCGP filtered : 628080891.000000
CCGT filtered : 352088258.000000
time : 3050.394775
