Parameters: GAD=1 vflib=1 dir=0 label=1 lowerbound=1 fileNameGp=../graphsdb/mcs30/m3D/m3Dr6/mcs30_m3Dr6_s30.A84 fileNameGt=../graphsdb/mcs30/m3D/m3Dr6/mcs30_m3Dr6_s30.B84
Reading graphs...
30 :  76
30 :  75
Initializing...
maxdom : 6
D->valSize : 109
Solving...
currentSize : 1 <-- 0.000524 s
currentSize : 2 <-- 0.000592 s
currentSize : 3 <-- 0.000684 s
currentSize : 7 <-- 0.000850 s
currentSize : 8 <-- 0.001681 s
currentSize : 9 <-- 0.001725 s

maxsize : 9
nodes : 546.000000
filtered : 3146.000000
CCGP filtered : 2004.000000
CCGT filtered : 3366.000000
time : 0.005912
