Parameters: GAD=1 vflib=1 dir=0 label=1 lowerbound=1 fileNameGp=../graphsdb/mcs30/m4D/m4Dr6/mcs30_m4Dr6_s70.A05 fileNameGt=../graphsdb/mcs30/m4D/m4Dr6/mcs30_m4Dr6_s70.B05
Reading graphs...
70 :  159
70 :  158
Initializing...
maxdom : 7
D->valSize : 339
Solving...
currentSize : 1 <-- 0.002626 s
currentSize : 2 <-- 0.004603 s
currentSize : 9 <-- 0.006208 s
currentSize : 10 <-- 0.006310 s
currentSize : 12 <-- 0.006590 s
currentSize : 16 <-- 0.006860 s

maxsize : 16
nodes : 28819.000000
filtered : 129846.000000
CCGP filtered : 163661.000000
CCGT filtered : 217838.000000
time : 0.935883
