Parameters: GAD=1 vflib=1 dir=0 label=1 lowerbound=1 fileNameGp=../graphsdb/mcs30/m3D/m3Dr4/mcs30_m3Dr4_s100.A57 fileNameGt=../graphsdb/mcs30/m3D/m3Dr4/mcs30_m3Dr4_s100.B57
Reading graphs...
100 :  273
100 :  273
Initializing...
maxdom : 7
D->valSize : 361
Solving...
currentSize : 1 <-- 0.006086 s
currentSize : 13 <-- 0.008438 s
currentSize : 15 <-- 0.008788 s
currentSize : 16 <-- 0.009284 s
currentSize : 18 <-- 0.009598 s
currentSize : 19 <-- 0.010083 s
currentSize : 27 <-- 0.010518 s

TIMEOUT
maxsize : 27
nodes : 56687440.000000
filtered : 185935535.000000
CCGP filtered : 226298634.000000
CCGT filtered : 338510218.000000
time : 3600.000000
