Parameters: GAD=1 vflib=1 dir=0 label=1 lowerbound=1 fileNameGp=../graphsdb/mcs30/bvg/b06/mcs30_b06_s40.A47 fileNameGt=../graphsdb/mcs30/bvg/b06/mcs30_b06_s40.B47
Reading graphs...
40 :  120
40 :  115
Initializing...
maxdom : 7
D->valSize : 208
Solving...
currentSize : 1 <-- 0.001167 s
currentSize : 2 <-- 0.001352 s
currentSize : 3 <-- 0.001414 s
currentSize : 5 <-- 0.002061 s
currentSize : 6 <-- 0.002144 s
currentSize : 7 <-- 0.002238 s
currentSize : 10 <-- 0.002306 s
currentSize : 12 <-- 0.002740 s

maxsize : 12
nodes : 4933.000000
filtered : 22736.000000
CCGP filtered : 20992.000000
CCGT filtered : 22200.000000
time : 0.070572
