Parameters: GAD=1 vflib=1 dir=0 label=1 lowerbound=1 fileNameGp=../graphsdb/mcs30/bvg/b09m/mcs30_b09m_s50.A29 fileNameGt=../graphsdb/mcs30/bvg/b09m/mcs30_b09m_s50.B29
Reading graphs...
50 :  212
50 :  218
Initializing...
maxdom : 8
D->valSize : 331
Solving...
currentSize : 1 <-- 0.002043 s
currentSize : 4 <-- 0.002250 s
currentSize : 6 <-- 0.002710 s
currentSize : 7 <-- 0.007528 s
currentSize : 12 <-- 0.014134 s
currentSize : 13 <-- 0.015955 s

maxsize : 13
nodes : 18457.000000
filtered : 139531.000000
CCGP filtered : 97783.000000
CCGT filtered : 93253.000000
time : 0.375405
