Parameters: GAD=1 vflib=1 dir=0 label=1 lowerbound=1 fileNameGp=../graphsdb/mcs30/m3D/m3Dr6/mcs30_m3Dr6_s100.A54 fileNameGt=../graphsdb/mcs30/m3D/m3Dr6/mcs30_m3Dr6_s100.B54
Reading graphs...
100 :  291
100 :  289
Initializing...
maxdom : 8
D->valSize : 327
Solving...
currentSize : 1 <-- 0.002996 s
currentSize : 4 <-- 0.003693 s
currentSize : 6 <-- 0.003997 s
currentSize : 7 <-- 0.004211 s
currentSize : 10 <-- 0.004658 s
currentSize : 14 <-- 0.005277 s
currentSize : 16 <-- 0.005775 s
currentSize : 17 <-- 0.006087 s
currentSize : 18 <-- 0.006301 s
currentSize : 19 <-- 0.006667 s
currentSize : 27 <-- 0.006785 s

maxsize : 27
nodes : 8756054.000000
filtered : 30338102.000000
CCGP filtered : 37276691.000000
CCGT filtered : 32950085.000000
time : 571.616699
