Parameters: GAD=1 vflib=1 dir=0 label=1 lowerbound=1 fileNameGp=../graphsdb/mcs30/m3D/m3Dr6/mcs30_m3Dr6_s80.A01 fileNameGt=../graphsdb/mcs30/m3D/m3Dr6/mcs30_m3Dr6_s80.B01
Reading graphs...
80 :  227
80 :  227
Initializing...
maxdom : 9
D->valSize : 433
Solving...
currentSize : 1 <-- 0.006494 s
currentSize : 2 <-- 0.007196 s
currentSize : 7 <-- 0.008283 s
currentSize : 16 <-- 0.009297 s
currentSize : 17 <-- 0.009465 s
currentSize : 18 <-- 0.009628 s
currentSize : 22 <-- 0.009989 s
currentSize : 28 <-- 0.010414 s

maxsize : 28
nodes : 74060219.000000
filtered : 307373467.000000
CCGP filtered : 573775627.000000
CCGT filtered : 320071857.000000
time : 2758.957520
