Parameters: GAD=1 vflib=1 dir=0 label=1 lowerbound=1 fileNameGp=../graphsdb/mcs30/bvg/b06m/mcs30_b06m_s80.A24 fileNameGt=../graphsdb/mcs30/bvg/b06m/mcs30_b06m_s80.B24
Reading graphs...
80 :  235
80 :  237
Initializing...
maxdom : 8
D->valSize : 469
Solving...
currentSize : 1 <-- 0.006391 s
currentSize : 2 <-- 0.007117 s
currentSize : 11 <-- 0.010763 s
currentSize : 12 <-- 0.011002 s
currentSize : 13 <-- 0.011125 s
currentSize : 14 <-- 0.011266 s
currentSize : 24 <-- 0.011615 s

maxsize : 24
nodes : 6434763.000000
filtered : 25082034.000000
CCGP filtered : 46925756.000000
CCGT filtered : 35082663.000000
time : 253.222687
