Parameters: GAD=1 vflib=1 dir=0 label=1 lowerbound=1 fileNameGp=../graphsdb/mcs30/bvg/b09m/mcs30_b09m_s35.A71 fileNameGt=../graphsdb/mcs30/bvg/b09m/mcs30_b09m_s35.B71
Reading graphs...
35 :  143
35 :  143
Initializing...
maxdom : 9
D->valSize : 156
Solving...
currentSize : 2 <-- 0.000914 s
currentSize : 3 <-- 0.001021 s
currentSize : 4 <-- 0.002152 s
currentSize : 5 <-- 0.002203 s
currentSize : 6 <-- 0.002239 s
currentSize : 8 <-- 0.002298 s

maxsize : 8
nodes : 1576.000000
filtered : 13583.000000
CCGP filtered : 7022.000000
CCGT filtered : 7815.000000
time : 0.021269
