Parameters: GAD=1 vflib=1 dir=0 label=1 lowerbound=1 fileNameGp=../graphsdb/mcs30/m4D/m4Dr4/mcs30_m4Dr4_s50.A13 fileNameGt=../graphsdb/mcs30/m4D/m4Dr4/mcs30_m4Dr4_s50.B13
Reading graphs...
50 :  107
50 :  106
Initializing...
maxdom : 10
D->valSize : 333
Solving...
currentSize : 1 <-- 0.003568 s
currentSize : 5 <-- 0.003773 s
currentSize : 6 <-- 0.004102 s
currentSize : 7 <-- 0.004602 s
currentSize : 10 <-- 0.004772 s
currentSize : 11 <-- 0.006989 s
currentSize : 16 <-- 0.007302 s

maxsize : 16
nodes : 32805.000000
filtered : 178543.000000
CCGP filtered : 209924.000000
CCGT filtered : 252433.000000
time : 0.680532
