Parameters: GAD=1 vflib=1 dir=0 label=1 lowerbound=1 fileNameGp=../graphsdb/mcs30/rand/r02/mcs30_r02_s80.A95 fileNameGt=../graphsdb/mcs30/rand/r02/mcs30_r02_s80.B95
Reading graphs...
80 :  1131
80 :  1127
Initializing...
maxdom : 9
D->valSize : 437
Solving...
currentSize : 3 <-- 0.019841 s
currentSize : 4 <-- 0.020128 s
currentSize : 5 <-- 0.035749 s
currentSize : 9 <-- 0.140557 s
currentSize : 13 <-- 0.314543 s
currentSize : 19 <-- 0.390521 s
currentSize : 20 <-- 1.067296 s

maxsize : 20
nodes : 41192.000000
filtered : 451964.000000
CCGP filtered : 59761.000000
CCGT filtered : 49057.000000
time : 2.200054
