Parameters: GAD=1 vflib=1 dir=0 label=1 lowerbound=1 fileNameGp=../graphsdb/mcs30/m3D/m3Dr6/mcs30_m3Dr6_s90.A97 fileNameGt=../graphsdb/mcs30/m3D/m3Dr6/mcs30_m3Dr6_s90.B97
Reading graphs...
90 :  259
90 :  257
Initializing...
maxdom : 8
D->valSize : 533
Solving...
currentSize : 1 <-- 0.010615 s
currentSize : 3 <-- 0.011299 s
currentSize : 15 <-- 0.017657 s
currentSize : 16 <-- 0.017956 s
currentSize : 18 <-- 0.018307 s
currentSize : 19 <-- 0.018431 s
currentSize : 25 <-- 0.018658 s

maxsize : 25
nodes : 40678182.000000
filtered : 184497205.000000
CCGP filtered : 354893344.000000
CCGT filtered : 192589108.000000
time : 1990.277832
