Parameters: GAD=1 vflib=1 dir=0 label=1 lowerbound=1 fileNameGp=../graphsdb/mcs30/bvg/b06/mcs30_b06_s60.A55 fileNameGt=../graphsdb/mcs30/bvg/b06/mcs30_b06_s60.B55
Reading graphs...
60 :  178
60 :  179
Initializing...
maxdom : 6
D->valSize : 236
Solving...
currentSize : 1 <-- 0.001457 s
currentSize : 7 <-- 0.002058 s
currentSize : 8 <-- 0.002181 s
currentSize : 10 <-- 0.002287 s
currentSize : 13 <-- 0.002457 s
currentSize : 18 <-- 0.004201 s

maxsize : 18
nodes : 109832.000000
filtered : 412868.000000
CCGP filtered : 275980.000000
CCGT filtered : 295987.000000
time : 2.570380
