Parameters: GAD=1 vflib=1 dir=0 label=1 lowerbound=1 fileNameGp=../graphsdb/mcs30/rand/r02/mcs30_r02_s30.A97 fileNameGt=../graphsdb/mcs30/rand/r02/mcs30_r02_s30.B97
Reading graphs...
30 :  153
30 :  160
Initializing...
maxdom : 7
D->valSize : 113
Solving...
currentSize : 2 <-- 0.000899 s
currentSize : 3 <-- 0.000990 s
currentSize : 4 <-- 0.001156 s
currentSize : 5 <-- 0.002032 s
currentSize : 7 <-- 0.003199 s
currentSize : 9 <-- 0.003259 s

maxsize : 9
nodes : 546.000000
filtered : 5388.000000
CCGP filtered : 1338.000000
CCGT filtered : 1514.000000
time : 0.006991
