Parameters: GAD=1 vflib=1 dir=0 label=1 lowerbound=1 fileNameGp=../graphsdb/mcs30/m4D/m4Dr2/mcs30_m4Dr2_s70.A28 fileNameGt=../graphsdb/mcs30/m4D/m4Dr2/mcs30_m4Dr2_s70.B28
Reading graphs...
70 :  132
70 :  130
Initializing...
maxdom : 7
D->valSize : 314
Solving...
currentSize : 1 <-- 0.003777 s
currentSize : 2 <-- 0.004913 s
currentSize : 4 <-- 0.005749 s
currentSize : 8 <-- 0.006308 s
currentSize : 10 <-- 0.006824 s
currentSize : 16 <-- 0.007410 s

maxsize : 16
nodes : 32880.000000
filtered : 144040.000000
CCGP filtered : 354550.000000
CCGT filtered : 203298.000000
time : 1.516869
