Parameters: GAD=1 vflib=1 dir=0 label=1 lowerbound=1 fileNameGp=../graphsdb/mcs30/bvg/b09/mcs30_b09_s80.A72 fileNameGt=../graphsdb/mcs30/bvg/b09/mcs30_b09_s80.B72
Reading graphs...
80 :  352
80 :  349
Initializing...
maxdom : 9
D->valSize : 410
Solving...
currentSize : 1 <-- 0.003496 s
currentSize : 2 <-- 0.003684 s
currentSize : 3 <-- 0.004395 s
currentSize : 4 <-- 0.005631 s
currentSize : 7 <-- 0.007207 s
currentSize : 8 <-- 0.007431 s
currentSize : 11 <-- 0.007904 s
currentSize : 13 <-- 0.008067 s
currentSize : 15 <-- 0.120734 s
currentSize : 24 <-- 0.121055 s

maxsize : 24
nodes : 7437147.000000
filtered : 31235456.000000
CCGP filtered : 23768043.000000
CCGT filtered : 24889352.000000
time : 297.097260
