Parameters: GAD=1 vflib=1 dir=0 label=1 lowerbound=1 fileNameGp=../graphsdb/mcs30/m3D/m3D/mcs30_m3D_s100.A68 fileNameGt=../graphsdb/mcs30/m3D/m3D/mcs30_m3D_s100.B68
Reading graphs...
100 :  233
100 :  233
Initializing...
maxdom : 9
D->valSize : 347
Solving...
currentSize : 1 <-- 0.003487 s
currentSize : 7 <-- 0.003994 s
currentSize : 9 <-- 0.004367 s
currentSize : 13 <-- 0.004687 s
currentSize : 14 <-- 0.004878 s
currentSize : 17 <-- 0.005587 s
currentSize : 18 <-- 0.006203 s
currentSize : 20 <-- 0.007102 s
currentSize : 27 <-- 0.007270 s

maxsize : 27
nodes : 7972763.000000
filtered : 26551282.000000
CCGP filtered : 35951688.000000
CCGT filtered : 33427690.000000
time : 442.724213
