Parameters: GAD=1 vflib=1 dir=0 label=1 lowerbound=1 fileNameGp=../graphsdb/mcs30/m3D/m3Dr6/mcs30_m3Dr6_s25.A53 fileNameGt=../graphsdb/mcs30/m3D/m3Dr6/mcs30_m3Dr6_s25.B53
Reading graphs...
25 :  63
25 :  62
Initializing...
maxdom : 9
D->valSize : 155
Solving...
currentSize : 1 <-- 0.000697 s
currentSize : 2 <-- 0.000765 s
currentSize : 4 <-- 0.000858 s
currentSize : 5 <-- 0.001003 s
currentSize : 6 <-- 0.001155 s
currentSize : 8 <-- 0.002637 s

maxsize : 8
nodes : 711.000000
filtered : 7021.000000
CCGP filtered : 4792.000000
CCGT filtered : 5276.000000
time : 0.007177
