Parameters: GAD=1 vflib=1 dir=0 label=1 lowerbound=1 fileNameGp=../graphsdb/mcs30/bvg/b03/mcs30_b03_s90.A94 fileNameGt=../graphsdb/mcs30/bvg/b03/mcs30_b03_s90.B94
Reading graphs...
90 :  135
90 :  133
Initializing...
maxdom : 11
D->valSize : 534
Solving...
currentSize : 1 <-- 0.005686 s
currentSize : 9 <-- 0.007121 s
currentSize : 10 <-- 0.007285 s
currentSize : 15 <-- 0.007756 s
currentSize : 16 <-- 0.007967 s
currentSize : 17 <-- 0.008124 s
currentSize : 18 <-- 0.008277 s
currentSize : 24 <-- 0.008889 s
currentSize : 27 <-- 0.132673 s

maxsize : 27
nodes : 454496.000000
filtered : 1852281.000000
CCGP filtered : 3778257.000000
CCGT filtered : 2141808.000000
time : 21.928312
