Parameters: GAD=1 vflib=1 dir=0 label=1 lowerbound=1 fileNameGp=../graphsdb/mcs50/bvg/b03/mcs50_b03_s50.A64 fileNameGt=../graphsdb/mcs50/bvg/b03/mcs50_b03_s50.B64
Reading graphs...
50 :  75
50 :  75
Initializing...
maxdom : 9
D->valSize : 330
Solving...
currentSize : 1 <-- 0.002145 s
currentSize : 2 <-- 0.008700 s
currentSize : 3 <-- 0.008823 s
currentSize : 6 <-- 0.009215 s
currentSize : 7 <-- 0.009285 s
currentSize : 24 <-- 0.009453 s

maxsize : 24
nodes : 38974.000000
filtered : 200062.000000
CCGP filtered : 421887.000000
CCGT filtered : 167355.000000
time : 0.621918
