Parameters: GAD=1 vflib=1 dir=0 label=1 lowerbound=1 fileNameGp=../graphsdb/mcs50/rand/r02/mcs50_r02_s50.A04 fileNameGt=../graphsdb/mcs50/rand/r02/mcs50_r02_s50.B04
Reading graphs...
50 :  433
50 :  429
Initializing...
maxdom : 9
D->valSize : 312
Solving...
currentSize : 4 <-- 0.002211 s
currentSize : 5 <-- 0.002393 s
currentSize : 7 <-- 0.003550 s
currentSize : 9 <-- 0.025705 s
currentSize : 10 <-- 0.033878 s
currentSize : 11 <-- 0.035222 s
currentSize : 12 <-- 0.051588 s
currentSize : 22 <-- 0.081596 s
currentSize : 23 <-- 0.081899 s

maxsize : 23
nodes : 4693.000000
filtered : 73808.000000
CCGP filtered : 11863.000000
CCGT filtered : 10297.000000
time : 0.115261
