Parameters: GAD=1 vflib=1 dir=0 label=1 lowerbound=1 fileNameGp=../graphsdb/mcs50/bvg/b09m/mcs50_b09m_s25.A64 fileNameGt=../graphsdb/mcs50/bvg/b09m/mcs50_b09m_s25.B64
Reading graphs...
25 :  103
25 :  103
Initializing...
maxdom : 12
D->valSize : 197
Solving...
currentSize : 4 <-- 0.000842 s
currentSize : 5 <-- 0.001137 s
currentSize : 6 <-- 0.001401 s
currentSize : 7 <-- 0.002850 s
currentSize : 9 <-- 0.009098 s
currentSize : 11 <-- 0.009150 s

maxsize : 11
nodes : 1464.000000
filtered : 18901.000000
CCGP filtered : 4122.000000
CCGT filtered : 3723.000000
time : 0.014102
