Parameters: GAD=1 vflib=1 dir=0 label=1 lowerbound=1 fileNameGp=../graphsdb/mcs50/bvg/b06m/mcs50_b06m_s50.A15 fileNameGt=../graphsdb/mcs50/bvg/b06m/mcs50_b06m_s50.B15
Reading graphs...
50 :  144
50 :  143
Initializing...
maxdom : 10
D->valSize : 331
Solving...
currentSize : 1 <-- 0.002218 s
currentSize : 3 <-- 0.007104 s
currentSize : 4 <-- 0.007162 s
currentSize : 5 <-- 0.007572 s
currentSize : 15 <-- 0.007895 s
currentSize : 19 <-- 0.024431 s
currentSize : 24 <-- 0.184785 s
currentSize : 25 <-- 0.230224 s

maxsize : 25
nodes : 84220.000000
filtered : 503292.000000
CCGP filtered : 170837.000000
CCGT filtered : 146004.000000
time : 1.435522
