Parameters: GAD=1 vflib=1 dir=0 label=1 lowerbound=1 fileNameGp=../graphsdb/mcs50/m2D/m2D/mcs50_m2D_s100.A33 fileNameGt=../graphsdb/mcs50/m2D/m2D/mcs50_m2D_s100.B33
Reading graphs...
100 :  180
100 :  179
Initializing...
maxdom : 7
D->valSize : 367
Solving...
currentSize : 1 <-- 0.003849 s
currentSize : 9 <-- 0.004274 s
currentSize : 20 <-- 0.004813 s
currentSize : 21 <-- 0.005058 s
currentSize : 49 <-- 0.005714 s

TIMEOUT
maxsize : 49
nodes : 85473794.000000
filtered : 267753328.000000
CCGP filtered : 228161333.000000
CCGT filtered : 143018018.000000
time : 3600.000000
