Parameters: GAD=1 vflib=1 dir=0 label=1 lowerbound=1 fileNameGp=../graphsdb/mcs50/rand/r02/mcs50_r02_s80.A50 fileNameGt=../graphsdb/mcs50/rand/r02/mcs50_r02_s80.B50
Reading graphs...
80 :  1133
80 :  1121
Initializing...
maxdom : 8
D->valSize : 416
Solving...
currentSize : 1 <-- 0.035082 s
currentSize : 3 <-- 0.042789 s
currentSize : 4 <-- 0.043472 s
currentSize : 5 <-- 0.043741 s
currentSize : 29 <-- 0.048234 s
currentSize : 30 <-- 0.049761 s
currentSize : 31 <-- 0.455225 s

maxsize : 31
nodes : 38794.000000
filtered : 388401.000000
CCGP filtered : 13264.000000
CCGT filtered : 12272.000000
time : 1.977339
