Parameters: GAD=1 vflib=1 dir=0 label=1 lowerbound=1 fileNameGp=../graphsdb/mcs50/m2D/m2D/mcs50_m2D_s100.A07 fileNameGt=../graphsdb/mcs50/m2D/m2D/mcs50_m2D_s100.B07
Reading graphs...
100 :  180
100 :  180
Initializing...
maxdom : 6
D->valSize : 357
Solving...
currentSize : 1 <-- 0.005481 s
currentSize : 3 <-- 0.005835 s
currentSize : 5 <-- 0.006158 s
currentSize : 7 <-- 0.006716 s
currentSize : 12 <-- 0.007253 s
currentSize : 49 <-- 0.009347 s

TIMEOUT
maxsize : 49
nodes : 90053006.000000
filtered : 294870536.000000
CCGP filtered : 127410220.000000
CCGT filtered : 115831048.000000
time : 3600.000000
