Parameters: GAD=1 vflib=1 dir=0 label=1 lowerbound=1 fileNameGp=../graphsdb/mcs50/bvg/b03m/mcs50_b03m_s90.A48 fileNameGt=../graphsdb/mcs50/bvg/b03m/mcs50_b03m_s90.B48
Reading graphs...
90 :  134
90 :  135
Initializing...
maxdom : 9
D->valSize : 510
Solving...
currentSize : 1 <-- 0.008943 s
currentSize : 6 <-- 0.009805 s
currentSize : 10 <-- 0.010083 s
currentSize : 14 <-- 0.010444 s
currentSize : 15 <-- 0.010591 s
currentSize : 44 <-- 0.012232 s

maxsize : 44
nodes : 18334051.000000
filtered : 67707553.000000
CCGP filtered : 73832267.000000
CCGT filtered : 44840763.000000
time : 616.654236
