Parameters: GAD=1 vflib=1 dir=0 label=1 lowerbound=1 fileNameGp=../graphsdb/mcs50/m3D/m3Dr6/mcs50_m3Dr6_s20.A32 fileNameGt=../graphsdb/mcs50/m3D/m3Dr6/mcs50_m3Dr6_s20.B32
Reading graphs...
20 :  47
20 :  47
Initializing...
maxdom : 8
D->valSize : 115
Solving...
currentSize : 1 <-- 0.000772 s
currentSize : 3 <-- 0.000842 s
currentSize : 4 <-- 0.000872 s
currentSize : 5 <-- 0.001533 s
currentSize : 7 <-- 0.001569 s
currentSize : 8 <-- 0.001648 s
currentSize : 9 <-- 0.001806 s

maxsize : 9
nodes : 290.000000
filtered : 3116.000000
CCGP filtered : 1222.000000
CCGT filtered : 1583.000000
time : 0.004041
