Parameters: GAD=1 vflib=1 dir=0 label=1 lowerbound=1 fileNameGp=../graphsdb/mcs50/m3D/m3D/mcs50_m3D_s15.A09 fileNameGt=../graphsdb/mcs50/m3D/m3D/mcs50_m3D_s15.B09
Reading graphs...
15 :  25
15 :  26
Initializing...
maxdom : 8
D->valSize : 111
Solving...
currentSize : 1 <-- 0.000540 s
currentSize : 2 <-- 0.000572 s
currentSize : 5 <-- 0.000612 s
currentSize : 6 <-- 0.000825 s
currentSize : 7 <-- 0.001133 s
currentSize : 8 <-- 0.001782 s

maxsize : 8
nodes : 777.000000
filtered : 6331.000000
CCGP filtered : 2402.000000
CCGT filtered : 1151.000000
time : 0.004116
