Parameters: GAD=1 vflib=1 dir=0 label=1 lowerbound=1 fileNameGp=../graphsdb/mcs50/rand/r01/mcs50_r01_s90.A88 fileNameGt=../graphsdb/mcs50/rand/r01/mcs50_r01_s90.B88
Reading graphs...
90 :  749
90 :  756
Initializing...
maxdom : 10
D->valSize : 554
Solving...
currentSize : 2 <-- 0.009832 s
currentSize : 4 <-- 0.012078 s
currentSize : 5 <-- 0.014031 s
currentSize : 6 <-- 0.020517 s
currentSize : 17 <-- 0.026403 s
currentSize : 21 <-- 0.087489 s
currentSize : 26 <-- 0.202476 s
currentSize : 43 <-- 0.496770 s

maxsize : 43
nodes : 247281.000000
filtered : 2792983.000000
CCGP filtered : 106881.000000
CCGT filtered : 69721.000000
time : 12.237922
