Parameters: GAD=1 vflib=1 dir=0 label=1 lowerbound=1 fileNameGp=../graphsdb/mcs70/rand/r01/mcs70_r01_s50.A26 fileNameGt=../graphsdb/mcs70/rand/r01/mcs70_r01_s50.B26
Reading graphs...
50 :  231
50 :  229
Initializing...
maxdom : 11
D->valSize : 356
Solving...
currentSize : 4 <-- 0.003327 s
currentSize : 5 <-- 0.003405 s
currentSize : 6 <-- 0.003528 s
currentSize : 7 <-- 0.004221 s
currentSize : 16 <-- 0.004346 s
currentSize : 23 <-- 0.010363 s
currentSize : 33 <-- 0.013331 s

maxsize : 33
nodes : 3360.000000
filtered : 34052.000000
CCGP filtered : 5872.000000
CCGT filtered : 5367.000000
time : 0.095384
