Parameters: GAD=1 vflib=1 dir=0 label=1 lowerbound=1 fileNameGp=../graphsdb/mcs70/bvg/b03/mcs70_b03_s15.A56 fileNameGt=../graphsdb/mcs70/bvg/b03/mcs70_b03_s15.B56
Reading graphs...
15 :  22
15 :  22
Initializing...
maxdom : 8
D->valSize : 111
Solving...
currentSize : 1 <-- 0.000508 s
currentSize : 5 <-- 0.000554 s
currentSize : 6 <-- 0.000698 s
currentSize : 8 <-- 0.000865 s
currentSize : 9 <-- 0.001071 s
currentSize : 10 <-- 0.002348 s

maxsize : 10
nodes : 423.000000
filtered : 3550.000000
CCGP filtered : 2194.000000
CCGT filtered : 1135.000000
time : 0.002722
