Parameters: GAD=1 vflib=1 dir=0 label=1 lowerbound=1 fileNameGp=../graphsdb/mcs70/rand/r02/mcs70_r02_s80.A00 fileNameGt=../graphsdb/mcs70/rand/r02/mcs70_r02_s80.B00
Reading graphs...
80 :  1122
80 :  1135
Initializing...
maxdom : 10
D->valSize : 489
Solving...
currentSize : 4 <-- 0.005761 s
currentSize : 13 <-- 0.006897 s
currentSize : 22 <-- 0.009312 s
currentSize : 23 <-- 0.012236 s
currentSize : 35 <-- 0.019905 s
currentSize : 36 <-- 0.089003 s
currentSize : 37 <-- 170.476700 s
currentSize : 38 <-- 170.594910 s

maxsize : 38
nodes : 54332893.000000
filtered : 14130758.000000
CCGP filtered : 5234.000000
CCGT filtered : 3143.000000
time : 1721.384888
