Parameters: GAD=1 vflib=1 dir=0 label=1 lowerbound=1 fileNameGp=../graphsdb/mcs90/rand/r02/mcs90_r02_s70.A87 fileNameGt=../graphsdb/mcs90/rand/r02/mcs90_r02_s70.B87
Reading graphs...
70 :  872
70 :  875
Initializing...
maxdom : 9
D->valSize : 394
Solving...
currentSize : 4 <-- 0.005433 s
currentSize : 5 <-- 0.005587 s
currentSize : 10 <-- 0.006177 s
currentSize : 13 <-- 0.007795 s
currentSize : 15 <-- 0.011691 s
currentSize : 23 <-- 0.016724 s
currentSize : 40 <-- 0.046165 s
currentSize : 41 <-- 0.048571 s
currentSize : 42 <-- 0.455041 s
currentSize : 43 <-- 15.800971 s
currentSize : 44 <-- 35.882965 s

maxsize : 44
nodes : 6370328.000000
filtered : 2798378.000000
CCGP filtered : 372.000000
CCGT filtered : 225.000000
time : 146.959259
