Parameters: GAD=1 vflib=1 dir=0 label=1 lowerbound=1 fileNameGp=../graphsdb/mcs90/rand/r02/mcs90_r02_s90.A73 fileNameGt=../graphsdb/mcs90/rand/r02/mcs90_r02_s90.B73
Reading graphs...
90 :  1442
90 :  1437
Initializing...
maxdom : 9
D->valSize : 562
Solving...
currentSize : 2 <-- 0.009376 s
currentSize : 6 <-- 0.010168 s
currentSize : 8 <-- 0.011132 s
currentSize : 10 <-- 0.012858 s
currentSize : 17 <-- 0.022193 s
currentSize : 22 <-- 0.036151 s
currentSize : 23 <-- 0.036746 s
currentSize : 27 <-- 0.433965 s
currentSize : 47 <-- 1.170218 s
currentSize : 48 <-- 1.170829 s
currentSize : 49 <-- 1.206330 s
currentSize : 50 <-- 5.059455 s
currentSize : 51 <-- 5.110902 s
currentSize : 52 <-- 19.816933 s
currentSize : 53 <-- 56.944862 s

TIMEOUT
maxsize : 53
nodes : 85209884.000000
filtered : 35743725.000000
CCGP filtered : 5530.000000
CCGT filtered : 8218.000000
time : 3600.000000
