Parameters: GAD=1 vflib=1 dir=0 label=1 lowerbound=1 fileNameGp=../graphsdb/mcs90/rand/r02/mcs90_r02_s70.A67 fileNameGt=../graphsdb/mcs90/rand/r02/mcs90_r02_s70.B67
Reading graphs...
70 :  862
70 :  872
Initializing...
maxdom : 7
D->valSize : 358
Solving...
currentSize : 1 <-- 0.003058 s
currentSize : 2 <-- 0.003283 s
currentSize : 3 <-- 0.003433 s
currentSize : 4 <-- 0.003554 s
currentSize : 44 <-- 0.005547 s
currentSize : 45 <-- 0.020360 s
currentSize : 46 <-- 0.275048 s

maxsize : 46
nodes : 1724157.000000
filtered : 828081.000000
CCGP filtered : 376.000000
CCGT filtered : 698.000000
time : 44.140873
