Parameters: GAD=1 vflib=1 dir=0 label=1 lowerbound=1 fileNameGp=../graphsdb/mcs10/bvg/b03m/mcs10_b03m_s60.A26 fileNameGt=../graphsdb/mcs10/bvg/b03m/mcs10_b03m_s60.B26
Reading graphs...
60 :  90
60 :  89
Initializing...
maxdom : 6
D->valSize : 235
Solving...
Blb : 2 (clique : 22)
currentSize : 22 <-- 0.001699 s
currentSize : 23 <-- 0.001996 s
currentSize : 24 <-- 0.002141 s
currentSize : 25 <-- 4.268412 s
currentSize : 26 <-- 7.200994 s
currentSize : 27 <-- 595.545166 s

TIMEOUT
maxsize : 27
nodes : 1382862076.000000
filtered : 4143031326.000000
time : 3600.000000
