Parameters: GAD=1 vflib=1 dir=0 label=1 lowerbound=1 fileNameGp=../graphsdb/mcs10/m2D/m2Dr4/mcs10_m2Dr4_s100.A93 fileNameGt=../graphsdb/mcs10/m2D/m2Dr4/mcs10_m2Dr4_s100.B93
Reading graphs...
100 :  216
100 :  219
Initializing...
maxdom : 9
D->valSize : 299
Solving...
Blb : 2 (clique : 27)
currentSize : 27 <-- 0.002894 s
currentSize : 29 <-- 0.011787 s
currentSize : 30 <-- 1.287938 s
currentSize : 31 <-- 11.927194 s
currentSize : 32 <-- 59.728596 s
currentSize : 33 <-- 72.306511 s

TIMEOUT
maxsize : 33
nodes : 792818400.000000
filtered : 3820985261.000000
time : 3600.000000
