Parameters: GAD=1 vflib=1 dir=0 label=1 lowerbound=1 fileNameGp=../graphsdb/mcs10/bvg/b03/mcs10_b03_s90.A42 fileNameGt=../graphsdb/mcs10/bvg/b03/mcs10_b03_s90.B42
Reading graphs...
90 :  135
90 :  135
Initializing...
maxdom : 9
D->valSize : 499
Solving...
Blb : 2 (clique : 34)
currentSize : 34 <-- 0.005775 s
currentSize : 35 <-- 0.006031 s
currentSize : 36 <-- 0.006215 s
currentSize : 37 <-- 0.006757 s
currentSize : 38 <-- 13.220601 s
currentSize : 39 <-- 1995.921021 s

TIMEOUT
maxsize : 39
nodes : 1157446833.000000
filtered : 3707264591.000000
time : 3600.000000
