Parameters: GAD=1 vflib=1 dir=0 label=1 lowerbound=1 fileNameGp=../graphsdb/mcs10/m3D/m3Dr6/mcs10_m3Dr6_s80.A73 fileNameGt=../graphsdb/mcs10/m3D/m3Dr6/mcs10_m3Dr6_s80.B73
Reading graphs...
80 :  230
80 :  230
Initializing...
maxdom : 8
D->valSize : 453
Solving...
Blb : 2 (clique : 21)
currentSize : 21 <-- 0.004406 s
currentSize : 22 <-- 0.006504 s
currentSize : 23 <-- 0.012017 s
currentSize : 24 <-- 0.025460 s
currentSize : 25 <-- 0.576035 s
currentSize : 26 <-- 52.124626 s
currentSize : 27 <-- 188.572754 s
currentSize : 28 <-- 195.798401 s

TIMEOUT
maxsize : 28
nodes : 764239652.000000
filtered : 6060474992.000000
time : 3600.000000
