Parameters: GAD=1 vflib=1 dir=0 label=1 lowerbound=1 fileNameGp=../graphsdb/mcs10/m2D/m2Dr4/mcs10_m2Dr4_s70.A65 fileNameGt=../graphsdb/mcs10/m2D/m2Dr4/mcs10_m2Dr4_s70.B65
Reading graphs...
70 :  151
70 :  150
Initializing...
maxdom : 8
D->valSize : 326
Solving...
Blb : 2 (clique : 24)
currentSize : 24 <-- 0.002671 s
currentSize : 25 <-- 0.350641 s
currentSize : 26 <-- 0.963417 s
currentSize : 27 <-- 23.012201 s
currentSize : 28 <-- 68.335335 s
currentSize : 29 <-- 340.771881 s
currentSize : 30 <-- 2435.024658 s

TIMEOUT
maxsize : 30
nodes : 871767220.000000
filtered : 6467617451.000000
time : 3600.000000
