Parameters: GAD=1 vflib=1 dir=0 label=1 lowerbound=1 fileNameGp=../graphsdb/mcs10/bvg/b06m/mcs10_b06m_s100.A20 fileNameGt=../graphsdb/mcs10/bvg/b06m/mcs10_b06m_s100.B20
Reading graphs...
100 :  293
100 :  296
Initializing...
maxdom : 9
D->valSize : 375
Solving...
Blb : 2 (clique : 27)
currentSize : 27 <-- 0.006452 s
currentSize : 28 <-- 0.006823 s
currentSize : 29 <-- 0.007102 s
currentSize : 30 <-- 0.119468 s
currentSize : 31 <-- 6.577029 s
currentSize : 32 <-- 8.238771 s
currentSize : 33 <-- 24.794596 s
currentSize : 34 <-- 25.190588 s

TIMEOUT
maxsize : 34
nodes : 659873798.000000
filtered : 4368378035.000000
time : 3600.000000
