Parameters: GAD=1 vflib=1 dir=0 label=1 lowerbound=1 fileNameGp=../graphsdb/mcs10/rand/r01/mcs10_r01_s50.A74 fileNameGt=../graphsdb/mcs10/rand/r01/mcs10_r01_s50.B74
Reading graphs...
50 :  232
50 :  238
Initializing...
maxdom : 10
D->valSize : 314
Solving...
Blb : 5 (clique : 10)
currentSize : 10 <-- 0.002202 s
currentSize : 11 <-- 0.002313 s
currentSize : 12 <-- 0.002981 s
currentSize : 13 <-- 0.004437 s
currentSize : 14 <-- 0.008740 s
currentSize : 15 <-- 0.591741 s
currentSize : 16 <-- 0.596592 s

maxsize : 16
nodes : 1103649.000000
filtered : 16001336.000000
time : 4.820794
