Parameters: GAD=1 vflib=1 dir=0 label=1 lowerbound=1 fileNameGp=../graphsdb/mcs10/bvg/b06/mcs10_b06_s70.A33 fileNameGt=../graphsdb/mcs10/bvg/b06/mcs10_b06_s70.B33
Reading graphs...
70 :  204
70 :  204
Initializing...
maxdom : 8
D->valSize : 324
Solving...
Blb : 2 (clique : 20)
currentSize : 20 <-- 0.002657 s
currentSize : 21 <-- 0.002858 s
currentSize : 22 <-- 0.052638 s
currentSize : 23 <-- 0.911532 s
currentSize : 24 <-- 30.792328 s
currentSize : 25 <-- 358.381622 s
currentSize : 26 <-- 364.754761 s

maxsize : 26
nodes : 235629502.000000
filtered : 2215731369.000000
time : 1111.999512
