Parameters: GAD=1 vflib=1 dir=0 label=1 lowerbound=1 fileNameGp=../graphsdb/mcs10/m3D/m3D/mcs10_m3D_s90.A97 fileNameGt=../graphsdb/mcs10/m3D/m3D/mcs10_m3D_s90.B97
Reading graphs...
90 :  205
90 :  205
Initializing...
maxdom : 11
D->valSize : 526
Solving...
Blb : 2 (clique : 26)
currentSize : 26 <-- 0.009741 s
currentSize : 27 <-- 0.010153 s
currentSize : 28 <-- 0.139347 s
currentSize : 29 <-- 0.256197 s
currentSize : 30 <-- 14.821635 s
currentSize : 31 <-- 1336.506836 s
currentSize : 32 <-- 3535.467041 s

TIMEOUT
maxsize : 32
nodes : 843160136.000000
filtered : 5339287576.000000
time : 3600.000000
