Parameters: GAD=1 vflib=1 dir=0 label=1 lowerbound=1 fileNameGp=../graphsdb/mcs10/m4D/m4Dr4/mcs10_m4Dr4_s100.A16 fileNameGt=../graphsdb/mcs10/m4D/m4Dr4/mcs10_m4Dr4_s100.B16
Reading graphs...
100 :  196
100 :  197
Initializing...
maxdom : 7
D->valSize : 331
Solving...
Blb : 2 (clique : 32)
currentSize : 32 <-- 0.005372 s
currentSize : 34 <-- 0.005751 s
currentSize : 36 <-- 0.005981 s
currentSize : 37 <-- 0.006144 s
currentSize : 38 <-- 0.028382 s
currentSize : 39 <-- 853.845825 s

TIMEOUT
maxsize : 39
nodes : 708744819.000000
filtered : 3835113661.000000
time : 3600.000000
