Parameters: GAD=1 vflib=1 dir=0 label=1 lowerbound=1 fileNameGp=../graphsdb/mcs10/m2D/m2Dr6/mcs10_m2Dr6_s50.A53 fileNameGt=../graphsdb/mcs10/m2D/m2Dr6/mcs10_m2Dr6_s50.B53
Reading graphs...
50 :  114
50 :  109
Initializing...
maxdom : 7
D->valSize : 311
Solving...
Blb : 2 (clique : 17)
currentSize : 17 <-- 0.003522 s
currentSize : 18 <-- 0.004122 s
currentSize : 19 <-- 0.006093 s
currentSize : 20 <-- 0.006143 s
currentSize : 21 <-- 0.006552 s
currentSize : 22 <-- 4.091763 s
currentSize : 23 <-- 244.370071 s

maxsize : 23
nodes : 193340706.000000
filtered : 2051203951.000000
time : 790.378967
