Parameters: GAD=1 vflib=1 dir=0 label=1 lowerbound=1 fileNameGp=../graphsdb/mcs10/m4D/m4Dr4/mcs10_m4Dr4_s100.A91 fileNameGt=../graphsdb/mcs10/m4D/m4Dr4/mcs10_m4Dr4_s100.B91
Reading graphs...
100 :  197
100 :  194
Initializing...
maxdom : 6
D->valSize : 285
Solving...
Blb : 2 (clique : 29)
currentSize : 29 <-- 0.002900 s
currentSize : 30 <-- 0.006567 s
currentSize : 31 <-- 0.017272 s
currentSize : 32 <-- 0.057698 s
currentSize : 33 <-- 0.086585 s
currentSize : 34 <-- 0.092506 s
currentSize : 35 <-- 0.105660 s
currentSize : 36 <-- 4.483907 s

TIMEOUT
maxsize : 36
nodes : 744783522.000000
filtered : 3313653510.000000
time : 3600.000000
