Parameters: GAD=1 vflib=1 dir=0 label=1 lowerbound=1 fileNameGp=../graphsdb/mcs10/m2D/m2Dr4/mcs10_m2Dr4_s50.A01 fileNameGt=../graphsdb/mcs10/m2D/m2Dr4/mcs10_m2Dr4_s50.B01
Reading graphs...
50 :  103
50 :  104
Initializing...
maxdom : 12
D->valSize : 266
Solving...
Blb : 2 (clique : 14)
currentSize : 14 <-- 0.001756 s
currentSize : 15 <-- 0.001837 s
currentSize : 16 <-- 0.011858 s
currentSize : 17 <-- 0.258536 s
currentSize : 18 <-- 1.559087 s
currentSize : 19 <-- 2.566842 s
currentSize : 20 <-- 86.280197 s

maxsize : 20
nodes : 58394782.000000
filtered : 568565530.000000
time : 213.039261
