Parameters: GAD=1 vflib=1 dir=0 label=1 lowerbound=1 fileNameGp=../graphsdb/mcs10/m2D/m2D/mcs10_m2D_s50.A41 fileNameGt=../graphsdb/mcs10/m2D/m2D/mcs10_m2D_s50.B41
Reading graphs...
50 :  84
50 :  84
Initializing...
maxdom : 9
D->valSize : 315
Solving...
Blb : 2 (clique : 18)
currentSize : 18 <-- 0.002353 s
currentSize : 19 <-- 0.002454 s
currentSize : 20 <-- 0.002508 s
currentSize : 21 <-- 0.483806 s
currentSize : 22 <-- 24.126287 s
currentSize : 23 <-- 566.087830 s

TIMEOUT
maxsize : 23
nodes : 1127487593.000000
filtered : 9270349746.000000
time : 3600.000000
