Parameters: GAD=1 vflib=1 dir=0 label=1 lowerbound=1 fileNameGp=../graphsdb/mcs10/rand/r005/mcs10_r005_s100.A11 fileNameGt=../graphsdb/mcs10/rand/r005/mcs10_r005_s100.B11
Reading graphs...
100 :  491
100 :  482
Initializing...
maxdom : 6
D->valSize : 322
Solving...
Blb : 2 (clique : 18)
currentSize : 18 <-- 0.002968 s
currentSize : 19 <-- 0.003110 s
currentSize : 20 <-- 0.007549 s
currentSize : 21 <-- 0.022664 s
currentSize : 22 <-- 36.299900 s
currentSize : 23 <-- 48.042068 s
currentSize : 24 <-- 111.376175 s
currentSize : 25 <-- 375.753571 s

TIMEOUT
maxsize : 25
nodes : 665382043.000000
filtered : 4287989968.000000
time : 3600.000000
