Parameters: GAD=1 vflib=1 dir=0 label=1 lowerbound=1 fileNameGp=../graphsdb/mcs10/bvg/b06m/mcs10_b06m_s90.A16 fileNameGt=../graphsdb/mcs10/bvg/b06m/mcs10_b06m_s90.B16
Reading graphs...
90 :  264
90 :  268
Initializing...
maxdom : 9
D->valSize : 520
Solving...
Blb : 2 (clique : 22)
currentSize : 22 <-- 0.009683 s
currentSize : 23 <-- 0.092928 s
currentSize : 24 <-- 0.175222 s
currentSize : 25 <-- 53.981388 s
currentSize : 26 <-- 320.755310 s
currentSize : 27 <-- 610.810242 s
currentSize : 28 <-- 1931.166748 s

TIMEOUT
maxsize : 28
nodes : 748758219.000000
filtered : 5868237386.000000
time : 3600.000000
