Parameters: GAD=1 vflib=1 dir=0 label=1 lowerbound=1 fileNameGp=../graphsdb/mcs10/m3D/m3Dr4/mcs10_m3Dr4_s70.A50 fileNameGt=../graphsdb/mcs10/m3D/m3Dr4/mcs10_m3Dr4_s70.B50
Reading graphs...
70 :  185
70 :  183
Initializing...
maxdom : 10
D->valSize : 314
Solving...
Blb : 2 (clique : 19)
currentSize : 19 <-- 0.004185 s
currentSize : 20 <-- 0.014071 s
currentSize : 21 <-- 0.024103 s
currentSize : 22 <-- 0.073853 s
currentSize : 23 <-- 0.076435 s
currentSize : 24 <-- 180.489868 s
currentSize : 25 <-- 553.125671 s

maxsize : 25
nodes : 469904542.000000
filtered : 4856193920.000000
time : 2034.977417
