Parameters: GAD=1 vflib=1 dir=0 label=1 lowerbound=1 fileNameGp=../graphsdb/mcs10/rand/r005/mcs10_r005_s90.A70 fileNameGt=../graphsdb/mcs10/rand/r005/mcs10_r005_s90.B70
Reading graphs...
90 :  396
90 :  400
Initializing...
maxdom : 13
D->valSize : 555
Solving...
Blb : 2 (clique : 19)
currentSize : 19 <-- 0.006245 s
currentSize : 20 <-- 0.007137 s
currentSize : 21 <-- 0.013393 s
currentSize : 22 <-- 3.189838 s
currentSize : 23 <-- 20.001776 s
currentSize : 24 <-- 1030.437866 s

TIMEOUT
maxsize : 24
nodes : 702431903.000000
filtered : 6487788448.000000
time : 3600.000000
