Parameters: GAD=1 vflib=1 dir=0 label=1 lowerbound=1 fileNameGp=../graphsdb/mcs10/m2D/m2Dr6/mcs10_m2Dr6_s90.A27 fileNameGt=../graphsdb/mcs10/m2D/m2Dr6/mcs10_m2Dr6_s90.B27
Reading graphs...
90 :  210
90 :  211
Initializing...
maxdom : 9
D->valSize : 512
Solving...
Blb : 2 (clique : 26)
currentSize : 26 <-- 0.005909 s
currentSize : 28 <-- 0.006417 s
currentSize : 29 <-- 0.006906 s
currentSize : 30 <-- 0.093789 s
currentSize : 31 <-- 1.623256 s
currentSize : 32 <-- 2.437234 s
currentSize : 33 <-- 199.184677 s
currentSize : 34 <-- 516.080933 s

TIMEOUT
maxsize : 34
nodes : 716609998.000000
filtered : 6370683430.000000
time : 3600.000000
