Parameters: GAD=1 vflib=1 dir=0 label=1 lowerbound=1 fileNameGp=../graphsdb/mcs10/m3D/m3Dr4/mcs10_m3Dr4_s90.A12 fileNameGt=../graphsdb/mcs10/m3D/m3Dr4/mcs10_m3Dr4_s90.B12
Reading graphs...
90 :  240
90 :  238
Initializing...
maxdom : 9
D->valSize : 484
Solving...
Blb : 5 (clique : 24)
currentSize : 24 <-- 0.005230 s
currentSize : 25 <-- 0.005446 s
currentSize : 26 <-- 0.005524 s
currentSize : 27 <-- 0.133026 s
currentSize : 28 <-- 0.228249 s
currentSize : 29 <-- 0.413953 s
currentSize : 30 <-- 1.581085 s
currentSize : 31 <-- 3.196108 s
currentSize : 32 <-- 40.664677 s

TIMEOUT
maxsize : 32
nodes : 729138385.000000
filtered : 5263745250.000000
time : 3600.000000
