Parameters: GAD=1 vflib=1 dir=0 label=1 lowerbound=1 fileNameGp=../graphsdb/mcs10/m2D/m2Dr4/mcs10_m2Dr4_s70.A10 fileNameGt=../graphsdb/mcs10/m2D/m2Dr4/mcs10_m2Dr4_s70.B10
Reading graphs...
70 :  146
70 :  147
Initializing...
maxdom : 9
D->valSize : 332
Solving...
Blb : 2 (clique : 23)
currentSize : 23 <-- 0.004611 s
currentSize : 24 <-- 0.111032 s
currentSize : 25 <-- 0.504714 s
currentSize : 26 <-- 0.597864 s
currentSize : 27 <-- 0.808143 s
currentSize : 28 <-- 0.811472 s
currentSize : 29 <-- 335.288422 s
currentSize : 30 <-- 2941.366455 s

TIMEOUT
maxsize : 30
nodes : 804970555.000000
filtered : 6369775632.000000
time : 3600.000000
