Parameters: GAD=1 vflib=1 dir=0 label=1 lowerbound=1 fileNameGp=../graphsdb/mcs10/m3D/m3D/mcs10_m3D_s90.A83 fileNameGt=../graphsdb/mcs10/m3D/m3D/mcs10_m3D_s90.B83
Reading graphs...
90 :  206
90 :  208
Initializing...
maxdom : 9
D->valSize : 504
Solving...
Blb : 2 (clique : 27)
currentSize : 27 <-- 0.005501 s
currentSize : 28 <-- 0.008225 s
currentSize : 29 <-- 0.009118 s
currentSize : 30 <-- 0.029496 s
currentSize : 31 <-- 3.781499 s
currentSize : 32 <-- 46.386440 s
currentSize : 33 <-- 1479.845703 s

TIMEOUT
maxsize : 33
nodes : 801402798.000000
filtered : 5282813532.000000
time : 3600.000000
