Parameters: GAD=1 vflib=1 dir=0 label=1 lowerbound=1 fileNameGp=../graphsdb/mcs10/bvg/b03/mcs10_b03_s100.A15 fileNameGt=../graphsdb/mcs10/bvg/b03/mcs10_b03_s100.B15
Reading graphs...
100 :  149
100 :  150
Initializing...
maxdom : 6
D->valSize : 331
Solving...
Blb : 2 (clique : 34)
currentSize : 34 <-- 0.003527 s
currentSize : 37 <-- 0.003783 s
currentSize : 38 <-- 0.003856 s
currentSize : 39 <-- 0.133790 s
currentSize : 40 <-- 7.508745 s
currentSize : 41 <-- 9.812334 s
currentSize : 42 <-- 2592.536865 s

TIMEOUT
maxsize : 42
nodes : 967422125.000000
filtered : 2942427020.000000
time : 3600.000000
