Parameters: GAD=1 vflib=1 dir=0 label=1 lowerbound=1 fileNameGp=../graphsdb/mcs10/m3D/m3D/mcs10_m3D_s100.A11 fileNameGt=../graphsdb/mcs10/m3D/m3D/mcs10_m3D_s100.B11
Reading graphs...
100 :  232
100 :  233
Initializing...
maxdom : 8
D->valSize : 303
Solving...
Blb : 2 (clique : 26)
currentSize : 26 <-- 0.005315 s
currentSize : 27 <-- 0.006435 s
currentSize : 28 <-- 0.079935 s
currentSize : 29 <-- 0.112251 s
currentSize : 30 <-- 0.169489 s
currentSize : 31 <-- 0.292941 s
currentSize : 32 <-- 5.131521 s
currentSize : 33 <-- 5.149438 s
currentSize : 34 <-- 5.276554 s

TIMEOUT
maxsize : 34
nodes : 750847005.000000
filtered : 3769152020.000000
time : 3600.000000
