Parameters: GAD=1 vflib=1 dir=0 label=1 lowerbound=1 fileNameGp=../graphsdb/mcs10/bvg/b09/mcs10_b09_s100.A20 fileNameGt=../graphsdb/mcs10/bvg/b09/mcs10_b09_s100.B20
Reading graphs...
100 :  442
100 :  442
Initializing...
maxdom : 7
D->valSize : 315
Solving...
Blb : 2 (clique : 20)
currentSize : 20 <-- 0.003024 s
currentSize : 21 <-- 0.003198 s
currentSize : 22 <-- 0.004497 s
currentSize : 23 <-- 0.006740 s
currentSize : 24 <-- 0.016371 s
currentSize : 25 <-- 0.023229 s
currentSize : 26 <-- 1.005945 s
currentSize : 27 <-- 1.203461 s
currentSize : 28 <-- 6.445990 s
currentSize : 29 <-- 1530.756592 s

TIMEOUT
maxsize : 29
nodes : 689554260.000000
filtered : 4191750424.000000
time : 3600.000000
