Parameters: GAD=1 vflib=1 dir=0 label=1 lowerbound=1 fileNameGp=../graphsdb/mcs30/m2D/m2Dr4/mcs30_m2Dr4_s70.A72 fileNameGt=../graphsdb/mcs30/m2D/m2Dr4/mcs30_m2Dr4_s70.B72
Reading graphs...
70 :  148
70 :  146
Initializing...
maxdom : 7
D->valSize : 318
Solving...
Blb : 2 (clique : 23)
currentSize : 23 <-- 0.002782 s
currentSize : 24 <-- 0.002961 s
currentSize : 25 <-- 0.003046 s
currentSize : 26 <-- 0.014146 s
currentSize : 27 <-- 0.030275 s
currentSize : 28 <-- 0.175101 s
currentSize : 29 <-- 0.348905 s
currentSize : 30 <-- 0.360175 s
currentSize : 31 <-- 298.540131 s

TIMEOUT
maxsize : 31
nodes : 734447681.000000
filtered : 6284222953.000000
time : 3600.000000
