Parameters: GAD=1 vflib=1 dir=0 label=1 lowerbound=1 fileNameGp=../graphsdb/mcs30/rand/r01/mcs30_r01_s90.A74 fileNameGt=../graphsdb/mcs30/rand/r01/mcs30_r01_s90.B74
Reading graphs...
90 :  755
90 :  764
Initializing...
maxdom : 10
D->valSize : 563
Solving...
Blb : 2 (clique : 12)
currentSize : 12 <-- 0.006032 s
currentSize : 13 <-- 0.006197 s
currentSize : 14 <-- 0.006310 s
currentSize : 15 <-- 0.006460 s
currentSize : 16 <-- 0.142115 s
currentSize : 17 <-- 3.903570 s
currentSize : 18 <-- 8.335787 s
currentSize : 19 <-- 15.708828 s
currentSize : 20 <-- 152.634918 s
currentSize : 21 <-- 152.635468 s
currentSize : 22 <-- 152.650497 s
currentSize : 23 <-- 152.650574 s
currentSize : 25 <-- 152.658005 s
currentSize : 26 <-- 152.658295 s

maxsize : 26
nodes : 38830202.000000
filtered : 652785605.000000
time : 245.761581
