Parameters: GAD=1 vflib=1 dir=0 label=1 lowerbound=1 fileNameGp=../graphsdb/mcs30/m3D/m3Dr2/mcs30_m3Dr2_s70.A38 fileNameGt=../graphsdb/mcs30/m3D/m3Dr2/mcs30_m3Dr2_s70.B38
Reading graphs...
70 :  170
70 :  170
Initializing...
maxdom : 9
D->valSize : 327
Solving...
Blb : 2 (clique : 20)
currentSize : 20 <-- 0.002788 s
currentSize : 21 <-- 0.018751 s
currentSize : 22 <-- 0.173762 s
currentSize : 23 <-- 0.844417 s
currentSize : 24 <-- 2.328369 s
currentSize : 25 <-- 6.937019 s
currentSize : 26 <-- 6.937069 s
currentSize : 27 <-- 6.938226 s
currentSize : 28 <-- 8.883100 s
currentSize : 29 <-- 88.665611 s
currentSize : 30 <-- 146.261627 s
currentSize : 31 <-- 229.672363 s
currentSize : 32 <-- 329.053497 s

maxsize : 32
nodes : 148440599.000000
filtered : 1384795824.000000
time : 751.891113
