Parameters: GAD=1 vflib=1 dir=0 label=1 lowerbound=1 fileNameGp=../graphsdb/mcs30/bvg/b03/mcs30_b03_s100.A78 fileNameGt=../graphsdb/mcs30/bvg/b03/mcs30_b03_s100.B78
Reading graphs...
100 :  150
100 :  150
Initializing...
maxdom : 8
D->valSize : 331
Solving...
Blb : 2 (clique : 36)
currentSize : 36 <-- 0.003323 s
currentSize : 37 <-- 0.003597 s
currentSize : 38 <-- 0.003791 s
currentSize : 39 <-- 0.806123 s
currentSize : 40 <-- 10.071408 s
currentSize : 41 <-- 138.298523 s

TIMEOUT
maxsize : 41
nodes : 825505142.000000
filtered : 3298233209.000000
time : 3600.000000
