Parameters: GAD=1 vflib=1 dir=0 label=1 lowerbound=1 fileNameGp=../graphsdb/mcs30/m4D/m4D/mcs30_m4D_s80.A83 fileNameGt=../graphsdb/mcs30/m4D/m4D/mcs30_m4D_s80.B83
Reading graphs...
80 :  131
80 :  131
Initializing...
maxdom : 11
D->valSize : 445
Solving...
Blb : 2 (clique : 30)
currentSize : 30 <-- 0.004577 s
currentSize : 34 <-- 0.004792 s
currentSize : 35 <-- 0.044866 s
currentSize : 36 <-- 0.044991 s
currentSize : 37 <-- 20.312639 s
currentSize : 38 <-- 226.263748 s
currentSize : 39 <-- 260.090149 s

TIMEOUT
maxsize : 39
nodes : 819753824.000000
filtered : 5453730658.000000
time : 3600.000000
