Parameters: GAD=1 vflib=1 dir=0 label=1 lowerbound=1 fileNameGp=../graphsdb/mcs30/bvg/b09/mcs30_b09_s100.A60 fileNameGt=../graphsdb/mcs30/bvg/b09/mcs30_b09_s100.B60
Reading graphs...
100 :  444
100 :  445
Initializing...
maxdom : 7
D->valSize : 327
Solving...
Blb : 5 (clique : 21)
currentSize : 21 <-- 0.003105 s
currentSize : 22 <-- 0.182006 s
currentSize : 24 <-- 0.529218 s
currentSize : 25 <-- 0.529965 s
currentSize : 26 <-- 0.680519 s
currentSize : 27 <-- 1.367212 s
currentSize : 28 <-- 38.986691 s
currentSize : 29 <-- 40.973175 s
currentSize : 30 <-- 40.978065 s
currentSize : 31 <-- 196.402145 s
currentSize : 32 <-- 617.226135 s
currentSize : 33 <-- 617.227783 s

maxsize : 33
nodes : 545116307.000000
filtered : 2901845598.000000
time : 2894.763672
