Parameters: GAD=1 vflib=1 dir=0 label=1 lowerbound=1 fileNameGp=../graphsdb/mcs30/m3D/m3Dr6/mcs30_m3Dr6_s90.A13 fileNameGt=../graphsdb/mcs30/m3D/m3Dr6/mcs30_m3Dr6_s90.B13
Reading graphs...
90 :  260
90 :  259
Initializing...
maxdom : 10
D->valSize : 516
Solving...
Blb : 2 (clique : 25)
currentSize : 25 <-- 0.006148 s
currentSize : 26 <-- 0.010648 s
currentSize : 27 <-- 4.440809 s
currentSize : 28 <-- 48.971519 s
currentSize : 29 <-- 58.532337 s
currentSize : 30 <-- 181.512192 s
currentSize : 31 <-- 3411.378662 s

TIMEOUT
maxsize : 31
nodes : 861729978.000000
filtered : 5161801150.000000
time : 3600.000000
