Parameters: GAD=1 vflib=1 dir=0 label=1 lowerbound=1 fileNameGp=../graphsdb/mcs30/m2D/m2Dr6/mcs30_m2Dr6_s50.A07 fileNameGt=../graphsdb/mcs30/m2D/m2Dr6/mcs30_m2Dr6_s50.B07
Reading graphs...
50 :  114
50 :  111
Initializing...
maxdom : 11
D->valSize : 355
Solving...
Blb : 5 (clique : 18)
currentSize : 18 <-- 0.002678 s
currentSize : 19 <-- 0.005641 s
currentSize : 20 <-- 0.011837 s
currentSize : 21 <-- 0.407345 s
currentSize : 22 <-- 0.407565 s
currentSize : 23 <-- 21.055931 s
currentSize : 24 <-- 34.859627 s

maxsize : 24
nodes : 29109079.000000
filtered : 463895006.000000
time : 127.167862
