Parameters: GAD=1 vflib=1 dir=0 label=1 lowerbound=1 fileNameGp=../graphsdb/mcs30/rand/r02/mcs30_r02_s50.A26 fileNameGt=../graphsdb/mcs30/rand/r02/mcs30_r02_s50.B26
Reading graphs...
50 :  443
50 :  436
Initializing...
maxdom : 11
D->valSize : 327
Solving...
Blb : 2 (clique : 7)
currentSize : 7 <-- 0.002375 s
currentSize : 8 <-- 0.002710 s
currentSize : 9 <-- 0.002966 s
currentSize : 10 <-- 0.004263 s
currentSize : 11 <-- 0.005123 s
currentSize : 13 <-- 0.077493 s
currentSize : 14 <-- 0.077518 s

maxsize : 14
nodes : 26516.000000
filtered : 579530.000000
time : 0.132417
