Parameters: GAD=1 vflib=1 dir=0 label=1 lowerbound=1 fileNameGp=../graphsdb/mcs30/m2D/m2Dr6/mcs30_m2Dr6_s80.A93 fileNameGt=../graphsdb/mcs30/m2D/m2Dr6/mcs30_m2Dr6_s80.B93
Reading graphs...
80 :  188
80 :  186
Initializing...
maxdom : 8
D->valSize : 426
Solving...
Blb : 5 (clique : 25)
currentSize : 25 <-- 0.006971 s
currentSize : 26 <-- 29.135599 s
currentSize : 27 <-- 75.205353 s
currentSize : 29 <-- 104.926888 s
currentSize : 30 <-- 128.484177 s
currentSize : 31 <-- 129.846130 s

TIMEOUT
maxsize : 31
nodes : 717992221.000000
filtered : 6747605015.000000
time : 3600.000000
