Parameters: GAD=1 vflib=1 dir=0 label=1 lowerbound=1 fileNameGp=../graphsdb/mcs30/bvg/b03m/mcs30_b03m_s60.A82 fileNameGt=../graphsdb/mcs30/bvg/b03m/mcs30_b03m_s60.B82
Reading graphs...
60 :  89
60 :  89
Initializing...
maxdom : 7
D->valSize : 248
Solving...
Blb : 5 (clique : 23)
currentSize : 23 <-- 0.001844 s
currentSize : 24 <-- 0.002275 s
currentSize : 25 <-- 0.021456 s
currentSize : 26 <-- 3.263480 s
currentSize : 27 <-- 8.753337 s
currentSize : 28 <-- 8.827245 s
currentSize : 29 <-- 12.429409 s

maxsize : 29
nodes : 48962417.000000
filtered : 401018104.000000
time : 206.762817
