Parameters: GAD=1 vflib=1 dir=0 label=1 lowerbound=1 fileNameGp=../graphsdb/mcs30/m4D/m4Dr6/mcs30_m4Dr6_s50.A94 fileNameGt=../graphsdb/mcs30/m4D/m4Dr6/mcs30_m4Dr6_s50.B94
Reading graphs...
50 :  112
50 :  113
Initializing...
maxdom : 11
D->valSize : 331
Solving...
Blb : 2 (clique : 17)
currentSize : 17 <-- 0.002514 s
currentSize : 18 <-- 0.005927 s
currentSize : 19 <-- 0.014838 s
currentSize : 20 <-- 0.344300 s
currentSize : 21 <-- 0.567291 s
currentSize : 22 <-- 3.457755 s
currentSize : 23 <-- 44.260708 s

maxsize : 23
nodes : 48097043.000000
filtered : 662224543.000000
time : 199.538132
