Parameters: GAD=1 vflib=1 dir=0 label=1 lowerbound=1 fileNameGp=../graphsdb/mcs30/bvg/b09/mcs30_b09_s80.A13 fileNameGt=../graphsdb/mcs30/bvg/b09/mcs30_b09_s80.B13
Reading graphs...
80 :  354
80 :  352
Initializing...
maxdom : 12
D->valSize : 416
Solving...
Blb : 2 (clique : 19)
currentSize : 19 <-- 0.004123 s
currentSize : 20 <-- 0.004270 s
currentSize : 22 <-- 0.004378 s
currentSize : 23 <-- 0.004815 s
currentSize : 24 <-- 0.006775 s
currentSize : 25 <-- 0.011593 s
currentSize : 26 <-- 5.165472 s
currentSize : 27 <-- 56.242535 s
currentSize : 28 <-- 259.985382 s
currentSize : 29 <-- 338.796570 s

maxsize : 29
nodes : 82278628.000000
filtered : 1002567160.000000
time : 460.691193
