Parameters: GAD=1 vflib=1 dir=0 label=1 lowerbound=1 fileNameGp=../graphsdb/mcs30/rand/r02/mcs30_r02_s80.A79 fileNameGt=../graphsdb/mcs30/rand/r02/mcs30_r02_s80.B79
Reading graphs...
80 :  1121
80 :  1128
Initializing...
maxdom : 11
D->valSize : 408
Solving...
Blb : 2 (clique : 7)
currentSize : 7 <-- 0.005531 s
currentSize : 8 <-- 0.006361 s
currentSize : 9 <-- 0.015995 s
currentSize : 10 <-- 0.024864 s
currentSize : 11 <-- 0.025323 s
currentSize : 12 <-- 0.099434 s
currentSize : 14 <-- 0.134592 s
currentSize : 15 <-- 0.134662 s
currentSize : 17 <-- 0.259750 s
currentSize : 18 <-- 0.259811 s
currentSize : 19 <-- 0.259999 s

maxsize : 19
nodes : 107744.000000
filtered : 1915722.000000
time : 0.663781
