Parameters: GAD=1 vflib=1 dir=0 label=1 lowerbound=1 fileNameGp=../graphsdb/mcs30/bvg/b09m/mcs30_b09m_s100.A32 fileNameGt=../graphsdb/mcs30/bvg/b09m/mcs30_b09m_s100.B32
Reading graphs...
100 :  440
100 :  442
Initializing...
maxdom : 6
D->valSize : 321
Solving...
Blb : 2 (clique : 22)
currentSize : 22 <-- 0.004947 s
currentSize : 23 <-- 0.005450 s
currentSize : 24 <-- 0.058349 s
currentSize : 25 <-- 0.410525 s
currentSize : 26 <-- 1.688292 s
currentSize : 27 <-- 2.543627 s
currentSize : 28 <-- 136.714676 s
currentSize : 29 <-- 1252.125854 s

TIMEOUT
maxsize : 29
nodes : 701943078.000000
filtered : 3849688803.000000
time : 3600.000000
