Parameters: GAD=1 vflib=1 dir=0 label=1 lowerbound=1 fileNameGp=../graphsdb/mcs30/rand/r02/mcs30_r02_s80.A60 fileNameGt=../graphsdb/mcs30/rand/r02/mcs30_r02_s80.B60
Reading graphs...
80 :  1133
80 :  1136
Initializing...
maxdom : 11
D->valSize : 448
Solving...
Blb : 5 (clique : 8)
currentSize : 8 <-- 0.004128 s
currentSize : 9 <-- 0.013366 s
currentSize : 10 <-- 0.015061 s
currentSize : 11 <-- 0.036290 s
currentSize : 13 <-- 0.045705 s
currentSize : 14 <-- 0.128566 s
currentSize : 16 <-- 0.211573 s
currentSize : 21 <-- 0.212242 s

maxsize : 21
nodes : 87303.000000
filtered : 1830529.000000
time : 0.595740
