Parameters: GAD=1 vflib=1 dir=0 label=1 lowerbound=1 fileNameGp=../graphsdb/mcs30/rand/r02/mcs30_r02_s100.A51 fileNameGt=../graphsdb/mcs30/rand/r02/mcs30_r02_s100.B51
Reading graphs...
100 :  1772
100 :  1775
Initializing...
maxdom : 8
D->valSize : 353
Solving...
Blb : 5 (clique : 7)
currentSize : 7 <-- 0.005211 s
currentSize : 8 <-- 0.005501 s
currentSize : 9 <-- 0.019917 s
currentSize : 10 <-- 0.097565 s
currentSize : 11 <-- 0.115184 s
currentSize : 15 <-- 0.122012 s
currentSize : 17 <-- 0.181906 s
currentSize : 18 <-- 0.208686 s
currentSize : 22 <-- 0.208807 s
currentSize : 23 <-- 0.208895 s

maxsize : 23
nodes : 87338.000000
filtered : 1105230.000000
time : 0.567713
