Parameters: GAD=1 vflib=1 dir=0 label=1 lowerbound=1 fileNameGp=../graphsdb/mcs30/m2D/m2D/mcs30_m2D_s70.A85 fileNameGt=../graphsdb/mcs30/m2D/m2D/mcs30_m2D_s70.B85
Reading graphs...
70 :  121
70 :  123
Initializing...
maxdom : 9
D->valSize : 319
Solving...
Blb : 2 (clique : 27)
currentSize : 27 <-- 0.002885 s
currentSize : 28 <-- 0.009552 s
currentSize : 29 <-- 0.482101 s
currentSize : 30 <-- 0.502805 s
currentSize : 31 <-- 4.409431 s
currentSize : 32 <-- 31.178280 s
currentSize : 33 <-- 876.316223 s
currentSize : 34 <-- 1238.877686 s

TIMEOUT
maxsize : 34
nodes : 785974042.000000
filtered : 5802362872.000000
time : 3600.000000
