Parameters: GAD=1 vflib=1 dir=0 label=1 lowerbound=1 fileNameGp=../graphsdb/mcs30/m3D/m3Dr2/mcs30_m3Dr2_s80.A19 fileNameGt=../graphsdb/mcs30/m3D/m3Dr2/mcs30_m3Dr2_s80.B19
Reading graphs...
80 :  198
80 :  200
Initializing...
maxdom : 9
D->valSize : 423
Solving...
Blb : 2 (clique : 29)
currentSize : 29 <-- 0.004308 s
currentSize : 30 <-- 0.004510 s
currentSize : 31 <-- 0.004625 s
currentSize : 32 <-- 0.023386 s
currentSize : 33 <-- 616.189392 s
currentSize : 34 <-- 2712.301025 s

TIMEOUT
maxsize : 34
nodes : 624613449.000000
filtered : 7647074427.000000
time : 3600.000000
