Parameters: GAD=1 vflib=1 dir=0 label=1 lowerbound=1 fileNameGp=../graphsdb/mcs30/bvg/b06/mcs30_b06_s90.A16 fileNameGt=../graphsdb/mcs30/bvg/b06/mcs30_b06_s90.B16
Reading graphs...
90 :  266
90 :  268
Initializing...
maxdom : 9
D->valSize : 524
Solving...
Blb : 2 (clique : 28)
currentSize : 28 <-- 0.006526 s
currentSize : 29 <-- 0.007362 s
currentSize : 30 <-- 0.012828 s
currentSize : 31 <-- 0.040273 s
currentSize : 32 <-- 0.053391 s
currentSize : 33 <-- 10.581816 s

TIMEOUT
maxsize : 33
nodes : 655206738.000000
filtered : 6320777290.000000
time : 3600.000000
