Parameters: GAD=1 vflib=1 dir=0 label=1 lowerbound=1 fileNameGp=../graphsdb/mcs30/m3D/m3Dr4/mcs30_m3Dr4_s100.A54 fileNameGt=../graphsdb/mcs30/m3D/m3Dr4/mcs30_m3Dr4_s100.B54
Reading graphs...
100 :  270
100 :  269
Initializing...
maxdom : 10
D->valSize : 350
Solving...
Blb : 2 (clique : 30)
currentSize : 30 <-- 0.003431 s
currentSize : 31 <-- 0.005513 s
currentSize : 32 <-- 0.032149 s
currentSize : 33 <-- 2.992409 s
currentSize : 34 <-- 3.398827 s
currentSize : 35 <-- 24.296640 s
currentSize : 36 <-- 248.319931 s

TIMEOUT
maxsize : 36
nodes : 657145267.000000
filtered : 4253387015.000000
time : 3600.000000
