Parameters: GAD=1 vflib=1 dir=0 label=1 lowerbound=1 fileNameGp=../graphsdb/mcs30/m2D/m2Dr4/mcs30_m2Dr4_s80.A26 fileNameGt=../graphsdb/mcs30/m2D/m2Dr4/mcs30_m2Dr4_s80.B26
Reading graphs...
80 :  173
80 :  171
Initializing...
maxdom : 9
D->valSize : 423
Solving...
Blb : 3 (clique : 27)
currentSize : 27 <-- 0.004202 s
currentSize : 29 <-- 0.004400 s
currentSize : 30 <-- 0.004562 s
currentSize : 31 <-- 0.065629 s
currentSize : 32 <-- 16.137793 s
currentSize : 33 <-- 2529.904297 s

TIMEOUT
maxsize : 33
nodes : 924528550.000000
filtered : 4187164451.000000
time : 3600.000000
