Parameters: GAD=1 vflib=1 dir=0 label=1 lowerbound=1 fileNameGp=../graphsdb/mcs30/bvg/b09/mcs30_b09_s60.A97 fileNameGt=../graphsdb/mcs30/bvg/b09/mcs30_b09_s60.B97
Reading graphs...
60 :  262
60 :  260
Initializing...
maxdom : 10
D->valSize : 287
Solving...
Blb : 2 (clique : 14)
currentSize : 14 <-- 0.003280 s
currentSize : 15 <-- 0.003790 s
currentSize : 16 <-- 0.004417 s
currentSize : 17 <-- 0.042860 s
currentSize : 18 <-- 0.218679 s
currentSize : 19 <-- 0.403445 s
currentSize : 20 <-- 2.766482 s

maxsize : 20
nodes : 5054634.000000
filtered : 63286056.000000
time : 23.350571
