Parameters: GAD=1 vflib=1 dir=0 label=1 lowerbound=1 fileNameGp=../graphsdb/mcs30/rand/r01/mcs30_r01_s100.A85 fileNameGt=../graphsdb/mcs30/rand/r01/mcs30_r01_s100.B85
Reading graphs...
100 :  941
100 :  944
Initializing...
maxdom : 7
D->valSize : 339
Solving...
Blb : 2 (clique : 14)
currentSize : 14 <-- 0.003192 s
currentSize : 15 <-- 0.005532 s
currentSize : 16 <-- 0.005883 s
currentSize : 17 <-- 0.158222 s
currentSize : 18 <-- 1.017931 s
currentSize : 19 <-- 1.302944 s
currentSize : 22 <-- 1.395335 s
currentSize : 25 <-- 9.019903 s
currentSize : 26 <-- 9.019999 s
currentSize : 29 <-- 9.020097 s
currentSize : 30 <-- 9.020185 s

maxsize : 30
nodes : 2320006.000000
filtered : 24923734.000000
time : 14.510940
