Parameters: GAD=1 vflib=1 dir=0 label=1 lowerbound=1 fileNameGp=../graphsdb/mcs30/rand/r005/mcs30_r005_s70.A74 fileNameGt=../graphsdb/mcs30/rand/r005/mcs30_r005_s70.B74
Reading graphs...
70 :  234
70 :  234
Initializing...
maxdom : 8
D->valSize : 341
Solving...
Blb : 2 (clique : 16)
currentSize : 16 <-- 0.003022 s
currentSize : 17 <-- 0.007434 s
currentSize : 18 <-- 0.031387 s
currentSize : 19 <-- 0.151705 s
currentSize : 20 <-- 0.236154 s
currentSize : 21 <-- 1.156491 s
currentSize : 22 <-- 63.231949 s
currentSize : 23 <-- 104.468803 s
currentSize : 24 <-- 352.017944 s

TIMEOUT
maxsize : 24
nodes : 782871834.000000
filtered : 8035403197.000000
time : 3600.000000
