Parameters: GAD=1 vflib=1 dir=0 label=1 lowerbound=1 fileNameGp=../graphsdb/mcs30/rand/r01/mcs30_r01_s90.A36 fileNameGt=../graphsdb/mcs30/rand/r01/mcs30_r01_s90.B36
Reading graphs...
90 :  759
90 :  763
Initializing...
maxdom : 9
D->valSize : 523
Solving...
Blb : 2 (clique : 12)
currentSize : 12 <-- 0.005441 s
currentSize : 13 <-- 0.005691 s
currentSize : 14 <-- 0.007509 s
currentSize : 15 <-- 0.010742 s
currentSize : 16 <-- 0.213659 s
currentSize : 17 <-- 1.137093 s
currentSize : 18 <-- 1.160091 s
currentSize : 19 <-- 1.525566 s
currentSize : 21 <-- 6.104541 s
currentSize : 22 <-- 31.486616 s
currentSize : 24 <-- 31.486967 s
currentSize : 26 <-- 41.057335 s

maxsize : 26
nodes : 14044361.000000
filtered : 277731433.000000
time : 92.633446
