Parameters: GAD=1 vflib=1 dir=0 label=1 lowerbound=1 fileNameGp=../graphsdb/mcs30/rand/r005/mcs30_r005_s70.A48 fileNameGt=../graphsdb/mcs30/rand/r005/mcs30_r005_s70.B48
Reading graphs...
70 :  233
70 :  232
Initializing...
maxdom : 8
D->valSize : 335
Solving...
Blb : 2 (clique : 17)
currentSize : 17 <-- 0.004720 s
currentSize : 18 <-- 0.030707 s
currentSize : 19 <-- 0.042192 s
currentSize : 20 <-- 0.085292 s
currentSize : 21 <-- 0.204851 s
currentSize : 22 <-- 2.383762 s
currentSize : 23 <-- 3.970186 s
currentSize : 24 <-- 254.602982 s
currentSize : 25 <-- 270.103424 s

maxsize : 25
nodes : 211468259.000000
filtered : 2294416503.000000
time : 1023.819702
