Parameters: GAD=1 vflib=1 dir=0 label=1 lowerbound=1 fileNameGp=../graphsdb/mcs30/bvg/b03/mcs30_b03_s70.A00 fileNameGt=../graphsdb/mcs30/bvg/b03/mcs30_b03_s70.B00
Reading graphs...
70 :  105
70 :  105
Initializing...
maxdom : 11
D->valSize : 322
Solving...
Blb : 2 (clique : 27)
currentSize : 27 <-- 0.002880 s
currentSize : 28 <-- 2.563078 s
currentSize : 29 <-- 4.413359 s
currentSize : 30 <-- 16.043833 s
currentSize : 31 <-- 43.299465 s
currentSize : 32 <-- 299.645386 s
currentSize : 33 <-- 1103.428345 s
currentSize : 34 <-- 1113.259888 s
currentSize : 35 <-- 1357.984009 s
currentSize : 36 <-- 1553.645142 s

maxsize : 36
nodes : 717833265.000000
filtered : 4894763474.000000
time : 2993.554199
