Parameters: GAD=1 vflib=1 dir=0 label=1 lowerbound=1 fileNameGp=../graphsdb/mcs30/bvg/b06m/mcs30_b06m_s60.A57 fileNameGt=../graphsdb/mcs30/bvg/b06m/mcs30_b06m_s60.B57
Reading graphs...
60 :  176
60 :  175
Initializing...
maxdom : 8
D->valSize : 243
Solving...
Blb : 2 (clique : 14)
currentSize : 14 <-- 0.001856 s
currentSize : 15 <-- 0.001950 s
currentSize : 16 <-- 0.014116 s
currentSize : 17 <-- 0.070243 s
currentSize : 18 <-- 0.588428 s
currentSize : 19 <-- 3.470901 s
currentSize : 20 <-- 6.175991 s
currentSize : 21 <-- 11.237448 s
currentSize : 22 <-- 11.237736 s

maxsize : 22
nodes : 27253207.000000
filtered : 226904647.000000
time : 108.897469
