Parameters: GAD=1 vflib=1 dir=0 label=1 lowerbound=1 fileNameGp=../graphsdb/mcs30/m2D/m2Dr6/mcs30_m2Dr6_s50.A76 fileNameGt=../graphsdb/mcs30/m2D/m2Dr6/mcs30_m2Dr6_s50.B76
Reading graphs...
50 :  110
50 :  113
Initializing...
maxdom : 9
D->valSize : 301
Solving...
Blb : 3 (clique : 16)
currentSize : 16 <-- 0.002227 s
currentSize : 17 <-- 0.002485 s
currentSize : 18 <-- 0.005380 s
currentSize : 19 <-- 0.027561 s
currentSize : 20 <-- 6.874293 s
currentSize : 21 <-- 64.886040 s
currentSize : 22 <-- 100.444717 s

maxsize : 22
nodes : 25689458.000000
filtered : 291889951.000000
time : 102.909004
