Parameters: GAD=1 vflib=1 dir=0 label=1 lowerbound=1 fileNameGp=../graphsdb/mcs30/m2D/m2Dr4/mcs30_m2Dr4_s70.A74 fileNameGt=../graphsdb/mcs30/m2D/m2Dr4/mcs30_m2Dr4_s70.B74
Reading graphs...
70 :  150
70 :  148
Initializing...
maxdom : 8
D->valSize : 335
Solving...
Blb : 2 (clique : 21)
currentSize : 21 <-- 0.002895 s
currentSize : 23 <-- 0.003035 s
currentSize : 25 <-- 0.003113 s
currentSize : 27 <-- 0.003402 s
currentSize : 28 <-- 0.003800 s
currentSize : 29 <-- 32.396671 s
currentSize : 30 <-- 32.400745 s
currentSize : 31 <-- 66.120102 s
currentSize : 32 <-- 1695.902954 s

TIMEOUT
maxsize : 32
nodes : 720141420.000000
filtered : 6460116806.000000
time : 3600.000000
