Parameters: GAD=1 vflib=1 dir=0 label=1 lowerbound=1 fileNameGp=../graphsdb/mcs30/m2D/m2Dr4/mcs30_m2Dr4_s100.A91 fileNameGt=../graphsdb/mcs30/m2D/m2Dr4/mcs30_m2Dr4_s100.B91
Reading graphs...
100 :  213
100 :  216
Initializing...
maxdom : 7
D->valSize : 332
Solving...
Blb : 5 (clique : 29)
currentSize : 29 <-- 0.003456 s
currentSize : 30 <-- 0.009585 s
currentSize : 31 <-- 106.430534 s
currentSize : 32 <-- 106.562325 s
currentSize : 33 <-- 107.688957 s
currentSize : 34 <-- 117.824142 s

TIMEOUT
maxsize : 34
nodes : 794350886.000000
filtered : 3230072998.000000
time : 3600.000000
