Parameters: GAD=1 vflib=1 dir=0 label=1 lowerbound=1 fileNameGp=../graphsdb/mcs30/bvg/b06/mcs30_b06_s50.A71 fileNameGt=../graphsdb/mcs30/bvg/b06/mcs30_b06_s50.B71
Reading graphs...
50 :  148
50 :  149
Initializing...
maxdom : 8
D->valSize : 317
Solving...
Blb : 2 (clique : 14)
currentSize : 14 <-- 0.002284 s
currentSize : 15 <-- 0.004477 s
currentSize : 16 <-- 0.037075 s
currentSize : 17 <-- 0.143766 s
currentSize : 18 <-- 9.554342 s
currentSize : 19 <-- 19.687660 s
currentSize : 20 <-- 34.569199 s
currentSize : 21 <-- 34.738186 s

maxsize : 21
nodes : 16061308.000000
filtered : 205298886.000000
time : 63.115894
