Parameters: GAD=1 vflib=1 dir=0 label=1 lowerbound=1 fileNameGp=../graphsdb/mcs50/m2D/m2Dr2/mcs50_m2Dr2_s60.A25 fileNameGt=../graphsdb/mcs50/m2D/m2Dr2/mcs50_m2Dr2_s60.B25
Reading graphs...
60 :  114
60 :  116
Initializing...
maxdom : 9
D->valSize : 285
Solving...
Blb : 2 (clique : 22)
currentSize : 22 <-- 0.003494 s
currentSize : 23 <-- 0.003737 s
currentSize : 24 <-- 0.007061 s
currentSize : 25 <-- 0.049629 s
currentSize : 26 <-- 0.051575 s
currentSize : 27 <-- 0.174330 s
currentSize : 28 <-- 3.106122 s

maxsize : 28
nodes : 29153613.000000
filtered : 262266197.000000
time : 131.382263
