Parameters: GAD=1 vflib=1 dir=0 label=1 lowerbound=1 fileNameGp=../graphsdb/mcs50/rand/r005/mcs50_r005_s80.A17 fileNameGt=../graphsdb/mcs50/rand/r005/mcs50_r005_s80.B17
Reading graphs...
80 :  304
80 :  309
Initializing...
maxdom : 10
D->valSize : 413
Solving...
Blb : 2 (clique : 19)
currentSize : 19 <-- 0.004001 s
currentSize : 20 <-- 0.004146 s
currentSize : 21 <-- 0.004163 s
currentSize : 22 <-- 0.007191 s
currentSize : 23 <-- 0.007293 s
currentSize : 24 <-- 0.031209 s
currentSize : 25 <-- 0.266490 s
currentSize : 26 <-- 0.266663 s
currentSize : 27 <-- 0.267665 s
currentSize : 28 <-- 0.276198 s
currentSize : 29 <-- 0.281291 s
currentSize : 30 <-- 0.405971 s
currentSize : 31 <-- 0.718912 s
currentSize : 32 <-- 1.638580 s
currentSize : 33 <-- 2.084954 s
currentSize : 34 <-- 2.085157 s
currentSize : 35 <-- 2.107210 s
currentSize : 37 <-- 7.455722 s
currentSize : 40 <-- 7.583158 s

maxsize : 40
nodes : 2549799.000000
filtered : 27511702.000000
time : 14.954754
