Parameters: GAD=1 vflib=1 dir=0 label=1 lowerbound=1 fileNameGp=../graphsdb/mcs50/rand/r005/mcs50_r005_s100.A01 fileNameGt=../graphsdb/mcs50/rand/r005/mcs50_r005_s100.B01
Reading graphs...
100 :  480
100 :  484
Initializing...
maxdom : 8
D->valSize : 368
Solving...
Blb : 2 (clique : 28)
currentSize : 28 <-- 0.006023 s
currentSize : 34 <-- 0.006398 s
currentSize : 35 <-- 0.006688 s
currentSize : 36 <-- 0.006988 s
currentSize : 39 <-- 0.007584 s
currentSize : 41 <-- 0.011778 s
currentSize : 45 <-- 0.012386 s
currentSize : 48 <-- 3.578265 s

maxsize : 48
nodes : 8149611.000000
filtered : 62087166.000000
time : 51.862537
