Parameters: GAD=1 vflib=1 dir=0 label=1 lowerbound=1 fileNameGp=../graphsdb/mcs50/rand/r005/mcs50_r005_s100.A15 fileNameGt=../graphsdb/mcs50/rand/r005/mcs50_r005_s100.B15
Reading graphs...
100 :  483
100 :  479
Initializing...
maxdom : 7
D->valSize : 390
Solving...
Blb : 2 (clique : 24)
currentSize : 24 <-- 0.006473 s
currentSize : 25 <-- 0.006795 s
currentSize : 26 <-- 0.008199 s
currentSize : 27 <-- 0.023574 s
currentSize : 28 <-- 0.026650 s
currentSize : 29 <-- 0.048771 s
currentSize : 30 <-- 0.050990 s
currentSize : 31 <-- 0.053377 s
currentSize : 35 <-- 0.092266 s
currentSize : 37 <-- 0.687607 s
currentSize : 40 <-- 1.079892 s
currentSize : 43 <-- 6.153055 s
currentSize : 44 <-- 13.703239 s
currentSize : 45 <-- 24.946903 s
currentSize : 48 <-- 24.955587 s
currentSize : 49 <-- 30.802139 s

maxsize : 49
nodes : 11316131.000000
filtered : 61628001.000000
time : 62.275928
