Parameters: GAD=1 vflib=1 dir=0 label=1 lowerbound=1 fileNameGp=../graphsdb/mcs50/m2D/m2D/mcs50_m2D_s60.A83 fileNameGt=../graphsdb/mcs50/m2D/m2D/mcs50_m2D_s60.B83
Reading graphs...
60 :  103
60 :  104
Initializing...
maxdom : 9
D->valSize : 244
Solving...
Blb : 2 (clique : 20)
currentSize : 20 <-- 0.001865 s
currentSize : 21 <-- 0.001980 s
currentSize : 22 <-- 0.003622 s
currentSize : 23 <-- 0.007102 s
currentSize : 24 <-- 0.008322 s
currentSize : 25 <-- 0.008909 s
currentSize : 26 <-- 6.416630 s
currentSize : 27 <-- 76.891098 s
currentSize : 28 <-- 133.265015 s
currentSize : 29 <-- 193.373062 s
currentSize : 30 <-- 193.387009 s

maxsize : 30
nodes : 53706069.000000
filtered : 365817994.000000
time : 208.665543
