Parameters: GAD=1 vflib=1 dir=0 label=1 lowerbound=1 fileNameGp=../graphsdb/mcs50/m3D/m3Dr4/mcs50_m3Dr4_s50.A40 fileNameGt=../graphsdb/mcs50/m3D/m3Dr4/mcs50_m3Dr4_s50.B40
Reading graphs...
50 :  124
50 :  127
Initializing...
maxdom : 11
D->valSize : 334
Solving...
Blb : 2 (clique : 15)
currentSize : 15 <-- 0.002372 s
currentSize : 16 <-- 0.002501 s
currentSize : 17 <-- 0.002575 s
currentSize : 18 <-- 0.002640 s
currentSize : 19 <-- 0.004181 s
currentSize : 20 <-- 0.244597 s
currentSize : 21 <-- 0.650801 s
currentSize : 22 <-- 2.035035 s
currentSize : 23 <-- 2.344078 s
currentSize : 24 <-- 2.347556 s
currentSize : 25 <-- 5.419671 s
currentSize : 26 <-- 5.419733 s
currentSize : 27 <-- 5.420263 s

maxsize : 27
nodes : 1230855.000000
filtered : 17862840.000000
time : 5.854695
