Parameters: GAD=1 vflib=1 dir=0 label=1 lowerbound=1 fileNameGp=../graphsdb/mcs50/rand/r005/mcs50_r005_s90.A93 fileNameGt=../graphsdb/mcs50/rand/r005/mcs50_r005_s90.B93
Reading graphs...
90 :  388
90 :  391
Initializing...
maxdom : 9
D->valSize : 542
Solving...
Blb : 2 (clique : 25)
currentSize : 25 <-- 0.006116 s
currentSize : 26 <-- 0.006332 s
currentSize : 27 <-- 0.006378 s
currentSize : 28 <-- 0.006555 s
currentSize : 29 <-- 0.006600 s
currentSize : 30 <-- 0.006677 s
currentSize : 31 <-- 0.244489 s
currentSize : 32 <-- 0.244716 s
currentSize : 34 <-- 0.244834 s
currentSize : 35 <-- 3.858991 s
currentSize : 36 <-- 3.859354 s
currentSize : 37 <-- 62.122009 s
currentSize : 40 <-- 148.462891 s
currentSize : 43 <-- 150.876404 s
currentSize : 44 <-- 150.876633 s

maxsize : 44
nodes : 26009398.000000
filtered : 492420482.000000
time : 191.280014
