Parameters: GAD=1 vflib=1 dir=0 label=1 lowerbound=1 fileNameGp=../graphsdb/mcs50/bvg/b03/mcs50_b03_s60.A96 fileNameGt=../graphsdb/mcs50/bvg/b03/mcs50_b03_s60.B96
Reading graphs...
60 :  90
60 :  90
Initializing...
maxdom : 9
D->valSize : 261
Solving...
Blb : 2 (clique : 26)
currentSize : 26 <-- 0.002099 s
currentSize : 27 <-- 0.002243 s
currentSize : 28 <-- 0.002387 s
currentSize : 29 <-- 0.025478 s
currentSize : 30 <-- 0.053354 s
currentSize : 31 <-- 33.560856 s
currentSize : 32 <-- 33.561024 s
currentSize : 33 <-- 33.575485 s

maxsize : 33
nodes : 9820296.000000
filtered : 64524466.000000
time : 40.703823
