Parameters: GAD=1 vflib=1 dir=0 label=1 lowerbound=1 fileNameGp=../graphsdb/mcs50/m2D/m2Dr2/mcs50_m2Dr2_s70.A30 fileNameGt=../graphsdb/mcs50/m2D/m2Dr2/mcs50_m2Dr2_s70.B30
Reading graphs...
70 :  137
70 :  136
Initializing...
maxdom : 7
D->valSize : 321
Solving...
Blb : 2 (clique : 30)
currentSize : 30 <-- 0.004334 s
currentSize : 31 <-- 0.005211 s
currentSize : 32 <-- 0.091006 s
currentSize : 33 <-- 170.811325 s
currentSize : 34 <-- 287.971741 s
currentSize : 35 <-- 331.869141 s
currentSize : 37 <-- 398.070099 s
currentSize : 38 <-- 398.711151 s
currentSize : 39 <-- 398.830475 s

maxsize : 39
nodes : 86020949.000000
filtered : 663060000.000000
time : 406.096436
