Parameters: GAD=1 vflib=1 dir=0 label=1 lowerbound=1 fileNameGp=../graphsdb/mcs50/rand/r001/mcs50_r001_s100.A42 fileNameGt=../graphsdb/mcs50/rand/r001/mcs50_r001_s100.B42
Reading graphs...
100 :  124
100 :  124
Initializing...
maxdom : 7
D->valSize : 359
Solving...
Blb : 2 (clique : 50)
currentSize : 50 <-- 0.004557 s
currentSize : 51 <-- 0.005094 s
currentSize : 52 <-- 0.005461 s
currentSize : 53 <-- 0.006022 s
currentSize : 54 <-- 0.008124 s
currentSize : 55 <-- 5.962048 s
currentSize : 56 <-- 7.811613 s
currentSize : 57 <-- 51.944138 s

TIMEOUT
maxsize : 57
nodes : 662411201.000000
filtered : 3031842782.000000
time : 3600.000000
