Parameters: GAD=1 vflib=1 dir=0 label=1 lowerbound=1 fileNameGp=../graphsdb/mcs50/rand/r02/mcs50_r02_s40.A07 fileNameGt=../graphsdb/mcs50/rand/r02/mcs50_r02_s40.B07
Reading graphs...
40 :  283
40 :  278
Initializing...
maxdom : 8
D->valSize : 212
Solving...
Blb : 2 (clique : 7)
currentSize : 7 <-- 0.001232 s
currentSize : 8 <-- 0.001460 s
currentSize : 9 <-- 0.002510 s
currentSize : 10 <-- 0.003972 s
currentSize : 11 <-- 0.003989 s
currentSize : 12 <-- 0.004008 s
currentSize : 13 <-- 0.005573 s
currentSize : 16 <-- 0.007974 s

maxsize : 16
nodes : 3500.000000
filtered : 52709.000000
time : 0.014858
