Parameters: GAD=1 vflib=1 dir=0 label=1 lowerbound=1 fileNameGp=../graphsdb/mcs50/rand/r005/mcs50_r005_s90.A17 fileNameGt=../graphsdb/mcs50/rand/r005/mcs50_r005_s90.B17
Reading graphs...
90 :  388
90 :  386
Initializing...
maxdom : 10
D->valSize : 532
Solving...
Blb : 2 (clique : 29)
currentSize : 29 <-- 0.005940 s
currentSize : 30 <-- 0.006260 s
currentSize : 32 <-- 0.006883 s
currentSize : 33 <-- 0.006961 s
currentSize : 34 <-- 0.012295 s
currentSize : 36 <-- 0.050093 s
currentSize : 37 <-- 0.050798 s
currentSize : 41 <-- 2.049230 s
currentSize : 42 <-- 2.049366 s
currentSize : 43 <-- 2.049616 s
currentSize : 44 <-- 2.049712 s

maxsize : 44
nodes : 18520590.000000
filtered : 336099064.000000
time : 139.732239
