Parameters: GAD=1 vflib=1 dir=0 label=1 lowerbound=1 fileNameGp=../graphsdb/mcs50/m2D/m2Dr6/mcs50_m2Dr6_s60.A48 fileNameGt=../graphsdb/mcs50/m2D/m2Dr6/mcs50_m2Dr6_s60.B48
Reading graphs...
60 :  138
60 :  136
Initializing...
maxdom : 6
D->valSize : 244
Solving...
Blb : 3 (clique : 19)
currentSize : 19 <-- 0.001861 s
currentSize : 20 <-- 0.006500 s
currentSize : 21 <-- 0.040172 s
currentSize : 22 <-- 0.388635 s
currentSize : 23 <-- 0.887467 s
currentSize : 24 <-- 4.668011 s
currentSize : 25 <-- 4.668206 s
currentSize : 26 <-- 15.799464 s
currentSize : 28 <-- 17.815632 s
currentSize : 29 <-- 22.707800 s

maxsize : 29
nodes : 11623272.000000
filtered : 64295672.000000
time : 46.705673
