Parameters: GAD=1 vflib=1 dir=0 label=1 lowerbound=1 fileNameGp=../graphsdb/mcs50/bvg/b09/mcs50_b09_s100.A82 fileNameGt=../graphsdb/mcs50/bvg/b09/mcs50_b09_s100.B82
Reading graphs...
100 :  446
100 :  446
Initializing...
maxdom : 8
D->valSize : 393
Solving...
Blb : 3 (clique : 28)
currentSize : 28 <-- 0.003879 s
currentSize : 29 <-- 0.008469 s
currentSize : 30 <-- 0.012871 s
currentSize : 31 <-- 0.028137 s
currentSize : 32 <-- 0.043240 s
currentSize : 34 <-- 0.056719 s
currentSize : 35 <-- 0.061743 s
currentSize : 41 <-- 0.179314 s
currentSize : 45 <-- 0.192648 s
currentSize : 46 <-- 0.260267 s
currentSize : 47 <-- 0.260579 s
currentSize : 49 <-- 1.187404 s
currentSize : 51 <-- 1.220036 s

maxsize : 51
nodes : 29013687.000000
filtered : 204797300.000000
time : 173.551956
