Parameters: GAD=1 vflib=1 dir=0 label=1 lowerbound=1 fileNameGp=../graphsdb/mcs50/m2D/m2Dr2/mcs50_m2Dr2_s100.A68 fileNameGt=../graphsdb/mcs50/m2D/m2Dr2/mcs50_m2Dr2_s100.B68
Reading graphs...
100 :  200
100 :  199
Initializing...
maxdom : 9
D->valSize : 404
Solving...
Blb : 2 (clique : 47)
currentSize : 47 <-- 0.004572 s
currentSize : 48 <-- 0.006385 s
currentSize : 49 <-- 0.924355 s
currentSize : 50 <-- 0.924371 s
currentSize : 51 <-- 77.192291 s
currentSize : 52 <-- 77.740654 s
currentSize : 53 <-- 77.740967 s

TIMEOUT
maxsize : 53
nodes : 763660920.000000
filtered : 2077058069.000000
time : 3600.000000
