Parameters: GAD=1 vflib=1 dir=0 label=1 lowerbound=1 fileNameGp=../graphsdb/mcs50/m2D/m2Dr6/mcs50_m2Dr6_s60.A50 fileNameGt=../graphsdb/mcs50/m2D/m2Dr6/mcs50_m2Dr6_s60.B50
Reading graphs...
60 :  138
60 :  138
Initializing...
maxdom : 8
D->valSize : 249
Solving...
Blb : 2 (clique : 19)
currentSize : 19 <-- 0.001951 s
currentSize : 20 <-- 0.002087 s
currentSize : 21 <-- 0.002161 s
currentSize : 22 <-- 0.002489 s
currentSize : 24 <-- 0.018432 s
currentSize : 25 <-- 6.151622 s
currentSize : 26 <-- 76.794373 s

maxsize : 26
nodes : 70617239.000000
filtered : 491896447.000000
time : 301.240875
