Parameters: GAD=1 vflib=1 dir=0 label=1 lowerbound=1 fileNameGp=../graphsdb/mcs50/m3D/m3Dr2/mcs50_m3Dr2_s50.A23 fileNameGt=../graphsdb/mcs50/m3D/m3Dr2/mcs50_m3Dr2_s50.B23
Reading graphs...
50 :  118
50 :  117
Initializing...
maxdom : 13
D->valSize : 377
Solving...
Blb : 2 (clique : 17)
currentSize : 17 <-- 0.002987 s
currentSize : 19 <-- 0.003818 s
currentSize : 20 <-- 0.070008 s
currentSize : 22 <-- 0.394728 s
currentSize : 23 <-- 0.394813 s
currentSize : 26 <-- 7.412954 s
currentSize : 27 <-- 7.413029 s
currentSize : 28 <-- 7.413041 s
currentSize : 29 <-- 7.492647 s

maxsize : 29
nodes : 1982857.000000
filtered : 29180289.000000
time : 8.772799
