Parameters: GAD=1 vflib=1 dir=0 label=1 lowerbound=1 fileNameGp=../graphsdb/mcs50/bvg/b03/mcs50_b03_s80.A23 fileNameGt=../graphsdb/mcs50/bvg/b03/mcs50_b03_s80.B23
Reading graphs...
80 :  120
80 :  119
Initializing...
maxdom : 8
D->valSize : 458
Solving...
Blb : 2 (clique : 37)
currentSize : 37 <-- 0.004753 s
currentSize : 38 <-- 0.009610 s
currentSize : 39 <-- 0.017661 s
currentSize : 41 <-- 0.024631 s
currentSize : 42 <-- 0.026846 s
currentSize : 43 <-- 0.057485 s
currentSize : 44 <-- 49.511028 s
currentSize : 45 <-- 891.835449 s

TIMEOUT
maxsize : 45
nodes : 727529095.000000
filtered : 5509854689.000000
time : 3600.000000
