Parameters: GAD=1 vflib=1 dir=0 label=1 lowerbound=1 fileNameGp=../graphsdb/mcs50/m2D/m2Dr2/mcs50_m2Dr2_s70.A65 fileNameGt=../graphsdb/mcs50/m2D/m2Dr2/mcs50_m2Dr2_s70.B65
Reading graphs...
70 :  135
70 :  135
Initializing...
maxdom : 8
D->valSize : 340
Solving...
Blb : 2 (clique : 29)
currentSize : 29 <-- 0.003023 s
currentSize : 30 <-- 0.047470 s
currentSize : 31 <-- 0.062407 s
currentSize : 32 <-- 0.062547 s
currentSize : 33 <-- 137.748657 s
currentSize : 34 <-- 137.757462 s
currentSize : 35 <-- 137.905975 s
currentSize : 36 <-- 154.356750 s
currentSize : 37 <-- 159.065811 s

maxsize : 37
nodes : 139664854.000000
filtered : 1063400916.000000
time : 701.913086
