Parameters: GAD=1 vflib=1 dir=0 label=1 lowerbound=1 fileNameGp=../graphsdb/mcs50/m2D/m2Dr2/mcs50_m2Dr2_s100.A07 fileNameGt=../graphsdb/mcs50/m2D/m2Dr2/mcs50_m2Dr2_s100.B07
Reading graphs...
100 :  198
100 :  197
Initializing...
maxdom : 7
D->valSize : 363
Solving...
Blb : 2 (clique : 34)
currentSize : 34 <-- 0.006214 s
currentSize : 35 <-- 0.006665 s
currentSize : 36 <-- 0.006860 s
currentSize : 37 <-- 0.007039 s
currentSize : 38 <-- 0.008638 s
currentSize : 39 <-- 0.010852 s
currentSize : 40 <-- 0.063322 s
currentSize : 41 <-- 0.632867 s
currentSize : 42 <-- 0.632977 s
currentSize : 43 <-- 1.215739 s
currentSize : 44 <-- 1.368712 s

TIMEOUT
maxsize : 44
nodes : 690969993.000000
filtered : 2366793322.000000
time : 3600.000000
