Parameters: GAD=1 vflib=1 dir=0 label=1 lowerbound=1 fileNameGp=../graphsdb/mcs50/rand/r01/mcs50_r01_s40.A89 fileNameGt=../graphsdb/mcs50/rand/r01/mcs50_r01_s40.B89
Reading graphs...
40 :  148
40 :  149
Initializing...
maxdom : 8
D->valSize : 214
Solving...
Blb : 2 (clique : 10)
currentSize : 10 <-- 0.001295 s
currentSize : 11 <-- 0.001392 s
currentSize : 12 <-- 0.001416 s
currentSize : 14 <-- 0.009550 s
currentSize : 16 <-- 0.043218 s
currentSize : 17 <-- 0.045408 s
currentSize : 20 <-- 0.045508 s

maxsize : 20
nodes : 15753.000000
filtered : 165512.000000
time : 0.057981
