Parameters: GAD=1 vflib=1 dir=0 label=1 lowerbound=1 fileNameGp=../graphsdb/mcs50/rand/r01/mcs50_r01_s70.A33 fileNameGt=../graphsdb/mcs50/rand/r01/mcs50_r01_s70.B33
Reading graphs...
70 :  462
70 :  461
Initializing...
maxdom : 8
D->valSize : 331
Solving...
Blb : 2 (clique : 12)
currentSize : 12 <-- 0.002649 s
currentSize : 13 <-- 0.002907 s
currentSize : 14 <-- 0.003145 s
currentSize : 15 <-- 0.008083 s
currentSize : 16 <-- 0.008679 s
currentSize : 21 <-- 0.016935 s
currentSize : 26 <-- 0.036262 s
currentSize : 34 <-- 0.172742 s

maxsize : 34
nodes : 56081.000000
filtered : 816911.000000
time : 0.318613
