Parameters: GAD=1 vflib=1 dir=0 label=1 lowerbound=1 fileNameGp=../graphsdb/mcs50/m3D/m3Dr2/mcs50_m3Dr2_s60.A34 fileNameGt=../graphsdb/mcs50/m3D/m3Dr2/mcs50_m3Dr2_s60.B34
Reading graphs...
60 :  143
60 :  143
Initializing...
maxdom : 6
D->valSize : 228
Solving...
Blb : 2 (clique : 22)
currentSize : 22 <-- 0.002548 s
currentSize : 23 <-- 0.002744 s
currentSize : 24 <-- 0.003046 s
currentSize : 25 <-- 0.003621 s
currentSize : 26 <-- 0.004221 s
currentSize : 27 <-- 0.026730 s
currentSize : 28 <-- 0.026797 s

maxsize : 28
nodes : 1436159.000000
filtered : 9031582.000000
time : 5.920964
