Parameters: GAD=1 vflib=1 dir=0 label=1 lowerbound=1 fileNameGp=../graphsdb/mcs50/bvg/b09/mcs50_b09_s50.A98 fileNameGt=../graphsdb/mcs50/bvg/b09/mcs50_b09_s50.B98
Reading graphs...
50 :  221
50 :  219
Initializing...
maxdom : 11
D->valSize : 305
Solving...
Blb : 2 (clique : 10)
currentSize : 10 <-- 0.002083 s
currentSize : 11 <-- 0.002450 s
currentSize : 12 <-- 0.006043 s
currentSize : 13 <-- 0.015935 s
currentSize : 14 <-- 0.128711 s
currentSize : 15 <-- 0.460024 s
currentSize : 16 <-- 0.466044 s
currentSize : 17 <-- 0.735912 s
currentSize : 18 <-- 0.855838 s
currentSize : 21 <-- 1.135665 s
currentSize : 22 <-- 1.135931 s
currentSize : 24 <-- 1.178211 s

maxsize : 24
nodes : 315090.000000
filtered : 3377489.000000
time : 1.262334
