Parameters: GAD=1 vflib=1 dir=0 label=1 lowerbound=1 fileNameGp=../graphsdb/mcs50/m2D/m2D/mcs50_m2D_s90.A23 fileNameGt=../graphsdb/mcs50/m2D/m2D/mcs50_m2D_s90.B23
Reading graphs...
90 :  161
90 :  161
Initializing...
maxdom : 8
D->valSize : 529
Solving...
Blb : 2 (clique : 41)
currentSize : 41 <-- 0.006188 s
currentSize : 42 <-- 0.006513 s
currentSize : 43 <-- 0.006653 s
currentSize : 45 <-- 0.028622 s
currentSize : 46 <-- 0.028656 s
currentSize : 47 <-- 0.029018 s
currentSize : 48 <-- 1.318945 s
currentSize : 49 <-- 1.319517 s
currentSize : 50 <-- 172.403824 s
currentSize : 51 <-- 172.403870 s

TIMEOUT
maxsize : 51
nodes : 710109413.000000
filtered : 3418858014.000000
time : 3600.000000
