Parameters: GAD=1 vflib=1 dir=0 label=1 lowerbound=1 fileNameGp=../graphsdb/mcs50/bvg/b06/mcs50_b06_s70.A98 fileNameGt=../graphsdb/mcs50/bvg/b06/mcs50_b06_s70.B98
Reading graphs...
70 :  208
70 :  209
Initializing...
maxdom : 7
D->valSize : 314
Solving...
Blb : 2 (clique : 24)
currentSize : 24 <-- 0.002652 s
currentSize : 25 <-- 0.003573 s
currentSize : 26 <-- 0.007306 s
currentSize : 27 <-- 0.008702 s
currentSize : 28 <-- 0.009950 s
currentSize : 29 <-- 0.010007 s
currentSize : 30 <-- 0.011061 s
currentSize : 31 <-- 0.155392 s
currentSize : 32 <-- 0.291271 s
currentSize : 33 <-- 41.112251 s
currentSize : 34 <-- 41.257515 s
currentSize : 35 <-- 41.464901 s

maxsize : 35
nodes : 61986732.000000
filtered : 296454152.000000
time : 257.325592
