Parameters: GAD=1 vflib=1 dir=0 label=1 lowerbound=1 fileNameGp=../graphsdb/mcs50/bvg/b06/mcs50_b06_s100.A99 fileNameGt=../graphsdb/mcs50/bvg/b06/mcs50_b06_s100.B99
Reading graphs...
100 :  297
100 :  297
Initializing...
maxdom : 9
D->valSize : 347
Solving...
Blb : 2 (clique : 34)
currentSize : 34 <-- 0.003627 s
currentSize : 36 <-- 0.004338 s
currentSize : 37 <-- 0.193936 s
currentSize : 38 <-- 0.499444 s
currentSize : 39 <-- 0.763418 s
currentSize : 40 <-- 1.311859 s
currentSize : 41 <-- 1.312077 s
currentSize : 42 <-- 1.401206 s
currentSize : 43 <-- 2.698164 s
currentSize : 44 <-- 28.903933 s
currentSize : 46 <-- 28.904137 s
currentSize : 47 <-- 28.913368 s
currentSize : 49 <-- 28.932232 s
currentSize : 50 <-- 1407.116455 s
currentSize : 51 <-- 1407.222656 s

TIMEOUT
maxsize : 51
nodes : 638302683.000000
filtered : 3500025241.000000
time : 3600.000000
