Parameters: GAD=1 vflib=1 dir=0 label=1 lowerbound=1 fileNameGp=../graphsdb/mcs50/m4D/m4Dr6/mcs50_m4Dr6_s40.A20 fileNameGt=../graphsdb/mcs50/m4D/m4Dr6/mcs50_m4Dr6_s40.B20
Reading graphs...
40 :  90
40 :  88
Initializing...
maxdom : 11
D->valSize : 230
Solving...
Blb : 2 (clique : 13)
currentSize : 13 <-- 0.002081 s
currentSize : 14 <-- 0.002371 s
currentSize : 15 <-- 0.004140 s
currentSize : 16 <-- 0.040500 s
currentSize : 17 <-- 0.153844 s
currentSize : 18 <-- 0.537138 s
currentSize : 19 <-- 0.537350 s

maxsize : 19
nodes : 278148.000000
filtered : 3119696.000000
time : 1.032025
