Parameters: GAD=1 vflib=1 dir=0 label=1 lowerbound=1 fileNameGp=../graphsdb/mcs50/rand/r01/mcs50_r01_s70.A23 fileNameGt=../graphsdb/mcs50/rand/r01/mcs50_r01_s70.B23
Reading graphs...
70 :  441
70 :  460
Initializing...
maxdom : 9
D->valSize : 346
Solving...
Blb : 2 (clique : 12)
currentSize : 12 <-- 0.002966 s
currentSize : 13 <-- 0.017949 s
currentSize : 14 <-- 0.055878 s
currentSize : 15 <-- 0.115164 s
currentSize : 17 <-- 0.115219 s
currentSize : 18 <-- 0.115811 s
currentSize : 19 <-- 0.162949 s
currentSize : 22 <-- 0.278568 s
currentSize : 23 <-- 0.281561 s
currentSize : 24 <-- 0.341779 s
currentSize : 25 <-- 0.495108 s
currentSize : 26 <-- 1.387509 s
currentSize : 31 <-- 1.521782 s

maxsize : 31
nodes : 366221.000000
filtered : 4985599.000000
time : 1.997507
