Parameters: GAD=1 vflib=1 dir=0 label=1 lowerbound=1 fileNameGp=../graphsdb/mcs50/rand/r01/mcs50_r01_s50.A97 fileNameGt=../graphsdb/mcs50/rand/r01/mcs50_r01_s50.B97
Reading graphs...
50 :  229
50 :  229
Initializing...
maxdom : 10
D->valSize : 304
Solving...
Blb : 2 (clique : 12)
currentSize : 12 <-- 0.002395 s
currentSize : 13 <-- 0.004405 s
currentSize : 17 <-- 0.038187 s
currentSize : 18 <-- 0.038276 s
currentSize : 19 <-- 0.038387 s
currentSize : 21 <-- 0.063848 s
currentSize : 23 <-- 0.099579 s
currentSize : 24 <-- 0.127990 s
currentSize : 26 <-- 0.128056 s

maxsize : 26
nodes : 28960.000000
filtered : 549836.000000
time : 0.141127
