Parameters: GAD=1 vflib=1 dir=0 label=1 lowerbound=1 fileNameGp=../graphsdb/mcs50/bvg/b09/mcs50_b09_s90.A45 fileNameGt=../graphsdb/mcs50/bvg/b09/mcs50_b09_s90.B45
Reading graphs...
90 :  401
90 :  402
Initializing...
maxdom : 10
D->valSize : 512
Solving...
Blb : 5 (clique : 19)
currentSize : 19 <-- 0.005470 s
currentSize : 20 <-- 0.005916 s
currentSize : 21 <-- 0.006557 s
currentSize : 22 <-- 0.014106 s
currentSize : 23 <-- 0.023063 s
currentSize : 24 <-- 0.023150 s
currentSize : 25 <-- 0.023264 s
currentSize : 27 <-- 0.023408 s
currentSize : 28 <-- 0.268167 s
currentSize : 29 <-- 378.055359 s
currentSize : 30 <-- 378.055573 s
currentSize : 32 <-- 473.504761 s
currentSize : 33 <-- 473.513397 s
currentSize : 34 <-- 474.682922 s
currentSize : 35 <-- 474.682983 s
currentSize : 36 <-- 785.126160 s
currentSize : 37 <-- 1015.628662 s
currentSize : 39 <-- 1208.963257 s
currentSize : 40 <-- 1208.963501 s
currentSize : 41 <-- 1209.044067 s
currentSize : 42 <-- 1209.044312 s
currentSize : 43 <-- 1209.044556 s
currentSize : 44 <-- 1209.044678 s

maxsize : 44
nodes : 254680992.000000
filtered : 2251574308.000000
time : 1436.368530
