Parameters: GAD=1 vflib=1 dir=0 label=1 lowerbound=1 fileNameGp=../graphsdb/mcs50/m3D/m3Dr6/mcs50_m3Dr6_s50.A85 fileNameGt=../graphsdb/mcs50/m3D/m3Dr6/mcs50_m3Dr6_s50.B85
Reading graphs...
50 :  135
50 :  135
Initializing...
maxdom : 9
D->valSize : 352
Solving...
Blb : 3 (clique : 17)
currentSize : 17 <-- 0.003839 s
currentSize : 18 <-- 0.004099 s
currentSize : 19 <-- 0.004260 s
currentSize : 20 <-- 0.004776 s
currentSize : 21 <-- 0.004834 s
currentSize : 22 <-- 0.006420 s
currentSize : 23 <-- 0.016073 s
currentSize : 24 <-- 1.208391 s
currentSize : 25 <-- 1.714388 s
currentSize : 26 <-- 3.526117 s
currentSize : 27 <-- 3.526180 s

maxsize : 27
nodes : 749585.000000
filtered : 13443179.000000
time : 4.241963
