Parameters: GAD=1 vflib=1 dir=0 label=1 lowerbound=1 fileNameGp=../graphsdb/mcs50/bvg/b03m/mcs50_b03m_s100.A74 fileNameGt=../graphsdb/mcs50/bvg/b03m/mcs50_b03m_s100.B74
Reading graphs...
100 :  150
100 :  150
Initializing...
maxdom : 7
D->valSize : 365
Solving...
Blb : 2 (clique : 46)
currentSize : 46 <-- 0.004001 s
currentSize : 47 <-- 0.005954 s
currentSize : 48 <-- 0.010527 s
currentSize : 49 <-- 0.152331 s
currentSize : 50 <-- 264.820068 s
currentSize : 51 <-- 265.023010 s
currentSize : 52 <-- 2207.756592 s
currentSize : 53 <-- 2207.776611 s

TIMEOUT
maxsize : 53
nodes : 714109560.000000
filtered : 3027992879.000000
time : 3600.000000
