Parameters: GAD=1 vflib=1 dir=0 label=1 lowerbound=1 fileNameGp=../graphsdb/mcs70/rand/r02/mcs70_r02_s50.A74 fileNameGt=../graphsdb/mcs70/rand/r02/mcs70_r02_s50.B74
Reading graphs...
50 :  445
50 :  443
Initializing...
maxdom : 9
D->valSize : 341
Solving...
Blb : 2 (clique : 7)
currentSize : 7 <-- 0.002375 s
currentSize : 8 <-- 0.002451 s
currentSize : 10 <-- 0.006181 s
currentSize : 11 <-- 0.008215 s
currentSize : 13 <-- 0.008445 s
currentSize : 26 <-- 0.009160 s
currentSize : 27 <-- 0.009232 s
currentSize : 28 <-- 0.009443 s
currentSize : 29 <-- 0.010458 s

maxsize : 29
nodes : 4700.000000
filtered : 61574.000000
time : 0.021145
