Parameters: GAD=1 vflib=1 dir=0 label=1 lowerbound=1 fileNameGp=../graphsdb/mcs70/bvg/b06/mcs70_b06_s60.A47 fileNameGt=../graphsdb/mcs70/bvg/b06/mcs70_b06_s60.B47
Reading graphs...
60 :  180
60 :  180
Initializing...
maxdom : 11
D->valSize : 304
Solving...
Blb : 2 (clique : 24)
currentSize : 24 <-- 0.003716 s
currentSize : 29 <-- 0.004051 s
currentSize : 30 <-- 0.004209 s
currentSize : 33 <-- 0.004476 s
currentSize : 39 <-- 0.359596 s
currentSize : 40 <-- 0.403255 s
currentSize : 41 <-- 0.425571 s
currentSize : 42 <-- 0.425674 s

maxsize : 42
nodes : 114191.000000
filtered : 678914.000000
time : 0.494367
