Parameters: GAD=1 vflib=1 dir=0 label=1 lowerbound=1 fileNameGp=../graphsdb/mcs70/bvg/b06m/mcs70_b06m_s90.A32 fileNameGt=../graphsdb/mcs70/bvg/b06m/mcs70_b06m_s90.B32
Reading graphs...
90 :  270
90 :  269
Initializing...
maxdom : 8
D->valSize : 542
Solving...
Blb : 3 (clique : 48)
currentSize : 48 <-- 0.006292 s
currentSize : 49 <-- 2.113940 s
currentSize : 50 <-- 2.114194 s
currentSize : 53 <-- 2.117243 s
currentSize : 54 <-- 2.118578 s
currentSize : 55 <-- 2.119194 s
currentSize : 56 <-- 96.505562 s
currentSize : 57 <-- 96.522720 s
currentSize : 62 <-- 96.526001 s
currentSize : 63 <-- 96.528320 s

maxsize : 63
nodes : 42117466.000000
filtered : 257398357.000000
time : 218.384338
