Parameters: GAD=1 vflib=1 dir=0 label=1 lowerbound=1 fileNameGp=../graphsdb/mcs70/m2D/m2D/mcs70_m2D_s60.A15 fileNameGt=../graphsdb/mcs70/m2D/m2D/mcs70_m2D_s60.B15
Reading graphs...
60 :  104
60 :  103
Initializing...
maxdom : 6
D->valSize : 257
Solving...
Blb : 2 (clique : 31)
currentSize : 31 <-- 0.003322 s
currentSize : 32 <-- 0.003862 s
currentSize : 33 <-- 0.066124 s
currentSize : 34 <-- 0.066224 s
currentSize : 35 <-- 0.398940 s
currentSize : 36 <-- 0.818635 s
currentSize : 37 <-- 6.603690 s

maxsize : 37
nodes : 2486310.000000
filtered : 12317996.000000
time : 9.775248
