Parameters: GAD=1 vflib=1 dir=0 label=1 lowerbound=1 fileNameGp=../graphsdb/mcs70/m2D/m2Dr6/mcs70_m2Dr6_s100.A42 fileNameGt=../graphsdb/mcs70/m2D/m2Dr6/mcs70_m2Dr6_s100.B42
Reading graphs...
100 :  238
100 :  234
Initializing...
maxdom : 6
D->valSize : 359
Solving...
Blb : 2 (clique : 46)
currentSize : 46 <-- 0.006412 s
currentSize : 47 <-- 0.011681 s
currentSize : 48 <-- 0.956839 s
currentSize : 49 <-- 1.674598 s
currentSize : 50 <-- 1.722780 s
currentSize : 51 <-- 17.488031 s
currentSize : 53 <-- 1702.128296 s
currentSize : 57 <-- 1702.128540 s
currentSize : 58 <-- 1702.128784 s
currentSize : 59 <-- 1702.129028 s
currentSize : 60 <-- 1702.129272 s
currentSize : 61 <-- 1702.712036 s
currentSize : 62 <-- 1702.712402 s
currentSize : 63 <-- 1702.712891 s
currentSize : 64 <-- 1711.256836 s

maxsize : 64
nodes : 431677213.000000
filtered : 1308172828.000000
time : 2164.214355
