Parameters: GAD=1 vflib=1 dir=0 label=1 lowerbound=1 fileNameGp=../graphsdb/mcs70/rand/r02/mcs70_r02_s90.A78 fileNameGt=../graphsdb/mcs70/rand/r02/mcs70_r02_s90.B78
Reading graphs...
90 :  1433
90 :  1445
Initializing...
maxdom : 10
D->valSize : 580
Solving...
Blb : 2 (clique : 8)
currentSize : 8 <-- 0.006121 s
currentSize : 9 <-- 0.006312 s
currentSize : 12 <-- 0.007569 s
currentSize : 13 <-- 0.014162 s
currentSize : 14 <-- 0.018365 s
currentSize : 15 <-- 0.018562 s
currentSize : 22 <-- 0.018786 s
currentSize : 23 <-- 0.019008 s
currentSize : 24 <-- 0.028406 s
currentSize : 25 <-- 0.028516 s
currentSize : 29 <-- 0.037971 s
currentSize : 32 <-- 0.056238 s
currentSize : 33 <-- 0.067087 s
currentSize : 48 <-- 0.073713 s

maxsize : 48
nodes : 7968382.000000
filtered : 3438622.000000
time : 29.825844
