Parameters: GAD=1 vflib=1 dir=0 label=1 lowerbound=1 fileNameGp=../graphsdb/mcs70/m3D/m3Dr2/mcs70_m3Dr2_s90.A22 fileNameGt=../graphsdb/mcs70/m3D/m3Dr2/mcs70_m3Dr2_s90.B22
Reading graphs...
90 :  223
90 :  226
Initializing...
maxdom : 9
D->valSize : 563
Solving...
Blb : 3 (clique : 46)
currentSize : 46 <-- 0.006722 s
currentSize : 48 <-- 0.814985 s
currentSize : 49 <-- 0.816132 s
currentSize : 50 <-- 73.659492 s
currentSize : 52 <-- 73.660385 s
currentSize : 53 <-- 145.869537 s
currentSize : 54 <-- 216.970795 s
currentSize : 57 <-- 221.533081 s
currentSize : 64 <-- 259.412842 s

maxsize : 64
nodes : 55378911.000000
filtered : 246447051.000000
time : 276.628632
