Parameters: GAD=1 vflib=1 dir=0 label=1 lowerbound=1 fileNameGp=../graphsdb/mcs70/bvg/b09/mcs70_b09_s100.A52 fileNameGt=../graphsdb/mcs70/bvg/b09/mcs70_b09_s100.B52
Reading graphs...
100 :  447
100 :  449
Initializing...
maxdom : 7
D->valSize : 374
Solving...
Blb : 3 (clique : 37)
currentSize : 37 <-- 0.006312 s
currentSize : 38 <-- 0.096838 s
currentSize : 39 <-- 0.096926 s
currentSize : 42 <-- 2.320522 s
currentSize : 43 <-- 2.320614 s
currentSize : 46 <-- 6.126631 s
currentSize : 47 <-- 6.217276 s
currentSize : 52 <-- 6.225121 s
currentSize : 56 <-- 12.609139 s
currentSize : 60 <-- 19.801708 s
currentSize : 64 <-- 32.528671 s
currentSize : 70 <-- 32.758831 s

maxsize : 70
nodes : 9402254.000000
filtered : 37850300.000000
time : 48.572647
