Parameters: GAD=1 vflib=1 dir=0 label=1 lowerbound=1 fileNameGp=../graphsdb/mcs70/m2D/m2Dr4/mcs70_m2Dr4_s60.A83 fileNameGt=../graphsdb/mcs70/m2D/m2Dr4/mcs70_m2Dr4_s60.B83
Reading graphs...
60 :  128
60 :  128
Initializing...
maxdom : 8
D->valSize : 275
Solving...
Blb : 2 (clique : 26)
currentSize : 26 <-- 0.002094 s
currentSize : 29 <-- 0.002264 s
currentSize : 30 <-- 0.002335 s
currentSize : 31 <-- 0.002659 s
currentSize : 33 <-- 0.002723 s
currentSize : 34 <-- 0.009406 s
currentSize : 36 <-- 0.020409 s

maxsize : 36
nodes : 1524239.000000
filtered : 5848387.000000
time : 5.595065
