Parameters: GAD=1 vflib=1 dir=0 label=1 lowerbound=1 fileNameGp=../graphsdb/mcs70/rand/r02/mcs70_r02_s35.A30 fileNameGt=../graphsdb/mcs70/rand/r02/mcs70_r02_s35.B30
Reading graphs...
35 :  211
35 :  211
Initializing...
maxdom : 9
D->valSize : 175
Solving...
Blb : 5 (clique : 6)
currentSize : 6 <-- 0.000939 s
currentSize : 7 <-- 0.001082 s
currentSize : 8 <-- 0.001228 s
currentSize : 10 <-- 0.001324 s
currentSize : 11 <-- 0.001625 s
currentSize : 12 <-- 0.002137 s
currentSize : 18 <-- 0.003350 s
currentSize : 19 <-- 0.003382 s

maxsize : 19
nodes : 1898.000000
filtered : 14786.000000
time : 0.006090
