Parameters: GAD=1 vflib=1 dir=0 label=1 lowerbound=1 fileNameGp=../graphsdb/mcs70/m2D/m2D/mcs70_m2D_s40.A84 fileNameGt=../graphsdb/mcs70/m2D/m2D/mcs70_m2D_s40.B84
Reading graphs...
40 :  66
40 :  67
Initializing...
maxdom : 7
D->valSize : 216
Solving...
Blb : 2 (clique : 18)
currentSize : 18 <-- 0.001291 s
currentSize : 19 <-- 0.014695 s
currentSize : 20 <-- 0.075695 s
currentSize : 21 <-- 0.133061 s
currentSize : 22 <-- 0.208073 s
currentSize : 23 <-- 0.287431 s
currentSize : 25 <-- 0.409323 s
currentSize : 26 <-- 0.560477 s

maxsize : 26
nodes : 182662.000000
filtered : 1261281.000000
time : 0.587394
