Parameters: GAD=1 vflib=1 dir=0 label=1 lowerbound=1 fileNameGp=../graphsdb/mcs70/bvg/b06m/mcs70_b06m_s20.A32 fileNameGt=../graphsdb/mcs70/bvg/b06m/mcs70_b06m_s20.B32
Reading graphs...
20 :  57
20 :  56
Initializing...
maxdom : 6
D->valSize : 106
Solving...
Blb : 2 (clique : 6)
currentSize : 6 <-- 0.000572 s
currentSize : 7 <-- 0.000614 s
currentSize : 8 <-- 0.001023 s
currentSize : 9 <-- 0.001667 s
currentSize : 10 <-- 0.001951 s
currentSize : 12 <-- 0.001982 s
currentSize : 14 <-- 0.001996 s

maxsize : 14
nodes : 664.000000
filtered : 4424.000000
time : 0.002171
