Parameters: GAD=1 vflib=1 dir=0 label=1 lowerbound=1 fileNameGp=../graphsdb/mcs70/m2D/m2D/mcs70_m2D_s90.A25 fileNameGt=../graphsdb/mcs70/m2D/m2D/mcs70_m2D_s90.B25
Reading graphs...
90 :  161
90 :  161
Initializing...
maxdom : 8
D->valSize : 522
Solving...
Blb : 2 (clique : 50)
currentSize : 50 <-- 0.006178 s
currentSize : 53 <-- 0.006545 s
currentSize : 54 <-- 0.007631 s
currentSize : 55 <-- 0.010121 s
currentSize : 56 <-- 0.010198 s
currentSize : 59 <-- 0.010521 s
currentSize : 60 <-- 0.010895 s
currentSize : 63 <-- 0.016501 s
currentSize : 64 <-- 0.016911 s
currentSize : 65 <-- 63.256336 s

maxsize : 65
nodes : 24156193.000000
filtered : 166490631.000000
time : 146.313339
