Parameters: GAD=1 vflib=1 dir=0 label=1 lowerbound=1 fileNameGp=../graphsdb/mcs70/rand/r005/mcs70_r005_s90.A49 fileNameGt=../graphsdb/mcs70/rand/r005/mcs70_r005_s90.B49
Reading graphs...
90 :  391
90 :  385
Initializing...
maxdom : 9
D->valSize : 555
Solving...
Blb : 3 (clique : 37)
currentSize : 37 <-- 0.010552 s
currentSize : 38 <-- 0.500113 s
currentSize : 42 <-- 0.500254 s
currentSize : 48 <-- 0.933575 s
currentSize : 49 <-- 3.200423 s
currentSize : 51 <-- 3.657414 s
currentSize : 53 <-- 3.719164 s
currentSize : 60 <-- 3.957733 s

maxsize : 60
nodes : 662631.000000
filtered : 8179126.000000
time : 4.446730
