Parameters: GAD=1 vflib=1 dir=0 label=1 lowerbound=1 fileNameGp=../graphsdb/mcs70/m2D/m2Dr4/mcs70_m2Dr4_s80.A41 fileNameGt=../graphsdb/mcs70/m2D/m2Dr4/mcs70_m2Dr4_s80.B41
Reading graphs...
80 :  174
80 :  172
Initializing...
maxdom : 8
D->valSize : 431
Solving...
Blb : 2 (clique : 27)
currentSize : 27 <-- 0.004270 s
currentSize : 31 <-- 0.004480 s
currentSize : 34 <-- 0.004662 s
currentSize : 35 <-- 0.011734 s
currentSize : 36 <-- 0.248881 s
currentSize : 37 <-- 871.469910 s
currentSize : 38 <-- 970.307312 s
currentSize : 39 <-- 2002.439697 s
currentSize : 40 <-- 2180.000732 s
currentSize : 41 <-- 2180.346924 s
currentSize : 42 <-- 2180.587891 s
currentSize : 43 <-- 2516.532715 s
currentSize : 44 <-- 2651.909424 s

TIMEOUT
maxsize : 44
nodes : 670078434.000000
filtered : 5421244778.000000
time : 3600.000000
