Parameters: GAD=1 vflib=1 dir=0 label=1 lowerbound=1 fileNameGp=../graphsdb/mcs70/m2D/m2Dr4/mcs70_m2Dr4_s80.A55 fileNameGt=../graphsdb/mcs70/m2D/m2Dr4/mcs70_m2Dr4_s80.B55
Reading graphs...
80 :  169
80 :  172
Initializing...
maxdom : 8
D->valSize : 425
Solving...
Blb : 3 (clique : 31)
currentSize : 31 <-- 0.004282 s
currentSize : 35 <-- 0.004508 s
currentSize : 36 <-- 0.004713 s
currentSize : 37 <-- 0.008475 s
currentSize : 38 <-- 0.086975 s
currentSize : 40 <-- 46.751633 s
currentSize : 41 <-- 46.751720 s
currentSize : 42 <-- 46.888847 s
currentSize : 44 <-- 894.955566 s
currentSize : 45 <-- 894.967163 s
currentSize : 46 <-- 895.014038 s
currentSize : 47 <-- 895.017273 s
currentSize : 48 <-- 923.754211 s

maxsize : 48
nodes : 246368851.000000
filtered : 2017982259.000000
time : 1436.297363
