Parameters: GAD=1 vflib=1 dir=0 label=1 lowerbound=1 fileNameGp=../graphsdb/mcs70/m2D/m2D/mcs70_m2D_s80.A03 fileNameGt=../graphsdb/mcs70/m2D/m2D/mcs70_m2D_s80.B03
Reading graphs...
80 :  142
80 :  142
Initializing...
maxdom : 7
D->valSize : 413
Solving...
Blb : 2 (clique : 41)
currentSize : 41 <-- 0.004185 s
currentSize : 43 <-- 0.004903 s
currentSize : 44 <-- 0.004934 s
currentSize : 45 <-- 0.005810 s
currentSize : 46 <-- 0.016317 s
currentSize : 47 <-- 1.616509 s
currentSize : 49 <-- 1.619189 s

maxsize : 49
nodes : 386690106.000000
filtered : 2082034914.000000
time : 1850.598389
