Parameters: GAD=1 vflib=1 dir=0 label=1 lowerbound=1 fileNameGp=../graphsdb/mcs70/m3D/m3Dr4/mcs70_m3Dr4_s40.A05 fileNameGt=../graphsdb/mcs70/m3D/m3Dr4/mcs70_m3Dr4_s40.B05
Reading graphs...
40 :  99
40 :  97
Initializing...
maxdom : 11
D->valSize : 253
Solving...
Blb : 3 (clique : 18)
currentSize : 18 <-- 0.001578 s
currentSize : 19 <-- 0.001669 s
currentSize : 20 <-- 0.001717 s
currentSize : 21 <-- 0.001761 s
currentSize : 24 <-- 0.001820 s
currentSize : 25 <-- 0.001867 s
currentSize : 26 <-- 0.001915 s

maxsize : 26
nodes : 2432.000000
filtered : 26799.000000
time : 0.010705
