Parameters: GAD=1 vflib=1 dir=0 label=1 lowerbound=1 fileNameGp=../graphsdb/mcs70/m2D/m2Dr2/mcs70_m2Dr2_s100.A67 fileNameGt=../graphsdb/mcs70/m2D/m2Dr2/mcs70_m2Dr2_s100.B67
Reading graphs...
100 :  200
100 :  200
Initializing...
maxdom : 8
D->valSize : 377
Solving...
Blb : 2 (clique : 48)
currentSize : 48 <-- 0.007035 s
currentSize : 50 <-- 0.008150 s
currentSize : 51 <-- 0.008951 s
currentSize : 53 <-- 0.009106 s
currentSize : 55 <-- 0.009361 s
currentSize : 56 <-- 0.010319 s
currentSize : 58 <-- 0.010559 s
currentSize : 59 <-- 0.763637 s
currentSize : 60 <-- 31.532288 s
currentSize : 62 <-- 31.532772 s
currentSize : 63 <-- 32.446442 s
currentSize : 64 <-- 40.472313 s
currentSize : 65 <-- 281.848785 s

maxsize : 65
nodes : 141646797.000000
filtered : 543292574.000000
time : 724.774292
