Parameters: GAD=1 vflib=1 dir=0 label=1 lowerbound=1 fileNameGp=../graphsdb/mcs70/bvg/b03m/mcs70_b03m_s70.A85 fileNameGt=../graphsdb/mcs70/bvg/b03m/mcs70_b03m_s70.B85
Reading graphs...
70 :  104
70 :  104
Initializing...
maxdom : 8
D->valSize : 365
Solving...
Blb : 3 (clique : 38)
currentSize : 38 <-- 0.003341 s
currentSize : 39 <-- 0.040478 s
currentSize : 40 <-- 3.504652 s
currentSize : 41 <-- 3.518339 s
currentSize : 43 <-- 9.754916 s
currentSize : 44 <-- 9.754992 s
currentSize : 45 <-- 48.529530 s
currentSize : 46 <-- 48.530132 s
currentSize : 47 <-- 121.332130 s
currentSize : 48 <-- 121.403702 s
currentSize : 50 <-- 121.472107 s

maxsize : 50
nodes : 42045945.000000
filtered : 172663289.000000
time : 169.657196
