Parameters: GAD=1 vflib=1 dir=0 label=1 lowerbound=1 fileNameGp=../graphsdb/mcs70/bvg/b09m/mcs70_b09m_s50.A20 fileNameGt=../graphsdb/mcs70/bvg/b09m/mcs70_b09m_s50.B20
Reading graphs...
50 :  216
50 :  215
Initializing...
maxdom : 11
D->valSize : 366
Solving...
Blb : 2 (clique : 9)
currentSize : 9 <-- 0.002581 s
currentSize : 10 <-- 0.002687 s
currentSize : 11 <-- 0.002722 s
currentSize : 12 <-- 0.002797 s
currentSize : 13 <-- 0.002868 s
currentSize : 14 <-- 0.003008 s
currentSize : 15 <-- 0.007060 s
currentSize : 16 <-- 0.009076 s
currentSize : 17 <-- 0.018746 s
currentSize : 18 <-- 0.042114 s
currentSize : 22 <-- 0.042166 s
currentSize : 23 <-- 0.043524 s
currentSize : 25 <-- 0.043565 s
currentSize : 26 <-- 0.043679 s
currentSize : 27 <-- 0.043718 s
currentSize : 28 <-- 0.103319 s
currentSize : 29 <-- 0.126274 s
currentSize : 30 <-- 0.126299 s

maxsize : 30
nodes : 85368.000000
filtered : 424439.000000
time : 0.278304
