Parameters: GAD=1 vflib=1 dir=0 label=1 lowerbound=1 fileNameGp=../graphsdb/mcs70/m3D/m3Dr4/mcs70_m3Dr4_s100.A23 fileNameGt=../graphsdb/mcs70/m3D/m3Dr4/mcs70_m3Dr4_s100.B23
Reading graphs...
100 :  272
100 :  273
Initializing...
maxdom : 6
D->valSize : 350
Solving...
Blb : 2 (clique : 46)
currentSize : 46 <-- 0.003759 s
currentSize : 50 <-- 0.004079 s
currentSize : 51 <-- 0.010121 s
currentSize : 52 <-- 0.037508 s
currentSize : 53 <-- 0.040647 s
currentSize : 54 <-- 0.213498 s
currentSize : 55 <-- 0.264728 s
currentSize : 56 <-- 0.265397 s
currentSize : 57 <-- 34.848312 s
currentSize : 58 <-- 34.937000 s
currentSize : 60 <-- 34.939529 s
currentSize : 61 <-- 34.941719 s
currentSize : 62 <-- 35.011112 s
currentSize : 63 <-- 35.012211 s
currentSize : 64 <-- 51.981377 s

maxsize : 64
nodes : 13799250.000000
filtered : 56657567.000000
time : 73.953331
