Parameters: GAD=1 vflib=1 dir=0 label=1 lowerbound=1 fileNameGp=../graphsdb/mcs70/m2D/m2Dr4/mcs70_m2Dr4_s60.A23 fileNameGt=../graphsdb/mcs70/m2D/m2Dr4/mcs70_m2Dr4_s60.B23
Reading graphs...
60 :  127
60 :  126
Initializing...
maxdom : 8
D->valSize : 243
Solving...
Blb : 2 (clique : 28)
currentSize : 28 <-- 0.003116 s
currentSize : 29 <-- 0.003369 s
currentSize : 30 <-- 0.003680 s
currentSize : 31 <-- 0.004260 s
currentSize : 32 <-- 0.008036 s
currentSize : 33 <-- 0.008124 s
currentSize : 34 <-- 0.008305 s
currentSize : 35 <-- 3.555920 s
currentSize : 36 <-- 3.556228 s

maxsize : 36
nodes : 1771085.000000
filtered : 5751431.000000
time : 5.960020
