Parameters: GAD=1 vflib=1 dir=0 label=1 lowerbound=1 fileNameGp=../graphsdb/mcs70/bvg/b06/mcs70_b06_s80.A98 fileNameGt=../graphsdb/mcs70/bvg/b06/mcs70_b06_s80.B98
Reading graphs...
80 :  240
80 :  240
Initializing...
maxdom : 8
D->valSize : 415
Solving...
Blb : 5 (clique : 23)
currentSize : 23 <-- 0.004012 s
currentSize : 26 <-- 0.004190 s
currentSize : 27 <-- 0.011773 s
currentSize : 28 <-- 0.032922 s
currentSize : 29 <-- 0.035320 s
currentSize : 30 <-- 0.087170 s
currentSize : 31 <-- 0.177588 s
currentSize : 33 <-- 0.279390 s
currentSize : 34 <-- 0.282642 s
currentSize : 35 <-- 0.487213 s
currentSize : 36 <-- 0.487869 s
currentSize : 37 <-- 0.892747 s
currentSize : 38 <-- 0.892878 s
currentSize : 39 <-- 0.893110 s
currentSize : 40 <-- 0.894861 s
currentSize : 41 <-- 1.412402 s
currentSize : 42 <-- 1.442572 s
currentSize : 45 <-- 4.736674 s
currentSize : 47 <-- 6.428374 s
currentSize : 50 <-- 10.416930 s
currentSize : 53 <-- 11.028777 s
currentSize : 54 <-- 12.614500 s
currentSize : 56 <-- 14.855222 s

maxsize : 56
nodes : 3177473.000000
filtered : 20189577.000000
time : 16.482300
