Parameters: GAD=1 vflib=1 dir=0 label=1 lowerbound=1 fileNameGp=../graphsdb/mcs70/m2D/m2D/mcs70_m2D_s100.A12 fileNameGt=../graphsdb/mcs70/m2D/m2D/mcs70_m2D_s100.B12
Reading graphs...
100 :  180
100 :  180
Initializing...
maxdom : 7
D->valSize : 358
Solving...
Blb : 2 (clique : 43)
currentSize : 43 <-- 0.003867 s
currentSize : 44 <-- 0.004284 s
currentSize : 45 <-- 0.137212 s
currentSize : 46 <-- 0.137322 s
currentSize : 47 <-- 0.137650 s
currentSize : 48 <-- 0.467090 s
currentSize : 49 <-- 1.794941 s
currentSize : 50 <-- 2.435125 s
currentSize : 51 <-- 2.435183 s
currentSize : 52 <-- 2.435303 s
currentSize : 53 <-- 5.153927 s
currentSize : 54 <-- 127.415741 s
currentSize : 55 <-- 127.415970 s
currentSize : 56 <-- 127.864655 s
currentSize : 57 <-- 130.535095 s
currentSize : 58 <-- 377.072693 s
currentSize : 59 <-- 377.072998 s
currentSize : 60 <-- 378.346344 s
currentSize : 61 <-- 2495.794678 s
currentSize : 62 <-- 2495.906982 s
currentSize : 63 <-- 2496.501221 s
currentSize : 64 <-- 2496.560791 s

maxsize : 64
nodes : 661875318.000000
filtered : 2480179049.000000
time : 3503.195312
