Parameters: GAD=1 vflib=1 dir=0 label=1 lowerbound=1 fileNameGp=../graphsdb/mcs70/bvg/b06/mcs70_b06_s90.A25 fileNameGt=../graphsdb/mcs70/bvg/b06/mcs70_b06_s90.B25
Reading graphs...
90 :  266
90 :  269
Initializing...
maxdom : 10
D->valSize : 563
Solving...
Blb : 3 (clique : 51)
currentSize : 51 <-- 0.011401 s
currentSize : 52 <-- 3.300422 s
currentSize : 53 <-- 3.300697 s
currentSize : 55 <-- 3.313511 s
currentSize : 57 <-- 643.277954 s
currentSize : 59 <-- 643.278198 s
currentSize : 62 <-- 643.280029 s
currentSize : 63 <-- 643.286621 s

maxsize : 63
nodes : 128556901.000000
filtered : 835955512.000000
time : 699.934204
