Parameters: GAD=1 vflib=1 dir=0 label=1 lowerbound=1 fileNameGp=../graphsdb/mcs70/m2D/m2Dr6/mcs70_m2Dr6_s80.A95 fileNameGt=../graphsdb/mcs70/m2D/m2Dr6/mcs70_m2Dr6_s80.B95
Reading graphs...
80 :  186
80 :  185
Initializing...
maxdom : 10
D->valSize : 425
Solving...
Blb : 3 (clique : 38)
currentSize : 38 <-- 0.007173 s
currentSize : 39 <-- 0.009112 s
currentSize : 40 <-- 0.009319 s
currentSize : 41 <-- 0.012276 s
currentSize : 42 <-- 0.066309 s
currentSize : 44 <-- 0.066713 s
currentSize : 45 <-- 2.318630 s
currentSize : 48 <-- 2.331713 s
currentSize : 49 <-- 65.401657 s

maxsize : 49
nodes : 31597153.000000
filtered : 171732609.000000
time : 152.939392
