Parameters: GAD=1 vflib=1 dir=0 label=1 lowerbound=1 fileNameGp=../graphsdb/mcs70/m2D/m2Dr2/mcs70_m2Dr2_s40.A19 fileNameGt=../graphsdb/mcs70/m2D/m2Dr2/mcs70_m2Dr2_s40.B19
Reading graphs...
40 :  73
40 :  74
Initializing...
maxdom : 9
D->valSize : 218
Solving...
Blb : 2 (clique : 15)
currentSize : 15 <-- 0.001413 s
currentSize : 16 <-- 0.002506 s
currentSize : 17 <-- 0.004600 s
currentSize : 18 <-- 0.017514 s
currentSize : 19 <-- 0.030564 s
currentSize : 20 <-- 0.102835 s
currentSize : 22 <-- 0.103025 s
currentSize : 23 <-- 0.106225 s
currentSize : 24 <-- 0.178821 s

maxsize : 24
nodes : 123061.000000
filtered : 875825.000000
time : 0.406403
