Parameters: GAD=1 vflib=1 dir=0 label=1 lowerbound=1 fileNameGp=../graphsdb/mcs70/m2D/m2Dr4/mcs70_m2Dr4_s80.A93 fileNameGt=../graphsdb/mcs70/m2D/m2Dr4/mcs70_m2Dr4_s80.B93
Reading graphs...
80 :  172
80 :  172
Initializing...
maxdom : 8
D->valSize : 456
Solving...
Blb : 3 (clique : 40)
currentSize : 40 <-- 0.008841 s
currentSize : 42 <-- 0.009661 s
currentSize : 43 <-- 0.009731 s
currentSize : 44 <-- 0.058972 s
currentSize : 45 <-- 0.059009 s
currentSize : 46 <-- 0.059132 s
currentSize : 47 <-- 0.139686 s
currentSize : 48 <-- 0.139942 s
currentSize : 49 <-- 0.140337 s
currentSize : 50 <-- 0.312708 s
currentSize : 51 <-- 158.057617 s

maxsize : 51
nodes : 81821832.000000
filtered : 438743934.000000
time : 398.684998
