Parameters: GAD=1 vflib=1 dir=0 label=1 lowerbound=1 fileNameGp=../graphsdb/mcs90/m3D/m3Dr6/mcs90_m3Dr6_s80.A58 fileNameGt=../graphsdb/mcs90/m3D/m3Dr6/mcs90_m3Dr6_s80.B58
Reading graphs...
80 :  230
80 :  230
Initializing...
maxdom : 13
D->valSize : 508
Solving...
Blb : 2 (clique : 45)
currentSize : 45 <-- 0.005468 s
currentSize : 48 <-- 0.006015 s
currentSize : 52 <-- 0.012086 s
currentSize : 53 <-- 0.015103 s
currentSize : 60 <-- 0.015671 s
currentSize : 62 <-- 0.029315 s
currentSize : 63 <-- 0.029509 s

maxsize : 63
nodes : 189115.000000
filtered : 966383.000000
time : 0.844825
