Parameters: GAD=1 vflib=1 dir=0 label=1 lowerbound=1 fileNameGp=../graphsdb/mcs90/rand/r02/mcs90_r02_s50.A16 fileNameGt=../graphsdb/mcs90/rand/r02/mcs90_r02_s50.B16
Reading graphs...
50 :  437
50 :  441
Initializing...
maxdom : 12
D->valSize : 369
Solving...
Blb : 5 (clique : 8)
currentSize : 8 <-- 0.002678 s
currentSize : 11 <-- 0.005988 s
currentSize : 15 <-- 0.006070 s
currentSize : 16 <-- 0.006167 s
currentSize : 17 <-- 0.009972 s
currentSize : 33 <-- 0.010954 s
currentSize : 34 <-- 0.011057 s
currentSize : 35 <-- 0.011240 s

maxsize : 35
nodes : 10182.000000
filtered : 51359.000000
time : 0.036976
