Parameters: GAD=1 vflib=1 dir=0 label=1 lowerbound=1 fileNameGp=../graphsdb/mcs90/m2D/m2Dr2/mcs90_m2Dr2_s100.A35 fileNameGt=../graphsdb/mcs90/m2D/m2Dr2/mcs90_m2Dr2_s100.B35
Reading graphs...
100 :  199
100 :  200
Initializing...
maxdom : 7
D->valSize : 392
Solving...
Blb : 2 (clique : 50)
currentSize : 50 <-- 0.004284 s
currentSize : 51 <-- 0.015565 s
currentSize : 52 <-- 0.077300 s
currentSize : 53 <-- 0.077432 s
currentSize : 54 <-- 0.077666 s
currentSize : 55 <-- 0.077890 s
currentSize : 56 <-- 0.142683 s
currentSize : 58 <-- 1.706557 s
currentSize : 59 <-- 1.709575 s
currentSize : 60 <-- 1.716110 s
currentSize : 61 <-- 1.721010 s
currentSize : 62 <-- 1.730108 s
currentSize : 64 <-- 2.532251 s
currentSize : 65 <-- 2.538593 s
currentSize : 66 <-- 2.545902 s
currentSize : 67 <-- 2.552105 s
currentSize : 68 <-- 2.553618 s
currentSize : 71 <-- 3.154304 s
currentSize : 74 <-- 3.154684 s
currentSize : 76 <-- 3.849788 s
currentSize : 77 <-- 3.993945 s
currentSize : 78 <-- 4.000624 s
currentSize : 81 <-- 4.000888 s

maxsize : 81
nodes : 837924.000000
filtered : 2444388.000000
time : 4.161130
