Parameters: GAD=1 vflib=1 dir=0 label=1 lowerbound=1 fileNameGp=../graphsdb/mcs90/bvg/b03m/mcs90_b03m_s100.A75 fileNameGt=../graphsdb/mcs90/bvg/b03m/mcs90_b03m_s100.B75
Reading graphs...
100 :  148
100 :  148
Initializing...
maxdom : 8
D->valSize : 409
Solving...
Blb : 2 (clique : 75)
currentSize : 75 <-- 0.008974 s
currentSize : 77 <-- 0.024276 s
currentSize : 79 <-- 0.027874 s
currentSize : 80 <-- 0.054168 s
currentSize : 81 <-- 0.103685 s
currentSize : 84 <-- 0.136883 s
currentSize : 85 <-- 0.141923 s
currentSize : 89 <-- 0.167471 s

maxsize : 89
nodes : 36648.000000
filtered : 91664.000000
time : 0.168981
