Parameters: GAD=1 vflib=1 dir=0 label=1 lowerbound=1 fileNameGp=../graphsdb/mcs90/m2D/m2Dr4/mcs90_m2Dr4_s100.A78 fileNameGt=../graphsdb/mcs90/m2D/m2Dr4/mcs90_m2Dr4_s100.B78
Reading graphs...
100 :  220
100 :  218
Initializing...
maxdom : 7
D->valSize : 369
Solving...
Blb : 2 (clique : 53)
currentSize : 53 <-- 0.006648 s
currentSize : 59 <-- 0.193377 s
currentSize : 63 <-- 0.320175 s
currentSize : 68 <-- 0.320550 s
currentSize : 69 <-- 0.332554 s
currentSize : 74 <-- 0.334637 s
currentSize : 75 <-- 0.527548 s
currentSize : 81 <-- 0.533068 s

maxsize : 81
nodes : 99516.000000
filtered : 330239.000000
time : 0.606480
