Parameters: GAD=1 vflib=1 dir=0 label=1 lowerbound=1 fileNameGp=../graphsdb/mcs90/bvg/b03/mcs90_b03_s90.A73 fileNameGt=../graphsdb/mcs90/bvg/b03/mcs90_b03_s90.B73
Reading graphs...
90 :  135
90 :  135
Initializing...
maxdom : 11
D->valSize : 572
Solving...
Blb : 2 (clique : 66)
currentSize : 66 <-- 0.007306 s
currentSize : 69 <-- 0.008035 s
currentSize : 70 <-- 0.008133 s
currentSize : 72 <-- 0.164616 s
currentSize : 73 <-- 0.338596 s
currentSize : 75 <-- 0.338780 s
currentSize : 77 <-- 1.300133 s
currentSize : 80 <-- 1.303690 s

maxsize : 80
nodes : 249322.000000
filtered : 1599113.000000
time : 1.415732
