Parameters: GAD=1 vflib=1 dir=0 label=1 lowerbound=1 fileNameGp=../graphsdb/mcs90/m3D/m3D/mcs90_m3D_s80.A47 fileNameGt=../graphsdb/mcs90/m3D/m3D/mcs90_m3D_s80.B47
Reading graphs...
80 :  183
80 :  183
Initializing...
maxdom : 8
D->valSize : 450
Solving...
Blb : 2 (clique : 47)
currentSize : 47 <-- 0.004678 s
currentSize : 52 <-- 0.005106 s
currentSize : 56 <-- 0.005772 s
currentSize : 57 <-- 0.006348 s
currentSize : 58 <-- 0.384926 s
currentSize : 60 <-- 0.385326 s
currentSize : 62 <-- 0.385442 s
currentSize : 64 <-- 0.386546 s

maxsize : 64
nodes : 116061.000000
filtered : 597861.000000
time : 0.552158
