Parameters: GAD=1 vflib=1 dir=0 label=0 lowerbound=1 fileNameGp=../graphsdb/mcs10/rand/r01/mcs10_r01_s25.A29 fileNameGt=../graphsdb/mcs10/rand/r01/mcs10_r01_s25.B29
Reading graphs...
25 :  59
25 :  58
Initializing...
maxdom : 25
D->valSize : 625
Solving...
currentSize : 11 <-- 0.008771 s
currentSize : 12 <-- 0.008868 s
currentSize : 13 <-- 0.011113 s
currentSize : 14 <-- 0.056903 s
currentSize : 15 <-- 0.105286 s
currentSize : 16 <-- 3.275559 s

maxsize : 16
nodes : 1446807.000000
filtered : 32536848.000000
CCGP filtered : 2300354.000000
CCGT filtered : 1493289.000000
time : 17.888659
