Parameters: GAD=1 vflib=1 dir=0 label=0 lowerbound=1 fileNameGp=../graphsdb/mcs10/rand/r005/mcs10_r005_s30.A47 fileNameGt=../graphsdb/mcs10/rand/r005/mcs10_r005_s30.B47
Reading graphs...
30 :  45
30 :  44
Initializing...
maxdom : 30
D->valSize : 900
Solving...
currentSize : 13 <-- 0.019747 s
currentSize : 16 <-- 0.020075 s
currentSize : 17 <-- 0.022324 s
currentSize : 18 <-- 0.026509 s
currentSize : 19 <-- 0.031161 s
currentSize : 20 <-- 0.031347 s
currentSize : 21 <-- 0.252122 s

maxsize : 21
nodes : 724215.000000
filtered : 22928169.000000
CCGP filtered : 9140923.000000
CCGT filtered : 4440405.000000
time : 15.280115
