Parameters: GAD=1 vflib=1 dir=0 label=0 lowerbound=1 fileNameGp=../graphsdb/mcs10/rand/r005/mcs10_r005_s25.A28 fileNameGt=../graphsdb/mcs10/rand/r005/mcs10_r005_s25.B28
Reading graphs...
25 :  31
25 :  31
Initializing...
maxdom : 25
D->valSize : 625
Solving...
currentSize : 10 <-- 0.005417 s
currentSize : 13 <-- 0.005466 s
currentSize : 15 <-- 0.005600 s
currentSize : 16 <-- 0.005793 s
currentSize : 17 <-- 0.187226 s
currentSize : 18 <-- 0.187304 s

maxsize : 18
nodes : 54631.000000
filtered : 1321794.000000
CCGP filtered : 1049684.000000
CCGT filtered : 575539.000000
time : 1.089799
