Parameters: GAD=1 vflib=1 dir=0 label=0 lowerbound=1 fileNameGp=../graphsdb/mcs10/rand/r01/mcs10_r01_s35.A83 fileNameGt=../graphsdb/mcs10/rand/r01/mcs10_r01_s35.B83
Reading graphs...
35 :  116
35 :  118
Initializing...
maxdom : 35
D->valSize : 1225
Solving...
currentSize : 13 <-- 0.033234 s
currentSize : 14 <-- 0.033406 s
currentSize : 15 <-- 0.033916 s
currentSize : 16 <-- 0.052171 s
currentSize : 17 <-- 0.143498 s
currentSize : 18 <-- 0.143663 s
currentSize : 19 <-- 394.308716 s
currentSize : 20 <-- 2662.207520 s

TIMEOUT
maxsize : 20
nodes : 256303795.000000
filtered : 6372617348.000000
CCGP filtered : 272621207.000000
CCGT filtered : 97521311.000000
time : 3600.000000
