Parameters: GAD=1 vflib=1 dir=0 label=0 lowerbound=1 fileNameGp=../graphsdb/mcs10/rand/r005/mcs10_r005_s25.A32 fileNameGt=../graphsdb/mcs10/rand/r005/mcs10_r005_s25.B32
Reading graphs...
25 :  31
25 :  31
Initializing...
maxdom : 25
D->valSize : 625
Solving...
currentSize : 12 <-- 0.005490 s
currentSize : 13 <-- 0.006556 s
currentSize : 14 <-- 0.006580 s
currentSize : 15 <-- 0.021680 s
currentSize : 16 <-- 0.049279 s
currentSize : 17 <-- 0.058586 s
currentSize : 18 <-- 1.005747 s

maxsize : 18
nodes : 114818.000000
filtered : 2284839.000000
CCGP filtered : 1314607.000000
CCGT filtered : 436922.000000
time : 1.460941
