Parameters: GAD=1 vflib=1 dir=0 label=0 lowerbound=1 fileNameGp=../graphsdb/mcs10/rand/r01/mcs10_r01_s30.A70 fileNameGt=../graphsdb/mcs10/rand/r01/mcs10_r01_s30.B70
Reading graphs...
30 :  86
30 :  86
Initializing...
maxdom : 30
D->valSize : 900
Solving...
currentSize : 12 <-- 0.017953 s
currentSize : 13 <-- 0.018093 s
currentSize : 14 <-- 0.018554 s
currentSize : 15 <-- 0.019739 s
currentSize : 16 <-- 0.026031 s
currentSize : 17 <-- 0.042444 s
currentSize : 18 <-- 19.128025 s

maxsize : 18
nodes : 24590625.000000
filtered : 595228783.000000
CCGP filtered : 29830285.000000
CCGT filtered : 16156633.000000
time : 300.607086
