Parameters: GAD=1 vflib=1 dir=0 label=0 lowerbound=1 fileNameGp=../graphsdb/mcs30/m3D/m3Dr4/mcs30_m3Dr4_s25.A91 fileNameGt=../graphsdb/mcs30/m3D/m3Dr4/mcs30_m3Dr4_s25.B91
Reading graphs...
25 :  57
25 :  57
Initializing...
maxdom : 25
D->valSize : 625
Solving...
currentSize : 11 <-- 0.008765 s
currentSize : 12 <-- 0.008995 s
currentSize : 13 <-- 0.009154 s
currentSize : 14 <-- 0.012385 s
currentSize : 15 <-- 0.020894 s
currentSize : 16 <-- 1.718956 s

maxsize : 16
nodes : 730528.000000
filtered : 17430087.000000
CCGP filtered : 2208522.000000
CCGT filtered : 1137620.000000
time : 8.616181
