Parameters: GAD=1 vflib=1 dir=0 label=0 lowerbound=1 fileNameGp=../graphsdb/mcs30/bvg/b03m/mcs30_b03m_s25.A64 fileNameGt=../graphsdb/mcs30/bvg/b03m/mcs30_b03m_s25.B64
Reading graphs...
25 :  37
25 :  37
Initializing...
maxdom : 25
D->valSize : 625
Solving...
currentSize : 10 <-- 0.009231 s
currentSize : 11 <-- 0.009370 s
currentSize : 12 <-- 0.009561 s
currentSize : 13 <-- 0.009870 s
currentSize : 14 <-- 0.010191 s
currentSize : 15 <-- 0.012232 s
currentSize : 16 <-- 0.028630 s
currentSize : 17 <-- 0.608616 s

maxsize : 17
nodes : 91412.000000
filtered : 2064855.000000
CCGP filtered : 938126.000000
CCGT filtered : 512316.000000
time : 1.160083
