Parameters: GAD=1 vflib=1 dir=0 label=0 lowerbound=1 fileNameGp=../graphsdb/mcs30/rand/r005/mcs30_r005_s25.A39 fileNameGt=../graphsdb/mcs30/rand/r005/mcs30_r005_s25.B39
Reading graphs...
25 :  34
25 :  34
Initializing...
maxdom : 25
D->valSize : 625
Solving...
currentSize : 9 <-- 0.009360 s
currentSize : 10 <-- 0.009420 s
currentSize : 11 <-- 0.009885 s
currentSize : 14 <-- 0.010615 s
currentSize : 15 <-- 0.030855 s
currentSize : 16 <-- 0.031179 s
currentSize : 17 <-- 0.145023 s
currentSize : 18 <-- 0.611482 s

maxsize : 18
nodes : 73683.000000
filtered : 1945735.000000
CCGP filtered : 1173830.000000
CCGT filtered : 664010.000000
time : 1.370188
