Parameters: GAD=1 vflib=1 dir=0 label=0 lowerbound=1 fileNameGp=../graphsdb/mcs30/bvg/b06/mcs30_b06_s25.A32 fileNameGt=../graphsdb/mcs30/bvg/b06/mcs30_b06_s25.B32
Reading graphs...
25 :  72
25 :  72
Initializing...
maxdom : 25
D->valSize : 625
Solving...
currentSize : 10 <-- 0.004994 s
currentSize : 11 <-- 0.005282 s
currentSize : 12 <-- 0.006006 s
currentSize : 13 <-- 0.009169 s
currentSize : 14 <-- 0.120560 s
currentSize : 15 <-- 0.725764 s
currentSize : 16 <-- 5.306388 s

maxsize : 16
nodes : 896634.000000
filtered : 19778315.000000
CCGP filtered : 1356784.000000
CCGT filtered : 416339.000000
time : 10.685982
