Parameters: GAD=1 vflib=1 dir=0 label=0 lowerbound=1 fileNameGp=../graphsdb/mcs30/bvg/b03/mcs30_b03_s25.A25 fileNameGt=../graphsdb/mcs30/bvg/b03/mcs30_b03_s25.B25
Reading graphs...
25 :  37
25 :  37
Initializing...
maxdom : 25
D->valSize : 625
Solving...
currentSize : 9 <-- 0.009312 s
currentSize : 12 <-- 0.009803 s
currentSize : 14 <-- 0.009828 s
currentSize : 16 <-- 0.010048 s
currentSize : 17 <-- 0.011551 s
currentSize : 18 <-- 0.779639 s

maxsize : 18
nodes : 134200.000000
filtered : 3127722.000000
CCGP filtered : 1193831.000000
CCGT filtered : 1172156.000000
time : 2.088419
