Parameters: GAD=1 vflib=1 dir=0 label=0 lowerbound=1 fileNameGp=../graphsdb/mcs30/rand/r01/mcs30_r01_s25.A88 fileNameGt=../graphsdb/mcs30/rand/r01/mcs30_r01_s25.B88
Reading graphs...
25 :  61
25 :  60
Initializing...
maxdom : 25
D->valSize : 625
Solving...
currentSize : 11 <-- 0.008740 s
currentSize : 12 <-- 0.008912 s
currentSize : 13 <-- 0.009291 s
currentSize : 14 <-- 0.009391 s
currentSize : 15 <-- 0.016892 s
currentSize : 16 <-- 1.751378 s

maxsize : 16
nodes : 1115959.000000
filtered : 25667892.000000
CCGP filtered : 1207379.000000
CCGT filtered : 2583812.000000
time : 12.570223
