Parameters: GAD=1 vflib=1 dir=0 label=0 lowerbound=1 fileNameGp=../graphsdb/mcs30/rand/r01/mcs30_r01_s25.A04 fileNameGt=../graphsdb/mcs30/rand/r01/mcs30_r01_s25.B04
Reading graphs...
25 :  59
25 :  59
Initializing...
maxdom : 25
D->valSize : 625
Solving...
currentSize : 11 <-- 0.008796 s
currentSize : 12 <-- 0.008928 s
currentSize : 13 <-- 0.009317 s
currentSize : 14 <-- 0.009617 s
currentSize : 15 <-- 0.067530 s
currentSize : 16 <-- 0.538404 s
currentSize : 17 <-- 5.577409 s

maxsize : 17
nodes : 753507.000000
filtered : 19315008.000000
CCGP filtered : 928691.000000
CCGT filtered : 361507.000000
time : 10.229971
