Parameters: GAD=1 vflib=1 dir=0 label=0 lowerbound=1 fileNameGp=../graphsdb/mcs30/rand/r01/mcs30_r01_s35.A05 fileNameGt=../graphsdb/mcs30/rand/r01/mcs30_r01_s35.B05
Reading graphs...
35 :  116
35 :  115
Initializing...
maxdom : 35
D->valSize : 1225
Solving...
currentSize : 14 <-- 0.019716 s
currentSize : 15 <-- 0.023474 s
currentSize : 16 <-- 0.024542 s
currentSize : 17 <-- 0.116248 s
currentSize : 18 <-- 0.340471 s
currentSize : 19 <-- 16.507414 s
currentSize : 20 <-- 431.779053 s

maxsize : 20
nodes : 189664965.000000
filtered : 5636947315.000000
CCGP filtered : 231331047.000000
CCGT filtered : 135491972.000000
time : 2668.006836
