Parameters: GAD=1 vflib=1 dir=0 label=0 lowerbound=1 fileNameGp=../graphsdb/mcs30/bvg/b06m/mcs30_b06m_s25.A89 fileNameGt=../graphsdb/mcs30/bvg/b06m/mcs30_b06m_s25.B89
Reading graphs...
25 :  68
25 :  70
Initializing...
maxdom : 25
D->valSize : 625
Solving...
currentSize : 9 <-- 0.004972 s
currentSize : 10 <-- 0.005106 s
currentSize : 11 <-- 0.005412 s
currentSize : 13 <-- 0.005540 s
currentSize : 14 <-- 0.043641 s
currentSize : 15 <-- 0.160347 s

maxsize : 15
nodes : 1364169.000000
filtered : 30580203.000000
CCGP filtered : 3112982.000000
CCGT filtered : 898637.000000
time : 14.716510
