Parameters: GAD=1 vflib=1 dir=0 label=0 lowerbound=1 fileNameGp=../graphsdb/mcs30/bvg/b06/mcs30_b06_s35.A39 fileNameGt=../graphsdb/mcs30/bvg/b06/mcs30_b06_s35.B39
Reading graphs...
35 :  104
35 :  103
Initializing...
maxdom : 35
D->valSize : 1225
Solving...
currentSize : 16 <-- 0.033879 s
currentSize : 17 <-- 0.034127 s
currentSize : 18 <-- 0.034684 s
currentSize : 19 <-- 0.070219 s
currentSize : 20 <-- 16.855574 s
currentSize : 21 <-- 157.134460 s

maxsize : 21
nodes : 65469664.000000
filtered : 2398423098.000000
CCGP filtered : 141692712.000000
CCGT filtered : 143957508.000000
time : 1300.521362
