Parameters: GAD=1 vflib=1 dir=0 label=0 lowerbound=1 fileNameGp=../graphsdb/mcs30/m2D/m2Dr6/mcs30_m2Dr6_s30.A09 fileNameGt=../graphsdb/mcs30/m2D/m2Dr6/mcs30_m2Dr6_s30.B09
Reading graphs...
30 :  66
30 :  65
Initializing...
maxdom : 30
D->valSize : 900
Solving...
currentSize : 14 <-- 0.018689 s
currentSize : 15 <-- 0.018759 s
currentSize : 16 <-- 0.027098 s
currentSize : 17 <-- 0.054653 s
currentSize : 18 <-- 0.057441 s
currentSize : 19 <-- 0.611076 s
currentSize : 20 <-- 99.805183 s

maxsize : 20
nodes : 11160563.000000
filtered : 305458382.000000
CCGP filtered : 49573410.000000
CCGT filtered : 24765215.000000
time : 189.086273
