Parameters: GAD=1 vflib=1 dir=0 label=0 lowerbound=1 fileNameGp=../graphsdb/mcs30/rand/r01/mcs30_r01_s20.A27 fileNameGt=../graphsdb/mcs30/rand/r01/mcs30_r01_s20.B27
Reading graphs...
20 :  39
20 :  37
Initializing...
maxdom : 20
D->valSize : 400
Solving...
currentSize : 8 <-- 0.002128 s
currentSize : 10 <-- 0.002154 s
currentSize : 11 <-- 0.002216 s
currentSize : 12 <-- 0.002382 s
currentSize : 13 <-- 0.007105 s
currentSize : 14 <-- 0.070003 s

maxsize : 14
nodes : 36739.000000
filtered : 790588.000000
CCGP filtered : 82855.000000
CCGT filtered : 21620.000000
time : 0.372716
