Parameters: GAD=1 vflib=1 dir=0 label=0 lowerbound=1 fileNameGp=../graphsdb/mcs30/bvg/b06m/mcs30_b06m_s35.A11 fileNameGt=../graphsdb/mcs30/bvg/b06m/mcs30_b06m_s35.B11
Reading graphs...
35 :  102
35 :  100
Initializing...
maxdom : 35
D->valSize : 1225
Solving...
currentSize : 12 <-- 0.034123 s
currentSize : 13 <-- 0.034236 s
currentSize : 14 <-- 0.034280 s
currentSize : 15 <-- 0.035096 s
currentSize : 16 <-- 0.036493 s
currentSize : 17 <-- 0.041803 s
currentSize : 18 <-- 0.098771 s
currentSize : 19 <-- 2.126738 s
currentSize : 20 <-- 19.191784 s
currentSize : 21 <-- 617.381165 s

maxsize : 21
nodes : 211372136.000000
filtered : 6795213631.000000
CCGP filtered : 329109264.000000
CCGT filtered : 352979508.000000
time : 3314.415039
