Parameters: GAD=1 vflib=1 dir=0 label=0 lowerbound=1 fileNameGp=../graphsdb/mcs30/m2D/m2Dr2/mcs30_m2Dr2_s30.A97 fileNameGt=../graphsdb/mcs30/m2D/m2Dr2/mcs30_m2Dr2_s30.B97
Reading graphs...
30 :  54
30 :  55
Initializing...
maxdom : 30
D->valSize : 900
Solving...
currentSize : 16 <-- 0.010944 s
currentSize : 17 <-- 0.011224 s
currentSize : 18 <-- 0.011299 s
currentSize : 19 <-- 0.013136 s
currentSize : 20 <-- 0.088864 s
currentSize : 21 <-- 1.720215 s
currentSize : 22 <-- 5.993589 s

maxsize : 22
nodes : 765083.000000
filtered : 26932885.000000
CCGP filtered : 4158605.000000
CCGT filtered : 2862694.000000
time : 18.816051
