Parameters: GAD=1 vflib=1 dir=0 label=0 lowerbound=1 fileNameGp=../graphsdb/mcs30/rand/r02/mcs30_r02_s35.A52 fileNameGt=../graphsdb/mcs30/rand/r02/mcs30_r02_s35.B52
Reading graphs...
35 :  207
35 :  216
Initializing...
maxdom : 35
D->valSize : 1225
Solving...
currentSize : 10 <-- 0.022046 s
currentSize : 11 <-- 0.022103 s
currentSize : 12 <-- 0.022573 s
currentSize : 13 <-- 0.024185 s
currentSize : 14 <-- 0.032844 s
currentSize : 15 <-- 8.830703 s

TIMEOUT
maxsize : 15
nodes : 299570206.000000
filtered : 3998678384.000000
CCGP filtered : 7536762.000000
CCGT filtered : 22651619.000000
time : 3600.000000
