Parameters: GAD=1 vflib=1 dir=0 label=0 lowerbound=1 fileNameGp=../graphsdb/mcs30/m3D/m3Dr2/mcs30_m3Dr2_s25.A71 fileNameGt=../graphsdb/mcs30/m3D/m3Dr2/mcs30_m3Dr2_s25.B71
Reading graphs...
25 :  54
25 :  52
Initializing...
maxdom : 25
D->valSize : 625
Solving...
currentSize : 11 <-- 0.008852 s
currentSize : 12 <-- 0.008925 s
currentSize : 13 <-- 0.009096 s
currentSize : 14 <-- 0.010256 s
currentSize : 15 <-- 0.028357 s
currentSize : 16 <-- 0.159293 s
currentSize : 17 <-- 0.246481 s

maxsize : 17
nodes : 520747.000000
filtered : 12614585.000000
CCGP filtered : 585858.000000
CCGT filtered : 847106.000000
time : 6.488853
