Parameters: GAD=1 vflib=1 dir=0 label=0 lowerbound=1 fileNameGp=../graphsdb/mcs30/bvg/b09m/mcs30_b09m_s35.A05 fileNameGt=../graphsdb/mcs30/bvg/b09m/mcs30_b09m_s35.B05
Reading graphs...
35 :  144
35 :  145
Initializing...
maxdom : 35
D->valSize : 1225
Solving...
currentSize : 12 <-- 0.019012 s
currentSize : 13 <-- 0.023031 s
currentSize : 14 <-- 0.024365 s
currentSize : 15 <-- 0.025494 s
currentSize : 16 <-- 2.117244 s
currentSize : 17 <-- 2.244014 s
currentSize : 18 <-- 96.840637 s
currentSize : 19 <-- 103.769562 s

maxsize : 19
nodes : 190200025.000000
filtered : 5533891737.000000
CCGP filtered : 86685653.000000
CCGT filtered : 67181104.000000
time : 2838.651611
