Parameters: GAD=1 vflib=1 dir=0 label=0 lowerbound=1 fileNameGp=../graphsdb/mcs30/bvg/b03m/mcs30_b03m_s15.A42 fileNameGt=../graphsdb/mcs30/bvg/b03m/mcs30_b03m_s15.B42
Reading graphs...
15 :  21
15 :  21
Initializing...
maxdom : 15
D->valSize : 225
Solving...
currentSize : 6 <-- 0.000917 s
currentSize : 7 <-- 0.001021 s
currentSize : 8 <-- 0.001083 s
currentSize : 9 <-- 0.001308 s
currentSize : 10 <-- 0.001710 s
currentSize : 11 <-- 0.002157 s

maxsize : 11
nodes : 1308.000000
filtered : 25541.000000
CCGP filtered : 8252.000000
CCGT filtered : 3455.000000
time : 0.011669
