Parameters: GAD=1 vflib=1 dir=0 label=0 lowerbound=1 fileNameGp=../graphsdb/mcs30/rand/r005/mcs30_r005_s20.A78 fileNameGt=../graphsdb/mcs30/rand/r005/mcs30_r005_s20.B78
Reading graphs...
20 :  23
20 :  23
Initializing...
maxdom : 20
D->valSize : 400
Solving...
currentSize : 4 <-- 0.002335 s
currentSize : 8 <-- 0.002379 s
currentSize : 11 <-- 0.002412 s
currentSize : 12 <-- 0.002496 s
currentSize : 13 <-- 0.002506 s
currentSize : 14 <-- 0.002613 s

maxsize : 14
nodes : 13101.000000
filtered : 245279.000000
CCGP filtered : 178706.000000
CCGT filtered : 121247.000000
time : 0.144507
