Parameters: GAD=1 vflib=1 dir=0 label=0 lowerbound=1 fileNameGp=../graphsdb/mcs30/bvg/b09/mcs30_b09_s35.A65 fileNameGt=../graphsdb/mcs30/bvg/b09/mcs30_b09_s35.B65
Reading graphs...
35 :  151
35 :  154
Initializing...
maxdom : 35
D->valSize : 1225
Solving...
currentSize : 12 <-- 0.018229 s
currentSize : 14 <-- 0.018396 s
currentSize : 15 <-- 0.019532 s
currentSize : 16 <-- 0.020686 s
currentSize : 17 <-- 0.042709 s
currentSize : 18 <-- 2.467584 s
currentSize : 19 <-- 8.988674 s
currentSize : 20 <-- 468.907501 s

maxsize : 20
nodes : 88834703.000000
filtered : 2452205824.000000
CCGP filtered : 30318153.000000
CCGT filtered : 32160437.000000
time : 1322.524902
