Parameters: GAD=1 vflib=1 dir=0 label=0 lowerbound=1 fileNameGp=../graphsdb/mcs30/rand/r005/mcs30_r005_s30.A24 fileNameGt=../graphsdb/mcs30/rand/r005/mcs30_r005_s30.B24
Reading graphs...
30 :  46
30 :  47
Initializing...
maxdom : 30
D->valSize : 900
Solving...
currentSize : 14 <-- 0.019742 s
currentSize : 16 <-- 0.020051 s
currentSize : 17 <-- 0.020520 s
currentSize : 18 <-- 0.020693 s
currentSize : 19 <-- 0.038109 s
currentSize : 20 <-- 0.048503 s
currentSize : 21 <-- 7.082307 s

maxsize : 21
nodes : 1117900.000000
filtered : 32278353.000000
CCGP filtered : 10397480.000000
CCGT filtered : 3777860.000000
time : 25.583445
