Parameters: GAD=1 vflib=1 dir=0 label=0 lowerbound=1 fileNameGp=../graphsdb/mcs30/bvg/b03/mcs30_b03_s20.A21 fileNameGt=../graphsdb/mcs30/bvg/b03/mcs30_b03_s20.B21
Reading graphs...
20 :  30
20 :  30
Initializing...
maxdom : 20
D->valSize : 400
Solving...
currentSize : 8 <-- 0.002835 s
currentSize : 10 <-- 0.002900 s
currentSize : 11 <-- 0.003284 s
currentSize : 12 <-- 0.003547 s
currentSize : 13 <-- 0.005835 s
currentSize : 14 <-- 0.098197 s

maxsize : 14
nodes : 23547.000000
filtered : 418694.000000
CCGP filtered : 126293.000000
CCGT filtered : 87230.000000
time : 0.187846
