Parameters: GAD=1 vflib=1 dir=0 label=0 lowerbound=1 fileNameGp=../graphsdb/mcs50/bvg/b06m/mcs50_b06m_s35.A04 fileNameGt=../graphsdb/mcs50/bvg/b06m/mcs50_b06m_s35.B04
Reading graphs...
35 :  102
35 :  102
Initializing...
maxdom : 35
D->valSize : 1225
Solving...
currentSize : 16 <-- 0.020177 s
currentSize : 18 <-- 0.020308 s
currentSize : 19 <-- 0.056525 s
currentSize : 20 <-- 79.875076 s
currentSize : 21 <-- 3527.121582 s

TIMEOUT
maxsize : 21
nodes : 227710356.000000
filtered : 6728891222.000000
CCGP filtered : 478482939.000000
CCGT filtered : 410666779.000000
time : 3600.000000
