Parameters: GAD=1 vflib=1 dir=0 label=0 lowerbound=1 fileNameGp=../graphsdb/mcs50/bvg/b09m/mcs50_b09m_s20.A02 fileNameGt=../graphsdb/mcs50/bvg/b09m/mcs50_b09m_s20.B02
Reading graphs...
20 :  81
20 :  84
Initializing...
maxdom : 20
D->valSize : 400
Solving...
currentSize : 7 <-- 0.002209 s
currentSize : 8 <-- 0.002250 s
currentSize : 9 <-- 0.002833 s
currentSize : 10 <-- 0.004221 s
currentSize : 11 <-- 0.035602 s
currentSize : 12 <-- 0.194827 s

maxsize : 12
nodes : 98409.000000
filtered : 1747570.000000
CCGP filtered : 16069.000000
CCGT filtered : 13305.000000
time : 0.828254
