Parameters: GAD=1 vflib=1 dir=0 label=0 lowerbound=1 fileNameGp=../graphsdb/mcs50/rand/r005/mcs50_r005_s25.A04 fileNameGt=../graphsdb/mcs50/rand/r005/mcs50_r005_s25.B04
Reading graphs...
25 :  34
25 :  35
Initializing...
maxdom : 25
D->valSize : 625
Solving...
currentSize : 9 <-- 0.005339 s
currentSize : 10 <-- 0.005464 s
currentSize : 11 <-- 0.005506 s
currentSize : 12 <-- 0.005699 s
currentSize : 13 <-- 0.005727 s
currentSize : 14 <-- 0.005934 s
currentSize : 15 <-- 0.008828 s
currentSize : 16 <-- 0.009978 s
currentSize : 17 <-- 0.382717 s
currentSize : 18 <-- 0.661492 s

maxsize : 18
nodes : 91913.000000
filtered : 1931626.000000
CCGP filtered : 1627507.000000
CCGT filtered : 1045307.000000
time : 1.338028
