Parameters: GAD=1 vflib=1 dir=0 label=0 lowerbound=1 fileNameGp=../graphsdb/mcs50/bvg/b03m/mcs50_b03m_s25.A85 fileNameGt=../graphsdb/mcs50/bvg/b03m/mcs50_b03m_s25.B85
Reading graphs...
25 :  37
25 :  37
Initializing...
maxdom : 25
D->valSize : 625
Solving...
currentSize : 11 <-- 0.009388 s
currentSize : 13 <-- 0.009493 s
currentSize : 14 <-- 0.009691 s
currentSize : 15 <-- 0.015823 s
currentSize : 16 <-- 0.556040 s
currentSize : 17 <-- 3.812033 s

maxsize : 17
nodes : 366668.000000
filtered : 7312859.000000
CCGP filtered : 4856490.000000
CCGT filtered : 2597470.000000
time : 4.255374
