Parameters: GAD=1 vflib=1 dir=0 label=0 lowerbound=1 fileNameGp=../graphsdb/mcs50/bvg/b06m/mcs50_b06m_s30.A88 fileNameGt=../graphsdb/mcs50/bvg/b06m/mcs50_b06m_s30.B88
Reading graphs...
30 :  82
30 :  86
Initializing...
maxdom : 30
D->valSize : 900
Solving...
currentSize : 13 <-- 0.010246 s
currentSize : 14 <-- 0.010475 s
currentSize : 15 <-- 0.024103 s
currentSize : 16 <-- 0.030349 s
currentSize : 17 <-- 0.193423 s
currentSize : 18 <-- 0.216050 s

maxsize : 18
nodes : 9494678.000000
filtered : 267917306.000000
CCGP filtered : 22621886.000000
CCGT filtered : 10435768.000000
time : 138.168289
