Parameters: GAD=1 vflib=1 dir=0 label=0 lowerbound=1 fileNameGp=../graphsdb/mcs50/bvg/b03m/mcs50_b03m_s20.A86 fileNameGt=../graphsdb/mcs50/bvg/b03m/mcs50_b03m_s20.B86
Reading graphs...
20 :  28
20 :  29
Initializing...
maxdom : 20
D->valSize : 400
Solving...
currentSize : 9 <-- 0.002376 s
currentSize : 10 <-- 0.002455 s
currentSize : 11 <-- 0.002509 s
currentSize : 12 <-- 0.002644 s
currentSize : 13 <-- 0.003582 s
currentSize : 14 <-- 0.012148 s
currentSize : 15 <-- 0.018584 s

maxsize : 15
nodes : 10454.000000
filtered : 246601.000000
CCGP filtered : 88922.000000
CCGT filtered : 63221.000000
time : 0.172777
