Parameters: GAD=1 vflib=1 dir=0 label=0 lowerbound=1 fileNameGp=../graphsdb/mcs50/rand/r01/mcs50_r01_s20.A57 fileNameGt=../graphsdb/mcs50/rand/r01/mcs50_r01_s20.B57
Reading graphs...
20 :  37
20 :  37
Initializing...
maxdom : 20
D->valSize : 400
Solving...
currentSize : 9 <-- 0.002177 s
currentSize : 10 <-- 0.002257 s
currentSize : 11 <-- 0.002474 s
currentSize : 12 <-- 0.003038 s
currentSize : 13 <-- 0.003788 s
currentSize : 14 <-- 0.003918 s

maxsize : 14
nodes : 18924.000000
filtered : 442687.000000
CCGP filtered : 39710.000000
CCGT filtered : 21350.000000
time : 0.256165
