Parameters: GAD=1 vflib=1 dir=0 label=0 lowerbound=1 fileNameGp=../graphsdb/mcs50/m3D/m3Dr4/mcs50_m3Dr4_s20.A09 fileNameGt=../graphsdb/mcs50/m3D/m3Dr4/mcs50_m3Dr4_s20.B09
Reading graphs...
20 :  42
20 :  42
Initializing...
maxdom : 20
D->valSize : 400
Solving...
currentSize : 8 <-- 0.002177 s
currentSize : 9 <-- 0.002200 s
currentSize : 10 <-- 0.002399 s
currentSize : 11 <-- 0.003671 s
currentSize : 12 <-- 0.006487 s
currentSize : 13 <-- 0.027330 s

maxsize : 13
nodes : 69955.000000
filtered : 1415200.000000
CCGP filtered : 155955.000000
CCGT filtered : 71570.000000
time : 0.691830
