Parameters: GAD=1 vflib=1 dir=0 label=0 lowerbound=1 fileNameGp=../graphsdb/mcs50/bvg/b06m/mcs50_b06m_s30.A05 fileNameGt=../graphsdb/mcs50/bvg/b06m/mcs50_b06m_s30.B05
Reading graphs...
30 :  88
30 :  87
Initializing...
maxdom : 30
D->valSize : 900
Solving...
currentSize : 11 <-- 0.010162 s
currentSize : 12 <-- 0.010266 s
currentSize : 13 <-- 0.010300 s
currentSize : 14 <-- 0.010493 s
currentSize : 15 <-- 0.010717 s
currentSize : 16 <-- 0.013960 s
currentSize : 17 <-- 0.526111 s
currentSize : 18 <-- 8.793993 s

maxsize : 18
nodes : 8950884.000000
filtered : 256761523.000000
CCGP filtered : 16913778.000000
CCGT filtered : 13971908.000000
time : 125.786072
