Parameters: GAD=1 vflib=1 dir=0 label=0 lowerbound=1 fileNameGp=../graphsdb/mcs50/bvg/b03/mcs50_b03_s30.A49 fileNameGt=../graphsdb/mcs50/bvg/b03/mcs50_b03_s30.B49
Reading graphs...
30 :  45
30 :  44
Initializing...
maxdom : 30
D->valSize : 900
Solving...
currentSize : 15 <-- 0.010963 s
currentSize : 16 <-- 0.011113 s
currentSize : 17 <-- 0.011970 s
currentSize : 18 <-- 0.014582 s
currentSize : 19 <-- 0.014805 s
currentSize : 20 <-- 0.053801 s
currentSize : 21 <-- 2.824819 s

maxsize : 21
nodes : 1923521.000000
filtered : 57635318.000000
CCGP filtered : 20182895.000000
CCGT filtered : 16111562.000000
time : 38.592113
