Parameters: GAD=1 vflib=1 dir=0 label=0 lowerbound=1 fileNameGp=../graphsdb/mcs50/m4D/m4Dr6/mcs50_m4Dr6_s35.A87 fileNameGt=../graphsdb/mcs50/m4D/m4Dr6/mcs50_m4Dr6_s35.B87
Reading graphs...
35 :  82
35 :  82
Initializing...
maxdom : 35
D->valSize : 1225
Solving...
currentSize : 12 <-- 0.035141 s
currentSize : 13 <-- 0.035416 s
currentSize : 14 <-- 0.035886 s
currentSize : 15 <-- 0.037145 s
currentSize : 16 <-- 0.037381 s
currentSize : 17 <-- 0.037530 s
currentSize : 18 <-- 0.042386 s
currentSize : 19 <-- 0.136517 s
currentSize : 20 <-- 0.743165 s
currentSize : 21 <-- 3.126297 s
currentSize : 22 <-- 14.672082 s
currentSize : 23 <-- 82.603668 s

maxsize : 23
nodes : 37610244.000000
filtered : 1438669362.000000
CCGP filtered : 95604043.000000
CCGT filtered : 128680151.000000
time : 859.484253
