Parameters: GAD=1 vflib=1 dir=0 label=0 lowerbound=1 fileNameGp=../graphsdb/mcs50/m2D/m2Dr6/mcs50_m2Dr6_s20.A23 fileNameGt=../graphsdb/mcs50/m2D/m2Dr6/mcs50_m2Dr6_s20.B23
Reading graphs...
20 :  39
20 :  39
Initializing...
maxdom : 20
D->valSize : 400
Solving...
currentSize : 9 <-- 0.002131 s
currentSize : 10 <-- 0.002221 s
currentSize : 11 <-- 0.002340 s
currentSize : 12 <-- 0.007982 s
currentSize : 13 <-- 0.023302 s
currentSize : 14 <-- 0.024645 s

maxsize : 14
nodes : 27304.000000
filtered : 616551.000000
CCGP filtered : 85775.000000
CCGT filtered : 41795.000000
time : 0.299587
