Parameters: GAD=1 vflib=1 dir=0 label=0 lowerbound=1 fileNameGp=../graphsdb/mcs50/bvg/b03/mcs50_b03_s25.A41 fileNameGt=../graphsdb/mcs50/bvg/b03/mcs50_b03_s25.B41
Reading graphs...
25 :  37
25 :  37
Initializing...
maxdom : 25
D->valSize : 625
Solving...
currentSize : 13 <-- 0.005279 s
currentSize : 14 <-- 0.005601 s
currentSize : 15 <-- 0.006924 s
currentSize : 16 <-- 0.014085 s
currentSize : 17 <-- 0.054561 s
currentSize : 19 <-- 0.076101 s

maxsize : 19
nodes : 40837.000000
filtered : 1368188.000000
CCGP filtered : 310656.000000
CCGT filtered : 210197.000000
time : 0.819216
