Parameters: GAD=1 vflib=1 dir=0 label=0 lowerbound=1 fileNameGp=../graphsdb/mcs50/bvg/b06m/mcs50_b06m_s30.A58 fileNameGt=../graphsdb/mcs50/bvg/b06m/mcs50_b06m_s30.B58
Reading graphs...
30 :  89
30 :  89
Initializing...
maxdom : 30
D->valSize : 900
Solving...
currentSize : 12 <-- 0.017905 s
currentSize : 13 <-- 0.018191 s
currentSize : 14 <-- 0.018474 s
currentSize : 15 <-- 0.025662 s
currentSize : 16 <-- 0.050305 s
currentSize : 17 <-- 0.065338 s
currentSize : 18 <-- 34.948597 s

maxsize : 18
nodes : 12476109.000000
filtered : 339289757.000000
CCGP filtered : 19775256.000000
CCGT filtered : 13704692.000000
time : 166.672882
