Parameters: GAD=1 vflib=1 dir=0 label=0 lowerbound=1 fileNameGp=../graphsdb/mcs50/bvg/b03/mcs50_b03_s20.A36 fileNameGt=../graphsdb/mcs50/bvg/b03/mcs50_b03_s20.B36
Reading graphs...
20 :  29
20 :  30
Initializing...
maxdom : 20
D->valSize : 400
Solving...
currentSize : 10 <-- 0.002641 s
currentSize : 11 <-- 0.002814 s
currentSize : 12 <-- 0.003504 s
currentSize : 13 <-- 0.004292 s
currentSize : 14 <-- 0.006244 s
currentSize : 15 <-- 0.057988 s

maxsize : 15
nodes : 13199.000000
filtered : 265437.000000
CCGP filtered : 77582.000000
CCGT filtered : 30186.000000
time : 0.126029
