Parameters: GAD=1 vflib=1 dir=0 label=0 lowerbound=1 fileNameGp=../graphsdb/mcs50/bvg/b06/mcs50_b06_s20.A07 fileNameGt=../graphsdb/mcs50/bvg/b06/mcs50_b06_s20.B07
Reading graphs...
20 :  60
20 :  59
Initializing...
maxdom : 20
D->valSize : 400
Solving...
currentSize : 8 <-- 0.003444 s
currentSize : 9 <-- 0.003505 s
currentSize : 10 <-- 0.003615 s
currentSize : 11 <-- 0.012232 s
currentSize : 12 <-- 0.035156 s
currentSize : 13 <-- 0.172404 s

maxsize : 13
nodes : 50355.000000
filtered : 950149.000000
CCGP filtered : 48883.000000
CCGT filtered : 36312.000000
time : 0.437110
