Parameters: GAD=1 vflib=1 dir=0 label=0 lowerbound=1 fileNameGp=../graphsdb/mcs50/rand/r02/mcs50_r02_s30.A93 fileNameGt=../graphsdb/mcs50/rand/r02/mcs50_r02_s30.B93
Reading graphs...
30 :  154
30 :  156
Initializing...
maxdom : 30
D->valSize : 900
Solving...
currentSize : 11 <-- 0.016152 s
currentSize : 12 <-- 0.021071 s
currentSize : 13 <-- 0.030186 s
currentSize : 14 <-- 1.280469 s
currentSize : 15 <-- 531.972351 s
currentSize : 16 <-- 723.190430 s

maxsize : 16
nodes : 74997055.000000
filtered : 1018403355.000000
CCGP filtered : 1796377.000000
CCGT filtered : 2485923.000000
time : 798.132446
