Parameters: GAD=1 vflib=1 dir=0 label=0 lowerbound=1 fileNameGp=../graphsdb/mcs50/m4D/m4Dr4/mcs50_m4Dr4_s30.A88 fileNameGt=../graphsdb/mcs50/m4D/m4Dr4/mcs50_m4Dr4_s30.B88
Reading graphs...
30 :  66
30 :  65
Initializing...
maxdom : 30
D->valSize : 900
Solving...
currentSize : 12 <-- 0.018792 s
currentSize : 14 <-- 0.019114 s
currentSize : 15 <-- 0.032769 s
currentSize : 16 <-- 0.050952 s
currentSize : 17 <-- 0.081677 s
currentSize : 18 <-- 0.141014 s
currentSize : 19 <-- 0.930216 s
currentSize : 20 <-- 17.210377 s

maxsize : 20
nodes : 2271875.000000
filtered : 75257187.000000
CCGP filtered : 13214802.000000
CCGT filtered : 11400841.000000
time : 42.142056
