Parameters: GAD=1 vflib=1 dir=0 label=0 lowerbound=1 fileNameGp=../graphsdb/mcs50/rand/r005/mcs50_r005_s25.A46 fileNameGt=../graphsdb/mcs50/rand/r005/mcs50_r005_s25.B46
Reading graphs...
25 :  35
25 :  35
Initializing...
maxdom : 25
D->valSize : 625
Solving...
currentSize : 12 <-- 0.009404 s
currentSize : 13 <-- 0.009448 s
currentSize : 14 <-- 0.009592 s
currentSize : 15 <-- 0.010058 s
currentSize : 16 <-- 0.011477 s
currentSize : 17 <-- 0.097563 s
currentSize : 18 <-- 0.243299 s
currentSize : 19 <-- 0.421896 s

maxsize : 19
nodes : 106630.000000
filtered : 2884264.000000
CCGP filtered : 1121969.000000
CCGT filtered : 461685.000000
time : 1.914759
