Parameters: GAD=1 vflib=1 dir=0 label=0 lowerbound=1 fileNameGp=../graphsdb/mcs50/m4D/m4D/mcs50_m4D_s35.A42 fileNameGt=../graphsdb/mcs50/m4D/m4D/mcs50_m4D_s35.B42
Reading graphs...
35 :  63
35 :  62
Initializing...
maxdom : 35
D->valSize : 1225
Solving...
currentSize : 14 <-- 0.020638 s
currentSize : 15 <-- 0.021251 s
currentSize : 16 <-- 0.022566 s
currentSize : 18 <-- 0.024443 s
currentSize : 19 <-- 0.031277 s
currentSize : 20 <-- 0.031780 s
currentSize : 21 <-- 0.031993 s
currentSize : 22 <-- 0.094365 s
currentSize : 23 <-- 0.304064 s
currentSize : 24 <-- 0.307817 s
currentSize : 25 <-- 5.971148 s
currentSize : 26 <-- 18.671402 s

maxsize : 26
nodes : 1669264.000000
filtered : 71445187.000000
CCGP filtered : 29521384.000000
CCGT filtered : 18981958.000000
time : 48.498188
