Parameters: GAD=1 vflib=1 dir=0 label=0 lowerbound=1 fileNameGp=../graphsdb/mcs50/m4D/m4Dr4/mcs50_m4Dr4_s30.A73 fileNameGt=../graphsdb/mcs50/m4D/m4Dr4/mcs50_m4Dr4_s30.B73
Reading graphs...
30 :  65
30 :  65
Initializing...
maxdom : 30
D->valSize : 900
Solving...
currentSize : 11 <-- 0.010603 s
currentSize : 12 <-- 0.010708 s
currentSize : 13 <-- 0.010845 s
currentSize : 14 <-- 0.010902 s
currentSize : 16 <-- 0.011166 s
currentSize : 17 <-- 0.170338 s
currentSize : 18 <-- 0.923467 s
currentSize : 19 <-- 2.696955 s

maxsize : 19
nodes : 5395129.000000
filtered : 150073838.000000
CCGP filtered : 39199993.000000
CCGT filtered : 16673283.000000
time : 92.530899
