Parameters: GAD=1 vflib=1 dir=0 label=0 lowerbound=1 fileNameGp=../graphsdb/mcs50/m2D/m2Dr4/mcs50_m2Dr4_s30.A07 fileNameGt=../graphsdb/mcs50/m2D/m2Dr4/mcs50_m2Dr4_s30.B07
Reading graphs...
30 :  61
30 :  60
Initializing...
maxdom : 30
D->valSize : 900
Solving...
currentSize : 13 <-- 0.018951 s
currentSize : 14 <-- 0.019801 s
currentSize : 15 <-- 0.019918 s
currentSize : 16 <-- 0.027767 s
currentSize : 17 <-- 0.037918 s
currentSize : 18 <-- 0.063252 s
currentSize : 19 <-- 0.269495 s
currentSize : 20 <-- 2.398396 s

maxsize : 20
nodes : 10771529.000000
filtered : 339152262.000000
CCGP filtered : 42866959.000000
CCGT filtered : 25864802.000000
time : 205.000031
