Parameters: GAD=1 vflib=1 dir=0 label=0 lowerbound=1 fileNameGp=../graphsdb/mcs50/bvg/b03/mcs50_b03_s35.A11 fileNameGt=../graphsdb/mcs50/bvg/b03/mcs50_b03_s35.B11
Reading graphs...
35 :  52
35 :  51
Initializing...
maxdom : 35
D->valSize : 1225
Solving...
currentSize : 18 <-- 0.025885 s
currentSize : 19 <-- 0.026054 s
currentSize : 20 <-- 0.026258 s
currentSize : 21 <-- 0.026950 s
currentSize : 22 <-- 0.027960 s
currentSize : 23 <-- 0.027985 s
currentSize : 24 <-- 0.028280 s
currentSize : 25 <-- 0.089778 s
currentSize : 26 <-- 47.974411 s
currentSize : 27 <-- 60.993145 s

maxsize : 27
nodes : 2318476.000000
filtered : 88661595.000000
CCGP filtered : 45135156.000000
CCGT filtered : 21516559.000000
time : 82.515343
