Parameters: GAD=1 vflib=1 dir=0 label=0 lowerbound=1 fileNameGp=../graphsdb/mcs70/m2D/m2Dr6/m2Dr6/mcs70_m2Dr6_s35.A49 fileNameGt=../graphsdb/mcs70/m2D/m2Dr6/m2Dr6/mcs70_m2Dr6_s35.B49
Reading graphs...
35 :  76
35 :  75
Initializing...
maxdom : 35
D->valSize : 1225
Solving...
currentSize : 15 <-- 0.020413 s
currentSize : 16 <-- 0.020500 s
currentSize : 17 <-- 0.020529 s
currentSize : 18 <-- 0.021490 s
currentSize : 19 <-- 0.027440 s
currentSize : 20 <-- 0.038978 s
currentSize : 21 <-- 0.055727 s
currentSize : 22 <-- 1.883626 s
currentSize : 23 <-- 72.207115 s
currentSize : 24 <-- 337.805176 s
currentSize : 25 <-- 602.499390 s
currentSize : 26 <-- 602.500916 s

maxsize : 26
nodes : 28308377.000000
filtered : 1064274212.000000
CCGP filtered : 91096870.000000
CCGT filtered : 54451788.000000
time : 636.453369
