Parameters: GAD=1 vflib=1 dir=0 label=0 lowerbound=1 fileNameGp=../graphsdb/mcs70/m3D/m3Dr4/mcs70_m3Dr4_s35.A46 fileNameGt=../graphsdb/mcs70/m3D/m3Dr4/mcs70_m3Dr4_s35.B46
Reading graphs...
35 :  84
35 :  81
Initializing...
maxdom : 35
D->valSize : 1225
Solving...
currentSize : 19 <-- 0.035053 s
currentSize : 20 <-- 0.035108 s
currentSize : 21 <-- 0.035867 s
currentSize : 22 <-- 0.163424 s
currentSize : 23 <-- 0.163540 s
currentSize : 24 <-- 0.559427 s
currentSize : 27 <-- 13.810351 s

maxsize : 27
nodes : 1582572.000000
filtered : 75652906.000000
CCGP filtered : 866420.000000
CCGT filtered : 795442.000000
time : 42.686810
