Parameters: GAD=1 vflib=1 dir=0 label=0 lowerbound=1 fileNameGp=../graphsdb/mcs70/rand/r01/mcs70_r01_s30.A13 fileNameGt=../graphsdb/mcs70/rand/r01/mcs70_r01_s30.B13
Reading graphs...
30 :  82
30 :  80
Initializing...
maxdom : 30
D->valSize : 900
Solving...
currentSize : 15 <-- 0.010334 s
currentSize : 16 <-- 0.037119 s
currentSize : 17 <-- 0.279629 s
currentSize : 18 <-- 7.189578 s
currentSize : 19 <-- 25.173298 s
currentSize : 21 <-- 25.173380 s

maxsize : 21
nodes : 2462010.000000
filtered : 69728589.000000
CCGP filtered : 4325206.000000
CCGT filtered : 4035282.000000
time : 34.323151
