Parameters: GAD=1 vflib=1 dir=0 label=0 lowerbound=1 fileNameGp=../graphsdb/mcs70/bvg/b03/mcs70_b03_s25.A34 fileNameGt=../graphsdb/mcs70/bvg/b03/mcs70_b03_s25.B34
Reading graphs...
25 :  37
25 :  37
Initializing...
maxdom : 25
D->valSize : 625
Solving...
currentSize : 14 <-- 0.009311 s
currentSize : 15 <-- 0.009545 s
currentSize : 16 <-- 0.012410 s
currentSize : 17 <-- 0.082684 s
currentSize : 18 <-- 0.225799 s
currentSize : 19 <-- 0.339875 s

maxsize : 19
nodes : 48452.000000
filtered : 1458940.000000
CCGP filtered : 348136.000000
CCGT filtered : 203806.000000
time : 1.148739
