Parameters: GAD=1 vflib=1 dir=0 label=0 lowerbound=1 fileNameGp=../graphsdb/mcs70/bvg/b09/mcs70_b09_s30.A24 fileNameGt=../graphsdb/mcs70/bvg/b09/mcs70_b09_s30.B24
Reading graphs...
30 :  134
30 :  135
Initializing...
maxdom : 30
D->valSize : 900
Solving...
currentSize : 7 <-- 0.009408 s
currentSize : 8 <-- 0.009446 s
currentSize : 9 <-- 0.009521 s
currentSize : 10 <-- 0.009901 s
currentSize : 11 <-- 0.010207 s
currentSize : 12 <-- 0.050384 s
currentSize : 13 <-- 0.053778 s
currentSize : 14 <-- 0.212267 s
currentSize : 15 <-- 0.218736 s
currentSize : 16 <-- 0.455686 s
currentSize : 18 <-- 0.475974 s
currentSize : 19 <-- 0.561725 s
currentSize : 20 <-- 0.562030 s
currentSize : 21 <-- 0.880532 s

maxsize : 21
nodes : 499451.000000
filtered : 19507369.000000
CCGP filtered : 52889.000000
CCGT filtered : 46518.000000
time : 7.139596
