Parameters: GAD=1 vflib=1 dir=0 label=0 lowerbound=1 fileNameGp=../graphsdb/mcs70/m4D/m4D/mcs70_m4D_s25.A66 fileNameGt=../graphsdb/mcs70/m4D/m4D/mcs70_m4D_s25.B66
Reading graphs...
25 :  47
25 :  46
Initializing...
maxdom : 25
D->valSize : 625
Solving...
currentSize : 15 <-- 0.005150 s
currentSize : 16 <-- 0.005172 s
currentSize : 17 <-- 0.012878 s
currentSize : 18 <-- 0.333918 s
currentSize : 19 <-- 0.618599 s
currentSize : 20 <-- 0.620745 s

maxsize : 20
nodes : 33776.000000
filtered : 1027031.000000
CCGP filtered : 392987.000000
CCGT filtered : 327030.000000
time : 0.831070
