Parameters: GAD=1 vflib=1 dir=0 label=0 lowerbound=1 fileNameGp=../graphsdb/mcs70/bvg/b09/mcs70_b09_s30.A42 fileNameGt=../graphsdb/mcs70/bvg/b09/mcs70_b09_s30.B42
Reading graphs...
30 :  131
30 :  135
Initializing...
maxdom : 30
D->valSize : 900
Solving...
currentSize : 9 <-- 0.016506 s
currentSize : 12 <-- 0.016717 s
currentSize : 13 <-- 0.018793 s
currentSize : 14 <-- 0.046823 s
currentSize : 16 <-- 0.109467 s
currentSize : 17 <-- 0.143809 s
currentSize : 18 <-- 0.237831 s
currentSize : 19 <-- 3.102112 s
currentSize : 20 <-- 5.599379 s
currentSize : 21 <-- 7.493505 s

maxsize : 21
nodes : 792360.000000
filtered : 28637268.000000
CCGP filtered : 89763.000000
CCGT filtered : 174617.000000
time : 10.724429
