Parameters: GAD=1 vflib=1 dir=0 label=0 lowerbound=1 fileNameGp=../graphsdb/mcs70/bvg/b09m/mcs70_b09m_s30.A80 fileNameGt=../graphsdb/mcs70/bvg/b09m/mcs70_b09m_s30.B80
Reading graphs...
30 :  129
30 :  130
Initializing...
maxdom : 30
D->valSize : 900
Solving...
currentSize : 8 <-- 0.009765 s
currentSize : 10 <-- 0.009859 s
currentSize : 11 <-- 0.009902 s
currentSize : 12 <-- 0.010038 s
currentSize : 13 <-- 0.010704 s
currentSize : 14 <-- 0.022856 s
currentSize : 15 <-- 0.024914 s
currentSize : 16 <-- 44.675743 s
currentSize : 19 <-- 45.044830 s
currentSize : 20 <-- 45.044888 s

maxsize : 20
nodes : 4738192.000000
filtered : 99643169.000000
CCGP filtered : 1960726.000000
CCGT filtered : 4469172.000000
time : 53.587944
