Parameters: GAD=1 vflib=1 dir=0 label=0 lowerbound=1 fileNameGp=../graphsdb/mcs70/bvg/b06/mcs70_b06_s25.A80 fileNameGt=../graphsdb/mcs70/bvg/b06/mcs70_b06_s25.B80
Reading graphs...
25 :  75
25 :  73
Initializing...
maxdom : 25
D->valSize : 625
Solving...
currentSize : 10 <-- 0.004800 s
currentSize : 11 <-- 0.004892 s
currentSize : 12 <-- 0.005730 s
currentSize : 13 <-- 0.005799 s
currentSize : 14 <-- 0.007435 s
currentSize : 15 <-- 0.040946 s
currentSize : 16 <-- 0.119167 s
currentSize : 17 <-- 0.119413 s
currentSize : 18 <-- 0.851472 s

maxsize : 18
nodes : 146798.000000
filtered : 4205475.000000
CCGP filtered : 83531.000000
CCGT filtered : 101962.000000
time : 1.999402
