Parameters: GAD=1 vflib=1 dir=0 label=0 lowerbound=1 fileNameGp=../graphsdb/mcs70/rand/r01/mcs70_r01_s25.A87 fileNameGt=../graphsdb/mcs70/rand/r01/mcs70_r01_s25.B87
Reading graphs...
25 :  56
25 :  57
Initializing...
maxdom : 25
D->valSize : 625
Solving...
currentSize : 11 <-- 0.007358 s
currentSize : 12 <-- 0.007396 s
currentSize : 13 <-- 0.020003 s
currentSize : 14 <-- 0.023257 s
currentSize : 15 <-- 0.035721 s
currentSize : 16 <-- 1.350784 s
currentSize : 17 <-- 2.763194 s

maxsize : 17
nodes : 364233.000000
filtered : 8946793.000000
CCGP filtered : 998169.000000
CCGT filtered : 921505.000000
time : 5.219051
