Parameters: GAD=1 vflib=1 dir=0 label=0 lowerbound=1 fileNameGp=../graphsdb/mcs70/m2D/m2D/mcs70_m2D_s25.A08 fileNameGt=../graphsdb/mcs70/m2D/m2D/mcs70_m2D_s25.B08
Reading graphs...
25 :  40
25 :  40
Initializing...
maxdom : 25
D->valSize : 625
Solving...
currentSize : 10 <-- 0.009570 s
currentSize : 11 <-- 0.009695 s
currentSize : 14 <-- 0.009759 s
currentSize : 15 <-- 0.010233 s
currentSize : 16 <-- 0.015565 s
currentSize : 17 <-- 0.017471 s
currentSize : 18 <-- 0.032731 s

maxsize : 18
nodes : 170683.000000
filtered : 4729197.000000
CCGP filtered : 952881.000000
CCGT filtered : 658140.000000
time : 2.535394
