Parameters: GAD=1 vflib=1 dir=0 label=0 lowerbound=1 fileNameGp=../graphsdb/mcs70/m4D/m4Dr4/mcs70_m4Dr4_s25.A11 fileNameGt=../graphsdb/mcs70/m4D/m4Dr4/mcs70_m4Dr4_s25.B11
Reading graphs...
25 :  56
25 :  54
Initializing...
maxdom : 25
D->valSize : 625
Solving...
currentSize : 11 <-- 0.008862 s
currentSize : 12 <-- 0.010486 s
currentSize : 13 <-- 0.016985 s
currentSize : 14 <-- 0.022111 s
currentSize : 15 <-- 0.037228 s
currentSize : 16 <-- 0.109799 s
currentSize : 17 <-- 0.310899 s

maxsize : 17
nodes : 227329.000000
filtered : 6587682.000000
CCGP filtered : 634749.000000
CCGT filtered : 512019.000000
time : 4.080868
