Parameters: GAD=1 vflib=1 dir=0 label=0 lowerbound=1 fileNameGp=../graphsdb/mcs70/bvg/b06/mcs70_b06_s25.A22 fileNameGt=../graphsdb/mcs70/bvg/b06/mcs70_b06_s25.B22
Reading graphs...
25 :  75
25 :  73
Initializing...
maxdom : 25
D->valSize : 625
Solving...
currentSize : 11 <-- 0.005075 s
currentSize : 12 <-- 0.005349 s
currentSize : 13 <-- 0.005611 s
currentSize : 14 <-- 0.007236 s
currentSize : 15 <-- 0.025561 s
currentSize : 16 <-- 0.053944 s
currentSize : 17 <-- 0.090973 s
currentSize : 18 <-- 0.253724 s
currentSize : 19 <-- 0.431990 s

maxsize : 19
nodes : 73228.000000
filtered : 1962475.000000
CCGP filtered : 19686.000000
CCGT filtered : 45580.000000
time : 0.972029
