Parameters: GAD=1 vflib=1 dir=0 label=0 lowerbound=1 fileNameGp=../graphsdb/mcs70/m2D/m2Dr6/m2Dr6/mcs70_m2Dr6_s35.A64 fileNameGt=../graphsdb/mcs70/m2D/m2Dr6/m2Dr6/mcs70_m2Dr6_s35.B64
Reading graphs...
35 :  76
35 :  76
Initializing...
maxdom : 35
D->valSize : 1225
Solving...
currentSize : 16 <-- 0.035698 s
currentSize : 17 <-- 0.035996 s
currentSize : 18 <-- 0.036855 s
currentSize : 19 <-- 0.037826 s
currentSize : 20 <-- 0.038226 s
currentSize : 21 <-- 0.099871 s
currentSize : 22 <-- 0.570328 s
currentSize : 23 <-- 355.826050 s
currentSize : 25 <-- 357.574188 s

maxsize : 25
nodes : 26239758.000000
filtered : 944984330.000000
CCGP filtered : 121528770.000000
CCGT filtered : 87307155.000000
time : 542.689148
