Parameters: GAD=1 vflib=1 dir=0 label=0 lowerbound=1 fileNameGp=../graphsdb/mcs70/bvg/b09/mcs70_b09_s35.A76 fileNameGt=../graphsdb/mcs70/bvg/b09/mcs70_b09_s35.B76
Reading graphs...
35 :  155
35 :  156
Initializing...
maxdom : 35
D->valSize : 1225
Solving...
currentSize : 15 <-- 0.017918 s
currentSize : 16 <-- 0.022125 s
currentSize : 17 <-- 0.038511 s
currentSize : 18 <-- 0.302991 s
currentSize : 20 <-- 0.472048 s
currentSize : 21 <-- 0.472184 s
currentSize : 22 <-- 4.993288 s
currentSize : 23 <-- 11.379539 s
currentSize : 24 <-- 22.070967 s

maxsize : 24
nodes : 4043266.000000
filtered : 190127159.000000
CCGP filtered : 539628.000000
CCGT filtered : 549076.000000
time : 70.757034
