Parameters: GAD=1 vflib=1 dir=0 label=0 lowerbound=1 fileNameGp=../graphsdb/mcs70/rand/r005/mcs70_r005_s25.A45 fileNameGt=../graphsdb/mcs70/rand/r005/mcs70_r005_s25.B45
Reading graphs...
25 :  33
25 :  33
Initializing...
maxdom : 25
D->valSize : 625
Solving...
currentSize : 13 <-- 0.006206 s
currentSize : 15 <-- 0.006253 s
currentSize : 16 <-- 0.007623 s
currentSize : 17 <-- 0.012387 s
currentSize : 18 <-- 0.050545 s
currentSize : 19 <-- 0.078867 s

maxsize : 19
nodes : 31388.000000
filtered : 883559.000000
CCGP filtered : 377922.000000
CCGT filtered : 173718.000000
time : 0.783466
