Parameters: GAD=1 vflib=1 dir=0 label=0 lowerbound=1 fileNameGp=../graphsdb/mcs90/bvg/b06m/mcs90_b06m_s25.A85 fileNameGt=../graphsdb/mcs90/bvg/b06m/mcs90_b06m_s25.B85
Reading graphs...
25 :  71
25 :  71
Initializing...
maxdom : 25
D->valSize : 625
Solving...
currentSize : 11 <-- 0.008650 s
currentSize : 12 <-- 0.008887 s
currentSize : 13 <-- 0.009132 s
currentSize : 14 <-- 0.036298 s
currentSize : 15 <-- 0.226932 s
currentSize : 16 <-- 2.161971 s
currentSize : 17 <-- 3.478022 s
currentSize : 18 <-- 3.478423 s
currentSize : 22 <-- 3.585791 s

maxsize : 22
nodes : 249470.000000
filtered : 5700998.000000
CCGP filtered : 545844.000000
CCGT filtered : 118434.000000
time : 3.610666
