Parameters: GAD=1 vflib=1 dir=0 label=0 lowerbound=1 fileNameGp=../graphsdb/mcs90/bvg/b09/mcs90_b09_s30.A72 fileNameGt=../graphsdb/mcs90/bvg/b09/mcs90_b09_s30.B72
Reading graphs...
30 :  135
30 :  134
Initializing...
maxdom : 30
D->valSize : 900
Solving...
currentSize : 12 <-- 0.009569 s
currentSize : 13 <-- 0.009719 s
currentSize : 14 <-- 0.009892 s
currentSize : 15 <-- 0.012380 s
currentSize : 16 <-- 0.026571 s
currentSize : 19 <-- 0.044567 s
currentSize : 21 <-- 0.055896 s
currentSize : 23 <-- 0.067096 s
currentSize : 24 <-- 0.067623 s
currentSize : 25 <-- 0.081348 s
currentSize : 26 <-- 0.113624 s

maxsize : 26
nodes : 12599.000000
filtered : 668609.000000
CCGP filtered : 2036.000000
CCGT filtered : 597.000000
time : 0.264682
