Parameters: GAD=1 vflib=1 dir=0 label=0 lowerbound=1 fileNameGp=../graphsdb/mcs90/bvg/b03m/mcs90_b03m_s25.A46 fileNameGt=../graphsdb/mcs90/bvg/b03m/mcs90_b03m_s25.B46
Reading graphs...
25 :  37
25 :  37
Initializing...
maxdom : 25
D->valSize : 625
Solving...
currentSize : 12 <-- 0.005390 s
currentSize : 14 <-- 0.005415 s
currentSize : 15 <-- 0.005517 s
currentSize : 16 <-- 0.007115 s
currentSize : 17 <-- 0.009081 s
currentSize : 18 <-- 0.013552 s
currentSize : 19 <-- 0.136189 s
currentSize : 20 <-- 0.639359 s
currentSize : 22 <-- 1.060067 s

maxsize : 22
nodes : 44276.000000
filtered : 1304924.000000
CCGP filtered : 291935.000000
CCGT filtered : 164089.000000
time : 1.152891
