Parameters: GAD=1 vflib=1 dir=0 label=0 lowerbound=1 fileNameGp=../graphsdb/mcs90/bvg/b06m/mcs90_b06m_s20.A82 fileNameGt=../graphsdb/mcs90/bvg/b06m/mcs90_b06m_s20.B82
Reading graphs...
20 :  58
20 :  57
Initializing...
maxdom : 20
D->valSize : 400
Solving...
currentSize : 9 <-- 0.002129 s
currentSize : 10 <-- 0.002185 s
currentSize : 11 <-- 0.002475 s
currentSize : 12 <-- 0.027099 s
currentSize : 13 <-- 0.086900 s
currentSize : 14 <-- 0.293073 s
currentSize : 15 <-- 0.298898 s
currentSize : 18 <-- 0.301630 s

maxsize : 18
nodes : 38101.000000
filtered : 620203.000000
CCGP filtered : 20482.000000
CCGT filtered : 13415.000000
time : 0.303101
