Parameters: GAD=1 vflib=1 dir=0 label=0 lowerbound=1 fileNameGp=../graphsdb/mcs90/bvg/b03m/mcs90_b03m_s35.A48 fileNameGt=../graphsdb/mcs90/bvg/b03m/mcs90_b03m_s35.B48
Reading graphs...
35 :  52
35 :  52
Initializing...
maxdom : 35
D->valSize : 1225
Solving...
currentSize : 19 <-- 0.037239 s
currentSize : 20 <-- 0.037519 s
currentSize : 21 <-- 0.037578 s
currentSize : 23 <-- 0.037696 s
currentSize : 24 <-- 0.037737 s
currentSize : 25 <-- 0.053347 s
currentSize : 26 <-- 0.526552 s
currentSize : 27 <-- 0.633282 s
currentSize : 28 <-- 0.633411 s
currentSize : 29 <-- 4.507973 s
currentSize : 30 <-- 4.508334 s

maxsize : 30
nodes : 96011.000000
filtered : 5601236.000000
CCGP filtered : 1909179.000000
CCGT filtered : 792884.000000
time : 8.858241
