Parameters: GAD=1 vflib=1 dir=0 label=0 lowerbound=1 fileNameGp=../graphsdb/mcs90/bvg/b06/mcs90_b06_s30.A89 fileNameGt=../graphsdb/mcs90/bvg/b06/mcs90_b06_s30.B89
Reading graphs...
30 :  90
30 :  90
Initializing...
maxdom : 30
D->valSize : 900
Solving...
currentSize : 10 <-- 0.010081 s
currentSize : 14 <-- 0.010337 s
currentSize : 15 <-- 0.010407 s
currentSize : 16 <-- 0.011117 s
currentSize : 17 <-- 0.029715 s
currentSize : 18 <-- 0.032406 s
currentSize : 19 <-- 0.042256 s
currentSize : 20 <-- 0.092581 s
currentSize : 21 <-- 0.140440 s
currentSize : 25 <-- 0.140573 s
currentSize : 27 <-- 0.143984 s

maxsize : 27
nodes : 16018.000000
filtered : 470471.000000
CCGP filtered : 36592.000000
CCGT filtered : 21662.000000
time : 0.329886
