Parameters: GAD=1 vflib=1 dir=0 label=0 lowerbound=1 fileNameGp=../graphsdb/mcs90/bvg/b09m/mcs90_b09m_s25.A55 fileNameGt=../graphsdb/mcs90/bvg/b09m/mcs90_b09m_s25.B55
Reading graphs...
25 :  109
25 :  108
Initializing...
maxdom : 25
D->valSize : 625
Solving...
currentSize : 9 <-- 0.007868 s
currentSize : 10 <-- 0.007999 s
currentSize : 11 <-- 0.008761 s
currentSize : 12 <-- 0.009114 s
currentSize : 14 <-- 0.375396 s
currentSize : 15 <-- 2.571523 s
currentSize : 17 <-- 2.571665 s
currentSize : 19 <-- 2.605684 s
currentSize : 22 <-- 2.620252 s

maxsize : 22
nodes : 222455.000000
filtered : 3446814.000000
CCGP filtered : 21779.000000
CCGT filtered : 1884.000000
time : 2.644177
