Parameters: GAD=1 vflib=1 dir=0 label=0 lowerbound=1 fileNameGp=../graphsdb/mcs90/m3D/m3Dr6/mcs90_m3Dr6_s30.A90 fileNameGt=../graphsdb/mcs90/m3D/m3Dr6/mcs90_m3Dr6_s30.B90
Reading graphs...
30 :  75
30 :  74
Initializing...
maxdom : 30
D->valSize : 900
Solving...
currentSize : 12 <-- 0.010258 s
currentSize : 13 <-- 0.010330 s
currentSize : 15 <-- 0.010411 s
currentSize : 16 <-- 0.010712 s
currentSize : 17 <-- 0.012823 s
currentSize : 18 <-- 0.074737 s
currentSize : 19 <-- 16.862854 s
currentSize : 21 <-- 23.075220 s
currentSize : 22 <-- 23.970984 s
currentSize : 23 <-- 25.058599 s
currentSize : 27 <-- 25.060165 s

maxsize : 27
nodes : 1800256.000000
filtered : 44560035.000000
CCGP filtered : 3262225.000000
CCGT filtered : 1109045.000000
time : 25.128977
