Parameters: GAD=1 vflib=1 dir=0 label=0 lowerbound=1 fileNameGp=../graphsdb/mcs90/m2D/m2Dr6/mcs90_m2Dr6_s30.A15 fileNameGt=../graphsdb/mcs90/m2D/m2Dr6/mcs90_m2Dr6_s30.B15
Reading graphs...
30 :  65
30 :  64
Initializing...
maxdom : 30
D->valSize : 900
Solving...
currentSize : 14 <-- 0.010648 s
currentSize : 15 <-- 0.010690 s
currentSize : 16 <-- 0.010761 s
currentSize : 17 <-- 0.010811 s
currentSize : 18 <-- 0.010982 s
currentSize : 19 <-- 0.011427 s
currentSize : 21 <-- 0.011712 s
currentSize : 25 <-- 0.011884 s

maxsize : 25
nodes : 20890.000000
filtered : 1323718.000000
CCGP filtered : 48766.000000
CCGT filtered : 20505.000000
time : 0.775691
