Parameters: GAD=1 vflib=1 dir=0 label=0 lowerbound=1 fileNameGp=../graphsdb/mcs90/m4D/m4Dr6/mcs90_m4Dr6_s20.A56 fileNameGt=../graphsdb/mcs90/m4D/m4Dr6/mcs90_m4Dr6_s20.B56
Reading graphs...
20 :  47
20 :  46
Initializing...
maxdom : 20
D->valSize : 400
Solving...
currentSize : 9 <-- 0.002126 s
currentSize : 10 <-- 0.002178 s
currentSize : 11 <-- 0.002576 s
currentSize : 12 <-- 0.003340 s
currentSize : 13 <-- 0.004232 s
currentSize : 14 <-- 0.069214 s
currentSize : 16 <-- 0.159552 s

maxsize : 16
nodes : 18117.000000
filtered : 360665.000000
CCGP filtered : 3777.000000
CCGT filtered : 6885.000000
time : 0.186629
