Parameters: GAD=1 vflib=1 dir=0 label=0 lowerbound=1 fileNameGp=../graphsdb/mcs90/bvg/b06/mcs90_b06_s20.A30 fileNameGt=../graphsdb/mcs90/bvg/b06/mcs90_b06_s20.B30
Reading graphs...
20 :  60
20 :  60
Initializing...
maxdom : 20
D->valSize : 400
Solving...
currentSize : 10 <-- 0.002122 s
currentSize : 13 <-- 0.002202 s
currentSize : 14 <-- 0.002336 s
currentSize : 15 <-- 0.002520 s
currentSize : 16 <-- 0.002548 s
currentSize : 18 <-- 0.003141 s
currentSize : 19 <-- 0.008236 s

maxsize : 19
nodes : 428.000000
filtered : 13797.000000
CCGP filtered : 29.000000
CCGT filtered : 0.000000
time : 0.008537
