Parameters: GAD=1 vflib=1 dir=0 label=0 lowerbound=1 fileNameGp=../graphsdb/mcs90/bvg/b06/mcs90_b06_s30.A23 fileNameGt=../graphsdb/mcs90/bvg/b06/mcs90_b06_s30.B23
Reading graphs...
30 :  90
30 :  90
Initializing...
maxdom : 30
D->valSize : 900
Solving...
currentSize : 18 <-- 0.015242 s
currentSize : 19 <-- 0.015305 s
currentSize : 21 <-- 0.015351 s
currentSize : 22 <-- 0.015566 s
currentSize : 25 <-- 0.015959 s
currentSize : 27 <-- 0.018588 s

maxsize : 27
nodes : 5065.000000
filtered : 331697.000000
CCGP filtered : 0.000000
CCGT filtered : 55.000000
time : 0.260045
