Parameters: GAD=1 vflib=1 dir=0 label=0 lowerbound=1 fileNameGp=../graphsdb/mcs90/rand/r01/mcs90_r01_s25.A41 fileNameGt=../graphsdb/mcs90/rand/r01/mcs90_r01_s25.B41
Reading graphs...
25 :  59
25 :  58
Initializing...
maxdom : 25
D->valSize : 625
Solving...
currentSize : 12 <-- 0.005468 s
currentSize : 13 <-- 0.005534 s
currentSize : 14 <-- 0.005882 s
currentSize : 15 <-- 0.040172 s
currentSize : 16 <-- 0.303001 s
currentSize : 17 <-- 0.609290 s
currentSize : 19 <-- 0.685699 s
currentSize : 22 <-- 0.688225 s

maxsize : 22
nodes : 73495.000000
filtered : 1320443.000000
CCGP filtered : 61003.000000
CCGT filtered : 55354.000000
time : 0.736129
