Parameters: GAD=1 vflib=1 dir=0 label=0 lowerbound=1 fileNameGp=../graphsdb/mcs90/rand/r01/mcs90_r01_s30.A29 fileNameGt=../graphsdb/mcs90/rand/r01/mcs90_r01_s30.B29
Reading graphs...
30 :  83
30 :  85
Initializing...
maxdom : 30
D->valSize : 900
Solving...
currentSize : 13 <-- 0.010932 s
currentSize : 14 <-- 0.011004 s
currentSize : 15 <-- 0.011518 s
currentSize : 16 <-- 0.018677 s
currentSize : 17 <-- 0.144992 s
currentSize : 18 <-- 0.145019 s
currentSize : 19 <-- 0.910712 s
currentSize : 20 <-- 0.910846 s
currentSize : 21 <-- 0.910937 s
currentSize : 22 <-- 0.994920 s
currentSize : 27 <-- 1.018562 s

maxsize : 27
nodes : 90175.000000
filtered : 1945865.000000
CCGP filtered : 19843.000000
CCGT filtered : 16414.000000
time : 1.098486
