Parameters: GAD=1 vflib=1 dir=0 label=0 lowerbound=1 fileNameGp=../graphsdb/mcs90/bvg/b03m/mcs90_b03m_s30.A22 fileNameGt=../graphsdb/mcs90/bvg/b03m/mcs90_b03m_s30.B22
Reading graphs...
30 :  45
30 :  44
Initializing...
maxdom : 30
D->valSize : 900
Solving...
currentSize : 18 <-- 0.011124 s
currentSize : 20 <-- 0.011178 s
currentSize : 21 <-- 0.014367 s
currentSize : 22 <-- 0.210981 s
currentSize : 23 <-- 4.591793 s
currentSize : 24 <-- 4.591945 s
currentSize : 26 <-- 4.881460 s

maxsize : 26
nodes : 191810.000000
filtered : 5571963.000000
CCGP filtered : 3657098.000000
CCGT filtered : 1240941.000000
time : 5.489122
