Parameters: GAD=1 vflib=1 dir=0 label=0 lowerbound=1 fileNameGp=../graphsdb/mcs90/m2D/m2Dr6/mcs90_m2Dr6_s30.A41 fileNameGt=../graphsdb/mcs90/m2D/m2Dr6/mcs90_m2Dr6_s30.B41
Reading graphs...
30 :  67
30 :  66
Initializing...
maxdom : 30
D->valSize : 900
Solving...
currentSize : 10 <-- 0.018616 s
currentSize : 13 <-- 0.018676 s
currentSize : 14 <-- 0.018705 s
currentSize : 15 <-- 0.018803 s
currentSize : 16 <-- 0.023441 s
currentSize : 17 <-- 0.023722 s
currentSize : 18 <-- 0.075832 s
currentSize : 19 <-- 5.653421 s
currentSize : 21 <-- 11.526764 s
currentSize : 22 <-- 11.734774 s
currentSize : 23 <-- 11.737816 s
currentSize : 25 <-- 11.737963 s

maxsize : 25
nodes : 906148.000000
filtered : 21243860.000000
CCGP filtered : 1624217.000000
CCGT filtered : 1418927.000000
time : 12.710222
