Parameters: GAD=1 vflib=1 dir=0 label=0 lowerbound=1 fileNameGp=../graphsdb/mcs90/m2D/m2Dr6/mcs90_m2Dr6_s20.A79 fileNameGt=../graphsdb/mcs90/m2D/m2Dr6/mcs90_m2Dr6_s20.B79
Reading graphs...
20 :  40
20 :  40
Initializing...
maxdom : 20
D->valSize : 400
Solving...
currentSize : 9 <-- 0.002153 s
currentSize : 10 <-- 0.002283 s
currentSize : 11 <-- 0.002649 s
currentSize : 12 <-- 0.004751 s
currentSize : 13 <-- 0.015033 s
currentSize : 14 <-- 0.027520 s
currentSize : 16 <-- 0.029884 s

maxsize : 16
nodes : 6143.000000
filtered : 158163.000000
CCGP filtered : 15721.000000
CCGT filtered : 3979.000000
time : 0.065140
