Parameters: GAD=1 vflib=1 dir=0 label=0 lowerbound=1 fileNameGp=../graphsdb/mcs90/bvg/b06m/mcs90_b06m_s20.A37 fileNameGt=../graphsdb/mcs90/bvg/b06m/mcs90_b06m_s20.B37
Reading graphs...
20 :  57
20 :  57
Initializing...
maxdom : 20
D->valSize : 400
Solving...
currentSize : 10 <-- 0.002123 s
currentSize : 11 <-- 0.002733 s
currentSize : 12 <-- 0.005472 s
currentSize : 13 <-- 0.009781 s
currentSize : 14 <-- 0.050222 s
currentSize : 15 <-- 0.091917 s
currentSize : 18 <-- 0.097062 s

maxsize : 18
nodes : 10925.000000
filtered : 207338.000000
CCGP filtered : 1995.000000
CCGT filtered : 907.000000
time : 0.099789
