Parameters: GAD=1 vflib=1 dir=0 label=1 lowerbound=1 fileNameGp=../graphsdb/mcs50/rand/r02/mcs50_r02_s60.A25 fileNameGt=../graphsdb/mcs50/rand/r02/mcs50_r02_s60.B25
Reading graphs...
60 :  633
60 :  652
Initializing...
maxdom : 6
D->valSize : 248
Solving...
currentSize : 2 <-- 0.001643 s
currentSize : 3 <-- 0.001683 s
currentSize : 4 <-- 0.001709 s
currentSize : 6 <-- 0.001787 s
currentSize : 7 <-- 0.002002 s
currentSize : 8 <-- 0.002059 s
currentSize : 11 <-- 0.002328 s
currentSize : 24 <-- 0.003277 s
currentSize : 25 <-- 0.003592 s

maxsize : 25
nodes : 2744.000000
filtered : 31099.000000
time : 0.016994
