Parameters: GAD=1 vflib=1 dir=0 label=1 lowerbound=1 fileNameGp=../graphsdb/mcs70/rand/r02/mcs70_r02_s90.A84 fileNameGt=../graphsdb/mcs70/rand/r02/mcs70_r02_s90.B84
Reading graphs...
90 :  1436
90 :  1460
Initializing...
maxdom : 9
D->valSize : 582
Solving...
currentSize : 5 <-- 0.006165 s
currentSize : 40 <-- 0.006601 s
currentSize : 41 <-- 0.006753 s
currentSize : 43 <-- 0.007005 s
currentSize : 44 <-- 0.047773 s
currentSize : 45 <-- 3.439455 s
currentSize : 46 <-- 8.947200 s
currentSize : 47 <-- 13.392426 s

maxsize : 47
nodes : 12180534.000000
filtered : 4724691.000000
time : 69.564659
