Parameters: GAD=1 vflib=1 dir=0 label=1 lowerbound=1 fileNameGp=../graphsdb/mcs90/rand/r02/mcs90_r02_s100.A05 fileNameGt=../graphsdb/mcs90/rand/r02/mcs90_r02_s100.B05
Reading graphs...
100 :  1772
100 :  1764
Initializing...
maxdom : 7
D->valSize : 423
Solving...
currentSize : 50 <-- 0.004400 s
currentSize : 51 <-- 0.076450 s
currentSize : 52 <-- 1.418440 s
currentSize : 53 <-- 1.503646 s
currentSize : 54 <-- 5.909695 s
currentSize : 55 <-- 162.984955 s
currentSize : 56 <-- 1951.062744 s

TIMEOUT
maxsize : 56
nodes : 495507062.000000
filtered : 127734381.000000
time : 3600.000000
