Parameters: GAD=1 vflib=1 dir=0 label=1 lowerbound=1 fileNameGp=../graphsdb/mcs30/bvg/b06m/mcs30_b06m_s40.A28 fileNameGt=../graphsdb/mcs30/bvg/b06m/mcs30_b06m_s40.B28
Reading graphs...
40 :  117
40 :  119
Initializing...
maxdom : 9
D->valSize : 247
Solving...
currentSize : 1 <-- 0.001531 s
currentSize : 2 <-- 0.001582 s
currentSize : 3 <-- 0.001608 s
currentSize : 6 <-- 0.001729 s
currentSize : 7 <-- 0.001748 s
currentSize : 8 <-- 0.001913 s
currentSize : 9 <-- 0.002576 s
currentSize : 12 <-- 0.002617 s

maxsize : 12
nodes : 9934.000000
filtered : 43130.000000
time : 0.036426
