Parameters: GAD=1 vflib=1 dir=0 label=1 lowerbound=1 fileNameGp=../graphsdb/mcs70/rand/r02/mcs70_r02_s90.A29 fileNameGt=../graphsdb/mcs70/rand/r02/mcs70_r02_s90.B29
Reading graphs...
90 :  1437
90 :  1439
Initializing...
maxdom : 10
D->valSize : 537
Solving...
currentSize : 4 <-- 0.005652 s
currentSize : 6 <-- 0.005714 s
currentSize : 10 <-- 0.006982 s
currentSize : 12 <-- 0.007055 s
currentSize : 15 <-- 0.007510 s
currentSize : 21 <-- 0.008721 s
currentSize : 42 <-- 0.009751 s
currentSize : 43 <-- 0.011797 s

maxsize : 43
nodes : 14410960.000000
filtered : 14149531.000000
time : 114.690811
