Parameters: GAD=1 vflib=1 dir=0 label=1 lowerbound=1 fileNameGp=../graphsdb/mcs70/bvg/b03/mcs70_b03_s15.A71 fileNameGt=../graphsdb/mcs70/bvg/b03/mcs70_b03_s15.B71
Reading graphs...
15 :  21
15 :  22
Initializing...
maxdom : 10
D->valSize : 120
Solving...
currentSize : 3 <-- 0.000536 s
currentSize : 4 <-- 0.000571 s
currentSize : 5 <-- 0.000584 s
currentSize : 6 <-- 0.000609 s
currentSize : 7 <-- 0.000625 s
currentSize : 8 <-- 0.000706 s
currentSize : 9 <-- 0.000785 s
currentSize : 10 <-- 0.001133 s

maxsize : 10
nodes : 263.000000
filtered : 2534.000000
time : 0.001448
