Parameters: GAD=1 vflib=1 dir=0 label=1 lowerbound=1 fileNameGp=../graphsdb/mcs10/rand/r005/mcs10_r005_s100.A99 fileNameGt=../graphsdb/mcs10/rand/r005/mcs10_r005_s100.B99
Reading graphs...
100 :  479
100 :  485
Initializing...
maxdom : 6
D->valSize : 313
Solving...
currentSize : 1 <-- 0.002745 s
currentSize : 2 <-- 0.004555 s
currentSize : 5 <-- 0.006527 s
currentSize : 8 <-- 0.007684 s
currentSize : 9 <-- 0.007929 s
currentSize : 10 <-- 0.008104 s

maxsize : 10
nodes : 1691.000000
filtered : 18183.000000
CCGP filtered : 11591.000000
CCGT filtered : 43330.000000
time : 0.088196
