Parameters: GAD=1 vflib=1 dir=0 label=1 lowerbound=1 fileNameGp=../graphsdb/mcs10/m2D/m2Dr6/mcs10_m2Dr6_s100.A70 fileNameGt=../graphsdb/mcs10/m2D/m2Dr6/mcs10_m2Dr6_s100.B70
Reading graphs...
100 :  236
100 :  237
Initializing...
maxdom : 7
D->valSize : 340
Solving...
currentSize : 1 <-- 0.003057 s
currentSize : 2 <-- 0.006768 s
currentSize : 3 <-- 0.006947 s
currentSize : 5 <-- 0.007968 s
currentSize : 6 <-- 0.008342 s
currentSize : 7 <-- 0.009536 s
currentSize : 8 <-- 0.010086 s
currentSize : 9 <-- 0.011357 s

maxsize : 9
nodes : 4159.000000
filtered : 26111.000000
CCGP filtered : 37146.000000
CCGT filtered : 84829.000000
time : 0.229293
