Parameters: GAD=1 vflib=1 dir=0 label=1 lowerbound=1 fileNameGp=../graphsdb/mcs10/bvg/b03m/mcs10_b03m_s100.A97 fileNameGt=../graphsdb/mcs10/bvg/b03m/mcs10_b03m_s100.B97
Reading graphs...
100 :  150
100 :  150
Initializing...
maxdom : 11
D->valSize : 368
Solving...
currentSize : 1 <-- 0.003429 s
currentSize : 2 <-- 0.004090 s
currentSize : 4 <-- 0.004373 s
currentSize : 5 <-- 0.005133 s
currentSize : 6 <-- 0.005825 s
currentSize : 10 <-- 0.007650 s

maxsize : 10
nodes : 1547.000000
filtered : 9724.000000
CCGP filtered : 36075.000000
CCGT filtered : 66876.000000
time : 0.101967
