Parameters: GAD=1 vflib=1 dir=0 label=1 lowerbound=1 fileNameGp=../graphsdb/mcs10/m3D/m3Dr4/mcs10_m3Dr4_s60.A84 fileNameGt=../graphsdb/mcs10/m3D/m3Dr4/mcs10_m3Dr4_s60.B84
Reading graphs...
60 :  152
60 :  153
Initializing...
maxdom : 8
D->valSize : 221
Solving...
currentSize : 1 <-- 0.001466 s
currentSize : 2 <-- 0.002327 s
currentSize : 4 <-- 0.002458 s
currentSize : 5 <-- 0.002603 s
currentSize : 6 <-- 0.002703 s
currentSize : 8 <-- 0.002941 s

maxsize : 8
nodes : 1040.000000
filtered : 9125.000000
CCGP filtered : 10184.000000
CCGT filtered : 24284.000000
time : 0.026124
