Parameters: GAD=1 vflib=1 dir=0 label=1 lowerbound=1 fileNameGp=../graphsdb/mcs10/rand/r01/mcs10_r01_s70.A65 fileNameGt=../graphsdb/mcs10/rand/r01/mcs10_r01_s70.B65
Reading graphs...
70 :  460
70 :  462
Initializing...
maxdom : 10
D->valSize : 304
Solving...
currentSize : 1 <-- 0.002238 s
currentSize : 2 <-- 0.002709 s
currentSize : 3 <-- 0.004595 s
currentSize : 4 <-- 0.004781 s
currentSize : 5 <-- 0.015246 s
currentSize : 7 <-- 0.015631 s
currentSize : 8 <-- 0.028796 s

maxsize : 8
nodes : 1363.000000
filtered : 28576.000000
CCGP filtered : 17329.000000
CCGT filtered : 29412.000000
time : 0.050943
