Parameters: GAD=1 vflib=1 dir=0 label=1 lowerbound=1 fileNameGp=../graphsdb/mcs10/bvg/b06/mcs10_b06_s80.A39 fileNameGt=../graphsdb/mcs10/bvg/b06/mcs10_b06_s80.B39
Reading graphs...
80 :  236
80 :  236
Initializing...
maxdom : 8
D->valSize : 385
Solving...
currentSize : 1 <-- 0.003220 s
currentSize : 2 <-- 0.003496 s
currentSize : 5 <-- 0.004274 s
currentSize : 6 <-- 0.004378 s
currentSize : 7 <-- 0.004829 s
currentSize : 8 <-- 0.005341 s
currentSize : 9 <-- 0.005753 s

maxsize : 9
nodes : 2357.000000
filtered : 25578.000000
CCGP filtered : 39187.000000
CCGT filtered : 90721.000000
time : 0.089855
