Parameters: GAD=1 vflib=1 dir=0 label=1 lowerbound=1 fileNameGp=../graphsdb/mcs10/bvg/b06/mcs10_b06_s100.A25 fileNameGt=../graphsdb/mcs10/bvg/b06/mcs10_b06_s100.B25
Reading graphs...
100 :  298
100 :  295
Initializing...
maxdom : 7
D->valSize : 331
Solving...
currentSize : 1 <-- 0.002928 s
currentSize : 2 <-- 0.003153 s
currentSize : 3 <-- 0.004553 s
currentSize : 4 <-- 0.004693 s
currentSize : 5 <-- 0.004899 s
currentSize : 6 <-- 0.005147 s
currentSize : 7 <-- 0.005533 s
currentSize : 8 <-- 0.005972 s
currentSize : 10 <-- 0.006218 s

maxsize : 10
nodes : 5608.000000
filtered : 49998.000000
CCGP filtered : 116278.000000
CCGT filtered : 115779.000000
time : 0.264594
