Parameters: GAD=1 vflib=1 dir=0 label=1 lowerbound=1 fileNameGp=../graphsdb/mcs10/rand/r005/mcs10_r005_s90.A18 fileNameGt=../graphsdb/mcs10/rand/r005/mcs10_r005_s90.B18
Reading graphs...
90 :  396
90 :  388
Initializing...
maxdom : 12
D->valSize : 523
Solving...
currentSize : 2 <-- 0.009159 s
currentSize : 3 <-- 0.012195 s
currentSize : 4 <-- 0.012506 s
currentSize : 10 <-- 0.040159 s
currentSize : 11 <-- 0.040427 s
currentSize : 12 <-- 0.040521 s

maxsize : 12
nodes : 1934.000000
filtered : 40476.000000
CCGP filtered : 49701.000000
CCGT filtered : 114574.000000
time : 0.113501
