Parameters: GAD=1 vflib=1 dir=0 label=1 lowerbound=1 fileNameGp=../graphsdb/mcs10/rand/r01/mcs10_r01_s35.A12 fileNameGt=../graphsdb/mcs10/rand/r01/mcs10_r01_s35.B12
Reading graphs...
35 :  117
35 :  115
Initializing...
maxdom : 7
D->valSize : 167
Solving...
currentSize : 1 <-- 0.000945 s
currentSize : 2 <-- 0.001093 s
currentSize : 3 <-- 0.001137 s
currentSize : 4 <-- 0.001637 s
currentSize : 5 <-- 0.002072 s
currentSize : 6 <-- 0.004224 s

maxsize : 6
nodes : 452.000000
filtered : 7360.000000
CCGP filtered : 4538.000000
CCGT filtered : 7332.000000
time : 0.007857
