Parameters: GAD=1 vflib=1 dir=0 label=1 lowerbound=1 fileNameGp=../graphsdb/mcs10/rand/r02/mcs10_r02_s80.A97 fileNameGt=../graphsdb/mcs10/rand/r02/mcs10_r02_s80.B97
Reading graphs...
80 :  1138
80 :  1140
Initializing...
maxdom : 11
D->valSize : 412
Solving...
currentSize : 1 <-- 0.004050 s
currentSize : 2 <-- 0.007695 s
currentSize : 3 <-- 0.009937 s
currentSize : 5 <-- 0.017009 s
currentSize : 6 <-- 0.099060 s
currentSize : 7 <-- 0.167303 s
currentSize : 9 <-- 0.167869 s

maxsize : 9
nodes : 16884.000000
filtered : 252730.000000
CCGP filtered : 72705.000000
CCGT filtered : 68281.000000
time : 0.796185
