Parameters: GAD=1 vflib=1 dir=0 label=1 lowerbound=1 fileNameGp=../graphsdb/mcs10/bvg/b03/mcs10_b03_s100.A68 fileNameGt=../graphsdb/mcs10/bvg/b03/mcs10_b03_s100.B68
Reading graphs...
100 :  150
100 :  150
Initializing...
maxdom : 6
D->valSize : 317
Solving...
currentSize : 1 <-- 0.002715 s
currentSize : 4 <-- 0.005519 s
currentSize : 5 <-- 0.005949 s
currentSize : 6 <-- 0.006469 s
currentSize : 7 <-- 0.006838 s
currentSize : 10 <-- 0.007457 s

maxsize : 10
nodes : 1874.000000
filtered : 8947.000000
CCGP filtered : 28488.000000
CCGT filtered : 60221.000000
time : 0.124681
