Parameters: GAD=1 vflib=1 dir=0 label=1 lowerbound=1 fileNameGp=../graphsdb/mcs30/m3D/m3D/mcs30_m3D_s40.A92 fileNameGt=../graphsdb/mcs30/m3D/m3D/mcs30_m3D_s40.B92
Reading graphs...
40 :  83
40 :  82
Initializing...
maxdom : 10
D->valSize : 231
Solving...
currentSize : 1 <-- 0.001318 s
currentSize : 2 <-- 0.001698 s
currentSize : 3 <-- 0.002833 s
currentSize : 4 <-- 0.003525 s
currentSize : 6 <-- 0.003575 s
currentSize : 7 <-- 0.003997 s
currentSize : 8 <-- 0.004023 s

maxsize : 8
nodes : 675.000000
filtered : 8514.000000
CCGP filtered : 10103.000000
CCGT filtered : 18586.000000
time : 0.011334
