Parameters: GAD=1 vflib=1 dir=0 label=1 lowerbound=1 fileNameGp=../graphsdb/mcs30/m4D/m4Dr6/mcs30_m4Dr6_s70.A38 fileNameGt=../graphsdb/mcs30/m4D/m4Dr6/mcs30_m4Dr6_s70.B38
Reading graphs...
70 :  158
70 :  158
Initializing...
maxdom : 7
D->valSize : 333
Solving...
currentSize : 1 <-- 0.002589 s
currentSize : 2 <-- 0.003184 s
currentSize : 5 <-- 0.003638 s
currentSize : 7 <-- 0.003853 s
currentSize : 13 <-- 0.004201 s
currentSize : 16 <-- 0.127889 s

maxsize : 16
nodes : 81922.000000
filtered : 335089.000000
CCGP filtered : 433687.000000
CCGT filtered : 516034.000000
time : 2.772123
