Parameters: GAD=1 vflib=1 dir=0 label=1 lowerbound=1 fileNameGp=../graphsdb/mcs30/m2D/m2Dr6/mcs30_m2Dr6_s70.A99 fileNameGt=../graphsdb/mcs30/m2D/m2Dr6/mcs30_m2Dr6_s70.B99
Reading graphs...
70 :  163
70 :  160
Initializing...
maxdom : 9
D->valSize : 327
Solving...
currentSize : 1 <-- 0.004068 s
currentSize : 8 <-- 0.005804 s
currentSize : 14 <-- 0.006134 s
currentSize : 15 <-- 0.006950 s
currentSize : 19 <-- 0.007202 s
currentSize : 25 <-- 0.007418 s

maxsize : 25
nodes : 3889624.000000
filtered : 13539706.000000
CCGP filtered : 16562740.000000
CCGT filtered : 11769918.000000
time : 111.638031
