Parameters: GAD=1 vflib=1 dir=0 label=1 lowerbound=1 fileNameGp=../graphsdb/mcs30/bvg/b09/mcs30_b09_s50.A73 fileNameGt=../graphsdb/mcs30/bvg/b09/mcs30_b09_s50.B73
Reading graphs...
50 :  217
50 :  220
Initializing...
maxdom : 9
D->valSize : 325
Solving...
currentSize : 1 <-- 0.002100 s
currentSize : 2 <-- 0.002229 s
currentSize : 3 <-- 0.002308 s
currentSize : 4 <-- 0.003713 s
currentSize : 5 <-- 0.003774 s
currentSize : 10 <-- 0.006822 s
currentSize : 15 <-- 0.006905 s

maxsize : 15
nodes : 52994.000000
filtered : 328570.000000
CCGP filtered : 357598.000000
CCGT filtered : 368219.000000
time : 1.080115
