Parameters: GAD=1 vflib=1 dir=0 label=1 lowerbound=1 fileNameGp=../graphsdb/mcs30/rand/r01/mcs30_r01_s50.A63 fileNameGt=../graphsdb/mcs30/rand/r01/mcs30_r01_s50.B63
Reading graphs...
50 :  227
50 :  228
Initializing...
maxdom : 8
D->valSize : 308
Solving...
currentSize : 2 <-- 0.002307 s
currentSize : 3 <-- 0.002545 s
currentSize : 4 <-- 0.003245 s
currentSize : 5 <-- 0.005546 s
currentSize : 7 <-- 0.007242 s
currentSize : 10 <-- 0.007359 s
currentSize : 12 <-- 0.027501 s
currentSize : 14 <-- 0.042320 s
currentSize : 15 <-- 0.042821 s

maxsize : 15
nodes : 3523.000000
filtered : 42712.000000
CCGP filtered : 37085.000000
CCGT filtered : 31698.000000
time : 0.103981
