Parameters: GAD=1 vflib=1 dir=0 label=1 lowerbound=1 fileNameGp=../graphsdb/mcs30/m2D/m2Dr6/mcs30_m2Dr6_s50.A52 fileNameGt=../graphsdb/mcs30/m2D/m2Dr6/mcs30_m2Dr6_s50.B52
Reading graphs...
50 :  112
50 :  109
Initializing...
maxdom : 9
D->valSize : 312
Solving...
currentSize : 1 <-- 0.003284 s
currentSize : 3 <-- 0.003639 s
currentSize : 7 <-- 0.005070 s
currentSize : 10 <-- 0.005235 s
currentSize : 12 <-- 0.005574 s
currentSize : 16 <-- 0.005657 s

maxsize : 16
nodes : 34725.000000
filtered : 215063.000000
CCGP filtered : 435271.000000
CCGT filtered : 257722.000000
time : 0.780896
