Parameters: GAD=1 vflib=1 dir=0 label=1 lowerbound=1 fileNameGp=../graphsdb/mcs30/m2D/m2D/mcs30_m2D_s30.A29 fileNameGt=../graphsdb/mcs30/m2D/m2D/mcs30_m2D_s30.B29
Reading graphs...
30 :  49
30 :  49
Initializing...
maxdom : 5
D->valSize : 115
Solving...
currentSize : 1 <-- 0.000645 s
currentSize : 2 <-- 0.000985 s
currentSize : 3 <-- 0.001060 s
currentSize : 4 <-- 0.001277 s
currentSize : 6 <-- 0.001412 s
currentSize : 9 <-- 0.001445 s

maxsize : 9
nodes : 416.000000
filtered : 2498.000000
CCGP filtered : 1139.000000
CCGT filtered : 3893.000000
time : 0.004697
