Parameters: GAD=1 vflib=1 dir=0 label=1 lowerbound=1 fileNameGp=../graphsdb/mcs30/m4D/m4D/mcs30_m4D_s80.A79 fileNameGt=../graphsdb/mcs30/m4D/m4D/mcs30_m4D_s80.B79
Reading graphs...
80 :  130
80 :  131
Initializing...
maxdom : 9
D->valSize : 395
Solving...
currentSize : 1 <-- 0.003890 s
currentSize : 3 <-- 0.004776 s
currentSize : 8 <-- 0.005105 s
currentSize : 9 <-- 0.005248 s
currentSize : 13 <-- 0.005649 s
currentSize : 16 <-- 0.005830 s

maxsize : 16
nodes : 20074.000000
filtered : 93255.000000
CCGP filtered : 252871.000000
CCGT filtered : 154460.000000
time : 0.959728
