Parameters: GAD=1 vflib=1 dir=0 label=1 lowerbound=1 fileNameGp=../graphsdb/mcs30/bvg/b03/mcs30_b03_s25.A49 fileNameGt=../graphsdb/mcs30/bvg/b03/mcs30_b03_s25.B49
Reading graphs...
25 :  36
25 :  36
Initializing...
maxdom : 10
D->valSize : 152
Solving...
currentSize : 1 <-- 0.000757 s
currentSize : 2 <-- 0.000965 s
currentSize : 3 <-- 0.001247 s
currentSize : 4 <-- 0.001729 s
currentSize : 5 <-- 0.002027 s
currentSize : 6 <-- 0.002041 s

maxsize : 6
nodes : 213.000000
filtered : 2900.000000
CCGP filtered : 1800.000000
CCGT filtered : 6228.000000
time : 0.002833
