Parameters: GAD=1 vflib=1 dir=0 label=1 lowerbound=1 fileNameGp=../graphsdb/mcs30/rand/r005/mcs30_r005_s20.A60 fileNameGt=../graphsdb/mcs30/rand/r005/mcs30_r005_s20.B60
Reading graphs...
20 :  23
20 :  23
Initializing...
maxdom : 8
D->valSize : 111
Solving...
currentSize : 1 <-- 0.000502 s
currentSize : 2 <-- 0.000612 s
currentSize : 3 <-- 0.000699 s
currentSize : 4 <-- 0.000769 s
currentSize : 5 <-- 0.000784 s
currentSize : 7 <-- 0.000808 s

maxsize : 7
nodes : 133.000000
filtered : 1301.000000
CCGP filtered : 1801.000000
CCGT filtered : 2637.000000
time : 0.001458
