Parameters: GAD=1 vflib=1 dir=0 label=1 lowerbound=1 fileNameGp=../graphsdb/mcs30/m3D/m3Dr6/mcs30_m3Dr6_s40.A84 fileNameGt=../graphsdb/mcs30/m3D/m3Dr6/mcs30_m3Dr6_s40.B84
Reading graphs...
40 :  106
40 :  103
Initializing...
maxdom : 9
D->valSize : 192
Solving...
currentSize : 1 <-- 0.001072 s
currentSize : 2 <-- 0.001492 s
currentSize : 3 <-- 0.001802 s
currentSize : 4 <-- 0.002435 s
currentSize : 5 <-- 0.002463 s
currentSize : 6 <-- 0.004026 s
currentSize : 8 <-- 0.005678 s

maxsize : 8
nodes : 899.000000
filtered : 9144.000000
CCGP filtered : 6819.000000
CCGT filtered : 12605.000000
time : 0.016532
