Parameters: GAD=1 vflib=1 dir=0 label=1 lowerbound=1 fileNameGp=../graphsdb/mcs30/m2D/m2Dr2/mcs30_m2Dr2_s50.A92 fileNameGt=../graphsdb/mcs30/m2D/m2Dr2/mcs30_m2Dr2_s50.B92
Reading graphs...
50 :  95
50 :  95
Initializing...
maxdom : 10
D->valSize : 314
Solving...
currentSize : 1 <-- 0.003387 s
currentSize : 5 <-- 0.005647 s
currentSize : 8 <-- 0.005849 s
currentSize : 9 <-- 0.006761 s
currentSize : 13 <-- 0.006801 s
currentSize : 16 <-- 0.016030 s

maxsize : 16
nodes : 10555.000000
filtered : 57479.000000
CCGP filtered : 69050.000000
CCGT filtered : 57676.000000
time : 0.234084
