Parameters: GAD=1 vflib=1 dir=0 label=1 lowerbound=1 fileNameGp=../graphsdb/mcs30/m4D/m4Dr4/mcs30_m4Dr4_s50.A91 fileNameGt=../graphsdb/mcs30/m4D/m4Dr4/mcs30_m4Dr4_s50.B91
Reading graphs...
50 :  104
50 :  106
Initializing...
maxdom : 10
D->valSize : 336
Solving...
currentSize : 1 <-- 0.002220 s
currentSize : 2 <-- 0.002598 s
currentSize : 5 <-- 0.002904 s
currentSize : 7 <-- 0.002983 s
currentSize : 8 <-- 0.003101 s
currentSize : 9 <-- 0.003170 s
currentSize : 12 <-- 0.003264 s
currentSize : 16 <-- 0.003380 s

maxsize : 16
nodes : 28200.000000
filtered : 136121.000000
CCGP filtered : 240482.000000
CCGT filtered : 183099.000000
time : 0.563371
