Parameters: GAD=1 vflib=1 dir=0 label=1 lowerbound=1 fileNameGp=../graphsdb/mcs30/bvg/b09m/mcs30_b09m_s50.A89 fileNameGt=../graphsdb/mcs30/bvg/b09m/mcs30_b09m_s50.B89
Reading graphs...
50 :  215
50 :  214
Initializing...
maxdom : 14
D->valSize : 330
Solving...
currentSize : 1 <-- 0.003589 s
currentSize : 3 <-- 0.004042 s
currentSize : 4 <-- 0.006669 s
currentSize : 5 <-- 0.007006 s
currentSize : 7 <-- 0.015356 s
currentSize : 13 <-- 0.015474 s

maxsize : 13
nodes : 19862.000000
filtered : 137646.000000
CCGP filtered : 182686.000000
CCGT filtered : 146317.000000
time : 0.478276
