Parameters: GAD=1 vflib=1 dir=0 label=1 lowerbound=1 fileNameGp=../graphsdb/mcs30/bvg/b06m/mcs30_b06m_s25.A97 fileNameGt=../graphsdb/mcs30/bvg/b06m/mcs30_b06m_s25.B97
Reading graphs...
25 :  69
25 :  68
Initializing...
maxdom : 12
D->valSize : 153
Solving...
currentSize : 1 <-- 0.000916 s
currentSize : 2 <-- 0.001206 s
currentSize : 4 <-- 0.001294 s
currentSize : 6 <-- 0.002628 s
currentSize : 7 <-- 0.008339 s
currentSize : 8 <-- 0.008424 s

maxsize : 8
nodes : 860.000000
filtered : 9455.000000
CCGP filtered : 4251.000000
CCGT filtered : 4553.000000
time : 0.012847
