Parameters: GAD=1 vflib=1 dir=0 label=1 lowerbound=1 fileNameGp=../graphsdb/mcs30/m2D/m2Dr6/mcs30_m2Dr6_s80.A81 fileNameGt=../graphsdb/mcs30/m2D/m2Dr6/mcs30_m2Dr6_s80.B81
Reading graphs...
80 :  187
80 :  186
Initializing...
maxdom : 9
D->valSize : 428
Solving...
currentSize : 1 <-- 0.004138 s
currentSize : 3 <-- 0.004515 s
currentSize : 12 <-- 0.005036 s
currentSize : 13 <-- 0.005214 s
currentSize : 14 <-- 0.005392 s
currentSize : 17 <-- 0.005693 s
currentSize : 25 <-- 0.006097 s

maxsize : 25
nodes : 2529420.000000
filtered : 11943154.000000
CCGP filtered : 12716177.000000
CCGT filtered : 8979664.000000
time : 102.308784
