Parameters: GAD=1 vflib=1 dir=0 label=1 lowerbound=1 fileNameGp=../graphsdb/mcs30/m2D/m2D/mcs30_m2D_s100.A07 fileNameGt=../graphsdb/mcs30/m2D/m2D/mcs30_m2D_s100.B07
Reading graphs...
100 :  179
100 :  180
Initializing...
maxdom : 7
D->valSize : 343
Solving...
currentSize : 1 <-- 0.005197 s
currentSize : 4 <-- 0.007887 s
currentSize : 5 <-- 0.007999 s
currentSize : 8 <-- 0.048471 s
currentSize : 10 <-- 0.048995 s
currentSize : 25 <-- 0.051465 s

maxsize : 25
nodes : 578788.000000
filtered : 2138814.000000
CCGP filtered : 4758549.000000
CCGT filtered : 2866322.000000
time : 37.204254
