Parameters: GAD=1 vflib=1 dir=0 label=1 lowerbound=1 fileNameGp=../graphsdb/mcs30/rand/r005/mcs30_r005_s90.A73 fileNameGt=../graphsdb/mcs30/rand/r005/mcs30_r005_s90.B73
Reading graphs...
90 :  389
90 :  389
Initializing...
maxdom : 9
D->valSize : 524
Solving...
currentSize : 1 <-- 0.005706 s
currentSize : 3 <-- 0.006426 s
currentSize : 5 <-- 0.007066 s
currentSize : 6 <-- 0.007320 s
currentSize : 16 <-- 0.182134 s
currentSize : 17 <-- 0.182324 s
currentSize : 19 <-- 0.182544 s
currentSize : 27 <-- 0.182813 s

maxsize : 27
nodes : 911044.000000
filtered : 5634430.000000
CCGP filtered : 7044554.000000
CCGT filtered : 3526016.000000
time : 40.014141
