Parameters: GAD=1 vflib=1 dir=0 label=1 lowerbound=1 fileNameGp=../graphsdb/mcs30/bvg/b06m/mcs30_b06m_s80.A52 fileNameGt=../graphsdb/mcs30/bvg/b06m/mcs30_b06m_s80.B52
Reading graphs...
80 :  238
80 :  232
Initializing...
maxdom : 8
D->valSize : 413
Solving...
currentSize : 1 <-- 0.003978 s
currentSize : 2 <-- 0.004143 s
currentSize : 3 <-- 0.004796 s
currentSize : 4 <-- 0.005390 s
currentSize : 10 <-- 0.005791 s
currentSize : 15 <-- 0.006159 s
currentSize : 24 <-- 0.006435 s

maxsize : 24
nodes : 8276393.000000
filtered : 35441925.000000
CCGP filtered : 48671898.000000
CCGT filtered : 73695042.000000
time : 315.262360
