Parameters: GAD=1 vflib=1 dir=0 label=1 lowerbound=1 fileNameGp=../graphsdb/mcs30/m2D/m2D/mcs30_m2D_s50.A82 fileNameGt=../graphsdb/mcs30/m2D/m2D/mcs30_m2D_s50.B82
Reading graphs...
50 :  83
50 :  84
Initializing...
maxdom : 10
D->valSize : 336
Solving...
currentSize : 1 <-- 0.003737 s
currentSize : 2 <-- 0.004060 s
currentSize : 6 <-- 0.005011 s
currentSize : 8 <-- 0.005301 s
currentSize : 15 <-- 0.005645 s
currentSize : 16 <-- 0.083891 s

maxsize : 16
nodes : 9873.000000
filtered : 58930.000000
CCGP filtered : 94321.000000
CCGT filtered : 95833.000000
time : 0.206071
