Parameters: GAD=1 vflib=1 dir=0 label=1 lowerbound=1 fileNameGp=../graphsdb/mcs30/bvg/b06m/mcs30_b06m_s80.A13 fileNameGt=../graphsdb/mcs30/bvg/b06m/mcs30_b06m_s80.B13
Reading graphs...
80 :  237
80 :  237
Initializing...
maxdom : 8
D->valSize : 417
Solving...
currentSize : 1 <-- 0.003632 s
currentSize : 2 <-- 0.003806 s
currentSize : 10 <-- 0.036705 s
currentSize : 11 <-- 0.037028 s
currentSize : 13 <-- 0.037305 s
currentSize : 15 <-- 0.037444 s
currentSize : 23 <-- 0.037731 s

maxsize : 23
nodes : 10038770.000000
filtered : 39685291.000000
CCGP filtered : 108048793.000000
CCGT filtered : 48367302.000000
time : 366.629059
