Parameters: GAD=1 vflib=1 dir=0 label=1 lowerbound=1 fileNameGp=../graphsdb/mcs30/m2D/m2D/mcs30_m2D_s50.A52 fileNameGt=../graphsdb/mcs30/m2D/m2D/mcs30_m2D_s50.B52
Reading graphs...
50 :  85
50 :  83
Initializing...
maxdom : 9
D->valSize : 293
Solving...
currentSize : 1 <-- 0.001957 s
currentSize : 2 <-- 0.002612 s
currentSize : 7 <-- 0.002855 s
currentSize : 13 <-- 0.003109 s
currentSize : 15 <-- 0.004494 s
currentSize : 16 <-- 0.011941 s

maxsize : 16
nodes : 10604.000000
filtered : 50062.000000
CCGP filtered : 75297.000000
CCGT filtered : 54132.000000
time : 0.192388
