Parameters: GAD=1 vflib=1 dir=0 label=1 lowerbound=1 fileNameGp=../graphsdb/mcs30/m3D/m3Dr4/mcs30_m3Dr4_s25.A73 fileNameGt=../graphsdb/mcs30/m3D/m3Dr4/mcs30_m3Dr4_s25.B73
Reading graphs...
25 :  57
25 :  59
Initializing...
maxdom : 8
D->valSize : 158
Solving...
currentSize : 2 <-- 0.001054 s
currentSize : 3 <-- 0.001181 s
currentSize : 4 <-- 0.001802 s
currentSize : 5 <-- 0.002170 s
currentSize : 6 <-- 0.002218 s
currentSize : 8 <-- 0.011340 s

maxsize : 8
nodes : 1153.000000
filtered : 11511.000000
CCGP filtered : 5614.000000
CCGT filtered : 7913.000000
time : 0.016583
