Parameters: GAD=1 vflib=1 dir=0 label=1 lowerbound=1 fileNameGp=../graphsdb/mcs30/bvg/b06/mcs30_b06_s70.A67 fileNameGt=../graphsdb/mcs30/bvg/b06/mcs30_b06_s70.B67
Reading graphs...
70 :  209
70 :  208
Initializing...
maxdom : 8
D->valSize : 337
Solving...
currentSize : 2 <-- 0.002610 s
currentSize : 11 <-- 0.003582 s
currentSize : 12 <-- 0.003835 s
currentSize : 13 <-- 0.003920 s
currentSize : 14 <-- 0.004033 s
currentSize : 16 <-- 0.004278 s
currentSize : 21 <-- 0.004524 s

maxsize : 21
nodes : 1074493.000000
filtered : 4854539.000000
CCGP filtered : 7419683.000000
CCGT filtered : 5283633.000000
time : 35.946838
