Parameters: GAD=1 vflib=1 dir=0 label=1 lowerbound=1 fileNameGp=../graphsdb/mcs30/m2D/m2D/mcs30_m2D_s80.A16 fileNameGt=../graphsdb/mcs30/m2D/m2D/mcs30_m2D_s80.B16
Reading graphs...
80 :  142
80 :  141
Initializing...
maxdom : 12
D->valSize : 431
Solving...
currentSize : 1 <-- 0.004051 s
currentSize : 2 <-- 0.004692 s
currentSize : 6 <-- 0.005356 s
currentSize : 9 <-- 0.005535 s
currentSize : 10 <-- 0.005655 s
currentSize : 12 <-- 0.005794 s
currentSize : 25 <-- 0.006340 s

maxsize : 25
nodes : 651513.000000
filtered : 3067134.000000
CCGP filtered : 6519039.000000
CCGT filtered : 3722823.000000
time : 23.636084
