Parameters: GAD=1 vflib=1 dir=0 label=1 lowerbound=1 fileNameGp=../graphsdb/mcs30/bvg/b06m/mcs30_b06m_s35.A84 fileNameGt=../graphsdb/mcs30/bvg/b06m/mcs30_b06m_s35.B84
Reading graphs...
35 :  99
35 :  98
Initializing...
maxdom : 6
D->valSize : 153
Solving...
currentSize : 1 <-- 0.000773 s
currentSize : 3 <-- 0.000869 s
currentSize : 4 <-- 0.000950 s
currentSize : 5 <-- 0.000986 s
currentSize : 6 <-- 0.002177 s
currentSize : 8 <-- 0.005418 s

maxsize : 8
nodes : 999.000000
filtered : 8089.000000
CCGP filtered : 5628.000000
CCGT filtered : 8509.000000
time : 0.013016
