Parameters: GAD=1 vflib=1 dir=0 label=1 lowerbound=1 fileNameGp=../graphsdb/mcs30/bvg/b06m/mcs30_b06m_s50.A62 fileNameGt=../graphsdb/mcs30/bvg/b06m/mcs30_b06m_s50.B62
Reading graphs...
50 :  147
50 :  148
Initializing...
maxdom : 9
D->valSize : 319
Solving...
currentSize : 1 <-- 0.002234 s
currentSize : 2 <-- 0.002643 s
currentSize : 3 <-- 0.002787 s
currentSize : 4 <-- 0.003246 s
currentSize : 10 <-- 0.004070 s
currentSize : 11 <-- 0.004143 s
currentSize : 15 <-- 0.004289 s

maxsize : 15
nodes : 39206.000000
filtered : 234824.000000
CCGP filtered : 241319.000000
CCGT filtered : 229398.000000
time : 0.756608
