Parameters: GAD=1 vflib=1 dir=0 label=1 lowerbound=1 fileNameGp=../graphsdb/mcs30/bvg/b03/mcs30_b03_s100.A52 fileNameGt=../graphsdb/mcs30/bvg/b03/mcs30_b03_s100.B52
Reading graphs...
100 :  150
100 :  150
Initializing...
maxdom : 7
D->valSize : 340
Solving...
currentSize : 1 <-- 0.004971 s
currentSize : 6 <-- 0.006071 s
currentSize : 9 <-- 0.006377 s
currentSize : 10 <-- 0.006578 s
currentSize : 12 <-- 0.007071 s
currentSize : 30 <-- 0.008839 s

maxsize : 30
nodes : 794095.000000
filtered : 2695599.000000
CCGP filtered : 4455346.000000
CCGT filtered : 3353977.000000
time : 45.652023
