Parameters: GAD=1 vflib=1 dir=0 label=1 lowerbound=1 fileNameGp=../graphsdb/mcs30/bvg/b09/mcs30_b09_s100.A74 fileNameGt=../graphsdb/mcs30/bvg/b09/mcs30_b09_s100.B74
Reading graphs...
100 :  446
100 :  445
Initializing...
maxdom : 7
D->valSize : 340
Solving...
currentSize : 1 <-- 0.003303 s
currentSize : 6 <-- 0.004659 s
currentSize : 10 <-- 0.005543 s
currentSize : 11 <-- 0.005808 s
currentSize : 13 <-- 0.006133 s
currentSize : 30 <-- 0.007007 s

maxsize : 30
nodes : 41119515.000000
filtered : 160874397.000000
CCGP filtered : 136500036.000000
CCGT filtered : 94239951.000000
time : 2117.348145
