Parameters: GAD=1 vflib=1 dir=0 label=1 lowerbound=1 fileNameGp=../graphsdb/mcs30/rand/r02/mcs30_r02_s100.A00 fileNameGt=../graphsdb/mcs30/rand/r02/mcs30_r02_s100.B00
Reading graphs...
100 :  1787
100 :  1780
Initializing...
maxdom : 8
D->valSize : 351
Solving...
currentSize : 2 <-- 0.006501 s
currentSize : 4 <-- 0.291261 s
currentSize : 5 <-- 0.291540 s
currentSize : 8 <-- 0.291751 s
currentSize : 15 <-- 0.308368 s
currentSize : 24 <-- 0.405848 s
currentSize : 25 <-- 0.409927 s

maxsize : 25
nodes : 34925.000000
filtered : 343901.000000
CCGP filtered : 17494.000000
CCGT filtered : 35993.000000
time : 2.764748
