Parameters: GAD=1 vflib=1 dir=0 label=1 lowerbound=1 fileNameGp=../graphsdb/mcs50/rand/r02/mcs50_r02_s70.A25 fileNameGt=../graphsdb/mcs50/rand/r02/mcs50_r02_s70.B25
Reading graphs...
70 :  859
70 :  859
Initializing...
maxdom : 11
D->valSize : 347
Solving...
currentSize : 1 <-- 0.004301 s
currentSize : 2 <-- 0.068527 s
currentSize : 3 <-- 0.069910 s
currentSize : 4 <-- 0.070012 s
currentSize : 9 <-- 0.083478 s
currentSize : 10 <-- 0.086401 s
currentSize : 17 <-- 0.097251 s
currentSize : 28 <-- 0.098338 s

maxsize : 28
nodes : 8361.000000
filtered : 108694.000000
CCGP filtered : 7198.000000
CCGT filtered : 12032.000000
time : 0.363831
