Parameters: GAD=1 vflib=1 dir=0 label=1 lowerbound=1 fileNameGp=../graphsdb/mcs50/bvg/b09m/mcs50_b09m_s25.A20 fileNameGt=../graphsdb/mcs50/bvg/b09m/mcs50_b09m_s25.B20
Reading graphs...
25 :  105
25 :  102
Initializing...
maxdom : 9
D->valSize : 158
Solving...
currentSize : 3 <-- 0.000753 s
currentSize : 4 <-- 0.000791 s
currentSize : 5 <-- 0.001309 s
currentSize : 7 <-- 0.002928 s
currentSize : 10 <-- 0.004638 s
currentSize : 11 <-- 0.004717 s

maxsize : 11
nodes : 930.000000
filtered : 11845.000000
CCGP filtered : 2203.000000
CCGT filtered : 1663.000000
time : 0.009626
