Parameters: GAD=1 vflib=1 dir=0 label=1 lowerbound=1 fileNameGp=../graphsdb/mcs50/bvg/b06/mcs50_b06_s90.A97 fileNameGt=../graphsdb/mcs50/bvg/b06/mcs50_b06_s90.B97
Reading graphs...
90 :  269
90 :  268
Initializing...
maxdom : 9
D->valSize : 546
Solving...
currentSize : 1 <-- 0.009935 s
currentSize : 11 <-- 0.010709 s
currentSize : 38 <-- 0.012189 s
currentSize : 40 <-- 0.014037 s
currentSize : 43 <-- 0.411139 s
currentSize : 45 <-- 0.412183 s

TIMEOUT
maxsize : 45
nodes : 92935903.000000
filtered : 554684978.000000
CCGP filtered : 281943756.000000
CCGT filtered : 139525332.000000
time : 3600.000000
