Parameters: GAD=1 vflib=1 dir=0 label=1 lowerbound=1 fileNameGp=../graphsdb/mcs50/rand/r02/mcs50_r02_s100.A42 fileNameGt=../graphsdb/mcs50/rand/r02/mcs50_r02_s100.B42
Reading graphs...
100 :  1774
100 :  1770
Initializing...
maxdom : 6
D->valSize : 377
Solving...
currentSize : 1 <-- 0.006445 s
currentSize : 2 <-- 0.570579 s
currentSize : 3 <-- 0.586615 s
currentSize : 4 <-- 0.587130 s
currentSize : 35 <-- 0.688048 s
currentSize : 37 <-- 0.690841 s
currentSize : 38 <-- 0.908911 s

maxsize : 38
nodes : 129848.000000
filtered : 444337.000000
CCGP filtered : 14995.000000
CCGT filtered : 25679.000000
time : 8.875080
