Parameters: GAD=1 vflib=1 dir=0 label=1 lowerbound=1 fileNameGp=../graphsdb/mcs50/rand/r02/mcs50_r02_s100.A17 fileNameGt=../graphsdb/mcs50/rand/r02/mcs50_r02_s100.B17
Reading graphs...
100 :  1744
100 :  1767
Initializing...
maxdom : 7
D->valSize : 351
Solving...
currentSize : 1 <-- 0.006579 s
currentSize : 2 <-- 0.009636 s
currentSize : 3 <-- 0.010329 s
currentSize : 38 <-- 0.190542 s
currentSize : 39 <-- 0.194618 s
currentSize : 40 <-- 0.204675 s
currentSize : 41 <-- 0.208765 s

maxsize : 41
nodes : 25001.000000
filtered : 185301.000000
CCGP filtered : 3022.000000
CCGT filtered : 13216.000000
time : 1.847888
