Parameters: GAD=1 vflib=1 dir=0 label=1 lowerbound=1 fileNameGp=../graphsdb/mcs50/bvg/b06/mcs50_b06_s25.A20 fileNameGt=../graphsdb/mcs50/bvg/b06/mcs50_b06_s25.B20
Reading graphs...
25 :  71
25 :  72
Initializing...
maxdom : 11
D->valSize : 178
Solving...
currentSize : 2 <-- 0.001196 s
currentSize : 4 <-- 0.001777 s
currentSize : 5 <-- 0.001979 s
currentSize : 6 <-- 0.002152 s
currentSize : 10 <-- 0.003814 s
currentSize : 12 <-- 0.004397 s
currentSize : 13 <-- 0.004488 s

maxsize : 13
nodes : 434.000000
filtered : 6126.000000
CCGP filtered : 2360.000000
CCGT filtered : 2769.000000
time : 0.007494
