Parameters: GAD=1 vflib=1 dir=0 label=1 lowerbound=1 fileNameGp=../graphsdb/mcs50/rand/r02/mcs50_r02_s90.A70 fileNameGt=../graphsdb/mcs50/rand/r02/mcs50_r02_s90.B70
Reading graphs...
90 :  1435
90 :  1432
Initializing...
maxdom : 17
D->valSize : 594
Solving...
currentSize : 1 <-- 0.006624 s
currentSize : 6 <-- 0.014949 s
currentSize : 7 <-- 0.017245 s
currentSize : 10 <-- 0.020101 s
currentSize : 12 <-- 0.025436 s
currentSize : 13 <-- 0.030606 s
currentSize : 16 <-- 0.305406 s
currentSize : 18 <-- 0.321622 s
currentSize : 20 <-- 0.449512 s
currentSize : 30 <-- 0.704808 s
currentSize : 31 <-- 0.733622 s
currentSize : 32 <-- 6.424935 s

maxsize : 32
nodes : 368244.000000
filtered : 1499669.000000
CCGP filtered : 42549.000000
CCGT filtered : 56882.000000
time : 20.196203
