Parameters: GAD=1 vflib=1 dir=0 label=1 lowerbound=1 fileNameGp=../graphsdb/mcs50/bvg/b09/mcs50_b09_s40.A03 fileNameGt=../graphsdb/mcs50/bvg/b09/mcs50_b09_s40.B03
Reading graphs...
40 :  178
40 :  176
Initializing...
maxdom : 7
D->valSize : 211
Solving...
currentSize : 1 <-- 0.001158 s
currentSize : 2 <-- 0.001295 s
currentSize : 5 <-- 0.001492 s
currentSize : 6 <-- 0.002086 s
currentSize : 8 <-- 0.002314 s
currentSize : 11 <-- 0.003231 s
currentSize : 19 <-- 0.015215 s
currentSize : 20 <-- 0.015314 s

maxsize : 20
nodes : 10415.000000
filtered : 50550.000000
CCGP filtered : 5050.000000
CCGT filtered : 6102.000000
time : 0.136478
