Parameters: GAD=1 vflib=1 dir=0 label=1 lowerbound=1 fileNameGp=../graphsdb/mcs50/bvg/b03m/mcs50_b03m_s90.A33 fileNameGt=../graphsdb/mcs50/bvg/b03m/mcs50_b03m_s90.B33
Reading graphs...
90 :  135
90 :  133
Initializing...
maxdom : 12
D->valSize : 560
Solving...
currentSize : 1 <-- 0.010610 s
currentSize : 2 <-- 0.011431 s
currentSize : 6 <-- 0.011941 s
currentSize : 15 <-- 0.012471 s
currentSize : 17 <-- 0.012803 s
currentSize : 44 <-- 0.014041 s

maxsize : 44
nodes : 41189061.000000
filtered : 173331187.000000
CCGP filtered : 199139732.000000
CCGT filtered : 102586241.000000
time : 1305.067017
