Parameters: GAD=1 vflib=1 dir=0 label=1 lowerbound=1 fileNameGp=../graphsdb/mcs70/rand/r02/mcs70_r02_s70.A55 fileNameGt=../graphsdb/mcs70/rand/r02/mcs70_r02_s70.B55
Reading graphs...
70 :  875
70 :  872
Initializing...
maxdom : 8
D->valSize : 344
Solving...
currentSize : 30 <-- 0.003298 s
currentSize : 31 <-- 0.003876 s
currentSize : 32 <-- 0.162091 s
currentSize : 33 <-- 0.163305 s
currentSize : 34 <-- 0.429249 s
currentSize : 35 <-- 1.595290 s

maxsize : 35
nodes : 87244.000000
filtered : 296021.000000
CCGP filtered : 1859.000000
CCGT filtered : 1367.000000
time : 3.213432
