Parameters: GAD=1 vflib=1 dir=0 label=1 lowerbound=1 fileNameGp=../graphsdb/mcs70/rand/r02/mcs70_r02_s100.A88 fileNameGt=../graphsdb/mcs70/rand/r02/mcs70_r02_s100.B88
Reading graphs...
100 :  1759
100 :  1762
Initializing...
maxdom : 5
D->valSize : 344
Solving...
currentSize : 48 <-- 0.166088 s
currentSize : 49 <-- 0.168211 s
currentSize : 50 <-- 0.180856 s
currentSize : 51 <-- 3.375845 s
currentSize : 52 <-- 16.377735 s
currentSize : 53 <-- 22.697252 s

maxsize : 53
nodes : 4287944.000000
filtered : 3808102.000000
CCGP filtered : 9.000000
CCGT filtered : 2392.000000
time : 227.500122
