Parameters: GAD=1 vflib=1 dir=0 label=1 lowerbound=1 fileNameGp=../graphsdb/mcs90/rand/r01/mcs90_r01_s100.A68 fileNameGt=../graphsdb/mcs90/rand/r01/mcs90_r01_s100.B68
Reading graphs...
100 :  934
100 :  932
Initializing...
maxdom : 9
D->valSize : 420
Solving...
currentSize : 1 <-- 0.004397 s
currentSize : 2 <-- 1.857815 s
currentSize : 3 <-- 3.463651 s
currentSize : 69 <-- 3.465514 s
currentSize : 71 <-- 3.476200 s
currentSize : 72 <-- 3.767775 s
currentSize : 73 <-- 6.403156 s
currentSize : 74 <-- 7.001797 s

maxsize : 74
nodes : 109351269.000000
filtered : 103885232.000000
CCGP filtered : 488935.000000
CCGT filtered : 360457.000000
time : 3573.533203
000244
