Parameters: GAD=1 vflib=1 dir=0 label=0 lowerbound=1 fileNameGp=../graphsdb/mcs10/rand/r01/mcs10_r01_s30.A93 fileNameGt=../graphsdb/mcs10/rand/r01/mcs10_r01_s30.B93
Reading graphs...
30 :  83
30 :  87
Initializing...
maxdom : 30
D->valSize : 900
Solving...
currentSize : 12 <-- 0.017906 s
currentSize : 13 <-- 0.017970 s
currentSize : 14 <-- 0.018156 s
currentSize : 15 <-- 0.028620 s
currentSize : 16 <-- 0.028820 s
currentSize : 17 <-- 1.794142 s
currentSize : 18 <-- 12.256417 s

maxsize : 18
nodes : 23517359.000000
filtered : 526320848.000000
CCGP filtered : 38580924.000000
CCGT filtered : 22368485.000000
time : 224.051910
