Parameters: GAD=1 vflib=1 dir=0 label=0 lowerbound=1 fileNameGp=../graphsdb/mcs10/rand/r005/mcs10_r005_s35.A54 fileNameGt=../graphsdb/mcs10/rand/r005/mcs10_r005_s35.B54
Reading graphs...
35 :  61
35 :  60
Initializing...
maxdom : 35
D->valSize : 1225
Solving...
currentSize : 15 <-- 0.020756 s
currentSize : 16 <-- 0.021136 s
currentSize : 17 <-- 0.024118 s
currentSize : 18 <-- 0.030495 s
currentSize : 19 <-- 0.033641 s
currentSize : 20 <-- 0.051265 s
currentSize : 21 <-- 0.148419 s
currentSize : 22 <-- 0.648221 s
currentSize : 23 <-- 1.168820 s
currentSize : 24 <-- 20.863792 s

maxsize : 24
nodes : 8177351.000000
filtered : 255029513.000000
CCGP filtered : 129872152.000000
CCGT filtered : 73179450.000000
time : 93.314606
