Parameters: GAD=1 vflib=1 dir=0 label=0 lowerbound=1 fileNameGp=../graphsdb/mcs10/rand/r02/mcs10_r02_s30.A57 fileNameGt=../graphsdb/mcs10/rand/r02/mcs10_r02_s30.B57
Reading graphs...
30 :  163
30 :  160
Initializing...
maxdom : 30
D->valSize : 900
Solving...
currentSize : 9 <-- 0.009360 s
currentSize : 10 <-- 0.009421 s
currentSize : 11 <-- 0.010095 s
currentSize : 12 <-- 0.010225 s
currentSize : 13 <-- 0.160019 s
currentSize : 14 <-- 6.437338 s

maxsize : 14
nodes : 102657836.000000
filtered : 1325571964.000000
CCGP filtered : 2462174.000000
CCGT filtered : 2926593.000000
time : 1031.677002
