Parameters: GAD=1 vflib=1 dir=0 label=0 lowerbound=1 fileNameGp=../graphsdb/mcs10/rand/r01/mcs10_r01_s30.A30 fileNameGt=../graphsdb/mcs10/rand/r01/mcs10_r01_s30.B30
Reading graphs...
30 :  84
30 :  87
Initializing...
maxdom : 30
D->valSize : 900
Solving...
currentSize : 12 <-- 0.010103 s
currentSize : 13 <-- 0.010879 s
currentSize : 14 <-- 0.015133 s
currentSize : 15 <-- 0.022626 s
currentSize : 16 <-- 0.034084 s
currentSize : 17 <-- 1.835622 s
currentSize : 18 <-- 80.127464 s

maxsize : 18
nodes : 46286392.000000
filtered : 952086444.000000
CCGP filtered : 38348858.000000
CCGT filtered : 15054360.000000
time : 421.784973
