Parameters: GAD=1 vflib=1 dir=0 label=0 lowerbound=1 fileNameGp=../graphsdb/mcs10/rand/r01/mcs10_r01_s35.A84 fileNameGt=../graphsdb/mcs10/rand/r01/mcs10_r01_s35.B84
Reading graphs...
35 :  116
35 :  116
Initializing...
maxdom : 35
D->valSize : 1225
Solving...
currentSize : 12 <-- 0.032975 s
currentSize : 13 <-- 0.033541 s
currentSize : 14 <-- 0.034490 s
currentSize : 15 <-- 0.042696 s
currentSize : 16 <-- 0.070419 s
currentSize : 17 <-- 1.152322 s
currentSize : 18 <-- 1.311564 s
currentSize : 19 <-- 211.973907 s

TIMEOUT
maxsize : 19
nodes : 339088886.000000
filtered : 6805509568.000000
CCGP filtered : 298720090.000000
CCGT filtered : 228275753.000000
time : 3600.000000
