Parameters: GAD=1 vflib=1 dir=0 label=0 lowerbound=1 fileNameGp=../graphsdb/mcs10/rand/r02/mcs10_r02_s30.A49 fileNameGt=../graphsdb/mcs10/rand/r02/mcs10_r02_s30.B49
Reading graphs...
30 :  155
30 :  156
Initializing...
maxdom : 30
D->valSize : 900
Solving...
currentSize : 8 <-- 0.009299 s
currentSize : 9 <-- 0.009432 s
currentSize : 10 <-- 0.009648 s
currentSize : 11 <-- 0.010334 s
currentSize : 12 <-- 0.018645 s
currentSize : 13 <-- 0.019904 s
currentSize : 14 <-- 31.112324 s

maxsize : 14
nodes : 133223481.000000
filtered : 1607415616.000000
CCGP filtered : 3874687.000000
CCGT filtered : 6835915.000000
time : 1325.816162
