Parameters: GAD=1 vflib=1 dir=0 label=0 lowerbound=1 fileNameGp=../graphsdb/mcs10/rand/r01/mcs10_r01_s30.A53 fileNameGt=../graphsdb/mcs10/rand/r01/mcs10_r01_s30.B53
Reading graphs...
30 :  84
30 :  83
Initializing...
maxdom : 30
D->valSize : 900
Solving...
currentSize : 12 <-- 0.017771 s
currentSize : 13 <-- 0.017806 s
currentSize : 14 <-- 0.018224 s
currentSize : 15 <-- 0.018931 s
currentSize : 16 <-- 0.019704 s
currentSize : 17 <-- 0.125093 s
currentSize : 18 <-- 43.070713 s

maxsize : 18
nodes : 34542790.000000
filtered : 731374094.000000
CCGP filtered : 61114755.000000
CCGT filtered : 41006863.000000
time : 328.385315
