Parameters: GAD=1 vflib=1 dir=0 label=0 lowerbound=1 fileNameGp=../graphsdb/mcs30/bvg/b03m/mcs30_b03m_s20.A17 fileNameGt=../graphsdb/mcs30/bvg/b03m/mcs30_b03m_s20.B17
Reading graphs...
20 :  30
20 :  29
Initializing...
maxdom : 20
D->valSize : 400
Solving...
currentSize : 8 <-- 0.002244 s
currentSize : 10 <-- 0.002447 s
currentSize : 11 <-- 0.003378 s
currentSize : 12 <-- 0.009501 s
currentSize : 13 <-- 0.010532 s
currentSize : 14 <-- 0.038013 s

maxsize : 14
nodes : 14264.000000
filtered : 253812.000000
CCGP filtered : 162388.000000
CCGT filtered : 89735.000000
time : 0.101733
