Parameters: GAD=1 vflib=1 dir=0 label=0 lowerbound=1 fileNameGp=../graphsdb/mcs30/bvg/b06m/mcs30_b06m_s30.A90 fileNameGt=../graphsdb/mcs30/bvg/b06m/mcs30_b06m_s30.B90
Reading graphs...
30 :  86
30 :  86
Initializing...
maxdom : 30
D->valSize : 900
Solving...
currentSize : 13 <-- 0.010190 s
currentSize : 14 <-- 0.010306 s
currentSize : 15 <-- 0.010430 s
currentSize : 16 <-- 0.023595 s
currentSize : 17 <-- 0.024692 s
currentSize : 18 <-- 8.830438 s

maxsize : 18
nodes : 17981353.000000
filtered : 433598093.000000
CCGP filtered : 31030449.000000
CCGT filtered : 25739324.000000
time : 170.561203
