Parameters: GAD=1 vflib=1 dir=0 label=0 lowerbound=1 fileNameGp=../graphsdb/mcs30/rand/r01/mcs30_r01_s30.A03 fileNameGt=../graphsdb/mcs30/rand/r01/mcs30_r01_s30.B03
Reading graphs...
30 :  87
30 :  86
Initializing...
maxdom : 30
D->valSize : 900
Solving...
currentSize : 13 <-- 0.010404 s
currentSize : 14 <-- 0.010468 s
currentSize : 15 <-- 0.014212 s
currentSize : 16 <-- 0.035868 s
currentSize : 17 <-- 1.104847 s
currentSize : 18 <-- 48.103554 s

maxsize : 18
nodes : 44795100.000000
filtered : 962394168.000000
CCGP filtered : 40159085.000000
CCGT filtered : 34122658.000000
time : 412.086273
