Parameters: GAD=1 vflib=1 dir=0 label=0 lowerbound=1 fileNameGp=../graphsdb/mcs30/m2D/m2Dr4/mcs30_m2Dr4_s30.A93 fileNameGt=../graphsdb/mcs30/m2D/m2Dr4/mcs30_m2Dr4_s30.B93
Reading graphs...
30 :  58
30 :  59
Initializing...
maxdom : 30
D->valSize : 900
Solving...
currentSize : 9 <-- 0.011151 s
currentSize : 11 <-- 0.011187 s
currentSize : 13 <-- 0.011333 s
currentSize : 14 <-- 0.011457 s
currentSize : 15 <-- 0.013004 s
currentSize : 16 <-- 0.019311 s
currentSize : 17 <-- 0.041539 s
currentSize : 18 <-- 0.058194 s
currentSize : 19 <-- 0.658090 s
currentSize : 20 <-- 1.315854 s
currentSize : 21 <-- 18.886015 s

maxsize : 21
nodes : 4703940.000000
filtered : 120494876.000000
CCGP filtered : 17000450.000000
CCGT filtered : 13972983.000000
time : 44.046192
