Parameters: GAD=1 vflib=1 dir=0 label=0 lowerbound=1 fileNameGp=../graphsdb/mcs30/bvg/b03/mcs30_b03_s20.A09 fileNameGt=../graphsdb/mcs30/bvg/b03/mcs30_b03_s20.B09
Reading graphs...
20 :  30
20 :  30
Initializing...
maxdom : 20
D->valSize : 400
Solving...
currentSize : 5 <-- 0.003827 s
currentSize : 7 <-- 0.003885 s
currentSize : 8 <-- 0.003937 s
currentSize : 9 <-- 0.004268 s
currentSize : 11 <-- 0.004432 s
currentSize : 12 <-- 0.006482 s
currentSize : 13 <-- 0.007598 s
currentSize : 14 <-- 0.008519 s

maxsize : 14
nodes : 32626.000000
filtered : 500235.000000
CCGP filtered : 188622.000000
CCGT filtered : 218848.000000
time : 0.235705
