Parameters: GAD=1 vflib=1 dir=0 label=0 lowerbound=1 fileNameGp=../graphsdb/mcs30/bvg/b03/mcs30_b03_s15.A34 fileNameGt=../graphsdb/mcs30/bvg/b03/mcs30_b03_s15.B34
Reading graphs...
15 :  22
15 :  22
Initializing...
maxdom : 15
D->valSize : 225
Solving...
currentSize : 5 <-- 0.000867 s
currentSize : 6 <-- 0.000888 s
currentSize : 7 <-- 0.000906 s
currentSize : 8 <-- 0.001044 s
currentSize : 9 <-- 0.001442 s
currentSize : 10 <-- 0.005897 s
currentSize : 11 <-- 0.006744 s

maxsize : 11
nodes : 2204.000000
filtered : 30335.000000
CCGP filtered : 15313.000000
CCGT filtered : 7449.000000
time : 0.013045
