Parameters: GAD=1 vflib=1 dir=0 label=0 lowerbound=1 fileNameGp=../graphsdb/mcs30/rand/r005/mcs30_r005_s30.A15 fileNameGt=../graphsdb/mcs30/rand/r005/mcs30_r005_s30.B15
Reading graphs...
30 :  47
30 :  48
Initializing...
maxdom : 30
D->valSize : 900
Solving...
currentSize : 17 <-- 0.011381 s
currentSize : 18 <-- 0.011972 s
currentSize : 19 <-- 0.049994 s
currentSize : 20 <-- 0.086851 s
currentSize : 21 <-- 0.088210 s
currentSize : 22 <-- 0.377332 s

maxsize : 22
nodes : 956848.000000
filtered : 24298702.000000
CCGP filtered : 10806979.000000
CCGT filtered : 6562286.000000
time : 9.243032
