Parameters: GAD=1 vflib=1 dir=0 label=0 lowerbound=1 fileNameGp=../graphsdb/mcs30/rand/r005/mcs30_r005_s35.A26 fileNameGt=../graphsdb/mcs30/rand/r005/mcs30_r005_s35.B26
Reading graphs...
35 :  64
35 :  64
Initializing...
maxdom : 35
D->valSize : 1225
Solving...
currentSize : 18 <-- 0.036078 s
currentSize : 19 <-- 0.038437 s
currentSize : 20 <-- 0.043553 s
currentSize : 21 <-- 0.068975 s
currentSize : 22 <-- 0.079332 s
currentSize : 23 <-- 0.773276 s
currentSize : 24 <-- 15.917579 s

maxsize : 24
nodes : 28987084.000000
filtered : 894511708.000000
CCGP filtered : 163747803.000000
CCGT filtered : 178779769.000000
time : 324.186249
