Parameters: GAD=1 vflib=1 dir=0 label=0 lowerbound=1 fileNameGp=../graphsdb/mcs30/bvg/b09m/mcs30_b09m_s35.A43 fileNameGt=../graphsdb/mcs30/bvg/b09m/mcs30_b09m_s35.B43
Reading graphs...
35 :  144
35 :  145
Initializing...
maxdom : 35
D->valSize : 1225
Solving...
currentSize : 12 <-- 0.018609 s
currentSize : 13 <-- 0.018645 s
currentSize : 14 <-- 0.018765 s
currentSize : 15 <-- 0.018827 s
currentSize : 16 <-- 0.020090 s
currentSize : 17 <-- 8.504111 s
currentSize : 18 <-- 8.507812 s
currentSize : 19 <-- 903.390747 s

TIMEOUT
maxsize : 19
nodes : 311879162.000000
filtered : 7915310858.000000
CCGP filtered : 89844924.000000
CCGT filtered : 112233799.000000
time : 3600.000000
