Parameters: GAD=1 vflib=1 dir=0 label=0 lowerbound=1 fileNameGp=../graphsdb/mcs30/bvg/b03m/mcs30_b03m_s30.A92 fileNameGt=../graphsdb/mcs30/bvg/b03m/mcs30_b03m_s30.B92
Reading graphs...
30 :  45
30 :  45
Initializing...
maxdom : 30
D->valSize : 900
Solving...
currentSize : 13 <-- 0.010979 s
currentSize : 15 <-- 0.011256 s
currentSize : 16 <-- 0.011292 s
currentSize : 18 <-- 0.011435 s
currentSize : 19 <-- 0.011803 s
currentSize : 20 <-- 0.013157 s
currentSize : 21 <-- 0.015270 s
currentSize : 22 <-- 2.122889 s

maxsize : 22
nodes : 657011.000000
filtered : 16948108.000000
CCGP filtered : 10184681.000000
CCGT filtered : 7450653.000000
time : 6.483344
