Parameters: GAD=1 vflib=1 dir=0 label=0 lowerbound=1 fileNameGp=../graphsdb/mcs30/bvg/b09/mcs30_b09_s35.A57 fileNameGt=../graphsdb/mcs30/bvg/b09/mcs30_b09_s35.B57
Reading graphs...
35 :  148
35 :  155
Initializing...
maxdom : 35
D->valSize : 1225
Solving...
currentSize : 13 <-- 0.031479 s
currentSize : 14 <-- 0.031660 s
currentSize : 15 <-- 0.031863 s
currentSize : 16 <-- 0.033713 s
currentSize : 17 <-- 0.036699 s
currentSize : 18 <-- 0.072721 s
currentSize : 19 <-- 5.045815 s
currentSize : 20 <-- 389.858398 s

maxsize : 20
nodes : 139462560.000000
filtered : 3630850675.000000
CCGP filtered : 42495886.000000
CCGT filtered : 59031292.000000
time : 1614.490601
