Parameters: GAD=1 vflib=1 dir=0 label=0 lowerbound=1 fileNameGp=../graphsdb/mcs30/bvg/b06m/mcs30_b06m_s25.A44 fileNameGt=../graphsdb/mcs30/bvg/b06m/mcs30_b06m_s25.B44
Reading graphs...
25 :  69
25 :  68
Initializing...
maxdom : 25
D->valSize : 625
Solving...
currentSize : 10 <-- 0.008480 s
currentSize : 11 <-- 0.008507 s
currentSize : 12 <-- 0.009035 s
currentSize : 13 <-- 0.010624 s
currentSize : 14 <-- 0.025650 s
currentSize : 15 <-- 0.311378 s

maxsize : 15
nodes : 1753411.000000
filtered : 35181439.000000
CCGP filtered : 3051283.000000
CCGT filtered : 2393206.000000
time : 14.225958
