Parameters: GAD=1 vflib=1 dir=0 label=0 lowerbound=1 fileNameGp=../graphsdb/mcs30/m3D/m3Dr2/mcs30_m3Dr2_s30.A39 fileNameGt=../graphsdb/mcs30/m3D/m3Dr2/mcs30_m3Dr2_s30.B39
Reading graphs...
30 :  64
30 :  64
Initializing...
maxdom : 30
D->valSize : 900
Solving...
currentSize : 12 <-- 0.010751 s
currentSize : 13 <-- 0.010826 s
currentSize : 14 <-- 0.011208 s
currentSize : 15 <-- 0.011521 s
currentSize : 16 <-- 0.012800 s
currentSize : 17 <-- 0.028069 s
currentSize : 18 <-- 1.057142 s
currentSize : 19 <-- 1.058489 s
currentSize : 20 <-- 80.816956 s

maxsize : 20
nodes : 12650801.000000
filtered : 294813561.000000
CCGP filtered : 52697670.000000
CCGT filtered : 29629577.000000
time : 116.993622
