Parameters: GAD=1 vflib=1 dir=0 label=0 lowerbound=1 fileNameGp=../graphsdb/mcs30/bvg/b03/mcs30_b03_s35.A78 fileNameGt=../graphsdb/mcs30/bvg/b03/mcs30_b03_s35.B78
Reading graphs...
35 :  51
35 :  51
Initializing...
maxdom : 35
D->valSize : 1225
Solving...
currentSize : 14 <-- 0.037097 s
currentSize : 15 <-- 0.037195 s
currentSize : 16 <-- 0.037522 s
currentSize : 17 <-- 0.037982 s
currentSize : 18 <-- 0.038055 s
currentSize : 19 <-- 0.047472 s
currentSize : 20 <-- 0.057496 s
currentSize : 21 <-- 0.057538 s
currentSize : 22 <-- 2.877888 s
currentSize : 23 <-- 13.650931 s

maxsize : 23
nodes : 34942416.000000
filtered : 771486659.000000
CCGP filtered : 636143259.000000
CCGT filtered : 435890268.000000
time : 359.111847
