Parameters: GAD=1 vflib=1 dir=0 label=0 lowerbound=1 fileNameGp=../graphsdb/mcs30/rand/r01/mcs30_r01_s20.A83 fileNameGt=../graphsdb/mcs30/rand/r01/mcs30_r01_s20.B83
Reading graphs...
20 :  40
20 :  40
Initializing...
maxdom : 20
D->valSize : 400
Solving...
currentSize : 9 <-- 0.002162 s
currentSize : 10 <-- 0.002282 s
currentSize : 11 <-- 0.003196 s
currentSize : 12 <-- 0.018760 s
currentSize : 13 <-- 0.063455 s
currentSize : 14 <-- 0.340652 s

maxsize : 14
nodes : 70839.000000
filtered : 1142128.000000
CCGP filtered : 112767.000000
CCGT filtered : 137292.000000
time : 0.544597
