Parameters: GAD=1 vflib=1 dir=0 label=0 lowerbound=1 fileNameGp=../graphsdb/mcs30/rand/r005/mcs30_r005_s25.A34 fileNameGt=../graphsdb/mcs30/rand/r005/mcs30_r005_s25.B34
Reading graphs...
25 :  33
25 :  34
Initializing...
maxdom : 25
D->valSize : 625
Solving...
currentSize : 12 <-- 0.005403 s
currentSize : 13 <-- 0.005525 s
currentSize : 14 <-- 0.005983 s
currentSize : 15 <-- 0.006895 s
currentSize : 16 <-- 0.008841 s
currentSize : 17 <-- 0.012957 s
currentSize : 18 <-- 0.065277 s
currentSize : 19 <-- 0.110414 s

maxsize : 19
nodes : 61493.000000
filtered : 1225995.000000
CCGP filtered : 1199141.000000
CCGT filtered : 571522.000000
time : 0.489839
