Parameters: GAD=1 vflib=1 dir=0 label=0 lowerbound=1 fileNameGp=../graphsdb/mcs30/m3D/m3Dr2/mcs30_m3Dr2_s25.A97 fileNameGt=../graphsdb/mcs30/m3D/m3Dr2/mcs30_m3Dr2_s25.B97
Reading graphs...
25 :  53
25 :  51
Initializing...
maxdom : 25
D->valSize : 625
Solving...
currentSize : 12 <-- 0.005252 s
currentSize : 13 <-- 0.005587 s
currentSize : 14 <-- 0.008822 s
currentSize : 15 <-- 0.010413 s
currentSize : 16 <-- 0.017200 s
currentSize : 17 <-- 4.592136 s

maxsize : 17
nodes : 787947.000000
filtered : 16440349.000000
CCGP filtered : 3298088.000000
CCGT filtered : 2618482.000000
time : 6.479492
