Parameters: GAD=1 vflib=1 dir=0 label=0 lowerbound=1 fileNameGp=../graphsdb/mcs30/bvg/b03/mcs30_b03_s30.A59 fileNameGt=../graphsdb/mcs30/bvg/b03/mcs30_b03_s30.B59
Reading graphs...
30 :  45
30 :  45
Initializing...
maxdom : 30
D->valSize : 900
Solving...
currentSize : 13 <-- 0.011366 s
currentSize : 16 <-- 0.011440 s
currentSize : 18 <-- 0.015748 s
currentSize : 19 <-- 0.278027 s
currentSize : 20 <-- 2.697339 s
currentSize : 21 <-- 2.766840 s

maxsize : 21
nodes : 1484540.000000
filtered : 36649235.000000
CCGP filtered : 21259900.000000
CCGT filtered : 13724453.000000
time : 14.528154
