Parameters: GAD=1 vflib=1 dir=0 label=0 lowerbound=1 fileNameGp=../graphsdb/mcs30/rand/r005/mcs30_r005_s35.A02 fileNameGt=../graphsdb/mcs30/rand/r005/mcs30_r005_s35.B02
Reading graphs...
35 :  62
35 :  61
Initializing...
maxdom : 35
D->valSize : 1225
Solving...
currentSize : 17 <-- 0.020711 s
currentSize : 18 <-- 0.026542 s
currentSize : 19 <-- 0.032114 s
currentSize : 20 <-- 0.033853 s
currentSize : 21 <-- 0.097663 s
currentSize : 22 <-- 0.098154 s
currentSize : 23 <-- 0.127003 s
currentSize : 24 <-- 0.355593 s

maxsize : 24
nodes : 21359314.000000
filtered : 605999165.000000
CCGP filtered : 288535301.000000
CCGT filtered : 174467994.000000
time : 246.701553
