Parameters: GAD=1 vflib=1 dir=0 label=0 lowerbound=1 fileNameGp=../graphsdb/mcs30/bvg/b06/mcs30_b06_s35.A95 fileNameGt=../graphsdb/mcs30/bvg/b06/mcs30_b06_s35.B95
Reading graphs...
35 :  103
35 :  104
Initializing...
maxdom : 35
D->valSize : 1225
Solving...
currentSize : 16 <-- 0.033438 s
currentSize : 17 <-- 0.033578 s
currentSize : 18 <-- 0.035717 s
currentSize : 19 <-- 0.087974 s
currentSize : 20 <-- 6.604672 s
currentSize : 21 <-- 25.382280 s

maxsize : 21
nodes : 161388301.000000
filtered : 4733727937.000000
CCGP filtered : 314019020.000000
CCGT filtered : 382234518.000000
time : 1861.479492
