Parameters: GAD=1 vflib=1 dir=0 label=0 lowerbound=1 fileNameGp=../graphsdb/mcs50/m3D/m3D/mcs50_m3D_s20.A00 fileNameGt=../graphsdb/mcs50/m3D/m3D/mcs50_m3D_s20.B00
Reading graphs...
20 :  36
20 :  37
Initializing...
maxdom : 20
D->valSize : 400
Solving...
currentSize : 8 <-- 0.003827 s
currentSize : 10 <-- 0.003863 s
currentSize : 12 <-- 0.003923 s
currentSize : 13 <-- 0.005615 s
currentSize : 14 <-- 0.023024 s
currentSize : 15 <-- 0.281829 s

maxsize : 15
nodes : 56192.000000
filtered : 902454.000000
CCGP filtered : 126017.000000
CCGT filtered : 57300.000000
time : 0.382178
