Parameters: GAD=1 vflib=1 dir=0 label=0 lowerbound=1 fileNameGp=../graphsdb/mcs50/bvg/b03/mcs50_b03_s35.A90 fileNameGt=../graphsdb/mcs50/bvg/b03/mcs50_b03_s35.B90
Reading graphs...
35 :  52
35 :  52
Initializing...
maxdom : 35
D->valSize : 1225
Solving...
currentSize : 12 <-- 0.021029 s
currentSize : 18 <-- 0.021176 s
currentSize : 19 <-- 0.021324 s
currentSize : 20 <-- 0.022973 s
currentSize : 21 <-- 0.030780 s
currentSize : 23 <-- 0.038891 s
currentSize : 24 <-- 0.210893 s
currentSize : 25 <-- 1.713752 s
currentSize : 26 <-- 41.597885 s

maxsize : 26
nodes : 5119417.000000
filtered : 149559037.000000
CCGP filtered : 105308832.000000
CCGT filtered : 68291946.000000
time : 58.563408
