Parameters: GAD=1 vflib=1 dir=0 label=0 lowerbound=1 fileNameGp=../graphsdb/mcs50/rand/r005/mcs50_r005_s30.A93 fileNameGt=../graphsdb/mcs50/rand/r005/mcs50_r005_s30.B93
Reading graphs...
30 :  47
30 :  47
Initializing...
maxdom : 30
D->valSize : 900
Solving...
currentSize : 12 <-- 0.011010 s
currentSize : 14 <-- 0.011076 s
currentSize : 17 <-- 0.011153 s
currentSize : 18 <-- 0.012093 s
currentSize : 19 <-- 0.012632 s
currentSize : 20 <-- 0.260788 s
currentSize : 21 <-- 0.467343 s
currentSize : 22 <-- 10.243980 s

maxsize : 22
nodes : 1704412.000000
filtered : 38822690.000000
CCGP filtered : 16265873.000000
CCGT filtered : 12049987.000000
time : 15.190937
