Parameters: GAD=1 vflib=1 dir=0 label=0 lowerbound=1 fileNameGp=../graphsdb/mcs50/bvg/b03m/mcs50_b03m_s20.A55 fileNameGt=../graphsdb/mcs50/bvg/b03m/mcs50_b03m_s20.B55
Reading graphs...
20 :  29
20 :  29
Initializing...
maxdom : 20
D->valSize : 400
Solving...
currentSize : 10 <-- 0.002300 s
currentSize : 11 <-- 0.002330 s
currentSize : 12 <-- 0.002473 s
currentSize : 13 <-- 0.002635 s
currentSize : 14 <-- 0.102068 s
currentSize : 15 <-- 0.107192 s
currentSize : 16 <-- 0.107212 s

maxsize : 16
nodes : 18832.000000
filtered : 246152.000000
CCGP filtered : 85435.000000
CCGT filtered : 60369.000000
time : 0.120166
