Parameters: GAD=1 vflib=1 dir=0 label=0 lowerbound=1 fileNameGp=../graphsdb/mcs50/bvg/b06m/mcs50_b06m_s35.A89 fileNameGt=../graphsdb/mcs50/bvg/b06m/mcs50_b06m_s35.B89
Reading graphs...
35 :  98
35 :  100
Initializing...
maxdom : 35
D->valSize : 1225
Solving...
currentSize : 14 <-- 0.024630 s
currentSize : 15 <-- 0.024665 s
currentSize : 16 <-- 0.025060 s
currentSize : 17 <-- 0.030607 s
currentSize : 18 <-- 0.066415 s
currentSize : 19 <-- 0.731579 s
currentSize : 20 <-- 3.828320 s
currentSize : 21 <-- 1088.719360 s

maxsize : 21
nodes : 241660868.000000
filtered : 6257620509.000000
CCGP filtered : 689536580.000000
CCGT filtered : 333075896.000000
time : 2625.645264
