Parameters: GAD=1 vflib=1 dir=0 label=0 lowerbound=1 fileNameGp=../graphsdb/mcs50/bvg/b06/mcs50_b06_s20.A35 fileNameGt=../graphsdb/mcs50/bvg/b06/mcs50_b06_s20.B35
Reading graphs...
20 :  58
20 :  60
Initializing...
maxdom : 20
D->valSize : 400
Solving...
currentSize : 8 <-- 0.002060 s
currentSize : 9 <-- 0.002100 s
currentSize : 10 <-- 0.002538 s
currentSize : 11 <-- 0.005806 s
currentSize : 12 <-- 0.010920 s
currentSize : 13 <-- 0.686486 s

maxsize : 13
nodes : 125772.000000
filtered : 1889354.000000
CCGP filtered : 69787.000000
CCGT filtered : 121363.000000
time : 1.107047
