Parameters: GAD=1 vflib=1 dir=0 label=0 lowerbound=1 fileNameGp=../graphsdb/mcs50/m2D/m2D/mcs50_m2D_s30.A81 fileNameGt=../graphsdb/mcs50/m2D/m2D/mcs50_m2D_s30.B81
Reading graphs...
30 :  47
30 :  49
Initializing...
maxdom : 30
D->valSize : 900
Solving...
currentSize : 12 <-- 0.011019 s
currentSize : 13 <-- 0.011078 s
currentSize : 14 <-- 0.011184 s
currentSize : 15 <-- 0.011662 s
currentSize : 16 <-- 0.011956 s
currentSize : 17 <-- 0.012071 s
currentSize : 18 <-- 0.016470 s
currentSize : 19 <-- 0.018086 s
currentSize : 20 <-- 0.141434 s
currentSize : 21 <-- 1.553464 s
currentSize : 22 <-- 5.424763 s

maxsize : 22
nodes : 1016436.000000
filtered : 23144190.000000
CCGP filtered : 13857220.000000
CCGT filtered : 7035255.000000
time : 9.652435
