Parameters: GAD=1 vflib=1 dir=0 label=0 lowerbound=1 fileNameGp=../graphsdb/mcs50/m4D/m4D/mcs50_m4D_s35.A51 fileNameGt=../graphsdb/mcs50/m4D/m4D/mcs50_m4D_s35.B51
Reading graphs...
35 :  62
35 :  63
Initializing...
maxdom : 35
D->valSize : 1225
Solving...
currentSize : 11 <-- 0.035832 s
currentSize : 20 <-- 0.035959 s
currentSize : 21 <-- 0.036162 s
currentSize : 22 <-- 0.165895 s
currentSize : 23 <-- 0.397155 s
currentSize : 24 <-- 1.488747 s

maxsize : 24
nodes : 4951094.000000
filtered : 140490100.000000
CCGP filtered : 105408087.000000
CCGT filtered : 66935060.000000
time : 56.587322
