Parameters: GAD=1 vflib=1 dir=0 label=0 lowerbound=1 fileNameGp=../graphsdb/mcs50/bvg/b03m/mcs50_b03m_s30.A19 fileNameGt=../graphsdb/mcs50/bvg/b03m/mcs50_b03m_s30.B19
Reading graphs...
30 :  43
30 :  43
Initializing...
maxdom : 30
D->valSize : 900
Solving...
currentSize : 11 <-- 0.019477 s
currentSize : 14 <-- 0.019592 s
currentSize : 15 <-- 0.019907 s
currentSize : 16 <-- 0.019975 s
currentSize : 17 <-- 0.040940 s
currentSize : 18 <-- 0.041335 s
currentSize : 19 <-- 0.208506 s
currentSize : 20 <-- 0.253251 s
currentSize : 21 <-- 0.561226 s
currentSize : 22 <-- 0.577472 s

maxsize : 22
nodes : 767459.000000
filtered : 19355021.000000
CCGP filtered : 7868377.000000
CCGT filtered : 6412819.000000
time : 7.406683
