Parameters: GAD=1 vflib=1 dir=0 label=0 lowerbound=1 fileNameGp=../graphsdb/mcs50/bvg/b03m/mcs50_b03m_s35.A62 fileNameGt=../graphsdb/mcs50/bvg/b03m/mcs50_b03m_s35.B62
Reading graphs...
35 :  50
35 :  52
Initializing...
maxdom : 35
D->valSize : 1225
Solving...
currentSize : 14 <-- 0.026286 s
currentSize : 15 <-- 0.026691 s
currentSize : 16 <-- 0.028241 s
currentSize : 17 <-- 0.029624 s
currentSize : 18 <-- 0.030279 s
currentSize : 19 <-- 0.062710 s
currentSize : 20 <-- 0.129862 s
currentSize : 21 <-- 0.129911 s
currentSize : 22 <-- 0.129992 s
currentSize : 23 <-- 0.433281 s
currentSize : 24 <-- 5.171388 s
currentSize : 26 <-- 11.054367 s

maxsize : 26
nodes : 2584854.000000
filtered : 73696669.000000
CCGP filtered : 64250186.000000
CCGT filtered : 27368034.000000
time : 28.950424
