Parameters: GAD=1 vflib=1 dir=0 label=0 lowerbound=1 fileNameGp=../graphsdb/mcs50/m4D/m4Dr6/mcs50_m4Dr6_s35.A24 fileNameGt=../graphsdb/mcs50/m4D/m4Dr6/mcs50_m4Dr6_s35.B24
Reading graphs...
35 :  81
35 :  80
Initializing...
maxdom : 35
D->valSize : 1225
Solving...
currentSize : 16 <-- 0.019827 s
currentSize : 18 <-- 0.020644 s
currentSize : 19 <-- 0.171128 s
currentSize : 20 <-- 0.907275 s
currentSize : 21 <-- 2.052239 s
currentSize : 22 <-- 11.287617 s
currentSize : 23 <-- 61.284382 s

maxsize : 23
nodes : 34550230.000000
filtered : 1116965716.000000
CCGP filtered : 163016791.000000
CCGT filtered : 142533888.000000
time : 379.482391
