Parameters: GAD=1 vflib=1 dir=0 label=0 lowerbound=1 fileNameGp=../graphsdb/mcs50/m4D/m4Dr4/mcs50_m4Dr4_s35.A55 fileNameGt=../graphsdb/mcs50/m4D/m4Dr4/mcs50_m4Dr4_s35.B55
Reading graphs...
35 :  75
35 :  74
Initializing...
maxdom : 35
D->valSize : 1225
Solving...
currentSize : 14 <-- 0.035235 s
currentSize : 16 <-- 0.035332 s
currentSize : 17 <-- 0.043243 s
currentSize : 18 <-- 0.045051 s
currentSize : 19 <-- 0.070771 s
currentSize : 20 <-- 0.078872 s
currentSize : 21 <-- 0.095139 s
currentSize : 22 <-- 1.835975 s
currentSize : 23 <-- 17.616302 s

maxsize : 23
nodes : 54235874.000000
filtered : 1491776170.000000
CCGP filtered : 313253938.000000
CCGT filtered : 216669419.000000
time : 588.450073
