Parameters: GAD=1 vflib=1 dir=0 label=0 lowerbound=1 fileNameGp=../graphsdb/mcs50/bvg/b03m/mcs50_b03m_s25.A31 fileNameGt=../graphsdb/mcs50/bvg/b03m/mcs50_b03m_s25.B31
Reading graphs...
25 :  37
25 :  37
Initializing...
maxdom : 25
D->valSize : 625
Solving...
currentSize : 14 <-- 0.005352 s
currentSize : 15 <-- 0.005446 s
currentSize : 16 <-- 0.022262 s
currentSize : 17 <-- 0.113077 s
currentSize : 18 <-- 0.283733 s
currentSize : 19 <-- 1.730863 s

maxsize : 19
nodes : 214269.000000
filtered : 4568356.000000
CCGP filtered : 2169059.000000
CCGT filtered : 1353433.000000
time : 1.780276
