Parameters: GAD=1 vflib=1 dir=0 label=0 lowerbound=1 fileNameGp=../graphsdb/mcs50/bvg/b09/mcs50_b09_s35.A01 fileNameGt=../graphsdb/mcs50/bvg/b09/mcs50_b09_s35.B01
Reading graphs...
35 :  152
35 :  152
Initializing...
maxdom : 35
D->valSize : 1225
Solving...
currentSize : 13 <-- 0.031364 s
currentSize : 14 <-- 0.042737 s
currentSize : 15 <-- 0.162473 s
currentSize : 16 <-- 1.156229 s
currentSize : 17 <-- 28.303780 s
currentSize : 18 <-- 76.079079 s
currentSize : 19 <-- 83.910645 s
currentSize : 20 <-- 83.910774 s

maxsize : 20
nodes : 59708773.000000
filtered : 1884911537.000000
CCGP filtered : 21035308.000000
CCGT filtered : 50707706.000000
time : 753.365051
