Parameters: GAD=1 vflib=1 dir=0 label=0 lowerbound=1 fileNameGp=../graphsdb/mcs50/bvg/b09m/mcs50_b09m_s35.A57 fileNameGt=../graphsdb/mcs50/bvg/b09m/mcs50_b09m_s35.B57
Reading graphs...
35 :  151
35 :  150
Initializing...
maxdom : 35
D->valSize : 1225
Solving...
currentSize : 14 <-- 0.018541 s
currentSize : 15 <-- 0.020582 s
currentSize : 16 <-- 0.126404 s
currentSize : 17 <-- 1.411111 s
currentSize : 18 <-- 354.137177 s
currentSize : 19 <-- 371.470764 s

maxsize : 19
nodes : 293738338.000000
filtered : 7298746132.000000
CCGP filtered : 86247748.000000
CCGT filtered : 38524014.000000
time : 3437.595703
