Parameters: GAD=1 vflib=1 dir=0 label=0 lowerbound=1 fileNameGp=../graphsdb/mcs50/bvg/b09m/mcs50_b09m_s35.A90 fileNameGt=../graphsdb/mcs50/bvg/b09m/mcs50_b09m_s35.B90
Reading graphs...
35 :  145
35 :  147
Initializing...
maxdom : 35
D->valSize : 1225
Solving...
currentSize : 11 <-- 0.023569 s
currentSize : 12 <-- 0.023655 s
currentSize : 14 <-- 0.024108 s
currentSize : 15 <-- 0.025895 s
currentSize : 16 <-- 0.215254 s
currentSize : 17 <-- 11.321500 s
currentSize : 18 <-- 380.262939 s

TIMEOUT
maxsize : 18
nodes : 319245435.000000
filtered : 5986218613.000000
CCGP filtered : 89183689.000000
CCGT filtered : 85500558.000000
time : 3600.000000
