Parameters: GAD=1 vflib=1 dir=0 label=0 lowerbound=1 fileNameGp=../graphsdb/mcs50/m4D/m4Dr2/mcs50_m4Dr2_s35.A93 fileNameGt=../graphsdb/mcs50/m4D/m4Dr2/mcs50_m4Dr2_s35.B93
Reading graphs...
35 :  68
35 :  69
Initializing...
maxdom : 35
D->valSize : 1225
Solving...
currentSize : 16 <-- 0.021022 s
currentSize : 18 <-- 0.021089 s
currentSize : 19 <-- 0.021177 s
currentSize : 20 <-- 0.021549 s
currentSize : 21 <-- 0.265245 s
currentSize : 22 <-- 0.916648 s
currentSize : 23 <-- 2.002557 s
currentSize : 24 <-- 3.690178 s
currentSize : 25 <-- 20.689947 s

maxsize : 25
nodes : 6820795.000000
filtered : 230962388.000000
CCGP filtered : 100306532.000000
CCGT filtered : 47812073.000000
time : 80.773056
