Parameters: GAD=1 vflib=1 dir=0 label=0 lowerbound=1 fileNameGp=../graphsdb/mcs50/m2D/m2Dr2/mcs50_m2Dr2_s30.A43 fileNameGt=../graphsdb/mcs50/m2D/m2Dr2/mcs50_m2Dr2_s30.B43
Reading graphs...
30 :  55
30 :  55
Initializing...
maxdom : 30
D->valSize : 900
Solving...
currentSize : 13 <-- 0.011342 s
currentSize : 14 <-- 0.011412 s
currentSize : 15 <-- 0.011503 s
currentSize : 16 <-- 0.012012 s
currentSize : 17 <-- 0.012145 s
currentSize : 18 <-- 0.014270 s
currentSize : 19 <-- 0.150743 s
currentSize : 20 <-- 0.861705 s
currentSize : 21 <-- 9.629895 s

maxsize : 21
nodes : 4330133.000000
filtered : 105208560.000000
CCGP filtered : 37424656.000000
CCGT filtered : 18999003.000000
time : 40.991341
