Parameters: GAD=1 vflib=1 dir=0 label=0 lowerbound=1 fileNameGp=../graphsdb/mcs50/m3D/m3D/mcs50_m3D_s20.A73 fileNameGt=../graphsdb/mcs50/m3D/m3D/mcs50_m3D_s20.B73
Reading graphs...
20 :  36
20 :  36
Initializing...
maxdom : 20
D->valSize : 400
Solving...
currentSize : 10 <-- 0.002355 s
currentSize : 11 <-- 0.002428 s
currentSize : 12 <-- 0.002488 s
currentSize : 13 <-- 0.002675 s
currentSize : 14 <-- 0.002826 s
currentSize : 15 <-- 0.026848 s

maxsize : 15
nodes : 12432.000000
filtered : 310315.000000
CCGP filtered : 53307.000000
CCGT filtered : 18695.000000
time : 0.087229
