Parameters: GAD=1 vflib=1 dir=0 label=0 lowerbound=1 fileNameGp=../graphsdb/mcs50/m2D/m2Dr6/mcs50_m2Dr6_s30.A85 fileNameGt=../graphsdb/mcs50/m2D/m2Dr6/mcs50_m2Dr6_s30.B85
Reading graphs...
30 :  65
30 :  64
Initializing...
maxdom : 30
D->valSize : 900
Solving...
currentSize : 14 <-- 0.016196 s
currentSize : 15 <-- 0.019808 s
currentSize : 16 <-- 0.021115 s
currentSize : 17 <-- 0.094466 s
currentSize : 18 <-- 0.648493 s
currentSize : 19 <-- 4.660773 s
currentSize : 20 <-- 25.271919 s

maxsize : 20
nodes : 13038462.000000
filtered : 327184388.000000
CCGP filtered : 47604104.000000
CCGT filtered : 25193061.000000
time : 121.494270
