Parameters: GAD=1 vflib=1 dir=0 label=0 lowerbound=1 fileNameGp=../graphsdb/mcs50/bvg/b03m/mcs50_b03m_s25.A65 fileNameGt=../graphsdb/mcs50/bvg/b03m/mcs50_b03m_s25.B65
Reading graphs...
25 :  37
25 :  37
Initializing...
maxdom : 25
D->valSize : 625
Solving...
currentSize : 12 <-- 0.009250 s
currentSize : 13 <-- 0.009391 s
currentSize : 14 <-- 0.009526 s
currentSize : 15 <-- 0.009980 s
currentSize : 16 <-- 0.031825 s
currentSize : 17 <-- 0.134021 s
currentSize : 18 <-- 0.977606 s

maxsize : 18
nodes : 201904.000000
filtered : 3758564.000000
CCGP filtered : 3065579.000000
CCGT filtered : 1248372.000000
time : 1.739241
