Parameters: GAD=1 vflib=1 dir=0 label=0 lowerbound=1 fileNameGp=../graphsdb/mcs50/bvg/b06m/mcs50_b06m_s25.A62 fileNameGt=../graphsdb/mcs50/bvg/b06m/mcs50_b06m_s25.B62
Reading graphs...
25 :  70
25 :  68
Initializing...
maxdom : 25
D->valSize : 625
Solving...
currentSize : 11 <-- 0.008404 s
currentSize : 12 <-- 0.008487 s
currentSize : 13 <-- 0.010848 s
currentSize : 14 <-- 0.341086 s
currentSize : 15 <-- 0.389128 s
currentSize : 16 <-- 1.844053 s

maxsize : 16
nodes : 616385.000000
filtered : 11791094.000000
CCGP filtered : 231612.000000
CCGT filtered : 730944.000000
time : 5.149997
