Parameters: GAD=1 vflib=1 dir=0 label=0 lowerbound=1 fileNameGp=../graphsdb/mcs50/bvg/b09m/mcs50_b09m_s35.A95 fileNameGt=../graphsdb/mcs50/bvg/b09m/mcs50_b09m_s35.B95
Reading graphs...
35 :  150
35 :  152
Initializing...
maxdom : 35
D->valSize : 1225
Solving...
currentSize : 12 <-- 0.018260 s
currentSize : 13 <-- 0.018816 s
currentSize : 14 <-- 0.019865 s
currentSize : 15 <-- 0.021932 s
currentSize : 16 <-- 0.150926 s
currentSize : 17 <-- 0.339135 s
currentSize : 18 <-- 258.623169 s

TIMEOUT
maxsize : 18
nodes : 313828710.000000
filtered : 6830298225.000000
CCGP filtered : 89755004.000000
CCGT filtered : 141515754.000000
time : 3600.000000
