Parameters: GAD=1 vflib=1 dir=0 label=0 lowerbound=1 fileNameGp=../graphsdb/mcs50/m4D/m4Dr4/mcs50_m4Dr4_s30.A68 fileNameGt=../graphsdb/mcs50/m4D/m4Dr4/mcs50_m4Dr4_s30.B68
Reading graphs...
30 :  64
30 :  62
Initializing...
maxdom : 30
D->valSize : 900
Solving...
currentSize : 12 <-- 0.018837 s
currentSize : 13 <-- 0.018905 s
currentSize : 14 <-- 0.018996 s
currentSize : 16 <-- 0.019991 s
currentSize : 17 <-- 0.045431 s
currentSize : 18 <-- 0.111696 s
currentSize : 19 <-- 0.267997 s
currentSize : 20 <-- 0.322415 s
currentSize : 21 <-- 3.247233 s

maxsize : 21
nodes : 1150111.000000
filtered : 36672484.000000
CCGP filtered : 7486134.000000
CCGT filtered : 3958714.000000
time : 11.202610
