Parameters: GAD=1 vflib=1 dir=0 label=0 lowerbound=1 fileNameGp=../graphsdb/mcs50/bvg/b06/mcs50_b06_s35.A54 fileNameGt=../graphsdb/mcs50/bvg/b06/mcs50_b06_s35.B54
Reading graphs...
35 :  104
35 :  104
Initializing...
maxdom : 35
D->valSize : 1225
Solving...
currentSize : 15 <-- 0.024728 s
currentSize : 16 <-- 0.024813 s
currentSize : 17 <-- 0.026261 s
currentSize : 18 <-- 0.026719 s
currentSize : 19 <-- 0.147708 s
currentSize : 20 <-- 128.798950 s
currentSize : 21 <-- 415.883423 s

maxsize : 21
nodes : 204291446.000000
filtered : 5799299689.000000
CCGP filtered : 448950290.000000
CCGT filtered : 236990857.000000
time : 2274.418457
