Parameters: GAD=1 vflib=1 dir=0 label=0 lowerbound=1 fileNameGp=../graphsdb/mcs70/rand/r02/mcs70_r02_s25.A72 fileNameGt=../graphsdb/mcs70/rand/r02/mcs70_r02_s25.B72
Reading graphs...
25 :  101
25 :  104
Initializing...
maxdom : 25
D->valSize : 625
Solving...
currentSize : 8 <-- 0.004863 s
currentSize : 9 <-- 0.004904 s
currentSize : 10 <-- 0.004992 s
currentSize : 11 <-- 0.005183 s
currentSize : 12 <-- 0.030641 s
currentSize : 13 <-- 0.043778 s
currentSize : 14 <-- 3.547284 s
currentSize : 15 <-- 4.114566 s
currentSize : 17 <-- 5.462843 s

maxsize : 17
nodes : 770806.000000
filtered : 13538721.000000
CCGP filtered : 83471.000000
CCGT filtered : 59017.000000
time : 6.516853
