Parameters: GAD=1 vflib=1 dir=0 label=0 lowerbound=1 fileNameGp=../graphsdb/mcs70/bvg/b06/mcs70_b06_s25.A60 fileNameGt=../graphsdb/mcs70/bvg/b06/mcs70_b06_s25.B60
Reading graphs...
25 :  72
25 :  75
Initializing...
maxdom : 25
D->valSize : 625
Solving...
currentSize : 12 <-- 0.004879 s
currentSize : 13 <-- 0.005336 s
currentSize : 14 <-- 0.007656 s
currentSize : 15 <-- 0.007854 s
currentSize : 16 <-- 0.033618 s
currentSize : 17 <-- 0.080041 s
currentSize : 18 <-- 0.129680 s

maxsize : 18
nodes : 133612.000000
filtered : 3481449.000000
CCGP filtered : 85894.000000
CCGT filtered : 99896.000000
time : 1.159506
