Parameters: GAD=1 vflib=1 dir=0 label=0 lowerbound=1 fileNameGp=../graphsdb/mcs70/m2D/m2Dr4/mcs70_m2Dr4_s35.A91 fileNameGt=../graphsdb/mcs70/m2D/m2Dr4/mcs70_m2Dr4_s35.B91
Reading graphs...
35 :  71
35 :  70
Initializing...
maxdom : 35
D->valSize : 1225
Solving...
currentSize : 16 <-- 0.035735 s
currentSize : 20 <-- 0.035801 s
currentSize : 21 <-- 0.047181 s
currentSize : 22 <-- 0.659292 s
currentSize : 23 <-- 3.600159 s
currentSize : 24 <-- 26.556078 s
currentSize : 25 <-- 26.556177 s

maxsize : 25
nodes : 13674167.000000
filtered : 491779811.000000
CCGP filtered : 66178814.000000
CCGT filtered : 44032613.000000
time : 153.245026
