Parameters: GAD=1 vflib=1 dir=0 label=0 lowerbound=1 fileNameGp=../graphsdb/mcs70/bvg/b09m/mcs70_b09m_s30.A71 fileNameGt=../graphsdb/mcs70/bvg/b09m/mcs70_b09m_s30.B71
Reading graphs...
30 :  131
30 :  129
Initializing...
maxdom : 30
D->valSize : 900
Solving...
currentSize : 11 <-- 0.010035 s
currentSize : 12 <-- 0.025456 s
currentSize : 13 <-- 0.042449 s
currentSize : 14 <-- 0.054428 s
currentSize : 15 <-- 6.761784 s
currentSize : 16 <-- 32.179413 s
currentSize : 20 <-- 62.655132 s

maxsize : 20
nodes : 6892090.000000
filtered : 115058177.000000
CCGP filtered : 3029527.000000
CCGT filtered : 5524862.000000
time : 73.107574
