Parameters: GAD=1 vflib=1 dir=0 label=0 lowerbound=1 fileNameGp=../graphsdb/mcs70/m2D/m2Dr4/mcs70_m2Dr4_s35.A44 fileNameGt=../graphsdb/mcs70/m2D/m2Dr4/mcs70_m2Dr4_s35.B44
Reading graphs...
35 :  72
35 :  69
Initializing...
maxdom : 35
D->valSize : 1225
Solving...
currentSize : 16 <-- 0.020136 s
currentSize : 17 <-- 0.020249 s
currentSize : 18 <-- 0.020540 s
currentSize : 20 <-- 0.021168 s
currentSize : 21 <-- 0.304518 s
currentSize : 22 <-- 3.301755 s
currentSize : 23 <-- 79.939293 s
currentSize : 24 <-- 100.689049 s
currentSize : 25 <-- 131.705475 s
currentSize : 26 <-- 173.002319 s

maxsize : 26
nodes : 18534600.000000
filtered : 534691777.000000
CCGP filtered : 91913878.000000
CCGT filtered : 61764365.000000
time : 199.361923
