Parameters: GAD=1 vflib=1 dir=0 label=0 lowerbound=1 fileNameGp=../graphsdb/mcs70/bvg/b03/mcs70_b03_s30.A06 fileNameGt=../graphsdb/mcs70/bvg/b03/mcs70_b03_s30.B06
Reading graphs...
30 :  45
30 :  45
Initializing...
maxdom : 30
D->valSize : 900
Solving...
currentSize : 16 <-- 0.012140 s
currentSize : 17 <-- 0.012649 s
currentSize : 18 <-- 0.016321 s
currentSize : 19 <-- 0.022546 s
currentSize : 20 <-- 0.085344 s
currentSize : 21 <-- 0.259622 s
currentSize : 22 <-- 0.720080 s
currentSize : 23 <-- 0.744566 s
currentSize : 24 <-- 1.014651 s

maxsize : 24
nodes : 262168.000000
filtered : 6834517.000000
CCGP filtered : 2747913.000000
CCGT filtered : 1241403.000000
time : 2.426192
