Parameters: GAD=1 vflib=1 dir=0 label=0 lowerbound=1 fileNameGp=../graphsdb/mcs70/bvg/b06/mcs70_b06_s25.A15 fileNameGt=../graphsdb/mcs70/bvg/b06/mcs70_b06_s25.B15
Reading graphs...
25 :  73
25 :  75
Initializing...
maxdom : 25
D->valSize : 625
Solving...
currentSize : 12 <-- 0.008337 s
currentSize : 13 <-- 0.008374 s
currentSize : 15 <-- 0.045075 s
currentSize : 16 <-- 0.075441 s
currentSize : 17 <-- 0.077545 s
currentSize : 18 <-- 0.328396 s
currentSize : 19 <-- 0.770250 s

maxsize : 19
nodes : 110309.000000
filtered : 2783854.000000
CCGP filtered : 62897.000000
CCGT filtered : 91356.000000
time : 1.011691
