Parameters: GAD=1 vflib=1 dir=0 label=0 lowerbound=1 fileNameGp=../graphsdb/mcs70/m2D/m2D/mcs70_m2D_s25.A27 fileNameGt=../graphsdb/mcs70/m2D/m2D/mcs70_m2D_s25.B27
Reading graphs...
25 :  40
25 :  39
Initializing...
maxdom : 25
D->valSize : 625
Solving...
currentSize : 13 <-- 0.005327 s
currentSize : 14 <-- 0.005349 s
currentSize : 15 <-- 0.005510 s
currentSize : 16 <-- 0.006614 s
currentSize : 17 <-- 0.014412 s
currentSize : 18 <-- 0.026674 s
currentSize : 19 <-- 1.019482 s

maxsize : 19
nodes : 158224.000000
filtered : 3084106.000000
CCGP filtered : 1058495.000000
CCGT filtered : 581509.000000
time : 1.201698
