Parameters: GAD=1 vflib=1 dir=0 label=0 lowerbound=1 fileNameGp=../graphsdb/mcs70/rand/r005/mcs70_r005_s30.A87 fileNameGt=../graphsdb/mcs70/rand/r005/mcs70_r005_s30.B87
Reading graphs...
30 :  42
30 :  41
Initializing...
maxdom : 30
D->valSize : 900
Solving...
currentSize : 17 <-- 0.019644 s
currentSize : 18 <-- 0.019711 s
currentSize : 19 <-- 0.021265 s
currentSize : 20 <-- 0.024856 s
currentSize : 21 <-- 0.064819 s
currentSize : 22 <-- 0.088776 s

maxsize : 22
nodes : 478725.000000
filtered : 12990024.000000
CCGP filtered : 9046983.000000
CCGT filtered : 12876993.000000
time : 5.425051
