Parameters: GAD=1 vflib=1 dir=0 label=0 lowerbound=1 fileNameGp=../graphsdb/mcs70/bvg/b03/mcs70_b03_s20.A57 fileNameGt=../graphsdb/mcs70/bvg/b03/mcs70_b03_s20.B57
Reading graphs...
20 :  30
20 :  30
Initializing...
maxdom : 20
D->valSize : 400
Solving...
currentSize : 10 <-- 0.002400 s
currentSize : 12 <-- 0.002458 s
currentSize : 13 <-- 0.002931 s
currentSize : 14 <-- 0.003154 s
currentSize : 15 <-- 0.019107 s
currentSize : 16 <-- 0.049998 s

maxsize : 16
nodes : 22357.000000
filtered : 345991.000000
CCGP filtered : 84845.000000
CCGT filtered : 43074.000000
time : 0.142065
