Parameters: GAD=1 vflib=1 dir=0 label=0 lowerbound=1 fileNameGp=../graphsdb/mcs70/bvg/b03m/mcs70_b03m_s20.A44 fileNameGt=../graphsdb/mcs70/bvg/b03m/mcs70_b03m_s20.B44
Reading graphs...
20 :  30
20 :  30
Initializing...
maxdom : 20
D->valSize : 400
Solving...
currentSize : 10 <-- 0.002343 s
currentSize : 11 <-- 0.002441 s
currentSize : 12 <-- 0.002937 s
currentSize : 13 <-- 0.003120 s
currentSize : 14 <-- 0.012111 s
currentSize : 15 <-- 0.139345 s

maxsize : 15
nodes : 35929.000000
filtered : 519781.000000
CCGP filtered : 155285.000000
CCGT filtered : 91332.000000
time : 0.219107
