Parameters: GAD=1 vflib=1 dir=0 label=0 lowerbound=1 fileNameGp=../graphsdb/mcs70/m4D/m4Dr4/mcs70_m4Dr4_s25.A39 fileNameGt=../graphsdb/mcs70/m4D/m4Dr4/mcs70_m4Dr4_s25.B39
Reading graphs...
25 :  56
25 :  53
Initializing...
maxdom : 25
D->valSize : 625
Solving...
currentSize : 8 <-- 0.005288 s
currentSize : 11 <-- 0.005338 s
currentSize : 13 <-- 0.005422 s
currentSize : 14 <-- 0.006903 s
currentSize : 16 <-- 0.022786 s
currentSize : 17 <-- 0.024980 s
currentSize : 18 <-- 0.432915 s

maxsize : 18
nodes : 119947.000000
filtered : 3300194.000000
CCGP filtered : 498615.000000
CCGT filtered : 312933.000000
time : 1.018427
