Parameters: GAD=1 vflib=1 dir=0 label=0 lowerbound=1 fileNameGp=../graphsdb/mcs70/rand/r02/mcs70_r02_s25.A63 fileNameGt=../graphsdb/mcs70/rand/r02/mcs70_r02_s25.B63
Reading graphs...
25 :  106
25 :  100
Initializing...
maxdom : 25
D->valSize : 625
Solving...
currentSize : 9 <-- 0.007838 s
currentSize : 10 <-- 0.008022 s
currentSize : 11 <-- 0.008299 s
currentSize : 12 <-- 0.036749 s
currentSize : 13 <-- 0.612972 s
currentSize : 14 <-- 30.419319 s
currentSize : 15 <-- 30.430904 s
currentSize : 17 <-- 30.431099 s

maxsize : 17
nodes : 4109515.000000
filtered : 49442669.000000
CCGP filtered : 235814.000000
CCGT filtered : 186928.000000
time : 32.495445
