Parameters: GAD=1 vflib=1 dir=0 label=0 lowerbound=1 fileNameGp=../graphsdb/mcs70/bvg/b09/mcs70_b09_s35.A10 fileNameGt=../graphsdb/mcs70/bvg/b09/mcs70_b09_s35.B10
Reading graphs...
35 :  156
35 :  155
Initializing...
maxdom : 35
D->valSize : 1225
Solving...
currentSize : 12 <-- 0.018569 s
currentSize : 14 <-- 0.018665 s
currentSize : 15 <-- 0.019021 s
currentSize : 16 <-- 0.036437 s
currentSize : 17 <-- 0.298399 s
currentSize : 18 <-- 0.856244 s
currentSize : 19 <-- 0.856306 s
currentSize : 20 <-- 2.847294 s
currentSize : 24 <-- 4.997594 s

maxsize : 24
nodes : 4882417.000000
filtered : 188274549.000000
CCGP filtered : 466930.000000
CCGT filtered : 1213695.000000
time : 62.583366
