Parameters: GAD=1 vflib=1 dir=0 label=0 lowerbound=1 fileNameGp=../graphsdb/mcs70/rand/r01/mcs70_r01_s35.A88 fileNameGt=../graphsdb/mcs70/rand/r01/mcs70_r01_s35.B88
Reading graphs...
35 :  113
35 :  113
Initializing...
maxdom : 35
D->valSize : 1225
Solving...
currentSize : 13 <-- 0.033241 s
currentSize : 14 <-- 0.033491 s
currentSize : 15 <-- 0.037823 s
currentSize : 16 <-- 0.057029 s
currentSize : 17 <-- 0.396338 s
currentSize : 18 <-- 5.862446 s
currentSize : 19 <-- 7.511010 s
currentSize : 20 <-- 102.197899 s
currentSize : 21 <-- 1315.262573 s
currentSize : 22 <-- 1316.727661 s
currentSize : 23 <-- 1316.727661 s
currentSize : 24 <-- 1316.727783 s

maxsize : 24
nodes : 126060619.000000
filtered : 3001016543.000000
CCGP filtered : 139539829.000000
CCGT filtered : 117085866.000000
time : 1381.814819
