Parameters: GAD=1 vflib=1 dir=0 label=0 lowerbound=1 fileNameGp=../graphsdb/mcs70/m3D/m3Dr6/mcs70_m3Dr6_s35.A61 fileNameGt=../graphsdb/mcs70/m3D/m3Dr6/mcs70_m3Dr6_s35.B61
Reading graphs...
35 :  92
35 :  90
Initializing...
maxdom : 35
D->valSize : 1225
Solving...
currentSize : 10 <-- 0.019581 s
currentSize : 12 <-- 0.019639 s
currentSize : 13 <-- 0.019669 s
currentSize : 15 <-- 0.020116 s
currentSize : 16 <-- 0.020944 s
currentSize : 17 <-- 0.031991 s
currentSize : 18 <-- 0.275930 s
currentSize : 19 <-- 4.824641 s
currentSize : 20 <-- 16.061943 s
currentSize : 21 <-- 81.704033 s
currentSize : 22 <-- 88.381912 s
currentSize : 23 <-- 146.025711 s
currentSize : 24 <-- 222.220993 s
currentSize : 27 <-- 258.112427 s

maxsize : 27
nodes : 23368381.000000
filtered : 670437163.000000
CCGP filtered : 41345788.000000
CCGT filtered : 53782059.000000
time : 265.855469
