Parameters: GAD=1 vflib=1 dir=0 label=0 lowerbound=1 fileNameGp=../graphsdb/mcs70/m3D/m3D/mcs70_m3D_s35.A93 fileNameGt=../graphsdb/mcs70/m3D/m3D/mcs70_m3D_s35.B93
Reading graphs...
35 :  72
35 :  72
Initializing...
maxdom : 35
D->valSize : 1225
Solving...
currentSize : 11 <-- 0.035409 s
currentSize : 12 <-- 0.035613 s
currentSize : 14 <-- 0.035665 s
currentSize : 15 <-- 0.036042 s
currentSize : 17 <-- 0.036924 s
currentSize : 18 <-- 0.037176 s
currentSize : 19 <-- 0.037544 s
currentSize : 20 <-- 0.051354 s
currentSize : 21 <-- 0.123844 s
currentSize : 22 <-- 0.409400 s
currentSize : 23 <-- 1.583819 s
currentSize : 24 <-- 1.831670 s
currentSize : 25 <-- 13.473388 s
currentSize : 26 <-- 20.136124 s
currentSize : 27 <-- 32.238216 s
currentSize : 28 <-- 32.274166 s

maxsize : 28
nodes : 4083093.000000
filtered : 129580730.000000
CCGP filtered : 7200264.000000
CCGT filtered : 3925104.000000
time : 42.164711
