Parameters: GAD=1 vflib=1 dir=0 label=0 lowerbound=1 fileNameGp=../graphsdb/mcs70/bvg/b06/mcs70_b06_s35.A64 fileNameGt=../graphsdb/mcs70/bvg/b06/mcs70_b06_s35.B64
Reading graphs...
35 :  103
35 :  103
Initializing...
maxdom : 35
D->valSize : 1225
Solving...
currentSize : 11 <-- 0.033527 s
currentSize : 13 <-- 0.033616 s
currentSize : 14 <-- 0.035111 s
currentSize : 15 <-- 0.036905 s
currentSize : 16 <-- 0.041634 s
currentSize : 17 <-- 0.048599 s
currentSize : 18 <-- 0.052715 s
currentSize : 19 <-- 0.172206 s
currentSize : 21 <-- 0.298336 s
currentSize : 22 <-- 0.298431 s
currentSize : 24 <-- 2.775078 s
currentSize : 25 <-- 3.936417 s

maxsize : 25
nodes : 5911977.000000
filtered : 245236055.000000
CCGP filtered : 16140907.000000
CCGT filtered : 9322377.000000
time : 71.721413
