Parameters: GAD=1 vflib=1 dir=0 label=0 lowerbound=1 fileNameGp=../graphsdb/mcs70/bvg/b06/mcs70_b06_s35.A91 fileNameGt=../graphsdb/mcs70/bvg/b06/mcs70_b06_s35.B91
Reading graphs...
35 :  105
35 :  103
Initializing...
maxdom : 35
D->valSize : 1225
Solving...
currentSize : 19 <-- 0.033807 s
currentSize : 20 <-- 0.078812 s
currentSize : 21 <-- 0.131914 s
currentSize : 22 <-- 0.153664 s
currentSize : 23 <-- 0.174549 s
currentSize : 24 <-- 3.088378 s
currentSize : 25 <-- 20.305325 s

maxsize : 25
nodes : 9183153.000000
filtered : 379391208.000000
CCGP filtered : 21484255.000000
CCGT filtered : 10596153.000000
time : 108.714752
