Parameters: GAD=1 vflib=1 dir=0 label=0 lowerbound=1 fileNameGp=../graphsdb/mcs70/bvg/b09/mcs70_b09_s25.A32 fileNameGt=../graphsdb/mcs70/bvg/b09/mcs70_b09_s25.B32
Reading graphs...
25 :  109
25 :  112
Initializing...
maxdom : 25
D->valSize : 625
Solving...
currentSize : 9 <-- 0.007873 s
currentSize : 10 <-- 0.008171 s
currentSize : 11 <-- 0.008853 s
currentSize : 12 <-- 0.020806 s
currentSize : 13 <-- 0.249429 s
currentSize : 15 <-- 0.326987 s
currentSize : 16 <-- 0.327133 s
currentSize : 17 <-- 0.685633 s

maxsize : 17
nodes : 318160.000000
filtered : 7403832.000000
CCGP filtered : 11667.000000
CCGT filtered : 16124.000000
time : 2.992981
