Parameters: GAD=1 vflib=1 dir=0 label=0 lowerbound=1 fileNameGp=../graphsdb/mcs90/m3D/m3Dr6/mcs90_m3Dr6_s30.A92 fileNameGt=../graphsdb/mcs90/m3D/m3Dr6/mcs90_m3Dr6_s30.B92
Reading graphs...
30 :  78
30 :  74
Initializing...
maxdom : 30
D->valSize : 900
Solving...
currentSize : 14 <-- 0.018173 s
currentSize : 16 <-- 0.018554 s
currentSize : 17 <-- 0.059804 s
currentSize : 18 <-- 2.145925 s
currentSize : 19 <-- 4.053648 s
currentSize : 20 <-- 19.765392 s
currentSize : 21 <-- 20.143167 s
currentSize : 22 <-- 20.664644 s
currentSize : 23 <-- 21.836176 s
currentSize : 27 <-- 21.836283 s

maxsize : 27
nodes : 2435071.000000
filtered : 47972784.000000
CCGP filtered : 1547384.000000
CCGT filtered : 1477400.000000
time : 21.863655
