Parameters: GAD=1 vflib=1 dir=0 label=0 lowerbound=1 fileNameGp=../graphsdb/mcs90/rand/r01/mcs90_r01_s30.A11 fileNameGt=../graphsdb/mcs90/rand/r01/mcs90_r01_s30.B11
Reading graphs...
30 :  80
30 :  78
Initializing...
maxdom : 30
D->valSize : 900
Solving...
currentSize : 13 <-- 0.010369 s
currentSize : 14 <-- 0.011102 s
currentSize : 15 <-- 0.011183 s
currentSize : 16 <-- 0.016078 s
currentSize : 17 <-- 0.039237 s
currentSize : 18 <-- 1.953831 s
currentSize : 19 <-- 4.063171 s
currentSize : 21 <-- 4.278790 s
currentSize : 22 <-- 4.285094 s
currentSize : 23 <-- 4.285276 s
currentSize : 24 <-- 4.285793 s
currentSize : 25 <-- 4.321600 s
currentSize : 27 <-- 4.367738 s

maxsize : 27
nodes : 490229.000000
filtered : 9065431.000000
CCGP filtered : 757938.000000
CCGT filtered : 1196860.000000
time : 4.377266
