Parameters: GAD=1 vflib=1 dir=0 label=0 lowerbound=1 fileNameGp=../graphsdb/mcs90/m4D/m4Dr4/mcs90_m4Dr4_s20.A11 fileNameGt=../graphsdb/mcs90/m4D/m4Dr4/mcs90_m4Dr4_s20.B11
Reading graphs...
20 :  45
20 :  45
Initializing...
maxdom : 20
D->valSize : 400
Solving...
currentSize : 9 <-- 0.002225 s
currentSize : 11 <-- 0.002265 s
currentSize : 12 <-- 0.002614 s
currentSize : 13 <-- 0.061552 s
currentSize : 14 <-- 0.195279 s
currentSize : 15 <-- 0.200151 s
currentSize : 16 <-- 0.200306 s

maxsize : 16
nodes : 33730.000000
filtered : 446607.000000
CCGP filtered : 71111.000000
CCGT filtered : 38818.000000
time : 0.216311
