Parameters: GAD=1 vflib=1 dir=0 label=0 lowerbound=1 fileNameGp=../graphsdb/mcs90/rand/r01/mcs90_r01_s35.A29 fileNameGt=../graphsdb/mcs90/rand/r01/mcs90_r01_s35.B29
Reading graphs...
35 :  112
35 :  111
Initializing...
maxdom : 35
D->valSize : 1225
Solving...
currentSize : 13 <-- 0.033254 s
currentSize : 14 <-- 0.034169 s
currentSize : 15 <-- 0.034653 s
currentSize : 16 <-- 0.072553 s
currentSize : 17 <-- 0.128966 s
currentSize : 18 <-- 0.336273 s
currentSize : 19 <-- 11.867691 s
currentSize : 20 <-- 27.728027 s
currentSize : 21 <-- 219.077393 s
currentSize : 23 <-- 230.181625 s
currentSize : 25 <-- 244.063705 s
currentSize : 31 <-- 244.306534 s

maxsize : 31
nodes : 22401706.000000
filtered : 539638662.000000
CCGP filtered : 12863695.000000
CCGT filtered : 14039685.000000
time : 244.468246
