Parameters: GAD=1 vflib=1 dir=0 label=0 lowerbound=1 fileNameGp=../graphsdb/mcs90/m2D/m2D/mcs90_m2D_s20.A24 fileNameGt=../graphsdb/mcs90/m2D/m2D/mcs90_m2D_s20.B24
Reading graphs...
20 :  31
20 :  31
Initializing...
maxdom : 20
D->valSize : 400
Solving...
currentSize : 12 <-- 0.003856 s
currentSize : 13 <-- 0.003878 s
currentSize : 14 <-- 0.004234 s
currentSize : 15 <-- 0.004971 s
currentSize : 16 <-- 0.005346 s
currentSize : 17 <-- 0.023376 s
currentSize : 18 <-- 0.024347 s

maxsize : 18
nodes : 2539.000000
filtered : 46042.000000
CCGP filtered : 4150.000000
CCGT filtered : 1990.000000
time : 0.027261
