Parameters: GAD=1 vflib=1 dir=0 label=0 lowerbound=1 fileNameGp=../graphsdb/mcs90/bvg/b09/mcs90_b09_s35.A84 fileNameGt=../graphsdb/mcs90/bvg/b09/mcs90_b09_s35.B84
Reading graphs...
35 :  156
35 :  156
Initializing...
maxdom : 35
D->valSize : 1225
Solving...
currentSize : 13 <-- 0.031254 s
currentSize : 14 <-- 0.031452 s
currentSize : 16 <-- 0.034145 s
currentSize : 17 <-- 0.041710 s
currentSize : 18 <-- 0.132036 s
currentSize : 21 <-- 4.500714 s
currentSize : 22 <-- 4.501263 s
currentSize : 24 <-- 4.620687 s
currentSize : 26 <-- 4.807350 s
currentSize : 30 <-- 4.915013 s

maxsize : 30
nodes : 489557.000000
filtered : 12059210.000000
CCGP filtered : 74848.000000
CCGT filtered : 168730.000000
time : 5.838541
