Parameters: GAD=1 vflib=1 dir=0 label=0 lowerbound=1 fileNameGp=../graphsdb/mcs90/m4D/m4Dr6/mcs90_m4Dr6_s20.A69 fileNameGt=../graphsdb/mcs90/m4D/m4Dr6/mcs90_m4Dr6_s20.B69
Reading graphs...
20 :  48
20 :  45
Initializing...
maxdom : 20
D->valSize : 400
Solving...
currentSize : 8 <-- 0.003971 s
currentSize : 10 <-- 0.004198 s
currentSize : 11 <-- 0.004985 s
currentSize : 12 <-- 0.008342 s
currentSize : 13 <-- 0.051482 s
currentSize : 14 <-- 0.127735 s
currentSize : 16 <-- 0.297101 s

maxsize : 16
nodes : 46224.000000
filtered : 819622.000000
CCGP filtered : 81050.000000
CCGT filtered : 49275.000000
time : 0.303970
