Parameters: GAD=1 vflib=1 dir=0 label=0 lowerbound=1 fileNameGp=../graphsdb/mcs90/bvg/b03/mcs90_b03_s30.A44 fileNameGt=../graphsdb/mcs90/bvg/b03/mcs90_b03_s30.B44
Reading graphs...
30 :  45
30 :  45
Initializing...
maxdom : 30
D->valSize : 900
Solving...
currentSize : 20 <-- 0.011081 s
currentSize : 21 <-- 0.011338 s
currentSize : 22 <-- 0.011810 s
currentSize : 23 <-- 0.012047 s
currentSize : 24 <-- 0.012192 s
currentSize : 26 <-- 0.015634 s
currentSize : 27 <-- 0.031777 s

maxsize : 27
nodes : 12636.000000
filtered : 400372.000000
CCGP filtered : 63483.000000
CCGT filtered : 21261.000000
time : 0.127335
