Parameters: GAD=1 vflib=1 dir=0 label=0 lowerbound=1 fileNameGp=../graphsdb/mcs90/rand/r005/mcs90_r005_s35.A98 fileNameGt=../graphsdb/mcs90/rand/r005/mcs90_r005_s35.B98
Reading graphs...
35 :  57
35 :  56
Initializing...
maxdom : 35
D->valSize : 1225
Solving...
currentSize : 20 <-- 0.021050 s
currentSize : 22 <-- 0.021181 s
currentSize : 23 <-- 0.022295 s
currentSize : 24 <-- 0.036109 s
currentSize : 25 <-- 0.038035 s
currentSize : 27 <-- 0.041765 s
currentSize : 31 <-- 0.044735 s

maxsize : 31
nodes : 11316.000000
filtered : 724190.000000
CCGP filtered : 131054.000000
CCGT filtered : 50121.000000
time : 0.176765
