Parameters: GAD=1 vflib=1 dir=0 label=0 lowerbound=1 fileNameGp=../graphsdb/mcs90/rand/r005/mcs90_r005_s30.A05 fileNameGt=../graphsdb/mcs90/rand/r005/mcs90_r005_s30.B05
Reading graphs...
30 :  42
30 :  42
Initializing...
maxdom : 30
D->valSize : 900
Solving...
currentSize : 14 <-- 0.011276 s
currentSize : 17 <-- 0.011378 s
currentSize : 18 <-- 0.012102 s
currentSize : 19 <-- 0.013553 s
currentSize : 20 <-- 0.033810 s
currentSize : 21 <-- 0.074789 s
currentSize : 22 <-- 0.382813 s
currentSize : 23 <-- 1.101874 s
currentSize : 24 <-- 1.102892 s
currentSize : 25 <-- 1.102930 s
currentSize : 26 <-- 1.103070 s
currentSize : 27 <-- 1.105117 s

maxsize : 27
nodes : 128851.000000
filtered : 2592896.000000
CCGP filtered : 1217449.000000
CCGT filtered : 792647.000000
time : 1.135743
