Parameters: GAD=1 vflib=1 dir=0 label=0 lowerbound=1 fileNameGp=../graphsdb/mcs90/rand/r01/mcs90_r01_s25.A67 fileNameGt=../graphsdb/mcs90/rand/r01/mcs90_r01_s25.B67
Reading graphs...
25 :  57
25 :  58
Initializing...
maxdom : 25
D->valSize : 625
Solving...
currentSize : 12 <-- 0.005068 s
currentSize : 13 <-- 0.005202 s
currentSize : 14 <-- 0.005337 s
currentSize : 15 <-- 0.007104 s
currentSize : 16 <-- 0.010231 s
currentSize : 20 <-- 4.137777 s
currentSize : 22 <-- 4.137894 s

maxsize : 22
nodes : 522473.000000
filtered : 8718036.000000
CCGP filtered : 580166.000000
CCGT filtered : 560642.000000
time : 4.145403
