Parameters: GAD=1 vflib=1 dir=0 label=0 lowerbound=1 fileNameGp=../graphsdb/mcs90/bvg/b09/mcs90_b09_s35.A07 fileNameGt=../graphsdb/mcs90/bvg/b09/mcs90_b09_s35.B07
Reading graphs...
35 :  157
35 :  157
Initializing...
maxdom : 35
D->valSize : 1225
Solving...
currentSize : 11 <-- 0.022506 s
currentSize : 12 <-- 0.022542 s
currentSize : 13 <-- 0.022620 s
currentSize : 15 <-- 0.041793 s
currentSize : 16 <-- 0.114059 s
currentSize : 17 <-- 0.283881 s
currentSize : 18 <-- 0.284336 s
currentSize : 20 <-- 0.404235 s
currentSize : 21 <-- 0.422953 s
currentSize : 26 <-- 0.450923 s
currentSize : 29 <-- 0.488401 s
currentSize : 30 <-- 0.488978 s

maxsize : 30
nodes : 105863.000000
filtered : 5328590.000000
CCGP filtered : 6766.000000
CCGT filtered : 26927.000000
time : 1.412548
