Parameters: GAD=1 vflib=1 dir=0 label=0 lowerbound=1 fileNameGp=../graphsdb/mcs90/rand/r02/mcs90_r02_s30.A49 fileNameGt=../graphsdb/mcs90/rand/r02/mcs90_r02_s30.B49
Reading graphs...
30 :  155
30 :  156
Initializing...
maxdom : 30
D->valSize : 900
Solving...
currentSize : 12 <-- 0.009482 s
currentSize : 13 <-- 0.009619 s
currentSize : 14 <-- 0.010337 s
currentSize : 15 <-- 0.010638 s
currentSize : 17 <-- 0.016676 s
currentSize : 18 <-- 3.366738 s
currentSize : 19 <-- 5.196556 s
currentSize : 22 <-- 6.317952 s
currentSize : 27 <-- 6.348330 s

maxsize : 27
nodes : 568766.000000
filtered : 15272130.000000
CCGP filtered : 14359.000000
CCGT filtered : 512.000000
time : 6.361007
