Parameters: GAD=1 vflib=1 dir=0 label=0 lowerbound=1 fileNameGp=../graphsdb/mcs90/rand/r02/mcs90_r02_s15.A28 fileNameGt=../graphsdb/mcs90/rand/r02/mcs90_r02_s15.B28
Reading graphs...
15 :  38
15 :  39
Initializing...
maxdom : 15
D->valSize : 225
Solving...
currentSize : 7 <-- 0.000858 s
currentSize : 9 <-- 0.001064 s
currentSize : 10 <-- 0.001409 s
currentSize : 11 <-- 0.001551 s
currentSize : 12 <-- 0.006131 s
currentSize : 13 <-- 0.008837 s

maxsize : 13
nodes : 1623.000000
filtered : 26637.000000
CCGP filtered : 144.000000
CCGT filtered : 172.000000
time : 0.009439
