Parameters: GAD=1 vflib=1 dir=0 label=0 lowerbound=1 fileNameGp=../graphsdb/mcs90/rand/r01/mcs90_r01_s20.A27 fileNameGt=../graphsdb/mcs90/rand/r01/mcs90_r01_s20.B27
Reading graphs...
20 :  36
20 :  35
Initializing...
maxdom : 20
D->valSize : 400
Solving...
currentSize : 9 <-- 0.002210 s
currentSize : 10 <-- 0.002597 s
currentSize : 11 <-- 0.002626 s
currentSize : 12 <-- 0.003499 s
currentSize : 13 <-- 0.003741 s
currentSize : 14 <-- 0.006702 s
currentSize : 17 <-- 0.012810 s
currentSize : 18 <-- 0.012921 s

maxsize : 18
nodes : 2034.000000
filtered : 36620.000000
CCGP filtered : 11372.000000
CCGT filtered : 5577.000000
time : 0.014682
