Parameters: GAD=1 vflib=1 dir=0 label=0 lowerbound=1 fileNameGp=../graphsdb/mcs90/m4D/m4Dr4/mcs90_m4Dr4_s20.A47 fileNameGt=../graphsdb/mcs90/m4D/m4Dr4/mcs90_m4Dr4_s20.B47
Reading graphs...
20 :  44
20 :  43
Initializing...
maxdom : 20
D->valSize : 400
Solving...
currentSize : 7 <-- 0.002188 s
currentSize : 9 <-- 0.002221 s
currentSize : 10 <-- 0.002231 s
currentSize : 11 <-- 0.002361 s
currentSize : 12 <-- 0.005155 s
currentSize : 13 <-- 0.028592 s
currentSize : 14 <-- 0.033428 s
currentSize : 16 <-- 0.038935 s

maxsize : 16
nodes : 10089.000000
filtered : 225103.000000
CCGP filtered : 27961.000000
CCGT filtered : 32438.000000
time : 0.073652
