Parameters: GAD=1 vflib=1 dir=0 label=0 lowerbound=1 fileNameGp=../graphsdb/mcs90/rand/r02/mcs90_r02_s30.A24 fileNameGt=../graphsdb/mcs90/rand/r02/mcs90_r02_s30.B24
Reading graphs...
30 :  154
30 :  153
Initializing...
maxdom : 30
D->valSize : 900
Solving...
currentSize : 11 <-- 0.016078 s
currentSize : 12 <-- 0.020285 s
currentSize : 13 <-- 0.106760 s
currentSize : 14 <-- 0.138178 s
currentSize : 15 <-- 0.154084 s
currentSize : 16 <-- 0.257102 s
currentSize : 19 <-- 0.267955 s
currentSize : 27 <-- 6.127401 s

maxsize : 27
nodes : 525061.000000
filtered : 13302381.000000
CCGP filtered : 4711.000000
CCGT filtered : 6864.000000
time : 6.140091
