Parameters: GAD=1 vflib=1 dir=0 label=0 lowerbound=1 fileNameGp=../graphsdb/mcs90/bvg/b03/mcs90_b03_s30.A00 fileNameGt=../graphsdb/mcs90/bvg/b03/mcs90_b03_s30.B00
Reading graphs...
30 :  45
30 :  45
Initializing...
maxdom : 30
D->valSize : 900
Solving...
currentSize : 20 <-- 0.019507 s
currentSize : 21 <-- 0.019566 s
currentSize : 22 <-- 0.019903 s
currentSize : 23 <-- 0.020219 s
currentSize : 24 <-- 0.021110 s
currentSize : 25 <-- 0.032103 s
currentSize : 26 <-- 0.046162 s
currentSize : 27 <-- 0.139668 s

maxsize : 27
nodes : 19242.000000
filtered : 546688.000000
CCGP filtered : 40367.000000
CCGT filtered : 29955.000000
time : 0.242324
