Parameters: GAD=1 vflib=1 dir=0 label=0 lowerbound=1 fileNameGp=../graphsdb/mcs90/m2D/m2Dr6/mcs90_m2Dr6_s30.A60 fileNameGt=../graphsdb/mcs90/m2D/m2Dr6/mcs90_m2Dr6_s30.B60
Reading graphs...
30 :  64
30 :  63
Initializing...
maxdom : 30
D->valSize : 900
Solving...
currentSize : 16 <-- 0.010456 s
currentSize : 18 <-- 0.012499 s
currentSize : 19 <-- 0.022396 s
currentSize : 20 <-- 0.381503 s
currentSize : 22 <-- 15.619121 s
currentSize : 25 <-- 18.836538 s

maxsize : 25
nodes : 2031838.000000
filtered : 50328119.000000
CCGP filtered : 4726234.000000
CCGT filtered : 3983840.000000
time : 19.054928
