Parameters: GAD=1 vflib=1 dir=0 label=0 lowerbound=1 fileNameGp=../graphsdb/mcs10/rand/r02/mcs10_r02_s30.A97 fileNameGt=../graphsdb/mcs10/rand/r02/mcs10_r02_s30.B97
Reading graphs...
30 :  158
30 :  155
Initializing...
maxdom : 30
D->valSize : 900
Solving...
currentSize : 10 <-- 0.016207 s
currentSize : 11 <-- 0.016275 s
currentSize : 12 <-- 0.026130 s
currentSize : 13 <-- 0.039388 s
currentSize : 14 <-- 23.708580 s
currentSize : 15 <-- 363.729645 s

maxsize : 15
nodes : 77553258.000000
filtered : 1045141667.000000
CCGP filtered : 2282068.000000
CCGT filtered : 2536409.000000
time : 736.688782
