Parameters: GAD=1 vflib=1 dir=0 label=0 lowerbound=1 fileNameGp=../graphsdb/mcs10/rand/r01/mcs10_r01_s30.A15 fileNameGt=../graphsdb/mcs10/rand/r01/mcs10_r01_s30.B15
Reading graphs...
30 :  84
30 :  84
Initializing...
maxdom : 30
D->valSize : 900
Solving...
currentSize : 11 <-- 0.010249 s
currentSize : 13 <-- 0.010339 s
currentSize : 14 <-- 0.010578 s
currentSize : 15 <-- 0.010641 s
currentSize : 16 <-- 0.031432 s
currentSize : 17 <-- 0.385056 s
currentSize : 18 <-- 1.783040 s

maxsize : 18
nodes : 36072381.000000
filtered : 779152560.000000
CCGP filtered : 33564903.000000
CCGT filtered : 31582234.000000
time : 313.295990
