Parameters: GAD=1 vflib=1 dir=0 label=0 lowerbound=1 fileNameGp=../graphsdb/mcs10/rand/r02/mcs10_r02_s35.A33 fileNameGt=../graphsdb/mcs10/rand/r02/mcs10_r02_s35.B33
Reading graphs...
35 :  227
35 :  211
Initializing...
maxdom : 35
D->valSize : 1225
Solving...
currentSize : 9 <-- 0.022596 s
currentSize : 10 <-- 0.022670 s
currentSize : 11 <-- 0.022686 s
currentSize : 12 <-- 0.029226 s
currentSize : 13 <-- 0.073311 s
currentSize : 14 <-- 0.313471 s
currentSize : 15 <-- 115.400047 s

TIMEOUT
maxsize : 15
nodes : 325679950.000000
filtered : 3958781473.000000
CCGP filtered : 9590506.000000
CCGT filtered : 8137710.000000
time : 3600.000000
