Parameters: GAD=1 vflib=1 dir=0 label=0 lowerbound=1 fileNameGp=../graphsdb/mcs10/rand/r01/mcs10_r01_s30.A39 fileNameGt=../graphsdb/mcs10/rand/r01/mcs10_r01_s30.B39
Reading graphs...
30 :  85
30 :  83
Initializing...
maxdom : 30
D->valSize : 900
Solving...
currentSize : 12 <-- 0.017849 s
currentSize : 14 <-- 0.017992 s
currentSize : 15 <-- 0.151101 s
currentSize : 16 <-- 0.281832 s
currentSize : 17 <-- 0.425227 s
currentSize : 18 <-- 9.170052 s
currentSize : 19 <-- 67.742279 s

maxsize : 19
nodes : 14168636.000000
filtered : 373429291.000000
CCGP filtered : 22083107.000000
CCGT filtered : 13346280.000000
time : 125.307022
