Parameters: GAD=1 vflib=1 dir=0 label=0 lowerbound=1 fileNameGp=../graphsdb/mcs10/rand/r005/mcs10_r005_s30.A59 fileNameGt=../graphsdb/mcs10/rand/r005/mcs10_r005_s30.B59
Reading graphs...
30 :  43
30 :  45
Initializing...
maxdom : 30
D->valSize : 900
Solving...
currentSize : 14 <-- 0.011147 s
currentSize : 16 <-- 0.011182 s
currentSize : 17 <-- 0.011315 s
currentSize : 18 <-- 0.011708 s
currentSize : 19 <-- 0.027080 s
currentSize : 20 <-- 0.035260 s
currentSize : 21 <-- 5.897866 s

maxsize : 21
nodes : 1134730.000000
filtered : 31058696.000000
CCGP filtered : 21868681.000000
CCGT filtered : 11050542.000000
time : 10.642479
