Parameters: GAD=1 vflib=1 dir=0 label=0 lowerbound=1 fileNameGp=../graphsdb/mcs30/m3D/m3D/mcs30_m3D_s25.A21 fileNameGt=../graphsdb/mcs30/m3D/m3D/mcs30_m3D_s25.B21
Reading graphs...
25 :  47
25 :  49
Initializing...
maxdom : 25
D->valSize : 625
Solving...
currentSize : 12 <-- 0.009069 s
currentSize : 13 <-- 0.009192 s
currentSize : 14 <-- 0.009684 s
currentSize : 15 <-- 0.011658 s
currentSize : 16 <-- 0.021401 s
currentSize : 17 <-- 0.109215 s
currentSize : 18 <-- 0.686981 s

maxsize : 18
nodes : 379235.000000
filtered : 9276588.000000
CCGP filtered : 1322921.000000
CCGT filtered : 289128.000000
time : 2.819213
