Parameters: GAD=1 vflib=1 dir=0 label=0 lowerbound=1 fileNameGp=../graphsdb/mcs30/bvg/b06/mcs30_b06_s35.A64 fileNameGt=../graphsdb/mcs30/bvg/b06/mcs30_b06_s35.B64
Reading graphs...
35 :  105
35 :  102
Initializing...
maxdom : 35
D->valSize : 1225
Solving...
currentSize : 14 <-- 0.034117 s
currentSize : 15 <-- 0.034171 s
currentSize : 16 <-- 0.034208 s
currentSize : 18 <-- 0.034349 s
currentSize : 19 <-- 0.040206 s
currentSize : 20 <-- 1.566101 s
currentSize : 21 <-- 91.710159 s

maxsize : 21
nodes : 149629257.000000
filtered : 4591513653.000000
CCGP filtered : 319042224.000000
CCGT filtered : 266479254.000000
time : 1567.820068
