Parameters: GAD=1 vflib=1 dir=0 label=0 lowerbound=1 fileNameGp=../graphsdb/mcs30/bvg/b06m/mcs30_b06m_s35.A24 fileNameGt=../graphsdb/mcs30/bvg/b06m/mcs30_b06m_s35.B24
Reading graphs...
35 :  102
35 :  100
Initializing...
maxdom : 35
D->valSize : 1225
Solving...
currentSize : 13 <-- 0.019695 s
currentSize : 14 <-- 0.019884 s
currentSize : 15 <-- 0.020012 s
currentSize : 16 <-- 0.023734 s
currentSize : 17 <-- 0.176065 s
currentSize : 18 <-- 0.370954 s
currentSize : 19 <-- 1.774265 s
currentSize : 20 <-- 7.732070 s
currentSize : 21 <-- 385.535583 s

maxsize : 21
nodes : 211144034.000000
filtered : 5918852558.000000
CCGP filtered : 489989871.000000
CCGT filtered : 433132971.000000
time : 2206.460938
