Parameters: GAD=1 vflib=1 dir=0 label=0 lowerbound=1 fileNameGp=../graphsdb/mcs30/bvg/b03m/mcs30_b03m_s30.A31 fileNameGt=../graphsdb/mcs30/bvg/b03m/mcs30_b03m_s30.B31
Reading graphs...
30 :  44
30 :  45
Initializing...
maxdom : 30
D->valSize : 900
Solving...
currentSize : 13 <-- 0.011085 s
currentSize : 14 <-- 0.011250 s
currentSize : 15 <-- 0.011279 s
currentSize : 16 <-- 0.011548 s
currentSize : 17 <-- 0.011759 s
currentSize : 18 <-- 0.057552 s
currentSize : 19 <-- 0.057695 s
currentSize : 20 <-- 0.912449 s
currentSize : 21 <-- 7.206792 s

maxsize : 21
nodes : 987520.000000
filtered : 22441600.000000
CCGP filtered : 17412814.000000
CCGT filtered : 11995720.000000
time : 8.957420
