Parameters: GAD=1 vflib=1 dir=0 label=0 lowerbound=1 fileNameGp=../graphsdb/mcs30/m3D/m3Dr6/mcs30_m3Dr6_s30.A08 fileNameGt=../graphsdb/mcs30/m3D/m3Dr6/mcs30_m3Dr6_s30.B08
Reading graphs...
30 :  78
30 :  76
Initializing...
maxdom : 30
D->valSize : 900
Solving...
currentSize : 11 <-- 0.010645 s
currentSize : 12 <-- 0.010744 s
currentSize : 13 <-- 0.011004 s
currentSize : 14 <-- 0.014200 s
currentSize : 15 <-- 0.066362 s
currentSize : 16 <-- 0.095031 s
currentSize : 17 <-- 0.153028 s
currentSize : 18 <-- 4.606174 s
currentSize : 19 <-- 125.049553 s

maxsize : 19
nodes : 15430001.000000
filtered : 359032536.000000
CCGP filtered : 43549311.000000
CCGT filtered : 37359931.000000
time : 140.033066
