Parameters: GAD=1 vflib=1 dir=0 label=0 lowerbound=1 fileNameGp=../graphsdb/mcs30/bvg/b03m/mcs30_b03m_s20.A92 fileNameGt=../graphsdb/mcs30/bvg/b03m/mcs30_b03m_s20.B92
Reading graphs...
20 :  29
20 :  30
Initializing...
maxdom : 20
D->valSize : 400
Solving...
currentSize : 6 <-- 0.002389 s
currentSize : 8 <-- 0.002450 s
currentSize : 9 <-- 0.002498 s
currentSize : 10 <-- 0.002931 s
currentSize : 11 <-- 0.003038 s
currentSize : 12 <-- 0.003066 s
currentSize : 13 <-- 0.010180 s
currentSize : 14 <-- 0.015509 s
currentSize : 15 <-- 0.015811 s

maxsize : 15
nodes : 7254.000000
filtered : 133836.000000
CCGP filtered : 85656.000000
CCGT filtered : 46761.000000
time : 0.049645
