Parameters: GAD=1 vflib=1 dir=0 label=0 lowerbound=1 fileNameGp=../graphsdb/mcs30/rand/r01/mcs30_r01_s25.A79 fileNameGt=../graphsdb/mcs30/rand/r01/mcs30_r01_s25.B79
Reading graphs...
25 :  60
25 :  59
Initializing...
maxdom : 25
D->valSize : 625
Solving...
currentSize : 10 <-- 0.005049 s
currentSize : 12 <-- 0.005135 s
currentSize : 13 <-- 0.006406 s
currentSize : 14 <-- 0.029812 s
currentSize : 15 <-- 0.030659 s
currentSize : 16 <-- 1.975838 s

maxsize : 16
nodes : 2342795.000000
filtered : 45697709.000000
CCGP filtered : 4038367.000000
CCGT filtered : 1725645.000000
time : 16.559109
