Parameters: GAD=1 vflib=1 dir=0 label=0 lowerbound=1 fileNameGp=../graphsdb/mcs30/m2D/m2Dr6/mcs30_m2Dr6_s30.A57 fileNameGt=../graphsdb/mcs30/m2D/m2Dr6/mcs30_m2Dr6_s30.B57
Reading graphs...
30 :  65
30 :  62
Initializing...
maxdom : 30
D->valSize : 900
Solving...
currentSize : 10 <-- 0.011272 s
currentSize : 11 <-- 0.011411 s
currentSize : 13 <-- 0.011485 s
currentSize : 14 <-- 0.011630 s
currentSize : 15 <-- 0.012606 s
currentSize : 16 <-- 0.086692 s
currentSize : 17 <-- 0.278298 s
currentSize : 18 <-- 0.316364 s
currentSize : 19 <-- 26.495512 s
currentSize : 20 <-- 96.352867 s

maxsize : 20
nodes : 14970752.000000
filtered : 313022058.000000
CCGP filtered : 61458356.000000
CCGT filtered : 35283186.000000
time : 121.815453
