Parameters: GAD=1 vflib=1 dir=0 label=0 lowerbound=1 fileNameGp=../graphsdb/mcs30/m3D/m3Dr6/mcs30_m3Dr6_s25.A51 fileNameGt=../graphsdb/mcs30/m3D/m3Dr6/mcs30_m3Dr6_s25.B51
Reading graphs...
25 :  61
25 :  61
Initializing...
maxdom : 25
D->valSize : 625
Solving...
currentSize : 10 <-- 0.004959 s
currentSize : 12 <-- 0.005018 s
currentSize : 13 <-- 0.005104 s
currentSize : 14 <-- 0.013359 s
currentSize : 15 <-- 0.083562 s
currentSize : 16 <-- 1.066811 s

maxsize : 16
nodes : 1172192.000000
filtered : 23650644.000000
CCGP filtered : 2175749.000000
CCGT filtered : 1515819.000000
time : 8.774571
