Parameters: GAD=1 vflib=1 dir=0 label=0 lowerbound=1 fileNameGp=../graphsdb/mcs30/m3D/m3D/mcs30_m3D_s30.A97 fileNameGt=../graphsdb/mcs30/m3D/m3D/mcs30_m3D_s30.B97
Reading graphs...
30 :  59
30 :  61
Initializing...
maxdom : 30
D->valSize : 900
Solving...
currentSize : 14 <-- 0.019105 s
currentSize : 15 <-- 0.019693 s
currentSize : 16 <-- 0.022692 s
currentSize : 17 <-- 0.069676 s
currentSize : 18 <-- 0.070445 s
currentSize : 19 <-- 0.258846 s
currentSize : 20 <-- 4.015917 s

maxsize : 20
nodes : 8257701.000000
filtered : 206485847.000000
CCGP filtered : 48020704.000000
CCGT filtered : 27472727.000000
time : 71.648254
