Parameters: GAD=1 vflib=1 dir=0 label=0 lowerbound=1 fileNameGp=../graphsdb/mcs30/bvg/b06m/mcs30_b06m_s25.A84 fileNameGt=../graphsdb/mcs30/bvg/b06m/mcs30_b06m_s25.B84
Reading graphs...
25 :  71
25 :  68
Initializing...
maxdom : 25
D->valSize : 625
Solving...
currentSize : 9 <-- 0.008528 s
currentSize : 10 <-- 0.009052 s
currentSize : 11 <-- 0.009317 s
currentSize : 12 <-- 0.009897 s
currentSize : 13 <-- 0.068962 s
currentSize : 14 <-- 0.230493 s
currentSize : 15 <-- 0.744997 s

maxsize : 15
nodes : 1067614.000000
filtered : 20417387.000000
CCGP filtered : 1061102.000000
CCGT filtered : 803440.000000
time : 7.817694
