Parameters: GAD=1 vflib=1 dir=0 label=0 lowerbound=1 fileNameGp=../graphsdb/mcs30/rand/r01/mcs30_r01_s35.A90 fileNameGt=../graphsdb/mcs30/rand/r01/mcs30_r01_s35.B90
Reading graphs...
35 :  113
35 :  114
Initializing...
maxdom : 35
D->valSize : 1225
Solving...
currentSize : 13 <-- 0.018943 s
currentSize : 14 <-- 0.019032 s
currentSize : 15 <-- 0.020318 s
currentSize : 16 <-- 0.050157 s
currentSize : 17 <-- 0.174978 s
currentSize : 18 <-- 3.157010 s
currentSize : 19 <-- 47.750633 s
currentSize : 20 <-- 90.703415 s

TIMEOUT
maxsize : 20
nodes : 352538892.000000
filtered : 8521800681.000000
CCGP filtered : 255876922.000000
CCGT filtered : 356319908.000000
time : 3600.000000
