Parameters: GAD=1 vflib=1 dir=0 label=0 lowerbound=1 fileNameGp=../graphsdb/mcs30/m3D/m3Dr4/mcs30_m3Dr4_s30.A10 fileNameGt=../graphsdb/mcs30/m3D/m3Dr4/mcs30_m3Dr4_s30.B10
Reading graphs...
30 :  70
30 :  71
Initializing...
maxdom : 30
D->valSize : 900
Solving...
currentSize : 13 <-- 0.010811 s
currentSize : 14 <-- 0.010960 s
currentSize : 15 <-- 0.012805 s
currentSize : 16 <-- 0.014140 s
currentSize : 17 <-- 0.074721 s
currentSize : 18 <-- 1.982212 s
currentSize : 19 <-- 87.834702 s

maxsize : 19
nodes : 23035547.000000
filtered : 505812160.000000
CCGP filtered : 54214632.000000
CCGT filtered : 44970045.000000
time : 196.314331
