Parameters: GAD=1 vflib=1 dir=0 label=0 lowerbound=1 fileNameGp=../graphsdb/mcs30/bvg/b03/mcs30_b03_s25.A56 fileNameGt=../graphsdb/mcs30/bvg/b03/mcs30_b03_s25.B56
Reading graphs...
25 :  35
25 :  37
Initializing...
maxdom : 25
D->valSize : 625
Solving...
currentSize : 11 <-- 0.005373 s
currentSize : 13 <-- 0.005442 s
currentSize : 14 <-- 0.005810 s
currentSize : 15 <-- 0.005924 s
currentSize : 16 <-- 0.006758 s
currentSize : 17 <-- 0.009165 s
currentSize : 18 <-- 0.163413 s

maxsize : 18
nodes : 83961.000000
filtered : 2033261.000000
CCGP filtered : 1062939.000000
CCGT filtered : 1085986.000000
time : 0.713846
