Parameters: GAD=1 vflib=1 dir=0 label=0 lowerbound=1 fileNameGp=../graphsdb/mcs30/m3D/m3Dr4/mcs30_m3Dr4_s30.A93 fileNameGt=../graphsdb/mcs30/m3D/m3Dr4/mcs30_m3Dr4_s30.B93
Reading graphs...
30 :  69
30 :  70
Initializing...
maxdom : 30
D->valSize : 900
Solving...
currentSize : 13 <-- 0.010488 s
currentSize : 15 <-- 0.010659 s
currentSize : 16 <-- 0.011388 s
currentSize : 17 <-- 0.012509 s
currentSize : 18 <-- 0.015505 s
currentSize : 19 <-- 0.435783 s

maxsize : 19
nodes : 15299536.000000
filtered : 355068495.000000
CCGP filtered : 38131128.000000
CCGT filtered : 34625404.000000
time : 132.017212
