Parameters: GAD=1 vflib=1 dir=0 label=0 lowerbound=1 fileNameGp=../graphsdb/mcs30/rand/r01/mcs30_r01_s20.A38 fileNameGt=../graphsdb/mcs30/rand/r01/mcs30_r01_s20.B38
Reading graphs...
20 :  38
20 :  39
Initializing...
maxdom : 20
D->valSize : 400
Solving...
currentSize : 8 <-- 0.003747 s
currentSize : 9 <-- 0.004087 s
currentSize : 10 <-- 0.004387 s
currentSize : 11 <-- 0.004670 s
currentSize : 12 <-- 0.007962 s
currentSize : 13 <-- 0.113328 s
currentSize : 14 <-- 0.275650 s

maxsize : 14
nodes : 114118.000000
filtered : 1757225.000000
CCGP filtered : 203735.000000
CCGT filtered : 100723.000000
time : 0.774074
