Parameters: GAD=1 vflib=1 dir=0 label=0 lowerbound=1 fileNameGp=../graphsdb/mcs30/rand/r005/mcs30_r005_s30.A01 fileNameGt=../graphsdb/mcs30/rand/r005/mcs30_r005_s30.B01
Reading graphs...
30 :  48
30 :  47
Initializing...
maxdom : 30
D->valSize : 900
Solving...
currentSize : 13 <-- 0.019655 s
currentSize : 15 <-- 0.019806 s
currentSize : 18 <-- 0.020054 s
currentSize : 19 <-- 0.028013 s
currentSize : 20 <-- 0.103865 s
currentSize : 21 <-- 1.652482 s
currentSize : 22 <-- 4.548264 s

maxsize : 22
nodes : 967914.000000
filtered : 25780221.000000
CCGP filtered : 13250269.000000
CCGT filtered : 6745414.000000
time : 8.785432
