Parameters: GAD=1 vflib=1 dir=0 label=0 lowerbound=1 fileNameGp=../graphsdb/mcs50/rand/r02/mcs50_r02_s35.A56 fileNameGt=../graphsdb/mcs50/rand/r02/mcs50_r02_s35.B56
Reading graphs...
35 :  207
35 :  216
Initializing...
maxdom : 35
D->valSize : 1225
Solving...
currentSize : 10 <-- 0.018031 s
currentSize : 11 <-- 0.018208 s
currentSize : 12 <-- 0.023075 s
currentSize : 13 <-- 0.046905 s
currentSize : 14 <-- 0.656051 s
currentSize : 15 <-- 33.497543 s
currentSize : 17 <-- 1044.439331 s

TIMEOUT
maxsize : 17
nodes : 310263569.000000
filtered : 4983903101.000000
CCGP filtered : 8531183.000000
CCGT filtered : 13066064.000000
time : 3600.000000
