Parameters: GAD=1 vflib=1 dir=0 label=0 lowerbound=1 fileNameGp=../graphsdb/mcs50/bvg/b03/mcs50_b03_s20.A62 fileNameGt=../graphsdb/mcs50/bvg/b03/mcs50_b03_s20.B62
Reading graphs...
20 :  30
20 :  30
Initializing...
maxdom : 20
D->valSize : 400
Solving...
currentSize : 9 <-- 0.002474 s
currentSize : 10 <-- 0.002561 s
currentSize : 11 <-- 0.002765 s
currentSize : 12 <-- 0.003063 s
currentSize : 13 <-- 0.004600 s
currentSize : 14 <-- 0.114624 s
currentSize : 15 <-- 0.215039 s

maxsize : 15
nodes : 40602.000000
filtered : 638134.000000
CCGP filtered : 279953.000000
CCGT filtered : 199090.000000
time : 0.249068
