Parameters: GAD=1 vflib=1 dir=0 label=0 lowerbound=1 fileNameGp=../graphsdb/mcs50/m2D/m2Dr2/mcs50_m2Dr2_s20.A52 fileNameGt=../graphsdb/mcs50/m2D/m2Dr2/mcs50_m2Dr2_s20.B52
Reading graphs...
20 :  33
20 :  34
Initializing...
maxdom : 20
D->valSize : 400
Solving...
currentSize : 9 <-- 0.002344 s
currentSize : 11 <-- 0.002371 s
currentSize : 12 <-- 0.003546 s
currentSize : 13 <-- 0.006810 s
currentSize : 14 <-- 0.024005 s
currentSize : 15 <-- 0.082870 s

maxsize : 15
nodes : 26101.000000
filtered : 429171.000000
CCGP filtered : 109703.000000
CCGT filtered : 56194.000000
time : 0.155454
