Parameters: GAD=1 vflib=1 dir=0 label=0 lowerbound=1 fileNameGp=../graphsdb/mcs50/m2D/m2Dr2/mcs50_m2Dr2_s30.A90 fileNameGt=../graphsdb/mcs50/m2D/m2Dr2/mcs50_m2Dr2_s30.B90
Reading graphs...
30 :  55
30 :  54
Initializing...
maxdom : 30
D->valSize : 900
Solving...
currentSize : 14 <-- 0.010920 s
currentSize : 15 <-- 0.010956 s
currentSize : 17 <-- 0.011459 s
currentSize : 18 <-- 0.012453 s
currentSize : 19 <-- 0.035344 s
currentSize : 20 <-- 0.062071 s
currentSize : 21 <-- 0.534621 s

maxsize : 21
nodes : 1990021.000000
filtered : 54403578.000000
CCGP filtered : 13195088.000000
CCGT filtered : 11033369.000000
time : 17.757318
