Parameters: GAD=1 vflib=1 dir=0 label=0 lowerbound=1 fileNameGp=../graphsdb/mcs50/bvg/b06m/mcs50_b06m_s25.A38 fileNameGt=../graphsdb/mcs50/bvg/b06m/mcs50_b06m_s25.B38
Reading graphs...
25 :  72
25 :  73
Initializing...
maxdom : 25
D->valSize : 625
Solving...
currentSize : 9 <-- 0.004828 s
currentSize : 10 <-- 0.004857 s
currentSize : 11 <-- 0.005343 s
currentSize : 12 <-- 0.005439 s
currentSize : 13 <-- 0.007167 s
currentSize : 14 <-- 0.013656 s
currentSize : 15 <-- 0.056621 s

maxsize : 15
nodes : 1486243.000000
filtered : 27048691.000000
CCGP filtered : 1730816.000000
CCGT filtered : 1026664.000000
time : 11.070008
