Parameters: GAD=1 vflib=1 dir=0 label=0 lowerbound=1 fileNameGp=../graphsdb/mcs50/rand/r01/mcs50_r01_s35.A42 fileNameGt=../graphsdb/mcs50/rand/r01/mcs50_r01_s35.B42
Reading graphs...
35 :  108
35 :  112
Initializing...
maxdom : 35
D->valSize : 1225
Solving...
currentSize : 14 <-- 0.019150 s
currentSize : 16 <-- 0.019206 s
currentSize : 17 <-- 0.022022 s
currentSize : 18 <-- 0.097162 s
currentSize : 19 <-- 1.592143 s
currentSize : 20 <-- 114.078377 s

TIMEOUT
maxsize : 20
nodes : 349501558.000000
filtered : 7955014563.000000
CCGP filtered : 303058028.000000
CCGT filtered : 318201589.000000
time : 3600.000000
