Parameters: GAD=1 vflib=1 dir=0 label=0 lowerbound=1 fileNameGp=../graphsdb/mcs50/m4D/m4Dr4/mcs50_m4Dr4_s30.A22 fileNameGt=../graphsdb/mcs50/m4D/m4Dr4/mcs50_m4Dr4_s30.B22
Reading graphs...
30 :  65
30 :  65
Initializing...
maxdom : 30
D->valSize : 900
Solving...
currentSize : 10 <-- 0.018775 s
currentSize : 12 <-- 0.018815 s
currentSize : 13 <-- 0.019389 s
currentSize : 15 <-- 0.022177 s
currentSize : 16 <-- 0.022476 s
currentSize : 17 <-- 0.105789 s
currentSize : 18 <-- 0.145921 s
currentSize : 19 <-- 0.769884 s
currentSize : 20 <-- 1.156504 s

maxsize : 20
nodes : 5240150.000000
filtered : 125947669.000000
CCGP filtered : 30743239.000000
CCGT filtered : 16381953.000000
time : 44.406685
