Parameters: GAD=1 vflib=1 dir=0 label=0 lowerbound=1 fileNameGp=../graphsdb/mcs50/bvg/b06/mcs50_b06_s15.A47 fileNameGt=../graphsdb/mcs50/bvg/b06/mcs50_b06_s15.B47
Reading graphs...
15 :  42
15 :  44
Initializing...
maxdom : 15
D->valSize : 225
Solving...
currentSize : 6 <-- 0.001364 s
currentSize : 7 <-- 0.001988 s
currentSize : 8 <-- 0.006117 s
currentSize : 9 <-- 0.006198 s
currentSize : 10 <-- 0.006358 s
currentSize : 11 <-- 0.006490 s

maxsize : 11
nodes : 2386.000000
filtered : 38538.000000
CCGP filtered : 1687.000000
CCGT filtered : 321.000000
time : 0.019460
