Parameters: GAD=1 vflib=1 dir=0 label=0 lowerbound=1 fileNameGp=../graphsdb/mcs50/bvg/b09m/mcs50_b09m_s35.A91 fileNameGt=../graphsdb/mcs50/bvg/b09m/mcs50_b09m_s35.B91
Reading graphs...
35 :  148
35 :  150
Initializing...
maxdom : 35
D->valSize : 1225
Solving...
currentSize : 13 <-- 0.018502 s
currentSize : 14 <-- 0.018845 s
currentSize : 15 <-- 0.021124 s
currentSize : 16 <-- 0.144923 s
currentSize : 17 <-- 3.754669 s
currentSize : 18 <-- 465.279541 s

TIMEOUT
maxsize : 18
nodes : 329893701.000000
filtered : 6986809687.000000
CCGP filtered : 133326416.000000
CCGT filtered : 234680510.000000
time : 3600.000000
