Parameters: GAD=1 vflib=1 dir=0 label=0 lowerbound=1 fileNameGp=../graphsdb/mcs50/m4D/m4Dr2/mcs50_m4Dr2_s30.A98 fileNameGt=../graphsdb/mcs50/m4D/m4Dr2/mcs50_m4Dr2_s30.B98
Reading graphs...
30 :  61
30 :  61
Initializing...
maxdom : 30
D->valSize : 900
Solving...
currentSize : 12 <-- 0.015297 s
currentSize : 14 <-- 0.015402 s
currentSize : 15 <-- 0.017236 s
currentSize : 16 <-- 0.018014 s
currentSize : 17 <-- 0.026946 s
currentSize : 18 <-- 0.027606 s
currentSize : 19 <-- 0.027705 s
currentSize : 20 <-- 8.413752 s

maxsize : 20
nodes : 4626052.000000
filtered : 113775653.000000
CCGP filtered : 39128604.000000
CCGT filtered : 22494464.000000
time : 40.658463
