Parameters: GAD=1 vflib=1 dir=0 label=0 lowerbound=1 fileNameGp=../graphsdb/mcs50/m4D/m4Dr2/mcs50_m4Dr2_s35.A86 fileNameGt=../graphsdb/mcs50/m4D/m4Dr2/mcs50_m4Dr2_s35.B86
Reading graphs...
35 :  69
35 :  66
Initializing...
maxdom : 35
D->valSize : 1225
Solving...
currentSize : 18 <-- 0.036074 s
currentSize : 19 <-- 0.036475 s
currentSize : 20 <-- 0.036704 s
currentSize : 21 <-- 0.036916 s
currentSize : 22 <-- 0.681388 s
currentSize : 23 <-- 12.309150 s
currentSize : 24 <-- 103.830185 s

maxsize : 24
nodes : 18279761.000000
filtered : 514527995.000000
CCGP filtered : 232554240.000000
CCGT filtered : 166794768.000000
time : 184.954269
