Parameters: GAD=1 vflib=1 dir=0 label=0 lowerbound=1 fileNameGp=../graphsdb/mcs50/bvg/b06/mcs50_b06_s25.A15 fileNameGt=../graphsdb/mcs50/bvg/b06/mcs50_b06_s25.B15
Reading graphs...
25 :  71
25 :  75
Initializing...
maxdom : 25
D->valSize : 625
Solving...
currentSize : 11 <-- 0.004800 s
currentSize : 12 <-- 0.005161 s
currentSize : 13 <-- 0.005233 s
currentSize : 14 <-- 0.123649 s
currentSize : 15 <-- 1.793194 s
currentSize : 16 <-- 2.657041 s

maxsize : 16
nodes : 941793.000000
filtered : 20266676.000000
CCGP filtered : 1045081.000000
CCGT filtered : 610353.000000
time : 7.411618
