Parameters: GAD=1 vflib=1 dir=0 label=0 lowerbound=1 fileNameGp=../graphsdb/mcs50/m4D/m4Dr4/mcs50_m4Dr4_s30.A02 fileNameGt=../graphsdb/mcs50/m4D/m4Dr4/mcs50_m4Dr4_s30.B02
Reading graphs...
30 :  66
30 :  63
Initializing...
maxdom : 30
D->valSize : 900
Solving...
currentSize : 11 <-- 0.011269 s
currentSize : 13 <-- 0.011427 s
currentSize : 14 <-- 0.011570 s
currentSize : 16 <-- 0.011824 s
currentSize : 18 <-- 0.019592 s
currentSize : 19 <-- 0.035036 s
currentSize : 20 <-- 0.854847 s

maxsize : 20
nodes : 4770959.000000
filtered : 122752971.000000
CCGP filtered : 26261194.000000
CCGT filtered : 18744220.000000
time : 41.256805
