Parameters: GAD=1 vflib=1 dir=0 label=0 lowerbound=1 fileNameGp=../graphsdb/mcs50/bvg/b03m/mcs50_b03m_s35.A59 fileNameGt=../graphsdb/mcs50/bvg/b03m/mcs50_b03m_s35.B59
Reading graphs...
35 :  51
35 :  52
Initializing...
maxdom : 35
D->valSize : 1225
Solving...
currentSize : 18 <-- 0.026378 s
currentSize : 19 <-- 0.026449 s
currentSize : 20 <-- 0.026721 s
currentSize : 21 <-- 0.033073 s
currentSize : 22 <-- 0.046222 s
currentSize : 23 <-- 0.537878 s
currentSize : 24 <-- 3.648016 s
currentSize : 25 <-- 16.970804 s

maxsize : 25
nodes : 6555630.000000
filtered : 206140409.000000
CCGP filtered : 163862136.000000
CCGT filtered : 120134209.000000
time : 76.637253
