Parameters: GAD=1 vflib=1 dir=0 label=0 lowerbound=1 fileNameGp=../graphsdb/mcs50/rand/r01/mcs50_r01_s35.A69 fileNameGt=../graphsdb/mcs50/rand/r01/mcs50_r01_s35.B69
Reading graphs...
35 :  111
35 :  113
Initializing...
maxdom : 35
D->valSize : 1225
Solving...
currentSize : 15 <-- 0.019196 s
currentSize : 16 <-- 0.019738 s
currentSize : 17 <-- 0.019900 s
currentSize : 18 <-- 0.075569 s
currentSize : 19 <-- 0.251215 s
currentSize : 20 <-- 4.297597 s

TIMEOUT
maxsize : 20
nodes : 355029436.000000
filtered : 8144164116.000000
CCGP filtered : 353880090.000000
CCGT filtered : 199868126.000000
time : 3600.000000
