Parameters: GAD=1 vflib=1 dir=0 label=0 lowerbound=1 fileNameGp=../graphsdb/mcs50/rand/r005/mcs50_r005_s35.A06 fileNameGt=../graphsdb/mcs50/rand/r005/mcs50_r005_s35.B06
Reading graphs...
35 :  61
35 :  61
Initializing...
maxdom : 35
D->valSize : 1225
Solving...
currentSize : 16 <-- 0.020574 s
currentSize : 17 <-- 0.020651 s
currentSize : 18 <-- 0.020695 s
currentSize : 19 <-- 0.027118 s
currentSize : 20 <-- 0.028876 s
currentSize : 21 <-- 0.034334 s
currentSize : 22 <-- 0.451274 s
currentSize : 23 <-- 1.512589 s
currentSize : 24 <-- 9.012299 s
currentSize : 25 <-- 71.372498 s

maxsize : 25
nodes : 36568089.000000
filtered : 1068234978.000000
CCGP filtered : 271403292.000000
CCGT filtered : 222498982.000000
time : 371.603516
