Parameters: GAD=1 vflib=1 dir=0 label=0 lowerbound=1 fileNameGp=../graphsdb/mcs50/rand/r01/mcs50_r01_s15.A23 fileNameGt=../graphsdb/mcs50/rand/r01/mcs50_r01_s15.B23
Reading graphs...
15 :  22
15 :  23
Initializing...
maxdom : 15
D->valSize : 225
Solving...
currentSize : 5 <-- 0.000942 s
currentSize : 7 <-- 0.000970 s
currentSize : 8 <-- 0.001006 s
currentSize : 9 <-- 0.001129 s
currentSize : 10 <-- 0.001589 s
currentSize : 11 <-- 0.002728 s

maxsize : 11
nodes : 2690.000000
filtered : 40064.000000
CCGP filtered : 14304.000000
CCGT filtered : 4951.000000
time : 0.013857
