Parameters: GAD=1 vflib=1 dir=0 label=0 lowerbound=1 fileNameGp=../graphsdb/mcs50/m3D/m3Dr2/mcs50_m3Dr2_s20.A41 fileNameGt=../graphsdb/mcs50/m3D/m3Dr2/mcs50_m3Dr2_s20.B41
Reading graphs...
20 :  39
20 :  38
Initializing...
maxdom : 20
D->valSize : 400
Solving...
currentSize : 9 <-- 0.002174 s
currentSize : 10 <-- 0.002433 s
currentSize : 11 <-- 0.002820 s
currentSize : 12 <-- 0.014578 s
currentSize : 13 <-- 0.063373 s
currentSize : 14 <-- 0.451299 s

maxsize : 14
nodes : 113453.000000
filtered : 1570078.000000
CCGP filtered : 239788.000000
CCGT filtered : 204968.000000
time : 0.647077
