Parameters: GAD=1 vflib=1 dir=0 label=0 lowerbound=1 fileNameGp=../graphsdb/mcs50/bvg/b09m/mcs50_b09m_s35.A74 fileNameGt=../graphsdb/mcs50/bvg/b09m/mcs50_b09m_s35.B74
Reading graphs...
35 :  149
35 :  149
Initializing...
maxdom : 35
D->valSize : 1225
Solving...
currentSize : 14 <-- 0.031773 s
currentSize : 15 <-- 0.033398 s
currentSize : 16 <-- 0.099444 s
currentSize : 17 <-- 1.804900 s
currentSize : 18 <-- 94.765381 s

TIMEOUT
maxsize : 18
nodes : 338184643.000000
filtered : 7108539994.000000
CCGP filtered : 105506693.000000
CCGT filtered : 127504841.000000
time : 3600.000000
