Parameters: GAD=1 vflib=1 dir=0 label=0 lowerbound=1 fileNameGp=../graphsdb/mcs70/rand/r005/mcs70_r005_s30.A88 fileNameGt=../graphsdb/mcs70/rand/r005/mcs70_r005_s30.B88
Reading graphs...
30 :  42
30 :  42
Initializing...
maxdom : 30
D->valSize : 900
Solving...
currentSize : 13 <-- 0.011163 s
currentSize : 15 <-- 0.011738 s
currentSize : 16 <-- 0.016563 s
currentSize : 17 <-- 0.016883 s
currentSize : 18 <-- 0.041916 s
currentSize : 19 <-- 0.107987 s
currentSize : 20 <-- 0.110989 s
currentSize : 21 <-- 0.966073 s
currentSize : 22 <-- 1.123527 s

maxsize : 22
nodes : 415661.000000
filtered : 10040005.000000
CCGP filtered : 8313758.000000
CCGT filtered : 3730824.000000
time : 3.749712
