Parameters: GAD=1 vflib=1 dir=0 label=0 lowerbound=1 fileNameGp=../graphsdb/mcs70/rand/r005/mcs70_r005_s30.A11 fileNameGt=../graphsdb/mcs70/rand/r005/mcs70_r005_s30.B11
Reading graphs...
30 :  42
30 :  42
Initializing...
maxdom : 30
D->valSize : 900
Solving...
currentSize : 10 <-- 0.011163 s
currentSize : 14 <-- 0.011209 s
currentSize : 15 <-- 0.011640 s
currentSize : 16 <-- 0.011723 s
currentSize : 17 <-- 0.011754 s
currentSize : 18 <-- 0.011874 s
currentSize : 20 <-- 0.037010 s
currentSize : 21 <-- 0.046636 s
currentSize : 22 <-- 0.235594 s

maxsize : 22
nodes : 581389.000000
filtered : 14604660.000000
CCGP filtered : 8655462.000000
CCGT filtered : 5046246.000000
time : 4.985770
