Parameters: GAD=1 vflib=1 dir=0 label=0 lowerbound=1 fileNameGp=../graphsdb/mcs70/m3D/m3Dr2/mcs70_m3Dr2_s35.A73 fileNameGt=../graphsdb/mcs70/m3D/m3Dr2/mcs70_m3Dr2_s35.B73
Reading graphs...
35 :  79
35 :  79
Initializing...
maxdom : 35
D->valSize : 1225
Solving...
currentSize : 16 <-- 0.019928 s
currentSize : 19 <-- 0.020172 s
currentSize : 20 <-- 0.020892 s
currentSize : 21 <-- 0.115388 s
currentSize : 22 <-- 0.666524 s
currentSize : 24 <-- 4.594762 s
currentSize : 27 <-- 193.812195 s

maxsize : 27
nodes : 20442576.000000
filtered : 668920671.000000
CCGP filtered : 41100050.000000
CCGT filtered : 33838743.000000
time : 208.825974
