Parameters: GAD=1 vflib=1 dir=0 label=0 lowerbound=1 fileNameGp=../graphsdb/mcs70/bvg/b09/mcs70_b09_s30.A51 fileNameGt=../graphsdb/mcs70/bvg/b09/mcs70_b09_s30.B51
Reading graphs...
30 :  129
30 :  134
Initializing...
maxdom : 30
D->valSize : 900
Solving...
currentSize : 13 <-- 0.016698 s
currentSize : 14 <-- 0.019883 s
currentSize : 15 <-- 0.025682 s
currentSize : 16 <-- 1.027842 s
currentSize : 17 <-- 1.524917 s
currentSize : 19 <-- 1.525348 s
currentSize : 20 <-- 2.714615 s
currentSize : 21 <-- 6.265364 s

maxsize : 21
nodes : 960336.000000
filtered : 30368046.000000
CCGP filtered : 155564.000000
CCGT filtered : 170923.000000
time : 10.199262
