Parameters: GAD=1 vflib=1 dir=0 label=0 lowerbound=1 fileNameGp=../graphsdb/mcs70/bvg/b06/mcs70_b06_s35.A17 fileNameGt=../graphsdb/mcs70/bvg/b06/mcs70_b06_s35.B17
Reading graphs...
35 :  104
35 :  104
Initializing...
maxdom : 35
D->valSize : 1225
Solving...
currentSize : 13 <-- 0.019241 s
currentSize : 16 <-- 0.019515 s
currentSize : 18 <-- 0.020340 s
currentSize : 19 <-- 0.035469 s
currentSize : 20 <-- 0.299309 s
currentSize : 21 <-- 0.336155 s
currentSize : 22 <-- 0.343589 s
currentSize : 23 <-- 1.208059 s
currentSize : 24 <-- 2.733340 s
currentSize : 25 <-- 3.148342 s

maxsize : 25
nodes : 6571336.000000
filtered : 265317904.000000
CCGP filtered : 14111934.000000
CCGT filtered : 6236241.000000
time : 73.285591
