Parameters: GAD=1 vflib=1 dir=0 label=0 lowerbound=1 fileNameGp=../graphsdb/mcs70/m2D/m2Dr6/m2Dr6/mcs70_m2Dr6_s35.A21 fileNameGt=../graphsdb/mcs70/m2D/m2Dr6/m2Dr6/mcs70_m2Dr6_s35.B21
Reading graphs...
35 :  77
35 :  75
Initializing...
maxdom : 35
D->valSize : 1225
Solving...
currentSize : 17 <-- 0.020287 s
currentSize : 18 <-- 0.021162 s
currentSize : 19 <-- 0.024779 s
currentSize : 20 <-- 0.043666 s
currentSize : 21 <-- 0.070756 s
currentSize : 22 <-- 0.337496 s
currentSize : 23 <-- 23.502483 s
currentSize : 25 <-- 331.358765 s

maxsize : 25
nodes : 33257591.000000
filtered : 1052046296.000000
CCGP filtered : 155761452.000000
CCGT filtered : 196672603.000000
time : 361.571503
