Parameters: GAD=1 vflib=1 dir=0 label=0 lowerbound=1 fileNameGp=../graphsdb/mcs70/bvg/b06/mcs70_b06_s25.A09 fileNameGt=../graphsdb/mcs70/bvg/b06/mcs70_b06_s25.B09
Reading graphs...
25 :  74
25 :  75
Initializing...
maxdom : 25
D->valSize : 625
Solving...
currentSize : 11 <-- 0.004786 s
currentSize : 12 <-- 0.004920 s
currentSize : 13 <-- 0.006365 s
currentSize : 14 <-- 0.021065 s
currentSize : 15 <-- 0.150836 s
currentSize : 16 <-- 0.169917 s
currentSize : 18 <-- 0.178272 s
currentSize : 19 <-- 0.683515 s

maxsize : 19
nodes : 114782.000000
filtered : 2747063.000000
CCGP filtered : 49572.000000
CCGT filtered : 61047.000000
time : 0.913668
