Parameters: GAD=1 vflib=1 dir=0 label=0 lowerbound=1 fileNameGp=../graphsdb/mcs70/bvg/b09/mcs70_b09_s30.A37 fileNameGt=../graphsdb/mcs70/bvg/b09/mcs70_b09_s30.B37
Reading graphs...
30 :  133
30 :  134
Initializing...
maxdom : 30
D->valSize : 900
Solving...
currentSize : 9 <-- 0.016434 s
currentSize : 10 <-- 0.016492 s
currentSize : 11 <-- 0.016754 s
currentSize : 12 <-- 0.018869 s
currentSize : 13 <-- 0.019841 s
currentSize : 14 <-- 0.026557 s
currentSize : 16 <-- 0.401179 s
currentSize : 17 <-- 0.423758 s
currentSize : 18 <-- 0.844133 s
currentSize : 19 <-- 2.175824 s
currentSize : 20 <-- 2.580113 s
currentSize : 21 <-- 8.447973 s

maxsize : 21
nodes : 1060283.000000
filtered : 34744474.000000
CCGP filtered : 98990.000000
CCGT filtered : 66429.000000
time : 11.057808
