Parameters: GAD=1 vflib=1 dir=0 label=0 lowerbound=1 fileNameGp=../graphsdb/mcs70/m2D/m2Dr6/m2Dr6/mcs70_m2Dr6_s35.A29 fileNameGt=../graphsdb/mcs70/m2D/m2Dr6/m2Dr6/mcs70_m2Dr6_s35.B29
Reading graphs...
35 :  77
35 :  78
Initializing...
maxdom : 35
D->valSize : 1225
Solving...
currentSize : 14 <-- 0.035642 s
currentSize : 16 <-- 0.035736 s
currentSize : 17 <-- 0.036694 s
currentSize : 18 <-- 0.042312 s
currentSize : 19 <-- 0.051507 s
currentSize : 20 <-- 0.059818 s
currentSize : 21 <-- 16.523235 s
currentSize : 22 <-- 35.275738 s
currentSize : 23 <-- 371.103546 s
currentSize : 24 <-- 371.104492 s
currentSize : 26 <-- 379.816498 s

maxsize : 26
nodes : 42366958.000000
filtered : 1093970142.000000
CCGP filtered : 112906790.000000
CCGT filtered : 109499743.000000
time : 412.919617
