Parameters: GAD=1 vflib=1 dir=0 label=0 lowerbound=1 fileNameGp=../graphsdb/mcs70/rand/r02/mcs70_r02_s25.A13 fileNameGt=../graphsdb/mcs70/rand/r02/mcs70_r02_s25.B13
Reading graphs...
25 :  111
25 :  109
Initializing...
maxdom : 25
D->valSize : 625
Solving...
currentSize : 7 <-- 0.007823 s
currentSize : 9 <-- 0.007859 s
currentSize : 10 <-- 0.007957 s
currentSize : 11 <-- 0.009287 s
currentSize : 12 <-- 0.058920 s
currentSize : 13 <-- 3.392780 s
currentSize : 17 <-- 14.456835 s

maxsize : 17
nodes : 2026002.000000
filtered : 27665086.000000
CCGP filtered : 125214.000000
CCGT filtered : 91449.000000
time : 15.635768
