Parameters: GAD=1 vflib=1 dir=0 label=0 lowerbound=1 fileNameGp=../graphsdb/mcs70/m3D/m3D/mcs70_m3D_s35.A26 fileNameGt=../graphsdb/mcs70/m3D/m3D/mcs70_m3D_s35.B26
Reading graphs...
35 :  72
35 :  71
Initializing...
maxdom : 35
D->valSize : 1225
Solving...
currentSize : 18 <-- 0.025451 s
currentSize : 19 <-- 0.025546 s
currentSize : 20 <-- 0.026136 s
currentSize : 21 <-- 0.029498 s
currentSize : 22 <-- 0.029671 s
currentSize : 23 <-- 0.029855 s
currentSize : 24 <-- 0.215685 s
currentSize : 25 <-- 84.899200 s
currentSize : 26 <-- 84.899254 s
currentSize : 27 <-- 84.935532 s
currentSize : 28 <-- 91.062317 s

maxsize : 28
nodes : 10714767.000000
filtered : 279747030.000000
CCGP filtered : 12296424.000000
CCGT filtered : 17146987.000000
time : 101.411385
