Parameters: GAD=1 vflib=1 dir=0 label=0 lowerbound=1 fileNameGp=../graphsdb/mcs70/rand/r02/mcs70_r02_s30.A93 fileNameGt=../graphsdb/mcs70/rand/r02/mcs70_r02_s30.B93
Reading graphs...
30 :  156
30 :  154
Initializing...
maxdom : 30
D->valSize : 900
Solving...
currentSize : 11 <-- 0.009452 s
currentSize : 12 <-- 0.011481 s
currentSize : 13 <-- 0.034439 s
currentSize : 14 <-- 3.656343 s
currentSize : 15 <-- 108.379707 s
currentSize : 16 <-- 141.033691 s
currentSize : 21 <-- 141.034027 s

maxsize : 21
nodes : 15420142.000000
filtered : 197683520.000000
CCGP filtered : 121714.000000
CCGT filtered : 451367.000000
time : 146.660477
