Parameters: GAD=1 vflib=1 dir=0 label=0 lowerbound=1 fileNameGp=../graphsdb/mcs70/rand/r005/mcs70_r005_s30.A15 fileNameGt=../graphsdb/mcs70/rand/r005/mcs70_r005_s30.B15
Reading graphs...
30 :  42
30 :  42
Initializing...
maxdom : 30
D->valSize : 900
Solving...
currentSize : 14 <-- 0.011874 s
currentSize : 15 <-- 0.014877 s
currentSize : 16 <-- 0.019017 s
currentSize : 17 <-- 0.046789 s
currentSize : 18 <-- 0.046829 s
currentSize : 19 <-- 0.489208 s
currentSize : 20 <-- 1.305183 s
currentSize : 21 <-- 3.328082 s
currentSize : 22 <-- 3.961163 s

maxsize : 22
nodes : 988087.000000
filtered : 21297611.000000
CCGP filtered : 17267589.000000
CCGT filtered : 9763640.000000
time : 8.390550
