Parameters: GAD=1 vflib=1 dir=0 label=0 lowerbound=1 fileNameGp=../graphsdb/mcs70/bvg/b09m/mcs70_b09m_s35.A61 fileNameGt=../graphsdb/mcs70/bvg/b09m/mcs70_b09m_s35.B61
Reading graphs...
35 :  150
35 :  148
Initializing...
maxdom : 35
D->valSize : 1225
Solving...
currentSize : 12 <-- 0.018462 s
currentSize : 15 <-- 0.018511 s
currentSize : 16 <-- 0.052639 s
currentSize : 17 <-- 43.040176 s
currentSize : 18 <-- 204.461746 s
currentSize : 19 <-- 362.764771 s
currentSize : 20 <-- 362.765350 s
currentSize : 21 <-- 390.773376 s
currentSize : 22 <-- 571.258972 s
currentSize : 23 <-- 571.259155 s
currentSize : 24 <-- 571.260315 s

maxsize : 24
nodes : 51651279.000000
filtered : 1319040602.000000
CCGP filtered : 32839962.000000
CCGT filtered : 32437009.000000
time : 590.829956
