Parameters: GAD=1 vflib=1 dir=0 label=0 lowerbound=1 fileNameGp=../graphsdb/mcs70/bvg/b09m/mcs70_b09m_s25.A96 fileNameGt=../graphsdb/mcs70/bvg/b09m/mcs70_b09m_s25.B96
Reading graphs...
25 :  104
25 :  102
Initializing...
maxdom : 25
D->valSize : 625
Solving...
currentSize : 10 <-- 0.004578 s
currentSize : 11 <-- 0.006208 s
currentSize : 12 <-- 0.009844 s
currentSize : 13 <-- 0.287436 s
currentSize : 14 <-- 0.384862 s
currentSize : 16 <-- 0.392159 s

maxsize : 16
nodes : 494574.000000
filtered : 10775283.000000
CCGP filtered : 42687.000000
CCGT filtered : 24644.000000
time : 4.147881
