Parameters: GAD=1 vflib=1 dir=0 label=0 lowerbound=1 fileNameGp=../graphsdb/mcs90/bvg/b06m/mcs90_b06m_s25.A99 fileNameGt=../graphsdb/mcs90/bvg/b06m/mcs90_b06m_s25.B99
Reading graphs...
25 :  73
25 :  73
Initializing...
maxdom : 25
D->valSize : 625
Solving...
currentSize : 12 <-- 0.008354 s
currentSize : 13 <-- 0.008558 s
currentSize : 14 <-- 0.016786 s
currentSize : 15 <-- 0.026196 s
currentSize : 16 <-- 1.315241 s
currentSize : 17 <-- 1.319984 s
currentSize : 20 <-- 1.325795 s
currentSize : 22 <-- 1.326010 s

maxsize : 22
nodes : 177314.000000
filtered : 3048253.000000
CCGP filtered : 83220.000000
CCGT filtered : 59675.000000
time : 1.337742
