Parameters: GAD=1 vflib=1 dir=0 label=0 lowerbound=1 fileNameGp=../graphsdb/mcs90/bvg/b06m/mcs90_b06m_s30.A78 fileNameGt=../graphsdb/mcs90/bvg/b06m/mcs90_b06m_s30.B78
Reading graphs...
30 :  89
30 :  88
Initializing...
maxdom : 30
D->valSize : 900
Solving...
currentSize : 12 <-- 0.010194 s
currentSize : 13 <-- 0.010259 s
currentSize : 14 <-- 0.011117 s
currentSize : 15 <-- 0.012604 s
currentSize : 16 <-- 0.012689 s
currentSize : 17 <-- 4.042475 s
currentSize : 18 <-- 5.790076 s
currentSize : 19 <-- 7.202935 s
currentSize : 21 <-- 7.622394 s
currentSize : 27 <-- 10.019260 s

maxsize : 27
nodes : 1163854.000000
filtered : 25980135.000000
CCGP filtered : 2068801.000000
CCGT filtered : 968649.000000
time : 10.035847
