Parameters: GAD=1 vflib=1 dir=0 label=0 lowerbound=1 fileNameGp=../graphsdb/mcs90/rand/r005/mcs90_r005_s20.A95 fileNameGt=../graphsdb/mcs90/rand/r005/mcs90_r005_s20.B95
Reading graphs...
20 :  21
20 :  21
Initializing...
maxdom : 20
D->valSize : 400
Solving...
currentSize : 9 <-- 0.002362 s
currentSize : 10 <-- 0.002384 s
currentSize : 12 <-- 0.002443 s
currentSize : 14 <-- 0.002530 s
currentSize : 15 <-- 0.002640 s
currentSize : 18 <-- 0.002683 s

maxsize : 18
nodes : 324.000000
filtered : 7908.000000
CCGP filtered : 16103.000000
CCGT filtered : 5291.000000
time : 0.004684
