Parameters: GAD=1 vflib=1 dir=0 label=0 lowerbound=1 fileNameGp=../graphsdb/mcs90/m3D/m3Dr4/mcs90_m3Dr4_s30.A79 fileNameGt=../graphsdb/mcs90/m3D/m3Dr4/mcs90_m3Dr4_s30.B79
Reading graphs...
30 :  71
30 :  70
Initializing...
maxdom : 30
D->valSize : 900
Solving...
currentSize : 16 <-- 0.010958 s
currentSize : 17 <-- 0.011410 s
currentSize : 18 <-- 0.011754 s
currentSize : 19 <-- 0.012872 s
currentSize : 20 <-- 0.117006 s
currentSize : 24 <-- 0.155528 s
currentSize : 25 <-- 0.382869 s
currentSize : 27 <-- 0.427622 s

maxsize : 27
nodes : 47960.000000
filtered : 1725691.000000
CCGP filtered : 72552.000000
CCGT filtered : 12268.000000
time : 0.449842
