Parameters: GAD=1 vflib=1 dir=0 label=0 lowerbound=1 fileNameGp=../graphsdb/mcs90/bvg/b03m/mcs90_b03m_s35.A71 fileNameGt=../graphsdb/mcs90/bvg/b03m/mcs90_b03m_s35.B71
Reading graphs...
35 :  52
35 :  52
Initializing...
maxdom : 35
D->valSize : 1225
Solving...
currentSize : 19 <-- 0.021557 s
currentSize : 20 <-- 0.021722 s
currentSize : 22 <-- 0.024506 s
currentSize : 23 <-- 0.034487 s
currentSize : 24 <-- 0.038741 s
currentSize : 25 <-- 0.073866 s
currentSize : 26 <-- 1.070908 s
currentSize : 27 <-- 9.130770 s
currentSize : 28 <-- 9.175410 s
currentSize : 30 <-- 11.586083 s

maxsize : 30
nodes : 1077457.000000
filtered : 31933952.000000
CCGP filtered : 37070877.000000
CCGT filtered : 16185599.000000
time : 12.107269
