Parameters: GAD=1 vflib=1 dir=0 label=0 lowerbound=1 fileNameGp=../graphsdb/mcs90/rand/r02/mcs90_r02_s30.A65 fileNameGt=../graphsdb/mcs90/rand/r02/mcs90_r02_s30.B65
Reading graphs...
30 :  153
30 :  156
Initializing...
maxdom : 30
D->valSize : 900
Solving...
currentSize : 11 <-- 0.016148 s
currentSize : 12 <-- 0.021197 s
currentSize : 15 <-- 0.034637 s
currentSize : 16 <-- 0.046908 s
currentSize : 22 <-- 0.722688 s
currentSize : 27 <-- 0.722909 s

maxsize : 27
nodes : 64916.000000
filtered : 1073624.000000
CCGP filtered : 916.000000
CCGT filtered : 599.000000
time : 0.740486
