Parameters: GAD=1 vflib=1 dir=0 label=0 lowerbound=1 fileNameGp=../graphsdb/mcs90/bvg/b09m/mcs90_b09m_s20.A12 fileNameGt=../graphsdb/mcs90/bvg/b09m/mcs90_b09m_s20.B12
Reading graphs...
20 :  87
20 :  87
Initializing...
maxdom : 20
D->valSize : 400
Solving...
currentSize : 7 <-- 0.002150 s
currentSize : 8 <-- 0.002184 s
currentSize : 9 <-- 0.002222 s
currentSize : 10 <-- 0.002385 s
currentSize : 11 <-- 0.031276 s
currentSize : 12 <-- 0.156582 s
currentSize : 14 <-- 0.522377 s
currentSize : 18 <-- 0.539825 s

maxsize : 18
nodes : 79895.000000
filtered : 1100835.000000
CCGP filtered : 1981.000000
CCGT filtered : 649.000000
time : 0.540407
