Parameters: GAD=1 vflib=1 dir=0 label=0 lowerbound=1 fileNameGp=../graphsdb/mcs90/m4D/m4Dr4/mcs90_m4Dr4_s20.A97 fileNameGt=../graphsdb/mcs90/m4D/m4Dr4/mcs90_m4Dr4_s20.B97
Reading graphs...
20 :  44
20 :  42
Initializing...
maxdom : 20
D->valSize : 400
Solving...
currentSize : 7 <-- 0.002177 s
currentSize : 10 <-- 0.002227 s
currentSize : 11 <-- 0.002322 s
currentSize : 12 <-- 0.002346 s
currentSize : 13 <-- 0.016000 s
currentSize : 14 <-- 0.023819 s
currentSize : 16 <-- 0.025702 s

maxsize : 16
nodes : 7071.000000
filtered : 144115.000000
CCGP filtered : 34429.000000
CCGT filtered : 17658.000000
time : 0.044884
