Parameters: GAD=1 vflib=1 dir=0 label=0 lowerbound=1 fileNameGp=../graphsdb/mcs90/bvg/b06/mcs90_b06_s25.A48 fileNameGt=../graphsdb/mcs90/bvg/b06/mcs90_b06_s25.B48
Reading graphs...
25 :  75
25 :  75
Initializing...
maxdom : 25
D->valSize : 625
Solving...
currentSize : 13 <-- 0.008414 s
currentSize : 14 <-- 0.008526 s
currentSize : 15 <-- 0.014138 s
currentSize : 17 <-- 0.014555 s
currentSize : 18 <-- 0.014807 s
currentSize : 20 <-- 0.015506 s
currentSize : 22 <-- 0.016974 s

maxsize : 22
nodes : 7244.000000
filtered : 219562.000000
CCGP filtered : 516.000000
CCGT filtered : 2396.000000
time : 0.096347
