Parameters: GAD=1 vflib=1 dir=0 label=0 lowerbound=1 fileNameGp=../graphsdb/mcs90/rand/r005/mcs90_r005_s25.A82 fileNameGt=../graphsdb/mcs90/rand/r005/mcs90_r005_s25.B82
Reading graphs...
25 :  29
25 :  29
Initializing...
maxdom : 25
D->valSize : 625
Solving...
currentSize : 10 <-- 0.005505 s
currentSize : 12 <-- 0.005591 s
currentSize : 13 <-- 0.005662 s
currentSize : 14 <-- 0.005807 s
currentSize : 15 <-- 0.006250 s
currentSize : 20 <-- 0.049463 s
currentSize : 22 <-- 0.056249 s

maxsize : 22
nodes : 9382.000000
filtered : 137777.000000
CCGP filtered : 123861.000000
CCGT filtered : 71600.000000
time : 0.067031
