Parameters: GAD=1 vflib=1 dir=0 label=0 lowerbound=1 fileNameGp=../graphsdb/mcs90/bvg/b03m/mcs90_b03m_s20.A02 fileNameGt=../graphsdb/mcs90/bvg/b03m/mcs90_b03m_s20.B02
Reading graphs...
20 :  29
20 :  29
Initializing...
maxdom : 20
D->valSize : 400
Solving...
currentSize : 7 <-- 0.002332 s
currentSize : 8 <-- 0.002357 s
currentSize : 12 <-- 0.002452 s
currentSize : 13 <-- 0.002529 s
currentSize : 14 <-- 0.005719 s
currentSize : 15 <-- 0.007398 s
currentSize : 16 <-- 0.007808 s
currentSize : 17 <-- 0.016763 s
currentSize : 18 <-- 0.019703 s

maxsize : 18
nodes : 3031.000000
filtered : 62263.000000
CCGP filtered : 43905.000000
CCGT filtered : 5812.000000
time : 0.020522
