Parameters: GAD=1 vflib=1 dir=0 label=0 lowerbound=1 fileNameGp=../graphsdb/mcs90/bvg/b09m/mcs90_b09m_s35.A87 fileNameGt=../graphsdb/mcs90/bvg/b09m/mcs90_b09m_s35.B87
Reading graphs...
35 :  149
35 :  148
Initializing...
maxdom : 35
D->valSize : 1225
Solving...
currentSize : 12 <-- 0.031707 s
currentSize : 13 <-- 0.031971 s
currentSize : 14 <-- 0.032258 s
currentSize : 15 <-- 0.035771 s
currentSize : 16 <-- 0.064307 s
currentSize : 17 <-- 0.115050 s
currentSize : 18 <-- 1.254174 s
currentSize : 20 <-- 8.509992 s
currentSize : 23 <-- 8.510154 s
currentSize : 30 <-- 8.525002 s

maxsize : 30
nodes : 860289.000000
filtered : 16309925.000000
CCGP filtered : 209843.000000
CCGT filtered : 388835.000000
time : 8.829536
