Parameters: GAD=1 vflib=1 dir=0 label=0 lowerbound=1 fileNameGp=../graphsdb/mcs90/rand/r01/mcs90_r01_s25.A33 fileNameGt=../graphsdb/mcs90/rand/r01/mcs90_r01_s25.B33
Reading graphs...
25 :  53
25 :  56
Initializing...
maxdom : 25
D->valSize : 625
Solving...
currentSize : 12 <-- 0.005156 s
currentSize : 13 <-- 0.005405 s
currentSize : 14 <-- 0.005848 s
currentSize : 15 <-- 0.009055 s
currentSize : 16 <-- 0.018285 s
currentSize : 17 <-- 0.743398 s
currentSize : 20 <-- 0.944601 s
currentSize : 22 <-- 0.944861 s

maxsize : 22
nodes : 135639.000000
filtered : 2436947.000000
CCGP filtered : 373205.000000
CCGT filtered : 134779.000000
time : 0.962324
