Parameters: GAD=1 vflib=1 dir=0 label=0 lowerbound=1 fileNameGp=../graphsdb/mcs90/bvg/b06/mcs90_b06_s35.A50 fileNameGt=../graphsdb/mcs90/bvg/b06/mcs90_b06_s35.B50
Reading graphs...
35 :  104
35 :  105
Initializing...
maxdom : 35
D->valSize : 1225
Solving...
currentSize : 18 <-- 0.019409 s
currentSize : 23 <-- 0.019516 s
currentSize : 24 <-- 0.019703 s
currentSize : 25 <-- 0.020398 s
currentSize : 30 <-- 0.020713 s
currentSize : 31 <-- 0.025377 s
currentSize : 32 <-- 0.160098 s

maxsize : 32
nodes : 18742.000000
filtered : 798985.000000
CCGP filtered : 5629.000000
CCGT filtered : 8580.000000
time : 0.219746
