Parameters: GAD=1 vflib=1 dir=0 label=0 lowerbound=1 fileNameGp=../graphsdb/mcs90/m2D/m2D/mcs90_m2D_s30.A99 fileNameGt=../graphsdb/mcs90/m2D/m2D/mcs90_m2D_s30.B99
Reading graphs...
30 :  49
30 :  49
Initializing...
maxdom : 30
D->valSize : 900
Solving...
currentSize : 21 <-- 0.015929 s
currentSize : 22 <-- 0.016075 s
currentSize : 23 <-- 0.039267 s
currentSize : 24 <-- 0.498087 s
currentSize : 25 <-- 0.521556 s
currentSize : 26 <-- 0.717462 s

maxsize : 26
nodes : 88343.000000
filtered : 2388624.000000
CCGP filtered : 912078.000000
CCGT filtered : 302258.000000
time : 0.770859
