Parameters: GAD=1 vflib=1 dir=0 label=0 lowerbound=1 fileNameGp=../graphsdb/mcs90/m2D/m2D/mcs90_m2D_s30.A20 fileNameGt=../graphsdb/mcs90/m2D/m2D/mcs90_m2D_s30.B20
Reading graphs...
30 :  49
30 :  49
Initializing...
maxdom : 30
D->valSize : 900
Solving...
currentSize : 17 <-- 0.011068 s
currentSize : 18 <-- 0.011196 s
currentSize : 20 <-- 0.011429 s
currentSize : 21 <-- 0.027033 s
currentSize : 22 <-- 0.071812 s
currentSize : 25 <-- 0.790750 s
currentSize : 26 <-- 0.816940 s

maxsize : 26
nodes : 118551.000000
filtered : 2878096.000000
CCGP filtered : 988342.000000
CCGT filtered : 327329.000000
time : 0.989710
