Parameters: GAD=1 vflib=1 dir=0 label=0 lowerbound=1 fileNameGp=../graphsdb/mcs90/rand/r005/mcs90_r005_s35.A93 fileNameGt=../graphsdb/mcs90/rand/r005/mcs90_r005_s35.B93
Reading graphs...
35 :  58
35 :  57
Initializing...
maxdom : 35
D->valSize : 1225
Solving...
currentSize : 15 <-- 0.021339 s
currentSize : 17 <-- 0.021440 s
currentSize : 18 <-- 0.021501 s
currentSize : 19 <-- 0.022027 s
currentSize : 20 <-- 0.053364 s
currentSize : 21 <-- 0.061346 s
currentSize : 22 <-- 0.147424 s
currentSize : 23 <-- 0.170361 s
currentSize : 24 <-- 1.947032 s
currentSize : 25 <-- 1.996229 s
currentSize : 26 <-- 12.050735 s
currentSize : 27 <-- 12.050822 s
currentSize : 29 <-- 12.318954 s
currentSize : 30 <-- 12.318986 s
currentSize : 31 <-- 12.319087 s

maxsize : 31
nodes : 1228363.000000
filtered : 35784283.000000
CCGP filtered : 12883468.000000
CCGT filtered : 7511869.000000
time : 12.419067
