Parameters: GAD=1 vflib=1 dir=0 label=0 lowerbound=1 fileNameGp=../graphsdb/mcs10/rand/r02/mcs10_r02_s35.A77 fileNameGt=../graphsdb/mcs10/rand/r02/mcs10_r02_s35.B77
Reading graphs...
35 :  209
35 :  213
Initializing...
maxdom : 35
D->valSize : 1225
Solving...
currentSize : 10 <-- 0.018217 s
currentSize : 11 <-- 0.018327 s
currentSize : 12 <-- 0.018516 s
currentSize : 13 <-- 0.019234 s
currentSize : 14 <-- 0.216324 s
currentSize : 15 <-- 22.866123 s

TIMEOUT
maxsize : 15
nodes : 323288159.000000
filtered : 4029330233.000000
CCGP filtered : 6257837.000000
CCGT filtered : 21836070.000000
time : 3600.000000
