Parameters: GAD=1 vflib=1 dir=0 label=0 lowerbound=1 fileNameGp=../graphsdb/mcs10/rand/r01/mcs10_r01_s35.A15 fileNameGt=../graphsdb/mcs10/rand/r01/mcs10_r01_s35.B15
Reading graphs...
35 :  115
35 :  112
Initializing...
maxdom : 35
D->valSize : 1225
Solving...
currentSize : 11 <-- 0.019109 s
currentSize : 14 <-- 0.019155 s
currentSize : 15 <-- 0.019263 s
currentSize : 17 <-- 0.019804 s
currentSize : 18 <-- 0.126618 s
currentSize : 19 <-- 1.478475 s
currentSize : 20 <-- 45.074223 s

TIMEOUT
maxsize : 20
nodes : 262783132.000000
filtered : 7317797627.000000
CCGP filtered : 218721148.000000
CCGT filtered : 170276379.000000
time : 3600.000000
