Parameters: GAD=1 vflib=1 dir=0 label=0 lowerbound=1 fileNameGp=../graphsdb/mcs30/m2D/m2Dr2/mcs30_m2Dr2_s30.A19 fileNameGt=../graphsdb/mcs30/m2D/m2Dr2/mcs30_m2Dr2_s30.B19
Reading graphs...
30 :  54
30 :  54
Initializing...
maxdom : 30
D->valSize : 900
Solving...
currentSize : 13 <-- 0.019511 s
currentSize : 17 <-- 0.019674 s
currentSize : 18 <-- 0.022419 s
currentSize : 19 <-- 0.074268 s
currentSize : 20 <-- 0.212554 s
currentSize : 21 <-- 9.607760 s

maxsize : 21
nodes : 2471185.000000
filtered : 75829720.000000
CCGP filtered : 11391828.000000
CCGT filtered : 7045153.000000
time : 36.821625
