Parameters: GAD=1 vflib=1 dir=0 label=0 lowerbound=1 fileNameGp=../graphsdb/mcs30/bvg/b06m/mcs30_b06m_s35.A93 fileNameGt=../graphsdb/mcs30/bvg/b06m/mcs30_b06m_s35.B93
Reading graphs...
35 :  99
35 :  102
Initializing...
maxdom : 35
D->valSize : 1225
Solving...
currentSize : 14 <-- 0.034451 s
currentSize : 15 <-- 0.034642 s
currentSize : 16 <-- 0.034931 s
currentSize : 18 <-- 0.037041 s
currentSize : 19 <-- 0.349857 s
currentSize : 20 <-- 1.932670 s
currentSize : 21 <-- 89.883194 s

maxsize : 21
nodes : 122611475.000000
filtered : 3974918683.000000
CCGP filtered : 274091413.000000
CCGT filtered : 251895855.000000
time : 1877.431152
