Parameters: GAD=1 vflib=1 dir=0 label=0 lowerbound=1 fileNameGp=../graphsdb/mcs30/rand/r01/mcs30_r01_s25.A14 fileNameGt=../graphsdb/mcs30/rand/r01/mcs30_r01_s25.B14
Reading graphs...
25 :  57
25 :  60
Initializing...
maxdom : 25
D->valSize : 625
Solving...
currentSize : 11 <-- 0.004955 s
currentSize : 12 <-- 0.005231 s
currentSize : 13 <-- 0.005639 s
currentSize : 14 <-- 0.012425 s
currentSize : 15 <-- 0.195003 s
currentSize : 16 <-- 1.477653 s
currentSize : 17 <-- 1.477785 s

maxsize : 17
nodes : 495480.000000
filtered : 12786533.000000
CCGP filtered : 947612.000000
CCGT filtered : 434245.000000
time : 6.773931
