Parameters: GAD=1 vflib=1 dir=0 label=0 lowerbound=1 fileNameGp=../graphsdb/mcs30/rand/r01/mcs30_r01_s35.A97 fileNameGt=../graphsdb/mcs30/rand/r01/mcs30_r01_s35.B97
Reading graphs...
35 :  111
35 :  114
Initializing...
maxdom : 35
D->valSize : 1225
Solving...
currentSize : 15 <-- 0.019227 s
currentSize : 16 <-- 0.019379 s
currentSize : 17 <-- 0.019834 s
currentSize : 18 <-- 0.023296 s
currentSize : 19 <-- 0.245675 s
currentSize : 20 <-- 352.879425 s

TIMEOUT
maxsize : 20
nodes : 251007799.000000
filtered : 6911629337.000000
CCGP filtered : 170679267.000000
CCGT filtered : 151120499.000000
time : 3600.000000
