Parameters: GAD=1 vflib=1 dir=0 label=0 lowerbound=1 fileNameGp=../graphsdb/mcs30/bvg/b06m/mcs30_b06m_s30.A78 fileNameGt=../graphsdb/mcs30/bvg/b06m/mcs30_b06m_s30.B78
Reading graphs...
30 :  87
30 :  86
Initializing...
maxdom : 30
D->valSize : 900
Solving...
currentSize : 13 <-- 0.011138 s
currentSize : 14 <-- 0.011181 s
currentSize : 15 <-- 0.011393 s
currentSize : 16 <-- 0.011586 s
currentSize : 17 <-- 0.013690 s
currentSize : 18 <-- 6.071531 s

maxsize : 18
nodes : 16346357.000000
filtered : 441367372.000000
CCGP filtered : 18186793.000000
CCGT filtered : 15065020.000000
time : 216.047394
