Parameters: GAD=1 vflib=1 dir=0 label=0 lowerbound=1 fileNameGp=../graphsdb/mcs30/bvg/b03/mcs30_b03_s25.A37 fileNameGt=../graphsdb/mcs30/bvg/b03/mcs30_b03_s25.B37
Reading graphs...
25 :  36
25 :  37
Initializing...
maxdom : 25
D->valSize : 625
Solving...
currentSize : 8 <-- 0.009195 s
currentSize : 9 <-- 0.009360 s
currentSize : 10 <-- 0.010343 s
currentSize : 13 <-- 0.011438 s
currentSize : 14 <-- 0.011879 s
currentSize : 15 <-- 0.013476 s
currentSize : 16 <-- 0.047165 s
currentSize : 17 <-- 0.340183 s
currentSize : 18 <-- 0.918825 s
currentSize : 19 <-- 0.920820 s

maxsize : 19
nodes : 61167.000000
filtered : 1265015.000000
CCGP filtered : 651832.000000
CCGT filtered : 590127.000000
time : 1.073021
