Parameters: GAD=1 vflib=1 dir=0 label=0 lowerbound=1 fileNameGp=../graphsdb/mcs30/bvg/b09m/mcs30_b09m_s35.A36 fileNameGt=../graphsdb/mcs30/bvg/b09m/mcs30_b09m_s35.B36
Reading graphs...
35 :  145
35 :  145
Initializing...
maxdom : 35
D->valSize : 1225
Solving...
currentSize : 14 <-- 0.018432 s
currentSize : 15 <-- 0.063091 s
currentSize : 16 <-- 0.141016 s
currentSize : 17 <-- 2.014427 s
currentSize : 18 <-- 5.808202 s
currentSize : 19 <-- 1182.268677 s

maxsize : 19
nodes : 241657521.000000
filtered : 7155185650.000000
CCGP filtered : 100577269.000000
CCGT filtered : 104872324.000000
time : 3386.744141
