Parameters: GAD=1 vflib=1 dir=0 label=0 lowerbound=1 fileNameGp=../graphsdb/mcs30/bvg/b06m/mcs30_b06m_s35.A81 fileNameGt=../graphsdb/mcs30/bvg/b06m/mcs30_b06m_s35.B81
Reading graphs...
35 :  101
35 :  98
Initializing...
maxdom : 35
D->valSize : 1225
Solving...
currentSize : 14 <-- 0.019405 s
currentSize : 15 <-- 0.019676 s
currentSize : 16 <-- 0.020708 s
currentSize : 17 <-- 0.028624 s
currentSize : 18 <-- 0.048701 s
currentSize : 19 <-- 0.728265 s
currentSize : 20 <-- 6.488579 s
currentSize : 21 <-- 121.040306 s

maxsize : 21
nodes : 164602554.000000
filtered : 5147647568.000000
CCGP filtered : 342286167.000000
CCGT filtered : 135691659.000000
time : 2972.630127
