Parameters: GAD=1 vflib=1 dir=0 label=0 lowerbound=1 fileNameGp=../graphsdb/mcs30/m3D/m3D/mcs30_m3D_s30.A13 fileNameGt=../graphsdb/mcs30/m3D/m3D/mcs30_m3D_s30.B13
Reading graphs...
30 :  59
30 :  61
Initializing...
maxdom : 30
D->valSize : 900
Solving...
currentSize : 14 <-- 0.010817 s
currentSize : 15 <-- 0.012729 s
currentSize : 16 <-- 0.015629 s
currentSize : 17 <-- 0.017775 s
currentSize : 18 <-- 0.021687 s
currentSize : 19 <-- 0.022249 s
currentSize : 20 <-- 0.683801 s

maxsize : 20
nodes : 4564475.000000
filtered : 146172368.000000
CCGP filtered : 21202372.000000
CCGT filtered : 17677204.000000
time : 69.017509
