Parameters: GAD=1 vflib=1 dir=0 label=0 lowerbound=1 fileNameGp=../graphsdb/mcs30/rand/r02/mcs30_r02_s35.A59 fileNameGt=../graphsdb/mcs30/rand/r02/mcs30_r02_s35.B59
Reading graphs...
35 :  211
35 :  213
Initializing...
maxdom : 35
D->valSize : 1225
Solving...
currentSize : 11 <-- 0.017163 s
currentSize : 12 <-- 0.018420 s
currentSize : 13 <-- 0.019884 s
currentSize : 14 <-- 0.215992 s
currentSize : 15 <-- 4.353950 s
currentSize : 16 <-- 1329.624390 s

TIMEOUT
maxsize : 16
nodes : 309399278.000000
filtered : 4814281028.000000
CCGP filtered : 5127202.000000
CCGT filtered : 26846858.000000
time : 3600.000000
