Parameters: GAD=1 vflib=1 dir=0 label=0 lowerbound=1 fileNameGp=../graphsdb/mcs30/bvg/b06m/mcs30_b06m_s30.A08 fileNameGt=../graphsdb/mcs30/bvg/b06m/mcs30_b06m_s30.B08
Reading graphs...
30 :  87
30 :  85
Initializing...
maxdom : 30
D->valSize : 900
Solving...
currentSize : 10 <-- 0.010447 s
currentSize : 11 <-- 0.010559 s
currentSize : 12 <-- 0.010844 s
currentSize : 13 <-- 0.011222 s
currentSize : 14 <-- 0.011931 s
currentSize : 15 <-- 0.012512 s
currentSize : 16 <-- 0.017503 s
currentSize : 17 <-- 0.052804 s
currentSize : 18 <-- 39.198727 s

maxsize : 18
nodes : 13163107.000000
filtered : 350219701.000000
CCGP filtered : 28141732.000000
CCGT filtered : 26143447.000000
time : 165.075516
