Parameters: GAD=1 vflib=1 dir=0 label=0 lowerbound=1 fileNameGp=../graphsdb/mcs30/bvg/b03/mcs30_b03_s30.A15 fileNameGt=../graphsdb/mcs30/bvg/b03/mcs30_b03_s30.B15
Reading graphs...
30 :  45
30 :  44
Initializing...
maxdom : 30
D->valSize : 900
Solving...
currentSize : 12 <-- 0.019812 s
currentSize : 13 <-- 0.020001 s
currentSize : 14 <-- 0.020262 s
currentSize : 15 <-- 0.020328 s
currentSize : 17 <-- 0.024887 s
currentSize : 18 <-- 0.025310 s
currentSize : 19 <-- 0.029103 s
currentSize : 20 <-- 0.058986 s
currentSize : 21 <-- 5.766421 s
currentSize : 22 <-- 6.997024 s

maxsize : 22
nodes : 467191.000000
filtered : 14098700.000000
CCGP filtered : 4850570.000000
CCGT filtered : 3147961.000000
time : 8.579688
