Parameters: GAD=1 vflib=1 dir=0 label=0 lowerbound=1 fileNameGp=../graphsdb/mcs30/m2D/m2Dr6/mcs30_m2Dr6_s30.A60 fileNameGt=../graphsdb/mcs30/m2D/m2Dr6/mcs30_m2Dr6_s30.B60
Reading graphs...
30 :  64
30 :  64
Initializing...
maxdom : 30
D->valSize : 900
Solving...
currentSize : 12 <-- 0.018915 s
currentSize : 13 <-- 0.019175 s
currentSize : 16 <-- 0.019313 s
currentSize : 17 <-- 0.129823 s
currentSize : 18 <-- 0.140562 s
currentSize : 19 <-- 0.903341 s
currentSize : 20 <-- 12.726385 s
currentSize : 21 <-- 31.475000 s

maxsize : 21
nodes : 3732836.000000
filtered : 120524349.000000
CCGP filtered : 8584081.000000
CCGT filtered : 7305036.000000
time : 62.007198
