Parameters: GAD=1 vflib=1 dir=0 label=0 lowerbound=1 fileNameGp=../graphsdb/mcs30/m3D/m3D/mcs30_m3D_s30.A08 fileNameGt=../graphsdb/mcs30/m3D/m3D/mcs30_m3D_s30.B08
Reading graphs...
30 :  59
30 :  61
Initializing...
maxdom : 30
D->valSize : 900
Solving...
currentSize : 14 <-- 0.010760 s
currentSize : 15 <-- 0.010819 s
currentSize : 16 <-- 0.010862 s
currentSize : 17 <-- 0.011501 s
currentSize : 18 <-- 0.014092 s
currentSize : 19 <-- 0.025233 s
currentSize : 20 <-- 3.387042 s

maxsize : 20
nodes : 4272645.000000
filtered : 130614583.000000
CCGP filtered : 16043529.000000
CCGT filtered : 11556413.000000
time : 63.990673
