Parameters: GAD=1 vflib=1 dir=0 label=0 lowerbound=1 fileNameGp=../graphsdb/mcs30/bvg/b03/mcs30_b03_s30.A63 fileNameGt=../graphsdb/mcs30/bvg/b03/mcs30_b03_s30.B63
Reading graphs...
30 :  45
30 :  45
Initializing...
maxdom : 30
D->valSize : 900
Solving...
currentSize : 12 <-- 0.012231 s
currentSize : 13 <-- 0.012269 s
currentSize : 15 <-- 0.012355 s
currentSize : 16 <-- 0.012459 s
currentSize : 17 <-- 0.012744 s
currentSize : 18 <-- 0.018806 s
currentSize : 19 <-- 0.053538 s
currentSize : 20 <-- 0.165611 s
currentSize : 21 <-- 0.317899 s
currentSize : 22 <-- 15.291705 s

maxsize : 22
nodes : 1228600.000000
filtered : 38649517.000000
CCGP filtered : 14620482.000000
CCGT filtered : 10337022.000000
time : 23.711168
