Parameters: GAD=1 vflib=1 dir=0 label=0 lowerbound=1 fileNameGp=../graphsdb/mcs30/m3D/m3D/mcs30_m3D_s25.A47 fileNameGt=../graphsdb/mcs30/m3D/m3D/mcs30_m3D_s25.B47
Reading graphs...
25 :  49
25 :  47
Initializing...
maxdom : 25
D->valSize : 625
Solving...
currentSize : 10 <-- 0.005097 s
currentSize : 11 <-- 0.005125 s
currentSize : 12 <-- 0.005142 s
currentSize : 14 <-- 0.005351 s
currentSize : 15 <-- 0.007994 s
currentSize : 16 <-- 0.066544 s
currentSize : 17 <-- 2.145886 s

maxsize : 17
nodes : 479814.000000
filtered : 11494016.000000
CCGP filtered : 2734806.000000
CCGT filtered : 850859.000000
time : 6.167280
