Parameters: GAD=1 vflib=1 dir=0 label=0 lowerbound=1 fileNameGp=../graphsdb/mcs30/rand/r01/mcs30_r01_s25.A83 fileNameGt=../graphsdb/mcs30/rand/r01/mcs30_r01_s25.B83
Reading graphs...
25 :  57
25 :  58
Initializing...
maxdom : 25
D->valSize : 625
Solving...
currentSize : 10 <-- 0.004971 s
currentSize : 11 <-- 0.005209 s
currentSize : 12 <-- 0.005667 s
currentSize : 13 <-- 0.007722 s
currentSize : 14 <-- 0.007844 s
currentSize : 15 <-- 0.060442 s
currentSize : 16 <-- 0.388101 s

maxsize : 16
nodes : 1378730.000000
filtered : 32254075.000000
CCGP filtered : 2439517.000000
CCGT filtered : 1183282.000000
time : 14.254131
