Parameters: GAD=1 vflib=1 dir=0 label=0 lowerbound=1 fileNameGp=../graphsdb/mcs50/bvg/b06m/mcs50_b06m_s25.A37 fileNameGt=../graphsdb/mcs50/bvg/b06m/mcs50_b06m_s25.B37
Reading graphs...
25 :  74
25 :  73
Initializing...
maxdom : 25
D->valSize : 625
Solving...
currentSize : 9 <-- 0.004751 s
currentSize : 11 <-- 0.004879 s
currentSize : 12 <-- 0.007589 s
currentSize : 13 <-- 0.009492 s
currentSize : 14 <-- 0.182626 s
currentSize : 15 <-- 0.911188 s

maxsize : 15
nodes : 1247290.000000
filtered : 27583923.000000
CCGP filtered : 1628466.000000
CCGT filtered : 1386675.000000
time : 13.129955
