Parameters: GAD=1 vflib=1 dir=0 label=0 lowerbound=1 fileNameGp=../graphsdb/mcs50/m3D/m3Dr2/mcs50_m3Dr2_s20.A30 fileNameGt=../graphsdb/mcs50/m3D/m3Dr2/mcs50_m3Dr2_s20.B30
Reading graphs...
20 :  38
20 :  37
Initializing...
maxdom : 20
D->valSize : 400
Solving...
currentSize : 8 <-- 0.002331 s
currentSize : 9 <-- 0.002525 s
currentSize : 10 <-- 0.002799 s
currentSize : 11 <-- 0.003909 s
currentSize : 12 <-- 0.024647 s
currentSize : 13 <-- 0.028868 s
currentSize : 14 <-- 0.148198 s

maxsize : 14
nodes : 44685.000000
filtered : 882659.000000
CCGP filtered : 135820.000000
CCGT filtered : 83124.000000
time : 0.417688
