Parameters: GAD=1 vflib=1 dir=0 label=0 lowerbound=1 fileNameGp=../graphsdb/mcs50/m4D/m4D/mcs50_m4D_s30.A91 fileNameGt=../graphsdb/mcs50/m4D/m4D/mcs50_m4D_s30.B91
Reading graphs...
30 :  54
30 :  54
Initializing...
maxdom : 30
D->valSize : 900
Solving...
currentSize : 11 <-- 0.019248 s
currentSize : 12 <-- 0.019291 s
currentSize : 15 <-- 0.019754 s
currentSize : 16 <-- 0.019823 s
currentSize : 17 <-- 0.020892 s
currentSize : 18 <-- 0.020990 s
currentSize : 19 <-- 0.023001 s
currentSize : 20 <-- 0.035423 s
currentSize : 21 <-- 0.035805 s
currentSize : 22 <-- 1.791200 s

maxsize : 22
nodes : 334917.000000
filtered : 12321577.000000
CCGP filtered : 7201238.000000
CCGT filtered : 4230216.000000
time : 7.524290
