Parameters: GAD=1 vflib=1 dir=0 label=0 lowerbound=1 fileNameGp=../graphsdb/mcs50/bvg/b09m/mcs50_b09m_s20.A36 fileNameGt=../graphsdb/mcs50/bvg/b09m/mcs50_b09m_s20.B36
Reading graphs...
20 :  79
20 :  77
Initializing...
maxdom : 20
D->valSize : 400
Solving...
currentSize : 8 <-- 0.003347 s
currentSize : 9 <-- 0.003395 s
currentSize : 10 <-- 0.003518 s
currentSize : 11 <-- 0.019309 s
currentSize : 12 <-- 0.280129 s
currentSize : 13 <-- 0.648088 s

maxsize : 13
nodes : 89300.000000
filtered : 1513985.000000
CCGP filtered : 3074.000000
CCGT filtered : 3473.000000
time : 0.805635
