Parameters: GAD=1 vflib=1 dir=0 label=0 lowerbound=1 fileNameGp=../graphsdb/mcs50/m4D/m4Dr6/mcs50_m4Dr6_s35.A49 fileNameGt=../graphsdb/mcs50/m4D/m4Dr6/mcs50_m4Dr6_s35.B49
Reading graphs...
35 :  82
35 :  82
Initializing...
maxdom : 35
D->valSize : 1225
Solving...
currentSize : 16 <-- 0.019836 s
currentSize : 17 <-- 0.019949 s
currentSize : 18 <-- 0.020350 s
currentSize : 19 <-- 0.024910 s
currentSize : 20 <-- 0.040155 s
currentSize : 21 <-- 2.410033 s
currentSize : 22 <-- 85.088753 s
currentSize : 23 <-- 341.014099 s

maxsize : 23
nodes : 32698009.000000
filtered : 1072885665.000000
CCGP filtered : 203179990.000000
CCGT filtered : 121478281.000000
time : 620.349426
