Parameters: GAD=1 vflib=1 dir=0 label=0 lowerbound=1 fileNameGp=../graphsdb/mcs50/bvg/b09m/mcs50_b09m_s25.A25 fileNameGt=../graphsdb/mcs50/bvg/b09m/mcs50_b09m_s25.B25
Reading graphs...
25 :  103
25 :  102
Initializing...
maxdom : 25
D->valSize : 625
Solving...
currentSize : 7 <-- 0.007801 s
currentSize : 8 <-- 0.007891 s
currentSize : 9 <-- 0.007934 s
currentSize : 10 <-- 0.008631 s
currentSize : 11 <-- 0.009323 s
currentSize : 12 <-- 0.015147 s
currentSize : 13 <-- 0.124589 s
currentSize : 14 <-- 0.247267 s

maxsize : 14
nodes : 1027442.000000
filtered : 22079402.000000
CCGP filtered : 202944.000000
CCGT filtered : 205478.000000
time : 9.531393
