Parameters: GAD=1 vflib=1 dir=0 label=0 lowerbound=1 fileNameGp=../graphsdb/mcs50/bvg/b06m/mcs50_b06m_s30.A29 fileNameGt=../graphsdb/mcs50/bvg/b06m/mcs50_b06m_s30.B29
Reading graphs...
30 :  89
30 :  89
Initializing...
maxdom : 30
D->valSize : 900
Solving...
currentSize : 12 <-- 0.017853 s
currentSize : 14 <-- 0.018823 s
currentSize : 15 <-- 0.034071 s
currentSize : 16 <-- 0.115106 s
currentSize : 17 <-- 0.155626 s
currentSize : 18 <-- 9.363710 s

maxsize : 18
nodes : 12814248.000000
filtered : 363556008.000000
CCGP filtered : 16540297.000000
CCGT filtered : 13709703.000000
time : 178.854111
