Parameters: GAD=1 vflib=1 dir=0 label=0 lowerbound=1 fileNameGp=../graphsdb/mcs50/rand/r005/mcs50_r005_s25.A14 fileNameGt=../graphsdb/mcs50/rand/r005/mcs50_r005_s25.B14
Reading graphs...
25 :  35
25 :  35
Initializing...
maxdom : 25
D->valSize : 625
Solving...
currentSize : 13 <-- 0.005367 s
currentSize : 14 <-- 0.005516 s
currentSize : 16 <-- 0.006776 s
currentSize : 17 <-- 0.055244 s
currentSize : 18 <-- 0.164420 s
currentSize : 19 <-- 0.205081 s

maxsize : 19
nodes : 65044.000000
filtered : 1892806.000000
CCGP filtered : 794211.000000
CCGT filtered : 349306.000000
time : 1.206091
