Parameters: GAD=1 vflib=1 dir=0 label=0 lowerbound=1 fileNameGp=../graphsdb/mcs50/bvg/b06m/mcs50_b06m_s20.A27 fileNameGt=../graphsdb/mcs50/bvg/b06m/mcs50_b06m_s20.B27
Reading graphs...
20 :  58
20 :  58
Initializing...
maxdom : 20
D->valSize : 400
Solving...
currentSize : 8 <-- 0.002060 s
currentSize : 9 <-- 0.002110 s
currentSize : 10 <-- 0.003982 s
currentSize : 11 <-- 0.004332 s
currentSize : 12 <-- 0.106786 s
currentSize : 13 <-- 0.892292 s

maxsize : 13
nodes : 117533.000000
filtered : 1967224.000000
CCGP filtered : 82554.000000
CCGT filtered : 31217.000000
time : 1.065401
