Parameters: GAD=1 vflib=1 dir=0 label=0 lowerbound=1 fileNameGp=../graphsdb/mcs50/bvg/b09/mcs50_b09_s30.A45 fileNameGt=../graphsdb/mcs50/bvg/b09/mcs50_b09_s30.B45
Reading graphs...
30 :  127
30 :  135
Initializing...
maxdom : 30
D->valSize : 900
Solving...
currentSize : 11 <-- 0.009542 s
currentSize : 12 <-- 0.009772 s
currentSize : 13 <-- 0.021975 s
currentSize : 14 <-- 0.064855 s
currentSize : 15 <-- 10.883988 s
currentSize : 16 <-- 11.895995 s
currentSize : 17 <-- 75.172653 s

maxsize : 17
nodes : 14080196.000000
filtered : 320606149.000000
CCGP filtered : 6469809.000000
CCGT filtered : 2821909.000000
time : 156.396896
