Parameters: GAD=1 vflib=1 dir=0 label=0 lowerbound=1 fileNameGp=../graphsdb/mcs50/rand/r01/mcs50_r01_s15.A40 fileNameGt=../graphsdb/mcs50/rand/r01/mcs50_r01_s15.B40
Reading graphs...
15 :  23
15 :  21
Initializing...
maxdom : 15
D->valSize : 225
Solving...
currentSize : 7 <-- 0.000928 s
currentSize : 8 <-- 0.001020 s
currentSize : 9 <-- 0.001244 s
currentSize : 10 <-- 0.001721 s
currentSize : 11 <-- 0.005064 s
currentSize : 12 <-- 0.005100 s

maxsize : 12
nodes : 1132.000000
filtered : 22914.000000
CCGP filtered : 2689.000000
CCGT filtered : 1547.000000
time : 0.010757
