Parameters: GAD=1 vflib=1 dir=0 label=0 lowerbound=1 fileNameGp=../graphsdb/mcs50/rand/r005/mcs50_r005_s30.A69 fileNameGt=../graphsdb/mcs50/rand/r005/mcs50_r005_s30.B69
Reading graphs...
30 :  47
30 :  47
Initializing...
maxdom : 30
D->valSize : 900
Solving...
currentSize : 12 <-- 0.019817 s
currentSize : 15 <-- 0.019942 s
currentSize : 17 <-- 0.019974 s
currentSize : 18 <-- 0.020839 s
currentSize : 19 <-- 0.072198 s
currentSize : 20 <-- 0.580165 s
currentSize : 21 <-- 2.026395 s

maxsize : 21
nodes : 1556786.000000
filtered : 47956130.000000
CCGP filtered : 21803383.000000
CCGT filtered : 9580677.000000
time : 26.559208
