Parameters: GAD=1 vflib=1 dir=0 label=0 lowerbound=1 fileNameGp=../graphsdb/mcs50/bvg/b03m/mcs50_b03m_s30.A98 fileNameGt=../graphsdb/mcs50/bvg/b03m/mcs50_b03m_s30.B98
Reading graphs...
30 :  44
30 :  44
Initializing...
maxdom : 30
D->valSize : 900
Solving...
currentSize : 12 <-- 0.017490 s
currentSize : 15 <-- 0.017643 s
currentSize : 16 <-- 0.017967 s
currentSize : 17 <-- 0.018006 s
currentSize : 18 <-- 0.018223 s
currentSize : 19 <-- 0.050300 s
currentSize : 20 <-- 0.105453 s
currentSize : 21 <-- 1.179008 s

maxsize : 21
nodes : 1478846.000000
filtered : 41827656.000000
CCGP filtered : 20664271.000000
CCGT filtered : 10163160.000000
time : 25.865681
