Parameters: GAD=1 vflib=1 dir=0 label=0 lowerbound=1 fileNameGp=../graphsdb/mcs50/bvg/b03m/mcs50_b03m_s35.A22 fileNameGt=../graphsdb/mcs50/bvg/b03m/mcs50_b03m_s35.B22
Reading graphs...
35 :  51
35 :  51
Initializing...
maxdom : 35
D->valSize : 1225
Solving...
currentSize : 18 <-- 0.020755 s
currentSize : 19 <-- 0.020831 s
currentSize : 20 <-- 0.021140 s
currentSize : 21 <-- 0.028198 s
currentSize : 22 <-- 0.106140 s
currentSize : 23 <-- 0.194399 s
currentSize : 24 <-- 0.416885 s
currentSize : 25 <-- 8.181594 s
currentSize : 26 <-- 42.241623 s

maxsize : 26
nodes : 3793583.000000
filtered : 140531895.000000
CCGP filtered : 89607450.000000
CCGT filtered : 47486970.000000
time : 88.298248
