Parameters: GAD=1 vflib=1 dir=0 label=0 lowerbound=1 fileNameGp=../graphsdb/mcs50/rand/r01/mcs50_r01_s25.A16 fileNameGt=../graphsdb/mcs50/rand/r01/mcs50_r01_s25.B16
Reading graphs...
25 :  58
25 :  54
Initializing...
maxdom : 25
D->valSize : 625
Solving...
currentSize : 9 <-- 0.005284 s
currentSize : 10 <-- 0.005320 s
currentSize : 11 <-- 0.005542 s
currentSize : 12 <-- 0.006108 s
currentSize : 13 <-- 0.006297 s
currentSize : 14 <-- 0.008570 s
currentSize : 15 <-- 0.008746 s
currentSize : 16 <-- 0.574665 s

maxsize : 16
nodes : 915989.000000
filtered : 19622361.000000
CCGP filtered : 1033967.000000
CCGT filtered : 1099996.000000
time : 9.090159
