Parameters: GAD=1 vflib=1 dir=0 label=0 lowerbound=1 fileNameGp=../graphsdb/mcs50/rand/r005/mcs50_r005_s30.A84 fileNameGt=../graphsdb/mcs50/rand/r005/mcs50_r005_s30.B84
Reading graphs...
30 :  46
30 :  47
Initializing...
maxdom : 30
D->valSize : 900
Solving...
currentSize : 16 <-- 0.011139 s
currentSize : 17 <-- 0.011509 s
currentSize : 18 <-- 0.018247 s
currentSize : 19 <-- 0.026611 s
currentSize : 20 <-- 0.040900 s
currentSize : 21 <-- 0.148203 s
currentSize : 22 <-- 10.443863 s

maxsize : 22
nodes : 1214073.000000
filtered : 38261438.000000
CCGP filtered : 18086108.000000
CCGT filtered : 9744308.000000
time : 28.158449
