Parameters: GAD=1 vflib=1 dir=0 label=0 lowerbound=1 fileNameGp=../graphsdb/mcs50/bvg/b03m/mcs50_b03m_s20.A99 fileNameGt=../graphsdb/mcs50/bvg/b03m/mcs50_b03m_s20.B99
Reading graphs...
20 :  29
20 :  29
Initializing...
maxdom : 20
D->valSize : 400
Solving...
currentSize : 8 <-- 0.002235 s
currentSize : 10 <-- 0.002262 s
currentSize : 11 <-- 0.002615 s
currentSize : 12 <-- 0.003008 s
currentSize : 13 <-- 0.003152 s
currentSize : 14 <-- 0.003469 s
currentSize : 15 <-- 0.013890 s

maxsize : 15
nodes : 7379.000000
filtered : 190479.000000
CCGP filtered : 50293.000000
CCGT filtered : 20376.000000
time : 0.076306
