Parameters: GAD=1 vflib=1 dir=0 label=0 lowerbound=1 fileNameGp=../graphsdb/mcs50/rand/r02/mcs50_r02_s25.A43 fileNameGt=../graphsdb/mcs50/rand/r02/mcs50_r02_s25.B43
Reading graphs...
25 :  103
25 :  109
Initializing...
maxdom : 25
D->valSize : 625
Solving...
currentSize : 8 <-- 0.004723 s
currentSize : 9 <-- 0.004778 s
currentSize : 10 <-- 0.004908 s
currentSize : 11 <-- 0.005017 s
currentSize : 12 <-- 0.016241 s
currentSize : 13 <-- 1.993124 s

maxsize : 13
nodes : 6232751.000000
filtered : 83920603.000000
CCGP filtered : 308332.000000
CCGT filtered : 409217.000000
time : 53.078953
