Parameters: GAD=1 vflib=1 dir=0 label=0 lowerbound=1 fileNameGp=../graphsdb/mcs50/rand/r02/mcs50_r02_s30.A94 fileNameGt=../graphsdb/mcs50/rand/r02/mcs50_r02_s30.B94
Reading graphs...
30 :  153
30 :  156
Initializing...
maxdom : 30
D->valSize : 900
Solving...
currentSize : 10 <-- 0.009529 s
currentSize : 11 <-- 0.009692 s
currentSize : 12 <-- 0.010590 s
currentSize : 13 <-- 0.034118 s
currentSize : 14 <-- 1.361843 s
currentSize : 16 <-- 9.015265 s

maxsize : 16
nodes : 20964470.000000
filtered : 403139974.000000
CCGP filtered : 757489.000000
CCGT filtered : 1000864.000000
time : 226.672287
