Parameters: GAD=1 vflib=1 dir=0 label=0 lowerbound=1 fileNameGp=../graphsdb/mcs50/rand/r005/mcs50_r005_s20.A01 fileNameGt=../graphsdb/mcs50/rand/r005/mcs50_r005_s20.B01
Reading graphs...
20 :  23
20 :  24
Initializing...
maxdom : 20
D->valSize : 400
Solving...
currentSize : 7 <-- 0.003897 s
currentSize : 8 <-- 0.003961 s
currentSize : 9 <-- 0.004009 s
currentSize : 10 <-- 0.004046 s
currentSize : 11 <-- 0.004156 s
currentSize : 12 <-- 0.005111 s
currentSize : 13 <-- 0.005563 s
currentSize : 14 <-- 0.007756 s
currentSize : 16 <-- 0.017598 s

maxsize : 16
nodes : 2964.000000
filtered : 67426.000000
CCGP filtered : 61194.000000
CCGT filtered : 14621.000000
time : 0.055051
