Parameters: GAD=1 vflib=1 dir=0 label=0 lowerbound=1 fileNameGp=../graphsdb/mcs50/m2D/m2Dr4/mcs50_m2Dr4_s30.A33 fileNameGt=../graphsdb/mcs50/m2D/m2Dr4/mcs50_m2Dr4_s30.B33
Reading graphs...
30 :  59
30 :  59
Initializing...
maxdom : 30
D->valSize : 900
Solving...
currentSize : 13 <-- 0.015284 s
currentSize : 16 <-- 0.015324 s
currentSize : 17 <-- 0.015383 s
currentSize : 18 <-- 0.024564 s
currentSize : 19 <-- 0.042125 s
currentSize : 20 <-- 0.201365 s

maxsize : 20
nodes : 6701846.000000
filtered : 195179635.000000
CCGP filtered : 26628502.000000
CCGT filtered : 21082376.000000
time : 104.101845
