Parameters: GAD=1 vflib=1 dir=0 label=0 lowerbound=1 fileNameGp=../graphsdb/mcs70/bvg/b09m/mcs70_b09m_s35.A30 fileNameGt=../graphsdb/mcs70/bvg/b09m/mcs70_b09m_s35.B30
Reading graphs...
35 :  155
35 :  154
Initializing...
maxdom : 35
D->valSize : 1225
Solving...
currentSize : 13 <-- 0.017977 s
currentSize : 14 <-- 0.018203 s
currentSize : 15 <-- 0.021767 s
currentSize : 16 <-- 0.388089 s
currentSize : 17 <-- 2.231979 s
currentSize : 18 <-- 114.649986 s
currentSize : 19 <-- 649.937927 s
currentSize : 22 <-- 649.943604 s
currentSize : 25 <-- 649.944519 s

maxsize : 25
nodes : 54768488.000000
filtered : 1192443843.000000
CCGP filtered : 30171433.000000
CCGT filtered : 14346073.000000
time : 667.805725
