Parameters: GAD=1 vflib=1 dir=0 label=0 lowerbound=1 fileNameGp=../graphsdb/mcs70/rand/r005/mcs70_r005_s35.A21 fileNameGt=../graphsdb/mcs70/rand/r005/mcs70_r005_s35.B21
Reading graphs...
35 :  56
35 :  56
Initializing...
maxdom : 35
D->valSize : 1225
Solving...
currentSize : 13 <-- 0.036960 s
currentSize : 14 <-- 0.037305 s
currentSize : 16 <-- 0.037652 s
currentSize : 18 <-- 0.037743 s
currentSize : 19 <-- 0.038373 s
currentSize : 20 <-- 0.051428 s
currentSize : 21 <-- 0.104574 s
currentSize : 22 <-- 0.114545 s
currentSize : 23 <-- 1.337021 s
currentSize : 24 <-- 1.864498 s
currentSize : 25 <-- 6.904635 s

maxsize : 25
nodes : 4523206.000000
filtered : 165810891.000000
CCGP filtered : 52060744.000000
CCGT filtered : 38511386.000000
time : 122.137642
