Parameters: GAD=1 vflib=1 dir=0 label=0 lowerbound=1 fileNameGp=../graphsdb/mcs70/m2D/m2Dr6/m2Dr6/mcs70_m2Dr6_s35.A34 fileNameGt=../graphsdb/mcs70/m2D/m2Dr6/m2Dr6/mcs70_m2Dr6_s35.B34
Reading graphs...
35 :  75
35 :  74
Initializing...
maxdom : 35
D->valSize : 1225
Solving...
currentSize : 16 <-- 0.020223 s
currentSize : 17 <-- 0.020257 s
currentSize : 18 <-- 0.020405 s
currentSize : 19 <-- 0.023955 s
currentSize : 20 <-- 0.284753 s
currentSize : 21 <-- 1.565357 s
currentSize : 22 <-- 8.980620 s
currentSize : 23 <-- 90.794258 s
currentSize : 24 <-- 165.828339 s
currentSize : 25 <-- 166.840820 s

maxsize : 25
nodes : 19102745.000000
filtered : 726021437.000000
CCGP filtered : 90436661.000000
CCGT filtered : 40120166.000000
time : 416.780487
