Parameters: GAD=1 vflib=1 dir=0 label=0 lowerbound=1 fileNameGp=../graphsdb/mcs70/rand/r005/mcs70_r005_s20.A63 fileNameGt=../graphsdb/mcs70/rand/r005/mcs70_r005_s20.B63
Reading graphs...
20 :  23
20 :  23
Initializing...
maxdom : 20
D->valSize : 400
Solving...
currentSize : 7 <-- 0.003976 s
currentSize : 10 <-- 0.004021 s
currentSize : 11 <-- 0.004064 s
currentSize : 12 <-- 0.005338 s
currentSize : 13 <-- 0.005879 s
currentSize : 15 <-- 0.007607 s
currentSize : 16 <-- 0.013970 s

maxsize : 16
nodes : 2990.000000
filtered : 66589.000000
CCGP filtered : 22749.000000
CCGT filtered : 12060.000000
time : 0.048102
