Parameters: GAD=1 vflib=1 dir=0 label=0 lowerbound=1 fileNameGp=../graphsdb/mcs70/bvg/b09/mcs70_b09_s30.A82 fileNameGt=../graphsdb/mcs70/bvg/b09/mcs70_b09_s30.B82
Reading graphs...
30 :  132
30 :  133
Initializing...
maxdom : 30
D->valSize : 900
Solving...
currentSize : 12 <-- 0.009698 s
currentSize : 13 <-- 0.009876 s
currentSize : 14 <-- 0.010426 s
currentSize : 15 <-- 0.028393 s
currentSize : 16 <-- 0.072448 s
currentSize : 17 <-- 0.114332 s
currentSize : 18 <-- 0.203663 s
currentSize : 19 <-- 0.204068 s
currentSize : 20 <-- 0.205547 s
currentSize : 21 <-- 0.206223 s

maxsize : 21
nodes : 356488.000000
filtered : 16866387.000000
CCGP filtered : 74157.000000
CCGT filtered : 18385.000000
time : 5.006099
