Parameters: GAD=1 vflib=1 dir=0 label=0 lowerbound=1 fileNameGp=../graphsdb/mcs70/m4D/m4D/mcs70_m4D_s25.A84 fileNameGt=../graphsdb/mcs70/m4D/m4D/mcs70_m4D_s25.B84
Reading graphs...
25 :  47
25 :  47
Initializing...
maxdom : 25
D->valSize : 625
Solving...
currentSize : 7 <-- 0.005018 s
currentSize : 11 <-- 0.005065 s
currentSize : 12 <-- 0.005138 s
currentSize : 14 <-- 0.005261 s
currentSize : 15 <-- 0.005616 s
currentSize : 16 <-- 0.007164 s
currentSize : 17 <-- 1.240807 s
currentSize : 18 <-- 2.436178 s

maxsize : 18
nodes : 267817.000000
filtered : 5465222.000000
CCGP filtered : 1649345.000000
CCGT filtered : 1094668.000000
time : 3.189922
