Parameters: GAD=1 vflib=1 dir=0 label=0 lowerbound=1 fileNameGp=../graphsdb/mcs70/m4D/m4Dr2/mcs70_m4Dr2_s25.A10 fileNameGt=../graphsdb/mcs70/m4D/m4Dr2/mcs70_m4Dr2_s25.B10
Reading graphs...
25 :  51
25 :  52
Initializing...
maxdom : 25
D->valSize : 625
Solving...
currentSize : 12 <-- 0.005063 s
currentSize : 14 <-- 0.005100 s
currentSize : 15 <-- 0.005270 s
currentSize : 16 <-- 0.126317 s
currentSize : 17 <-- 0.216930 s
currentSize : 18 <-- 0.227367 s

maxsize : 18
nodes : 98765.000000
filtered : 2878731.000000
CCGP filtered : 452475.000000
CCGT filtered : 415774.000000
time : 1.517063
