Parameters: GAD=1 vflib=1 dir=0 label=0 lowerbound=1 fileNameGp=../graphsdb/mcs70/bvg/b06m/mcs70_b06m_s25.A26 fileNameGt=../graphsdb/mcs70/bvg/b06m/mcs70_b06m_s25.B26
Reading graphs...
25 :  72
25 :  70
Initializing...
maxdom : 25
D->valSize : 625
Solving...
currentSize : 10 <-- 0.004890 s
currentSize : 11 <-- 0.004950 s
currentSize : 12 <-- 0.011067 s
currentSize : 13 <-- 0.014599 s
currentSize : 14 <-- 0.080023 s
currentSize : 15 <-- 0.882515 s
currentSize : 17 <-- 2.702271 s

maxsize : 17
nodes : 368854.000000
filtered : 8494776.000000
CCGP filtered : 300925.000000
CCGT filtered : 661943.000000
time : 4.053442
