Parameters: GAD=1 vflib=1 dir=0 label=0 lowerbound=1 fileNameGp=../graphsdb/mcs70/bvg/b09/mcs70_b09_s30.A18 fileNameGt=../graphsdb/mcs70/bvg/b09/mcs70_b09_s30.B18
Reading graphs...
30 :  132
30 :  131
Initializing...
maxdom : 30
D->valSize : 900
Solving...
currentSize : 11 <-- 0.016503 s
currentSize : 12 <-- 0.016925 s
currentSize : 13 <-- 0.019456 s
currentSize : 14 <-- 0.037666 s
currentSize : 15 <-- 0.128569 s
currentSize : 16 <-- 1.015593 s
currentSize : 17 <-- 1.015918 s
currentSize : 19 <-- 1.017437 s
currentSize : 20 <-- 1.017634 s

maxsize : 20
nodes : 1223743.000000
filtered : 42380521.000000
CCGP filtered : 128351.000000
CCGT filtered : 146073.000000
time : 15.653940
