Parameters: GAD=1 vflib=1 dir=0 label=0 lowerbound=1 fileNameGp=../graphsdb/mcs70/bvg/b09m/mcs70_b09m_s25.A16 fileNameGt=../graphsdb/mcs70/bvg/b09m/mcs70_b09m_s25.B16
Reading graphs...
25 :  105
25 :  104
Initializing...
maxdom : 25
D->valSize : 625
Solving...
currentSize : 10 <-- 0.004621 s
currentSize : 11 <-- 0.005291 s
currentSize : 13 <-- 0.006682 s
currentSize : 14 <-- 0.052256 s
currentSize : 16 <-- 4.713887 s
currentSize : 17 <-- 4.714495 s

maxsize : 17
nodes : 595389.000000
filtered : 11279381.000000
CCGP filtered : 133836.000000
CCGT filtered : 67643.000000
time : 5.575156
