Parameters: GAD=1 vflib=1 dir=0 label=0 lowerbound=1 fileNameGp=../graphsdb/mcs70/bvg/b06m/mcs70_b06m_s20.A08 fileNameGt=../graphsdb/mcs70/bvg/b06m/mcs70_b06m_s20.B08
Reading graphs...
20 :  57
20 :  59
Initializing...
maxdom : 20
D->valSize : 400
Solving...
currentSize : 8 <-- 0.002075 s
currentSize : 9 <-- 0.002099 s
currentSize : 10 <-- 0.002327 s
currentSize : 11 <-- 0.004254 s
currentSize : 12 <-- 0.006998 s
currentSize : 15 <-- 0.487548 s

maxsize : 15
nodes : 71771.000000
filtered : 1103910.000000
CCGP filtered : 30671.000000
CCGT filtered : 51284.000000
time : 0.532383
