Parameters: GAD=1 vflib=1 dir=0 label=0 lowerbound=1 fileNameGp=../graphsdb/mcs70/bvg/b09m/mcs70_b09m_s30.A65 fileNameGt=../graphsdb/mcs70/bvg/b09m/mcs70_b09m_s30.B65
Reading graphs...
30 :  131
30 :  129
Initializing...
maxdom : 30
D->valSize : 900
Solving...
currentSize : 10 <-- 0.016946 s
currentSize : 11 <-- 0.017375 s
currentSize : 12 <-- 0.017861 s
currentSize : 13 <-- 0.018937 s
currentSize : 14 <-- 0.128482 s
currentSize : 15 <-- 0.756797 s
currentSize : 17 <-- 9.064941 s
currentSize : 18 <-- 27.925507 s
currentSize : 19 <-- 27.964550 s
currentSize : 20 <-- 32.310093 s

maxsize : 20
nodes : 3537529.000000
filtered : 91529256.000000
CCGP filtered : 292780.000000
CCGT filtered : 1964146.000000
time : 39.459450
