Parameters: GAD=1 vflib=1 dir=0 label=0 lowerbound=1 fileNameGp=../graphsdb/mcs70/bvg/b06m/mcs70_b06m_s35.A76 fileNameGt=../graphsdb/mcs70/bvg/b06m/mcs70_b06m_s35.B76
Reading graphs...
35 :  105
35 :  104
Initializing...
maxdom : 35
D->valSize : 1225
Solving...
currentSize : 13 <-- 0.019309 s
currentSize : 14 <-- 0.019605 s
currentSize : 15 <-- 0.020013 s
currentSize : 16 <-- 0.020487 s
currentSize : 18 <-- 0.030773 s
currentSize : 19 <-- 39.990360 s
currentSize : 20 <-- 53.141224 s
currentSize : 21 <-- 613.882263 s
currentSize : 24 <-- 616.130371 s

maxsize : 24
nodes : 43330438.000000
filtered : 1287506076.000000
CCGP filtered : 100631137.000000
CCGT filtered : 105807086.000000
time : 689.497314
