Parameters: GAD=1 vflib=1 dir=0 label=0 lowerbound=1 fileNameGp=../graphsdb/mcs70/bvg/b06m/mcs70_b06m_s35.A89 fileNameGt=../graphsdb/mcs70/bvg/b06m/mcs70_b06m_s35.B89
Reading graphs...
35 :  103
35 :  102
Initializing...
maxdom : 35
D->valSize : 1225
Solving...
currentSize : 13 <-- 0.034396 s
currentSize : 14 <-- 0.034532 s
currentSize : 15 <-- 0.034687 s
currentSize : 17 <-- 0.045061 s
currentSize : 18 <-- 0.064920 s
currentSize : 19 <-- 0.301488 s
currentSize : 20 <-- 1.857892 s
currentSize : 21 <-- 114.417747 s
currentSize : 22 <-- 436.579468 s
currentSize : 23 <-- 794.909912 s
currentSize : 24 <-- 802.775452 s

maxsize : 24
nodes : 48356677.000000
filtered : 1793902000.000000
CCGP filtered : 112105355.000000
CCGT filtered : 63770843.000000
time : 858.953308
