Parameters: GAD=1 vflib=1 dir=0 label=0 lowerbound=1 fileNameGp=../graphsdb/mcs70/m3D/m3Dr4/mcs70_m3Dr4_s35.A02 fileNameGt=../graphsdb/mcs70/m3D/m3Dr4/mcs70_m3Dr4_s35.B02
Reading graphs...
35 :  84
35 :  85
Initializing...
maxdom : 35
D->valSize : 1225
Solving...
currentSize : 16 <-- 0.034802 s
currentSize : 17 <-- 0.034983 s
currentSize : 18 <-- 0.036218 s
currentSize : 19 <-- 0.061655 s
currentSize : 20 <-- 0.344013 s
currentSize : 21 <-- 0.505804 s
currentSize : 22 <-- 34.329311 s
currentSize : 24 <-- 373.886261 s
currentSize : 26 <-- 437.905792 s
currentSize : 28 <-- 437.905945 s
currentSize : 29 <-- 437.906830 s

maxsize : 29
nodes : 31197175.000000
filtered : 932890223.000000
CCGP filtered : 42337742.000000
CCGT filtered : 39786661.000000
time : 439.395477
