Parameters: GAD=1 vflib=1 dir=0 label=0 lowerbound=1 fileNameGp=../graphsdb/mcs70/rand/r005/mcs70_r005_s20.A16 fileNameGt=../graphsdb/mcs70/rand/r005/mcs70_r005_s20.B16
Reading graphs...
20 :  23
20 :  23
Initializing...
maxdom : 20
D->valSize : 400
Solving...
currentSize : 8 <-- 0.004088 s
currentSize : 9 <-- 0.004220 s
currentSize : 10 <-- 0.010436 s
currentSize : 11 <-- 0.010517 s
currentSize : 12 <-- 0.016266 s
currentSize : 13 <-- 0.025215 s
currentSize : 14 <-- 0.025979 s
currentSize : 15 <-- 0.026806 s

maxsize : 15
nodes : 8954.000000
filtered : 167841.000000
CCGP filtered : 99552.000000
CCGT filtered : 42759.000000
time : 0.089437
