Parameters: GAD=1 vflib=1 dir=0 label=0 lowerbound=1 fileNameGp=../graphsdb/mcs70/bvg/b09m/mcs70_b09m_s35.A02 fileNameGt=../graphsdb/mcs70/bvg/b09m/mcs70_b09m_s35.B02
Reading graphs...
35 :  151
35 :  151
Initializing...
maxdom : 35
D->valSize : 1225
Solving...
currentSize : 10 <-- 0.017988 s
currentSize : 11 <-- 0.018229 s
currentSize : 12 <-- 0.018394 s
currentSize : 13 <-- 0.018795 s
currentSize : 14 <-- 0.025260 s
currentSize : 15 <-- 0.033538 s
currentSize : 16 <-- 0.135246 s
currentSize : 17 <-- 1.310145 s
currentSize : 24 <-- 10.370949 s

maxsize : 24
nodes : 3052676.000000
filtered : 130793351.000000
CCGP filtered : 706455.000000
CCGT filtered : 392506.000000
time : 51.345192
