Parameters: GAD=1 vflib=1 dir=0 label=0 lowerbound=1 fileNameGp=../graphsdb/mcs70/bvg/b09m/mcs70_b09m_s30.A20 fileNameGt=../graphsdb/mcs70/bvg/b09m/mcs70_b09m_s30.B20
Reading graphs...
30 :  126
30 :  125
Initializing...
maxdom : 30
D->valSize : 900
Solving...
currentSize : 11 <-- 0.009815 s
currentSize : 12 <-- 0.010246 s
currentSize : 13 <-- 0.012664 s
currentSize : 14 <-- 0.038075 s
currentSize : 15 <-- 0.042898 s
currentSize : 16 <-- 0.252017 s
currentSize : 18 <-- 106.400925 s
currentSize : 20 <-- 106.413261 s

maxsize : 20
nodes : 10944246.000000
filtered : 231761841.000000
CCGP filtered : 1736758.000000
CCGT filtered : 6383007.000000
time : 113.112679
