Parameters: GAD=1 vflib=1 dir=0 label=0 lowerbound=1 fileNameGp=../graphsdb/mcs70/rand/r01/mcs70_r01_s35.A28 fileNameGt=../graphsdb/mcs70/rand/r01/mcs70_r01_s35.B28
Reading graphs...
35 :  111
35 :  114
Initializing...
maxdom : 35
D->valSize : 1225
Solving...
currentSize : 10 <-- 0.034044 s
currentSize : 11 <-- 0.034170 s
currentSize : 12 <-- 0.034359 s
currentSize : 13 <-- 0.034582 s
currentSize : 14 <-- 0.035030 s
currentSize : 15 <-- 0.036138 s
currentSize : 16 <-- 0.038487 s
currentSize : 17 <-- 0.044487 s
currentSize : 18 <-- 0.396766 s
currentSize : 19 <-- 2.258356 s
currentSize : 20 <-- 546.140686 s
currentSize : 21 <-- 548.291321 s
currentSize : 24 <-- 1365.444702 s

maxsize : 24
nodes : 113392185.000000
filtered : 3082141155.000000
CCGP filtered : 69458367.000000
CCGT filtered : 68343581.000000
time : 1478.091064
