Parameters: GAD=1 vflib=1 dir=0 label=0 lowerbound=1 fileNameGp=../graphsdb/mcs70/bvg/b09m/mcs70_b09m_s35.A07 fileNameGt=../graphsdb/mcs70/bvg/b09m/mcs70_b09m_s35.B07
Reading graphs...
35 :  148
35 :  149
Initializing...
maxdom : 35
D->valSize : 1225
Solving...
currentSize : 12 <-- 0.023384 s
currentSize : 14 <-- 0.023590 s
currentSize : 15 <-- 0.025298 s
currentSize : 16 <-- 0.046137 s
currentSize : 17 <-- 1.923977 s
currentSize : 18 <-- 3.017213 s
currentSize : 19 <-- 69.666008 s
currentSize : 20 <-- 578.832336 s
currentSize : 23 <-- 578.861572 s
currentSize : 24 <-- 578.861694 s

maxsize : 24
nodes : 45586235.000000
filtered : 1281254270.000000
CCGP filtered : 9045368.000000
CCGT filtered : 24814860.000000
time : 608.143494
