Parameters: GAD=1 vflib=1 dir=0 label=0 lowerbound=1 fileNameGp=../graphsdb/mcs90/m2D/m2D/mcs90_m2D_s30.A97 fileNameGt=../graphsdb/mcs90/m2D/m2D/mcs90_m2D_s30.B97
Reading graphs...
30 :  49
30 :  49
Initializing...
maxdom : 30
D->valSize : 900
Solving...
currentSize : 16 <-- 0.019308 s
currentSize : 17 <-- 0.019418 s
currentSize : 18 <-- 0.019593 s
currentSize : 19 <-- 0.019992 s
currentSize : 20 <-- 0.023414 s
currentSize : 21 <-- 0.023459 s
currentSize : 22 <-- 0.056680 s
currentSize : 23 <-- 0.608817 s
currentSize : 25 <-- 0.623876 s
currentSize : 26 <-- 0.773287 s

maxsize : 26
nodes : 41836.000000
filtered : 1600997.000000
CCGP filtered : 382860.000000
CCGT filtered : 173749.000000
time : 1.304262
