Parameters: GAD=1 vflib=1 dir=0 label=0 lowerbound=1 fileNameGp=../graphsdb/mcs90/bvg/b09/mcs90_b09_s35.A43 fileNameGt=../graphsdb/mcs90/bvg/b09/mcs90_b09_s35.B43
Reading graphs...
35 :  157
35 :  155
Initializing...
maxdom : 35
D->valSize : 1225
Solving...
currentSize : 12 <-- 0.018483 s
currentSize : 13 <-- 0.018555 s
currentSize : 14 <-- 0.018711 s
currentSize : 15 <-- 0.019076 s
currentSize : 16 <-- 0.042681 s
currentSize : 17 <-- 0.172859 s
currentSize : 18 <-- 0.326489 s
currentSize : 19 <-- 0.340184 s
currentSize : 21 <-- 2.942735 s
currentSize : 23 <-- 2.942934 s
currentSize : 24 <-- 2.944292 s
currentSize : 26 <-- 2.944556 s
currentSize : 30 <-- 2.954567 s

maxsize : 30
nodes : 294095.000000
filtered : 8270180.000000
CCGP filtered : 30951.000000
CCGT filtered : 98198.000000
time : 3.868130
