Parameters: GAD=1 vflib=1 dir=0 label=0 lowerbound=1 fileNameGp=../graphsdb/mcs90/bvg/b06/mcs90_b06_s20.A23 fileNameGt=../graphsdb/mcs90/bvg/b06/mcs90_b06_s20.B23
Reading graphs...
20 :  60
20 :  60
Initializing...
maxdom : 20
D->valSize : 400
Solving...
currentSize : 12 <-- 0.002060 s
currentSize : 13 <-- 0.002174 s
currentSize : 14 <-- 0.002310 s
currentSize : 15 <-- 0.002471 s
currentSize : 16 <-- 0.002500 s
currentSize : 18 <-- 0.003352 s

maxsize : 18
nodes : 792.000000
filtered : 30438.000000
CCGP filtered : 62.000000
CCGT filtered : 172.000000
time : 0.018616
