Parameters: GAD=1 vflib=1 dir=0 label=0 lowerbound=1 fileNameGp=../graphsdb/mcs90/rand/r005/mcs90_r005_s25.A14 fileNameGt=../graphsdb/mcs90/rand/r005/mcs90_r005_s25.B14
Reading graphs...
25 :  29
25 :  29
Initializing...
maxdom : 25
D->valSize : 625
Solving...
currentSize : 11 <-- 0.005650 s
currentSize : 13 <-- 0.006705 s
currentSize : 14 <-- 0.006775 s
currentSize : 15 <-- 0.007848 s
currentSize : 18 <-- 0.008713 s
currentSize : 21 <-- 0.008734 s
currentSize : 22 <-- 0.014824 s

maxsize : 22
nodes : 1285.000000
filtered : 50420.000000
CCGP filtered : 15606.000000
CCGT filtered : 7294.000000
time : 0.055638
