Parameters: GAD=1 vflib=1 dir=0 label=0 lowerbound=1 fileNameGp=../graphsdb/mcs90/bvg/b09/mcs90_b09_s35.A93 fileNameGt=../graphsdb/mcs90/bvg/b09/mcs90_b09_s35.B93
Reading graphs...
35 :  156
35 :  156
Initializing...
maxdom : 35
D->valSize : 1225
Solving...
currentSize : 15 <-- 0.018129 s
currentSize : 16 <-- 0.019214 s
currentSize : 17 <-- 0.026775 s
currentSize : 18 <-- 0.109516 s
currentSize : 19 <-- 0.141613 s
currentSize : 20 <-- 0.890255 s
currentSize : 22 <-- 0.923708 s
currentSize : 23 <-- 1.037028 s
currentSize : 24 <-- 1.313270 s
currentSize : 25 <-- 1.355430 s
currentSize : 27 <-- 1.622503 s
currentSize : 28 <-- 2.228843 s
currentSize : 30 <-- 2.736282 s

maxsize : 30
nodes : 208248.000000
filtered : 8623795.000000
CCGP filtered : 11919.000000
CCGT filtered : 68631.000000
time : 3.451427
