Parameters: GAD=1 vflib=1 dir=0 label=0 lowerbound=1 fileNameGp=../graphsdb/mcs90/rand/r005/mcs90_r005_s30.A38 fileNameGt=../graphsdb/mcs90/rand/r005/mcs90_r005_s30.B38
Reading graphs...
30 :  41
30 :  42
Initializing...
maxdom : 30
D->valSize : 900
Solving...
currentSize : 10 <-- 0.011296 s
currentSize : 11 <-- 0.011332 s
currentSize : 12 <-- 0.011435 s
currentSize : 13 <-- 0.011464 s
currentSize : 15 <-- 0.011803 s
currentSize : 16 <-- 0.012181 s
currentSize : 17 <-- 0.016250 s
currentSize : 18 <-- 0.066185 s
currentSize : 19 <-- 0.150675 s
currentSize : 20 <-- 1.069155 s
currentSize : 21 <-- 1.556617 s
currentSize : 23 <-- 1.557347 s
currentSize : 24 <-- 1.751054 s
currentSize : 27 <-- 1.774493 s

maxsize : 27
nodes : 125655.000000
filtered : 2727996.000000
CCGP filtered : 1315589.000000
CCGT filtered : 1403181.000000
time : 1.840228
