Parameters: GAD=1 vflib=1 dir=0 label=0 lowerbound=1 fileNameGp=../graphsdb/mcs90/bvg/b06m/mcs90_b06m_s20.A14 fileNameGt=../graphsdb/mcs90/bvg/b06m/mcs90_b06m_s20.B14
Reading graphs...
20 :  58
20 :  58
Initializing...
maxdom : 20
D->valSize : 400
Solving...
currentSize : 9 <-- 0.002269 s
currentSize : 10 <-- 0.002522 s
currentSize : 11 <-- 0.002646 s
currentSize : 12 <-- 0.022247 s
currentSize : 13 <-- 0.034077 s
currentSize : 14 <-- 0.088324 s
currentSize : 18 <-- 0.176627 s

maxsize : 18
nodes : 20412.000000
filtered : 408828.000000
CCGP filtered : 12034.000000
CCGT filtered : 2348.000000
time : 0.182934
