Parameters: GAD=1 vflib=1 dir=0 label=0 lowerbound=1 fileNameGp=../graphsdb/mcs90/bvg/b06m/mcs90_b06m_s20.A07 fileNameGt=../graphsdb/mcs90/bvg/b06m/mcs90_b06m_s20.B07
Reading graphs...
20 :  55
20 :  54
Initializing...
maxdom : 20
D->valSize : 400
Solving...
currentSize : 9 <-- 0.002136 s
currentSize : 10 <-- 0.002237 s
currentSize : 11 <-- 0.002550 s
currentSize : 12 <-- 0.003188 s
currentSize : 13 <-- 0.007121 s
currentSize : 14 <-- 0.095210 s
currentSize : 15 <-- 0.117238 s
currentSize : 17 <-- 0.118045 s
currentSize : 18 <-- 0.118160 s

maxsize : 18
nodes : 13540.000000
filtered : 249391.000000
CCGP filtered : 4897.000000
CCGT filtered : 1299.000000
time : 0.123609
