Parameters: GAD=1 vflib=1 dir=0 label=0 lowerbound=1 fileNameGp=../graphsdb/mcs90/m2D/m2Dr6/mcs90_m2Dr6_s20.A69 fileNameGt=../graphsdb/mcs90/m2D/m2Dr6/mcs90_m2Dr6_s20.B69
Reading graphs...
20 :  42
20 :  40
Initializing...
maxdom : 20
D->valSize : 400
Solving...
currentSize : 9 <-- 0.002141 s
currentSize : 10 <-- 0.002298 s
currentSize : 11 <-- 0.002424 s
currentSize : 12 <-- 0.003487 s
currentSize : 13 <-- 0.006502 s
currentSize : 14 <-- 0.014996 s
currentSize : 16 <-- 0.015826 s

maxsize : 16
nodes : 6389.000000
filtered : 169593.000000
CCGP filtered : 5033.000000
CCGT filtered : 1809.000000
time : 0.075063
