Parameters: GAD=1 vflib=1 dir=0 label=0 lowerbound=1 fileNameGp=../graphsdb/mcs90/m3D/m3Dr6/mcs90_m3Dr6_s30.A81 fileNameGt=../graphsdb/mcs90/m3D/m3Dr6/mcs90_m3Dr6_s30.B81
Reading graphs...
30 :  78
30 :  79
Initializing...
maxdom : 30
D->valSize : 900
Solving...
currentSize : 11 <-- 0.010432 s
currentSize : 15 <-- 0.010490 s
currentSize : 16 <-- 0.014822 s
currentSize : 17 <-- 0.157302 s
currentSize : 18 <-- 0.617013 s
currentSize : 19 <-- 1.444425 s
currentSize : 20 <-- 4.559162 s
currentSize : 21 <-- 4.560045 s
currentSize : 23 <-- 4.756140 s
currentSize : 27 <-- 4.860453 s

maxsize : 27
nodes : 405576.000000
filtered : 9604250.000000
CCGP filtered : 418737.000000
CCGT filtered : 402063.000000
time : 4.943972
