Parameters: GAD=1 vflib=1 dir=0 label=0 lowerbound=1 fileNameGp=../graphsdb/mcs90/bvg/b03m/mcs90_b03m_s20.A48 fileNameGt=../graphsdb/mcs90/bvg/b03m/mcs90_b03m_s20.B48
Reading graphs...
20 :  30
20 :  30
Initializing...
maxdom : 20
D->valSize : 400
Solving...
currentSize : 7 <-- 0.002184 s
currentSize : 13 <-- 0.002228 s
currentSize : 14 <-- 0.002301 s
currentSize : 15 <-- 0.002560 s
currentSize : 16 <-- 0.018027 s
currentSize : 18 <-- 0.018300 s

maxsize : 18
nodes : 1502.000000
filtered : 38742.000000
CCGP filtered : 10197.000000
CCGT filtered : 2806.000000
time : 0.027368
