Parameters: GAD=1 vflib=1 dir=0 label=0 lowerbound=1 fileNameGp=../graphsdb/mcs90/rand/r02/mcs90_r02_s35.A73 fileNameGt=../graphsdb/mcs90/rand/r02/mcs90_r02_s35.B73
Reading graphs...
35 :  209
35 :  211
Initializing...
maxdom : 35
D->valSize : 1225
Solving...
currentSize : 11 <-- 0.029646 s
currentSize : 12 <-- 0.030569 s
currentSize : 13 <-- 0.078976 s
currentSize : 14 <-- 1.515579 s
currentSize : 15 <-- 5.468217 s
currentSize : 16 <-- 418.596161 s
currentSize : 17 <-- 509.896484 s
currentSize : 22 <-- 513.528198 s
currentSize : 31 <-- 530.481873 s

maxsize : 31
nodes : 46050708.000000
filtered : 585013041.000000
CCGP filtered : 974108.000000
CCGT filtered : 2039155.000000
time : 530.605530
