Parameters: GAD=1 vflib=1 dir=0 label=0 lowerbound=1 fileNameGp=../graphsdb/mcs90/bvg/b03m/mcs90_b03m_s35.A96 fileNameGt=../graphsdb/mcs90/bvg/b03m/mcs90_b03m_s35.B96
Reading graphs...
35 :  52
35 :  52
Initializing...
maxdom : 35
D->valSize : 1225
Solving...
currentSize : 20 <-- 0.021225 s
currentSize : 21 <-- 0.021278 s
currentSize : 22 <-- 0.021599 s
currentSize : 23 <-- 0.023204 s
currentSize : 24 <-- 0.042295 s
currentSize : 25 <-- 0.045001 s
currentSize : 26 <-- 30.155508 s
currentSize : 27 <-- 38.028942 s
currentSize : 30 <-- 39.524509 s

maxsize : 30
nodes : 1452789.000000
filtered : 49482574.000000
CCGP filtered : 29186761.000000
CCGT filtered : 11291103.000000
time : 44.204933
