Parameters: GAD=1 vflib=1 dir=0 label=0 lowerbound=1 fileNameGp=../graphsdb/mcs90/m2D/m2Dr2/mcs90_m2Dr2_s20.A78 fileNameGt=../graphsdb/mcs90/m2D/m2Dr2/mcs90_m2Dr2_s20.B78
Reading graphs...
20 :  34
20 :  34
Initializing...
maxdom : 20
D->valSize : 400
Solving...
currentSize : 9 <-- 0.003913 s
currentSize : 10 <-- 0.003995 s
currentSize : 11 <-- 0.004101 s
currentSize : 12 <-- 0.004650 s
currentSize : 13 <-- 0.004866 s
currentSize : 14 <-- 0.011932 s
currentSize : 16 <-- 0.055491 s

maxsize : 16
nodes : 8822.000000
filtered : 197825.000000
CCGP filtered : 12583.000000
CCGT filtered : 13261.000000
time : 0.098496
