Parameters: GAD=1 vflib=1 dir=0 label=0 lowerbound=1 fileNameGp=../graphsdb/mcs90/bvg/b09/mcs90_b09_s20.A29 fileNameGt=../graphsdb/mcs90/bvg/b09/mcs90_b09_s20.B29
Reading graphs...
20 :  90
20 :  88
Initializing...
maxdom : 20
D->valSize : 400
Solving...
currentSize : 6 <-- 0.002123 s
currentSize : 7 <-- 0.002158 s
currentSize : 8 <-- 0.002279 s
currentSize : 9 <-- 0.002704 s
currentSize : 10 <-- 0.005313 s
currentSize : 12 <-- 0.008446 s
currentSize : 13 <-- 0.008582 s
currentSize : 14 <-- 0.008906 s
currentSize : 15 <-- 0.009586 s
currentSize : 16 <-- 0.010015 s
currentSize : 17 <-- 0.012167 s
currentSize : 19 <-- 0.012598 s

maxsize : 19
nodes : 1468.000000
filtered : 27262.000000
CCGP filtered : 205.000000
CCGT filtered : 37.000000
time : 0.013056
