Parameters: GAD=1 vflib=1 dir=0 label=0 lowerbound=1 fileNameGp=../graphsdb/mcs90/bvg/b03/mcs90_b03_s30.A06 fileNameGt=../graphsdb/mcs90/bvg/b03/mcs90_b03_s30.B06
Reading graphs...
30 :  45
30 :  45
Initializing...
maxdom : 30
D->valSize : 900
Solving...
currentSize : 18 <-- 0.011293 s
currentSize : 19 <-- 0.011676 s
currentSize : 20 <-- 0.012006 s
currentSize : 21 <-- 0.014331 s
currentSize : 22 <-- 0.015120 s
currentSize : 23 <-- 0.015823 s
currentSize : 24 <-- 0.025413 s
currentSize : 27 <-- 0.059782 s

maxsize : 27
nodes : 5979.000000
filtered : 373408.000000
CCGP filtered : 31920.000000
CCGT filtered : 11374.000000
time : 0.564669
