Parameters: GAD=1 vflib=1 dir=0 label=0 lowerbound=1 fileNameGp=../graphsdb/mcs90/rand/r005/mcs90_r005_s20.A18 fileNameGt=../graphsdb/mcs90/rand/r005/mcs90_r005_s20.B18
Reading graphs...
20 :  21
20 :  21
Initializing...
maxdom : 20
D->valSize : 400
Solving...
currentSize : 12 <-- 0.002430 s
currentSize : 13 <-- 0.002712 s
currentSize : 14 <-- 0.003176 s
currentSize : 15 <-- 0.004284 s
currentSize : 16 <-- 0.007343 s
currentSize : 17 <-- 0.007385 s
currentSize : 18 <-- 0.007460 s

maxsize : 18
nodes : 729.000000
filtered : 15147.000000
CCGP filtered : 12822.000000
CCGT filtered : 11553.000000
time : 0.011992
