Parameters: GAD=1 vflib=1 dir=0 label=0 lowerbound=1 fileNameGp=../graphsdb/mcs90/bvg/b09m/mcs90_b09m_s35.A21 fileNameGt=../graphsdb/mcs90/bvg/b09m/mcs90_b09m_s35.B21
Reading graphs...
35 :  152
35 :  152
Initializing...
maxdom : 35
D->valSize : 1225
Solving...
currentSize : 9 <-- 0.018402 s
currentSize : 13 <-- 0.018496 s
currentSize : 14 <-- 0.018663 s
currentSize : 15 <-- 0.018816 s
currentSize : 20 <-- 0.029495 s
currentSize : 21 <-- 0.039133 s
currentSize : 30 <-- 0.039472 s

maxsize : 30
nodes : 17274.000000
filtered : 1917688.000000
CCGP filtered : 3998.000000
CCGT filtered : 1112.000000
time : 0.541380
