Parameters: GAD=1 vflib=1 dir=0 label=0 lowerbound=1 fileNameGp=../graphsdb/mcs90/bvg/b09m/mcs90_b09m_s25.A31 fileNameGt=../graphsdb/mcs90/bvg/b09m/mcs90_b09m_s25.B31
Reading graphs...
25 :  108
25 :  108
Initializing...
maxdom : 25
D->valSize : 625
Solving...
currentSize : 10 <-- 0.004597 s
currentSize : 11 <-- 0.004821 s
currentSize : 12 <-- 0.014735 s
currentSize : 13 <-- 0.032306 s
currentSize : 14 <-- 0.429278 s
currentSize : 15 <-- 0.431284 s
currentSize : 17 <-- 0.435164 s
currentSize : 19 <-- 0.513179 s
currentSize : 22 <-- 0.621440 s

maxsize : 22
nodes : 65375.000000
filtered : 1346539.000000
CCGP filtered : 3835.000000
CCGT filtered : 3495.000000
time : 0.626525
