Parameters: GAD=1 vflib=1 dir=0 label=0 lowerbound=1 fileNameGp=../graphsdb/mcs10/rand/r005/mcs10_r005_s30.A29 fileNameGt=../graphsdb/mcs10/rand/r005/mcs10_r005_s30.B29
Reading graphs...
30 :  45
30 :  44
Initializing...
maxdom : 30
D->valSize : 900
Solving...
Blb : 2 (clique : 16)
currentSize : 16 <-- 0.012270 s
currentSize : 17 <-- 0.012784 s
currentSize : 18 <-- 0.012965 s
currentSize : 19 <-- 0.013091 s
currentSize : 20 <-- 0.164579 s
currentSize : 21 <-- 3.274758 s
currentSize : 22 <-- 3.606099 s
currentSize : 23 <-- 45.809071 s

maxsize : 23
nodes : 2608419.000000
filtered : 153240203.000000
time : 163.202332
