Parameters: GAD=1 vflib=1 dir=0 label=0 lowerbound=1 fileNameGp=../graphsdb/mcs30/bvg/b06m/mcs30_b06m_s35.A98 fileNameGt=../graphsdb/mcs30/bvg/b06m/mcs30_b06m_s35.B98
Reading graphs...
35 :  100
35 :  100
Initializing...
maxdom : 35
D->valSize : 1225
Solving...
Blb : 2 (clique : 15)
currentSize : 15 <-- 0.034282 s
currentSize : 16 <-- 0.034546 s
currentSize : 17 <-- 0.034971 s
currentSize : 18 <-- 0.041851 s
currentSize : 19 <-- 0.092019 s
currentSize : 20 <-- 0.147183 s
currentSize : 21 <-- 67.540611 s

TIMEOUT
maxsize : 21
nodes : 181131293.000000
filtered : 7668628456.000000
time : 3600.000000
