Parameters: GAD=1 vflib=1 dir=0 label=0 lowerbound=1 fileNameGp=../graphsdb/mcs30/m2D/m2Dr6/mcs30_m2Dr6_s30.A58 fileNameGt=../graphsdb/mcs30/m2D/m2Dr6/mcs30_m2Dr6_s30.B58
Reading graphs...
30 :  64
30 :  64
Initializing...
maxdom : 30
D->valSize : 900
Solving...
Blb : 3 (clique : 15)
currentSize : 15 <-- 0.010912 s
currentSize : 16 <-- 0.011038 s
currentSize : 17 <-- 0.013685 s
currentSize : 18 <-- 0.060112 s
currentSize : 19 <-- 0.304976 s
currentSize : 20 <-- 2.550307 s
currentSize : 21 <-- 82.456360 s

maxsize : 21
nodes : 8152999.000000
filtered : 382297995.000000
time : 199.614090
