Parameters: GAD=1 vflib=1 dir=0 label=0 lowerbound=1 fileNameGp=../graphsdb/mcs30/rand/r005/mcs30_r005_s35.A18 fileNameGt=../graphsdb/mcs30/rand/r005/mcs30_r005_s35.B18
Reading graphs...
35 :  63
35 :  63
Initializing...
maxdom : 35
D->valSize : 1225
Solving...
Blb : 2 (clique : 18)
currentSize : 18 <-- 0.029748 s
currentSize : 19 <-- 0.029937 s
currentSize : 20 <-- 0.030501 s
currentSize : 21 <-- 0.069935 s
currentSize : 22 <-- 0.127807 s
currentSize : 23 <-- 0.175510 s
currentSize : 24 <-- 11.582054 s
currentSize : 25 <-- 531.290100 s

TIMEOUT
maxsize : 25
nodes : 62800566.000000
filtered : 4323399151.000000
time : 3600.000000
