Parameters: GAD=1 vflib=1 dir=0 label=0 lowerbound=1 fileNameGp=../graphsdb/mcs50/bvg/b09/mcs50_b09_s30.A51 fileNameGt=../graphsdb/mcs50/bvg/b09/mcs50_b09_s30.B51
Reading graphs...
30 :  133
30 :  130
Initializing...
maxdom : 30
D->valSize : 900
Solving...
Blb : 2 (clique : 11)
currentSize : 11 <-- 0.009709 s
currentSize : 12 <-- 0.009835 s
currentSize : 13 <-- 0.010112 s
currentSize : 14 <-- 0.011349 s
currentSize : 15 <-- 0.014773 s
currentSize : 16 <-- 4.793337 s
currentSize : 17 <-- 7.608170 s

maxsize : 17
nodes : 11061490.000000
filtered : 352727595.000000
time : 85.647614
