Parameters: GAD=1 vflib=1 dir=0 label=0 lowerbound=1 fileNameGp=../graphsdb/mcs50/m2D/m2D/mcs50_m2D_s30.A23 fileNameGt=../graphsdb/mcs50/m2D/m2D/mcs50_m2D_s30.B23
Reading graphs...
30 :  49
30 :  48
Initializing...
maxdom : 30
D->valSize : 900
Solving...
Blb : 2 (clique : 17)
currentSize : 17 <-- 0.011827 s
currentSize : 18 <-- 0.012080 s
currentSize : 19 <-- 0.012130 s
currentSize : 20 <-- 0.013070 s
currentSize : 21 <-- 0.026782 s
currentSize : 22 <-- 1.941042 s
currentSize : 23 <-- 16.719957 s

maxsize : 23
nodes : 1731890.000000
filtered : 87108581.000000
time : 65.690071
