Parameters: GAD=1 vflib=1 dir=0 label=0 lowerbound=1 fileNameGp=../graphsdb/mcs50/m4D/m4D/mcs50_m4D_s35.A83 fileNameGt=../graphsdb/mcs50/m4D/m4D/mcs50_m4D_s35.B83
Reading graphs...
35 :  63
35 :  62
Initializing...
maxdom : 35
D->valSize : 1225
Solving...
Blb : 3 (clique : 19)
currentSize : 19 <-- 0.021336 s
currentSize : 20 <-- 0.021959 s
currentSize : 21 <-- 0.022008 s
currentSize : 22 <-- 0.022610 s
currentSize : 23 <-- 0.094140 s
currentSize : 24 <-- 0.226089 s
currentSize : 25 <-- 2.439078 s
currentSize : 26 <-- 19.191015 s

maxsize : 26
nodes : 21069043.000000
filtered : 1721921190.000000
time : 1271.510376
