Parameters: GAD=1 vflib=1 dir=0 label=0 lowerbound=1 fileNameGp=../graphsdb/mcs50/bvg/b06m/mcs50_b06m_s35.A02 fileNameGt=../graphsdb/mcs50/bvg/b06m/mcs50_b06m_s35.B02
Reading graphs...
35 :  98
35 :  98
Initializing...
maxdom : 35
D->valSize : 1225
Solving...
Blb : 2 (clique : 16)
currentSize : 16 <-- 0.033920 s
currentSize : 17 <-- 0.034337 s
currentSize : 18 <-- 0.035238 s
currentSize : 19 <-- 0.053553 s
currentSize : 20 <-- 0.543403 s
currentSize : 21 <-- 2.144489 s
currentSize : 22 <-- 70.298042 s

TIMEOUT
maxsize : 22
nodes : 198289373.000000
filtered : 8831598455.000000
time : 3600.000000
