Parameters: GAD=1 vflib=1 dir=0 label=0 lowerbound=1 fileNameGp=../graphsdb/mcs50/bvg/b06m/mcs50_b06m_s35.A76 fileNameGt=../graphsdb/mcs50/bvg/b06m/mcs50_b06m_s35.B76
Reading graphs...
35 :  98
35 :  103
Initializing...
maxdom : 35
D->valSize : 1225
Solving...
Blb : 2 (clique : 16)
currentSize : 16 <-- 0.034605 s
currentSize : 17 <-- 0.034834 s
currentSize : 18 <-- 0.035244 s
currentSize : 19 <-- 0.037321 s
currentSize : 20 <-- 2.579810 s
currentSize : 21 <-- 174.760162 s

TIMEOUT
maxsize : 21
nodes : 216683347.000000
filtered : 9679166594.000000
time : 3600.000000
