Parameters: GAD=1 vflib=1 dir=0 label=0 lowerbound=1 fileNameGp=../graphsdb/mcs50/m4D/m4Dr6/mcs50_m4Dr6_s35.A89 fileNameGt=../graphsdb/mcs50/m4D/m4Dr6/mcs50_m4Dr6_s35.B89
Reading graphs...
35 :  82
35 :  82
Initializing...
maxdom : 35
D->valSize : 1225
Solving...
Blb : 5 (clique : 17)
currentSize : 17 <-- 0.020412 s
currentSize : 18 <-- 0.020738 s
currentSize : 19 <-- 0.023228 s
currentSize : 20 <-- 0.027755 s
currentSize : 21 <-- 0.057826 s
currentSize : 22 <-- 0.124992 s
currentSize : 23 <-- 28.072660 s

TIMEOUT
maxsize : 23
nodes : 116710326.000000
filtered : 6226387113.000000
time : 3600.000244
