Parameters: GAD=1 vflib=1 dir=0 label=0 lowerbound=1 fileNameGp=../graphsdb/mcs50/m4D/m4D/mcs50_m4D_s35.A00 fileNameGt=../graphsdb/mcs50/m4D/m4D/mcs50_m4D_s35.B00
Reading graphs...
35 :  63
35 :  63
Initializing...
maxdom : 35
D->valSize : 1225
Solving...
Blb : 2 (clique : 20)
currentSize : 20 <-- 0.021364 s
currentSize : 21 <-- 0.021542 s
currentSize : 22 <-- 0.021647 s
currentSize : 23 <-- 0.027529 s
currentSize : 24 <-- 0.029099 s
currentSize : 25 <-- 0.405274 s
currentSize : 26 <-- 340.230774 s

maxsize : 26
nodes : 51342237.000000
filtered : 3855645450.000000
time : 3229.338867
