Parameters: GAD=1 vflib=1 dir=0 label=0 lowerbound=1 fileNameGp=../graphsdb/mcs70/rand/r01/mcs70_r01_s30.A87 fileNameGt=../graphsdb/mcs70/rand/r01/mcs70_r01_s30.B87
Reading graphs...
30 :  81
30 :  80
Initializing...
maxdom : 30
D->valSize : 900
Solving...
Blb : 2 (clique : 14)
currentSize : 14 <-- 0.018519 s
currentSize : 15 <-- 0.018698 s
currentSize : 16 <-- 0.019542 s
currentSize : 17 <-- 0.093627 s
currentSize : 18 <-- 3.520310 s
currentSize : 19 <-- 89.573380 s
currentSize : 21 <-- 213.606873 s

maxsize : 21
nodes : 16932863.000000
filtered : 499679816.000000
time : 226.569855
