Parameters: GAD=1 vflib=1 dir=0 label=0 lowerbound=1 fileNameGp=../graphsdb/mcs70/rand/r005/mcs70_r005_s35.A22 fileNameGt=../graphsdb/mcs70/rand/r005/mcs70_r005_s35.B22
Reading graphs...
35 :  56
35 :  57
Initializing...
maxdom : 35
D->valSize : 1225
Solving...
Blb : 2 (clique : 21)
currentSize : 21 <-- 0.037425 s
currentSize : 22 <-- 0.037716 s
currentSize : 23 <-- 0.044685 s
currentSize : 24 <-- 0.056348 s
currentSize : 25 <-- 0.170385 s
currentSize : 26 <-- 534.311584 s

TIMEOUT
maxsize : 26
nodes : 71789754.000000
filtered : 4507482355.000000
time : 3600.000244
