Parameters: GAD=1 vflib=1 dir=0 label=0 lowerbound=1 fileNameGp=../graphsdb/mcs70/bvg/b06/mcs70_b06_s30.A53 fileNameGt=../graphsdb/mcs70/bvg/b06/mcs70_b06_s30.B53
Reading graphs...
30 :  90
30 :  87
Initializing...
maxdom : 30
D->valSize : 900
Solving...
Blb : 2 (clique : 15)
currentSize : 15 <-- 0.010397 s
currentSize : 16 <-- 0.011558 s
currentSize : 17 <-- 0.026206 s
currentSize : 18 <-- 0.030512 s
currentSize : 19 <-- 0.042869 s
currentSize : 20 <-- 0.047879 s
currentSize : 21 <-- 0.047928 s
currentSize : 22 <-- 3.368059 s

maxsize : 22
nodes : 671572.000000
filtered : 31278393.000000
time : 12.535099
