Parameters: GAD=1 vflib=1 dir=0 label=0 lowerbound=1 fileNameGp=../graphsdb/mcs70/bvg/b09m/mcs70_b09m_s35.A04 fileNameGt=../graphsdb/mcs70/bvg/b09m/mcs70_b09m_s35.B04
Reading graphs...
35 :  153
35 :  153
Initializing...
maxdom : 35
D->valSize : 1225
Solving...
Blb : 2 (clique : 15)
currentSize : 15 <-- 0.032234 s
currentSize : 16 <-- 0.193855 s
currentSize : 17 <-- 0.280416 s
currentSize : 18 <-- 54.968784 s
currentSize : 20 <-- 123.753616 s
currentSize : 21 <-- 123.753700 s
currentSize : 23 <-- 123.755051 s
currentSize : 24 <-- 123.755165 s

maxsize : 24
nodes : 21864766.000000
filtered : 600314743.000000
time : 164.459473
