Parameters: GAD=1 vflib=1 dir=0 label=0 lowerbound=1 fileNameGp=../graphsdb/mcs70/m3D/m3Dr6/mcs70_m3Dr6_s35.A43 fileNameGt=../graphsdb/mcs70/m3D/m3Dr6/mcs70_m3Dr6_s35.B43
Reading graphs...
35 :  92
35 :  90
Initializing...
maxdom : 35
D->valSize : 1225
Solving...
Blb : 2 (clique : 15)
currentSize : 15 <-- 0.035258 s
currentSize : 17 <-- 0.035495 s
currentSize : 18 <-- 0.035535 s
currentSize : 19 <-- 0.035771 s
currentSize : 20 <-- 0.040353 s
currentSize : 21 <-- 1.828033 s
currentSize : 22 <-- 81.345345 s
currentSize : 23 <-- 187.124557 s
currentSize : 25 <-- 188.480042 s
currentSize : 26 <-- 194.984589 s
currentSize : 27 <-- 214.095825 s

maxsize : 27
nodes : 13848853.000000
filtered : 565615963.000000
time : 236.965820
