Parameters: GAD=1 vflib=1 dir=0 label=0 lowerbound=1 fileNameGp=../graphsdb/mcs70/bvg/b06m/mcs70_b06m_s25.A72 fileNameGt=../graphsdb/mcs70/bvg/b06m/mcs70_b06m_s25.B72
Reading graphs...
25 :  71
25 :  72
Initializing...
maxdom : 25
D->valSize : 625
Solving...
Blb : 2 (clique : 11)
currentSize : 11 <-- 0.005148 s
currentSize : 12 <-- 0.005239 s
currentSize : 13 <-- 0.006145 s
currentSize : 14 <-- 0.009493 s
currentSize : 15 <-- 0.034333 s
currentSize : 16 <-- 1.334481 s
currentSize : 17 <-- 10.038047 s

maxsize : 17
nodes : 1193017.000000
filtered : 35800692.000000
time : 10.456526
