Parameters: GAD=1 vflib=1 dir=0 label=0 lowerbound=1 fileNameGp=../graphsdb/mcs70/bvg/b09m/mcs70_b09m_s35.A24 fileNameGt=../graphsdb/mcs70/bvg/b09m/mcs70_b09m_s35.B24
Reading graphs...
35 :  152
35 :  145
Initializing...
maxdom : 35
D->valSize : 1225
Solving...
Blb : 2 (clique : 14)
currentSize : 14 <-- 0.031727 s
currentSize : 15 <-- 0.035636 s
currentSize : 16 <-- 0.116625 s
currentSize : 17 <-- 1.022296 s
currentSize : 18 <-- 12.507727 s
currentSize : 19 <-- 12.584694 s
currentSize : 20 <-- 12.831303 s
currentSize : 21 <-- 78.492966 s
currentSize : 24 <-- 78.512558 s

maxsize : 24
nodes : 11565386.000000
filtered : 438293509.000000
time : 111.709496
