Parameters: GAD=1 vflib=1 dir=0 label=0 lowerbound=1 fileNameGp=../graphsdb/mcs70/bvg/b09/mcs70_b09_s35.A39 fileNameGt=../graphsdb/mcs70/bvg/b09/mcs70_b09_s35.B39
Reading graphs...
35 :  153
35 :  155
Initializing...
maxdom : 35
D->valSize : 1225
Solving...
Blb : 5 (clique : 14)
currentSize : 14 <-- 0.031974 s
currentSize : 15 <-- 0.032711 s
currentSize : 16 <-- 0.034450 s
currentSize : 17 <-- 0.923638 s
currentSize : 18 <-- 37.367352 s
currentSize : 19 <-- 174.907776 s
currentSize : 20 <-- 174.907852 s
currentSize : 21 <-- 176.066605 s
currentSize : 22 <-- 177.430237 s
currentSize : 23 <-- 177.859497 s
currentSize : 24 <-- 178.279755 s
currentSize : 25 <-- 194.419174 s
currentSize : 26 <-- 194.491440 s

maxsize : 26
nodes : 28878382.000000
filtered : 817933077.000000
time : 201.656204
