Parameters: GAD=1 vflib=1 dir=0 label=0 lowerbound=1 fileNameGp=../graphsdb/mcs70/bvg/b03/mcs70_b03_s35.A92 fileNameGt=../graphsdb/mcs70/bvg/b03/mcs70_b03_s35.B92
Reading graphs...
35 :  52
35 :  51
Initializing...
maxdom : 35
D->valSize : 1225
Solving...
Blb : 2 (clique : 23)
currentSize : 23 <-- 0.021288 s
currentSize : 24 <-- 0.023095 s
currentSize : 25 <-- 0.023858 s
currentSize : 26 <-- 0.293150 s
currentSize : 27 <-- 2.710990 s
currentSize : 28 <-- 2.732796 s
currentSize : 29 <-- 261.283417 s

maxsize : 29
nodes : 5827748.000000
filtered : 485507074.000000
time : 735.840576
