Parameters: GAD=1 vflib=1 dir=0 label=0 lowerbound=1 fileNameGp=../graphsdb/mcs70/m2D/m2Dr6/m2Dr6/mcs70_m2Dr6_s35.A24 fileNameGt=../graphsdb/mcs70/m2D/m2Dr6/m2Dr6/mcs70_m2Dr6_s35.B24
Reading graphs...
35 :  78
35 :  79
Initializing...
maxdom : 35
D->valSize : 1225
Solving...
Blb : 2 (clique : 19)
currentSize : 19 <-- 0.020546 s
currentSize : 20 <-- 0.020764 s
currentSize : 21 <-- 0.021661 s
currentSize : 22 <-- 0.133932 s
currentSize : 23 <-- 0.883314 s
currentSize : 25 <-- 108.241699 s
currentSize : 26 <-- 108.241745 s

maxsize : 26
nodes : 8227311.000000
filtered : 449794466.000000
time : 234.505997
