Parameters: GAD=1 vflib=1 dir=0 label=0 lowerbound=1 fileNameGp=../graphsdb/mcs90/bvg/b09/mcs90_b09_s35.A65 fileNameGt=../graphsdb/mcs90/bvg/b09/mcs90_b09_s35.B65
Reading graphs...
35 :  154
35 :  156
Initializing...
maxdom : 35
D->valSize : 1225
Solving...
Blb : 2 (clique : 13)
currentSize : 13 <-- 0.020454 s
currentSize : 14 <-- 0.020653 s
currentSize : 15 <-- 0.020710 s
currentSize : 17 <-- 0.020754 s
currentSize : 18 <-- 0.023622 s
currentSize : 19 <-- 0.024539 s
currentSize : 20 <-- 0.041805 s
currentSize : 22 <-- 0.152544 s
currentSize : 23 <-- 0.239534 s
currentSize : 24 <-- 0.239583 s
currentSize : 25 <-- 0.267764 s
currentSize : 26 <-- 0.267822 s
currentSize : 28 <-- 0.310255 s
currentSize : 30 <-- 0.310356 s
currentSize : 31 <-- 0.404705 s

maxsize : 31
nodes : 64388.000000
filtered : 2511537.000000
time : 0.805630
