Parameters: GAD=1 vflib=1 dir=0 label=0 lowerbound=1 fileNameGp=../graphsdb/mcs90/bvg/b09/mcs90_b09_s35.A86 fileNameGt=../graphsdb/mcs90/bvg/b09/mcs90_b09_s35.B86
Reading graphs...
35 :  157
35 :  156
Initializing...
maxdom : 35
D->valSize : 1225
Solving...
Blb : 2 (clique : 14)
currentSize : 14 <-- 0.031638 s
currentSize : 15 <-- 0.033023 s
currentSize : 16 <-- 0.038720 s
currentSize : 17 <-- 0.046407 s
currentSize : 18 <-- 0.049546 s
currentSize : 20 <-- 0.063232 s
currentSize : 22 <-- 0.112217 s
currentSize : 24 <-- 0.114603 s
currentSize : 26 <-- 0.205991 s
currentSize : 30 <-- 0.270878 s

maxsize : 30
nodes : 89212.000000
filtered : 4814971.000000
time : 1.309248
