Parameters: GAD=1 vflib=1 dir=0 label=0 lowerbound=1 fileNameGp=../graphsdb/mcs90/m2D/m2Dr6/mcs90_m2Dr6_s30.A32 fileNameGt=../graphsdb/mcs90/m2D/m2Dr6/mcs90_m2Dr6_s30.B32
Reading graphs...
30 :  66
30 :  65
Initializing...
maxdom : 30
D->valSize : 900
Solving...
Blb : 5 (clique : 17)
currentSize : 17 <-- 0.010759 s
currentSize : 18 <-- 0.011124 s
currentSize : 19 <-- 0.022728 s
currentSize : 20 <-- 1.015015 s
currentSize : 21 <-- 2.592965 s
currentSize : 22 <-- 3.211625 s
currentSize : 23 <-- 3.211690 s
currentSize : 25 <-- 3.347182 s

maxsize : 25
nodes : 245073.000000
filtered : 8949329.000000
time : 4.187596
