Parameters: GAD=1 vflib=1 dir=0 label=0 lowerbound=1 fileNameGp=../graphsdb/mcs90/bvg/b03m/mcs90_b03m_s25.A85 fileNameGt=../graphsdb/mcs90/bvg/b03m/mcs90_b03m_s25.B85
Reading graphs...
25 :  37
25 :  37
Initializing...
maxdom : 25
D->valSize : 625
Solving...
Blb : 2 (clique : 14)
currentSize : 14 <-- 0.009642 s
currentSize : 16 <-- 0.009783 s
currentSize : 17 <-- 0.009885 s
currentSize : 18 <-- 0.014710 s
currentSize : 19 <-- 0.137926 s
currentSize : 20 <-- 2.258193 s
currentSize : 21 <-- 2.374226 s
currentSize : 22 <-- 2.374430 s

maxsize : 22
nodes : 82265.000000
filtered : 4081017.000000
time : 2.469149
