Parameters: GAD=1 vflib=1 dir=0 label=0 lowerbound=1 fileNameGp=../graphsdb/mcs90/bvg/b09m/mcs90_b09m_s35.A94 fileNameGt=../graphsdb/mcs90/bvg/b09m/mcs90_b09m_s35.B94
Reading graphs...
35 :  151
35 :  150
Initializing...
maxdom : 35
D->valSize : 1225
Solving...
Blb : 5 (clique : 13)
currentSize : 13 <-- 0.018332 s
currentSize : 14 <-- 0.019071 s
currentSize : 15 <-- 0.021326 s
currentSize : 16 <-- 0.228419 s
currentSize : 17 <-- 6.163877 s
currentSize : 18 <-- 28.123312 s
currentSize : 19 <-- 33.144730 s
currentSize : 21 <-- 36.264313 s
currentSize : 22 <-- 36.267044 s
currentSize : 23 <-- 75.759026 s
currentSize : 25 <-- 80.642082 s
currentSize : 27 <-- 80.642143 s
currentSize : 28 <-- 80.653152 s
currentSize : 30 <-- 80.653214 s

maxsize : 30
nodes : 11563664.000000
filtered : 322321969.000000
time : 81.184364
