Parameters: GAD=1 vflib=1 dir=0 label=0 lowerbound=1 fileNameGp=../graphsdb/mcs90/m3D/m3Dr6/mcs90_m3Dr6_s30.A81 fileNameGt=../graphsdb/mcs90/m3D/m3Dr6/mcs90_m3Dr6_s30.B81
Reading graphs...
30 :  78
30 :  79
Initializing...
maxdom : 30
D->valSize : 900
Solving...
Blb : 2 (clique : 14)
currentSize : 14 <-- 0.011087 s
currentSize : 16 <-- 0.011201 s
currentSize : 17 <-- 0.013517 s
currentSize : 18 <-- 0.092772 s
currentSize : 19 <-- 0.092955 s
currentSize : 21 <-- 0.641901 s
currentSize : 22 <-- 0.824878 s
currentSize : 23 <-- 1.520574 s
currentSize : 27 <-- 1.812180 s

maxsize : 27
nodes : 130767.000000
filtered : 5194889.000000
time : 1.887321
