Parameters: GAD=1 vflib=1 dir=0 label=0 lowerbound=1 fileNameGp=../graphsdb/mcs90/m2D/m2Dr2/mcs90_m2Dr2_s30.A48 fileNameGt=../graphsdb/mcs90/m2D/m2Dr2/mcs90_m2Dr2_s30.B48
Reading graphs...
30 :  54
30 :  52
Initializing...
maxdom : 30
D->valSize : 900
Solving...
Blb : 2 (clique : 19)
currentSize : 19 <-- 0.019805 s
currentSize : 20 <-- 0.020062 s
currentSize : 21 <-- 0.031208 s
currentSize : 22 <-- 4.136059 s
currentSize : 23 <-- 11.442463 s
currentSize : 24 <-- 14.015443 s
currentSize : 25 <-- 14.015469 s

maxsize : 25
nodes : 713610.000000
filtered : 31515728.000000
time : 16.094255
