Parameters: GAD=1 vflib=1 dir=0 label=0 lowerbound=1 fileNameGp=../graphsdb/mcs90/m2D/m2Dr6/mcs90_m2Dr6_s30.A55 fileNameGt=../graphsdb/mcs90/m2D/m2Dr6/mcs90_m2Dr6_s30.B55
Reading graphs...
30 :  66
30 :  66
Initializing...
maxdom : 30
D->valSize : 900
Solving...
Blb : 2 (clique : 17)
currentSize : 17 <-- 0.018708 s
currentSize : 18 <-- 0.025152 s
currentSize : 19 <-- 1.461819 s
currentSize : 20 <-- 6.297243 s
currentSize : 21 <-- 15.089795 s
currentSize : 22 <-- 27.700830 s
currentSize : 25 <-- 27.703133 s

maxsize : 25
nodes : 1938150.000000
filtered : 66229652.000000
time : 28.670061
