Parameters: GAD=1 vflib=1 dir=0 label=0 lowerbound=1 fileNameGp=../graphsdb/mcs90/rand/r02/mcs90_r02_s30.A83 fileNameGt=../graphsdb/mcs90/rand/r02/mcs90_r02_s30.B83
Reading graphs...
30 :  157
30 :  155
Initializing...
maxdom : 30
D->valSize : 900
Solving...
Blb : 3 (clique : 13)
currentSize : 13 <-- 0.009448 s
currentSize : 14 <-- 0.110927 s
currentSize : 15 <-- 0.171270 s
currentSize : 16 <-- 3.207216 s
currentSize : 17 <-- 3.429545 s
currentSize : 18 <-- 3.437606 s
currentSize : 19 <-- 3.867678 s
currentSize : 27 <-- 4.386025 s

maxsize : 27
nodes : 884250.000000
filtered : 16466095.000000
time : 4.429207
