Parameters: GAD=1 vflib=1 dir=0 label=0 lowerbound=1 fileNameGp=../graphsdb/mcs10/rand/r01/mcs10_r01_s30.A91 fileNameGt=../graphsdb/mcs10/rand/r01/mcs10_r01_s30.B91
Reading graphs...
30 :  86
30 :  86
Initializing...
maxdom : 30
D->valSize : 900
Solving...
Blb : 5 (clique : 13)
currentSize : 13 <-- 0.010492 s
currentSize : 14 <-- 0.010641 s
currentSize : 15 <-- 0.013028 s
currentSize : 16 <-- 0.013420 s
currentSize : 17 <-- 0.139066 s
currentSize : 18 <-- 3.087919 s
currentSize : 19 <-- 116.958290 s

maxsize : 19
nodes : 32464537.000000
filtered : 942046257.000000
time : 153.582367
