Parameters: GAD=1 vflib=1 dir=0 label=0 lowerbound=1 fileNameGp=../graphsdb/mcs10/rand/r005/mcs10_r005_s35.A81 fileNameGt=../graphsdb/mcs10/rand/r005/mcs10_r005_s35.B81
Reading graphs...
35 :  59
35 :  60
Initializing...
maxdom : 35
D->valSize : 1225
Solving...
Blb : 2 (clique : 19)
currentSize : 19 <-- 0.021207 s
currentSize : 20 <-- 0.021601 s
currentSize : 21 <-- 0.021905 s
currentSize : 22 <-- 0.022090 s
currentSize : 23 <-- 0.075878 s
currentSize : 24 <-- 0.205967 s
currentSize : 25 <-- 0.474681 s
currentSize : 26 <-- 30.903856 s

maxsize : 26
nodes : 104785557.000000
filtered : 5401024112.000000
time : 799.960754
