Parameters: GAD=1 vflib=1 dir=0 label=0 lowerbound=1 fileNameGp=../graphsdb/mcs10/rand/r01/mcs10_r01_s35.A89 fileNameGt=../graphsdb/mcs10/rand/r01/mcs10_r01_s35.B89
Reading graphs...
35 :  116
35 :  114
Initializing...
maxdom : 35
D->valSize : 1225
Solving...
Blb : 2 (clique : 14)
currentSize : 14 <-- 0.033230 s
currentSize : 15 <-- 0.033453 s
currentSize : 16 <-- 0.034758 s
currentSize : 17 <-- 0.043476 s
currentSize : 18 <-- 0.105762 s
currentSize : 19 <-- 2.636699 s
currentSize : 20 <-- 134.675629 s

TIMEOUT
maxsize : 20
nodes : 752772400.000000
filtered : 19921262143.000000
time : 3600.000000
