Parameters: GAD=1 vflib=1 dir=0 label=0 lowerbound=1 fileNameGp=../graphsdb/mcs30/bvg/b06/mcs30_b06_s30.A48 fileNameGt=../graphsdb/mcs30/bvg/b06/mcs30_b06_s30.B48
Reading graphs...
30 :  87
30 :  88
Initializing...
maxdom : 30
D->valSize : 900
Solving...
Blb : 2 (clique : 12)
currentSize : 12 <-- 0.010306 s
currentSize : 13 <-- 0.010406 s
currentSize : 14 <-- 0.010427 s
currentSize : 15 <-- 0.010519 s
currentSize : 16 <-- 0.010568 s
currentSize : 17 <-- 0.056905 s
currentSize : 18 <-- 6.674408 s

maxsize : 18
nodes : 26785700.000000
filtered : 689974091.000000
time : 121.050697
