Parameters: GAD=1 vflib=1 dir=0 label=0 lowerbound=1 fileNameGp=../graphsdb/mcs30/bvg/b03/mcs30_b03_s35.A18 fileNameGt=../graphsdb/mcs30/bvg/b03/mcs30_b03_s35.B18
Reading graphs...
35 :  52
35 :  51
Initializing...
maxdom : 35
D->valSize : 1225
Solving...
Blb : 5 (clique : 20)
currentSize : 20 <-- 0.021661 s
currentSize : 21 <-- 0.021990 s
currentSize : 22 <-- 0.024679 s
currentSize : 23 <-- 0.030436 s
currentSize : 24 <-- 0.035680 s
currentSize : 25 <-- 0.061477 s
currentSize : 26 <-- 0.304048 s
currentSize : 27 <-- 35.608009 s

maxsize : 27
nodes : 75655833.000000
filtered : 3736479685.000000
time : 566.611877
