Parameters: GAD=1 vflib=1 dir=0 label=0 lowerbound=1 fileNameGp=../graphsdb/mcs30/m3D/m3Dr6/mcs30_m3Dr6_s30.A86 fileNameGt=../graphsdb/mcs30/m3D/m3Dr6/mcs30_m3Dr6_s30.B86
Reading graphs...
30 :  76
30 :  76
Initializing...
maxdom : 30
D->valSize : 900
Solving...
Blb : 2 (clique : 13)
currentSize : 13 <-- 0.018443 s
currentSize : 14 <-- 0.018603 s
currentSize : 15 <-- 0.018638 s
currentSize : 16 <-- 0.019707 s
currentSize : 17 <-- 0.069161 s
currentSize : 18 <-- 0.078443 s
currentSize : 19 <-- 5.435699 s

maxsize : 19
nodes : 47557927.000000
filtered : 1513873069.000000
time : 236.570312
