Parameters: GAD=1 vflib=1 dir=0 label=0 lowerbound=1 fileNameGp=../graphsdb/mcs30/bvg/b03/mcs30_b03_s35.A85 fileNameGt=../graphsdb/mcs30/bvg/b03/mcs30_b03_s35.B85
Reading graphs...
35 :  52
35 :  51
Initializing...
maxdom : 35
D->valSize : 1225
Solving...
Blb : 2 (clique : 20)
currentSize : 20 <-- 0.036915 s
currentSize : 21 <-- 0.037185 s
currentSize : 22 <-- 0.037269 s
currentSize : 23 <-- 0.037377 s
currentSize : 24 <-- 0.066530 s
currentSize : 25 <-- 0.115478 s
currentSize : 26 <-- 1.229236 s
currentSize : 27 <-- 2.222534 s

maxsize : 27
nodes : 92922211.000000
filtered : 4799566819.000000
time : 724.537109
