Parameters: GAD=1 vflib=1 dir=0 label=0 lowerbound=1 fileNameGp=../graphsdb/mcs30/bvg/b03m/mcs30_b03m_s35.A64 fileNameGt=../graphsdb/mcs30/bvg/b03m/mcs30_b03m_s35.B64
Reading graphs...
35 :  52
35 :  51
Initializing...
maxdom : 35
D->valSize : 1225
Solving...
Blb : 2 (clique : 22)
currentSize : 22 <-- 0.021435 s
currentSize : 23 <-- 0.036598 s
currentSize : 24 <-- 0.066960 s
currentSize : 25 <-- 5.382177 s
currentSize : 26 <-- 5.410442 s
currentSize : 27 <-- 37.922443 s
currentSize : 28 <-- 334.465240 s

maxsize : 28
nodes : 49125163.000000
filtered : 2411416040.000000
time : 361.299286
