Parameters: GAD=1 vflib=1 dir=0 label=0 lowerbound=1 fileNameGp=../graphsdb/mcs50/rand/r01/mcs50_r01_s35.A48 fileNameGt=../graphsdb/mcs50/rand/r01/mcs50_r01_s35.B48
Reading graphs...
35 :  112
35 :  115
Initializing...
maxdom : 35
D->valSize : 1225
Solving...
Blb : 2 (clique : 15)
currentSize : 15 <-- 0.019939 s
currentSize : 16 <-- 0.020169 s
currentSize : 17 <-- 0.020204 s
currentSize : 18 <-- 0.059939 s
currentSize : 19 <-- 0.297233 s
currentSize : 20 <-- 0.305885 s
currentSize : 21 <-- 443.425781 s

maxsize : 21
nodes : 385304435.000000
filtered : 11142884127.000000
time : 1958.893921
