Parameters: GAD=1 vflib=1 dir=0 label=0 lowerbound=1 fileNameGp=../graphsdb/mcs50/bvg/b06/mcs50_b06_s35.A38 fileNameGt=../graphsdb/mcs50/bvg/b06/mcs50_b06_s35.B38
Reading graphs...
35 :  102
35 :  103
Initializing...
maxdom : 35
D->valSize : 1225
Solving...
Blb : 2 (clique : 16)
currentSize : 16 <-- 0.019718 s
currentSize : 17 <-- 0.019971 s
currentSize : 18 <-- 0.023351 s
currentSize : 19 <-- 0.028312 s
currentSize : 20 <-- 0.228861 s
currentSize : 21 <-- 5.917893 s
currentSize : 22 <-- 11.731616 s

maxsize : 22
nodes : 98396138.000000
filtered : 3773050024.000000
time : 581.820496
