Parameters: GAD=1 vflib=1 dir=0 label=0 lowerbound=1 fileNameGp=../graphsdb/mcs50/m4D/m4Dr6/mcs50_m4Dr6_s35.A44 fileNameGt=../graphsdb/mcs50/m4D/m4Dr6/mcs50_m4Dr6_s35.B44
Reading graphs...
35 :  84
35 :  80
Initializing...
maxdom : 35
D->valSize : 1225
Solving...
Blb : 2 (clique : 15)
currentSize : 15 <-- 0.020271 s
currentSize : 16 <-- 0.020424 s
currentSize : 17 <-- 0.020479 s
currentSize : 18 <-- 0.020553 s
currentSize : 19 <-- 0.020635 s
currentSize : 20 <-- 0.021017 s
currentSize : 21 <-- 0.042308 s
currentSize : 22 <-- 0.052945 s
currentSize : 23 <-- 7.034031 s
currentSize : 24 <-- 61.590454 s

maxsize : 24
nodes : 62190868.000000
filtered : 2752130955.000000
time : 400.459534
