Parameters: GAD=1 vflib=1 dir=0 label=0 lowerbound=1 fileNameGp=../graphsdb/mcs50/m4D/m4Dr4/mcs50_m4Dr4_s35.A32 fileNameGt=../graphsdb/mcs50/m4D/m4Dr4/mcs50_m4Dr4_s35.B32
Reading graphs...
35 :  77
35 :  76
Initializing...
maxdom : 35
D->valSize : 1225
Solving...
Blb : 2 (clique : 19)
currentSize : 19 <-- 0.035587 s
currentSize : 20 <-- 0.036096 s
currentSize : 21 <-- 0.037776 s
currentSize : 22 <-- 0.041214 s
currentSize : 23 <-- 0.054346 s
currentSize : 24 <-- 8.415461 s
currentSize : 25 <-- 104.757866 s

maxsize : 25
nodes : 86542104.000000
filtered : 4509315843.000000
time : 615.175659
