Parameters: GAD=1 vflib=1 dir=0 label=0 lowerbound=1 fileNameGp=../graphsdb/mcs50/bvg/b03m/mcs50_b03m_s35.A48 fileNameGt=../graphsdb/mcs50/bvg/b03m/mcs50_b03m_s35.B48
Reading graphs...
35 :  51
35 :  51
Initializing...
maxdom : 35
D->valSize : 1225
Solving...
Blb : 2 (clique : 21)
currentSize : 21 <-- 0.037257 s
currentSize : 22 <-- 0.037573 s
currentSize : 23 <-- 0.037929 s
currentSize : 24 <-- 0.069991 s
currentSize : 25 <-- 0.116030 s
currentSize : 26 <-- 0.565370 s
currentSize : 27 <-- 129.995560 s
currentSize : 28 <-- 1559.047363 s

maxsize : 28
nodes : 211730446.000000
filtered : 10632618570.000000
time : 1577.759766
