Parameters: GAD=1 vflib=1 dir=0 label=0 lowerbound=1 fileNameGp=../graphsdb/mcs50/m4D/m4Dr6/mcs50_m4Dr6_s35.A18 fileNameGt=../graphsdb/mcs50/m4D/m4Dr6/mcs50_m4Dr6_s35.B18
Reading graphs...
35 :  84
35 :  82
Initializing...
maxdom : 35
D->valSize : 1225
Solving...
Blb : 2 (clique : 18)
currentSize : 18 <-- 0.020602 s
currentSize : 19 <-- 0.028453 s
currentSize : 20 <-- 0.093369 s
currentSize : 21 <-- 0.148446 s
currentSize : 22 <-- 2.526231 s
currentSize : 23 <-- 17.868992 s
currentSize : 24 <-- 291.061218 s

maxsize : 24
nodes : 193520331.000000
filtered : 10619876078.000000
time : 1393.333496
