Parameters: GAD=1 vflib=1 dir=0 label=0 lowerbound=1 fileNameGp=../graphsdb/mcs50/bvg/b06/mcs50_b06_s35.A65 fileNameGt=../graphsdb/mcs50/bvg/b06/mcs50_b06_s35.B65
Reading graphs...
35 :  104
35 :  104
Initializing...
maxdom : 35
D->valSize : 1225
Solving...
Blb : 3 (clique : 16)
currentSize : 16 <-- 0.019844 s
currentSize : 17 <-- 0.020160 s
currentSize : 18 <-- 0.020261 s
currentSize : 19 <-- 0.042308 s
currentSize : 20 <-- 0.076035 s
currentSize : 21 <-- 4.356274 s

TIMEOUT
maxsize : 21
nodes : 630147887.000000
filtered : 24369584337.000000
time : 3600.000000
