Parameters: GAD=1 vflib=1 dir=0 label=0 lowerbound=1 fileNameGp=../graphsdb/mcs50/m4D/m4Dr4/mcs50_m4Dr4_s35.A06 fileNameGt=../graphsdb/mcs50/m4D/m4Dr4/mcs50_m4Dr4_s35.B06
Reading graphs...
35 :  73
35 :  75
Initializing...
maxdom : 35
D->valSize : 1225
Solving...
Blb : 2 (clique : 19)
currentSize : 19 <-- 0.020611 s
currentSize : 20 <-- 0.033401 s
currentSize : 21 <-- 0.103833 s
currentSize : 22 <-- 0.210517 s
currentSize : 23 <-- 4.404184 s
currentSize : 24 <-- 40.140179 s
currentSize : 25 <-- 77.637634 s

maxsize : 25
nodes : 53755630.000000
filtered : 2607018810.000000
time : 375.838898
