Parameters: GAD=1 vflib=1 dir=0 label=0 lowerbound=1 fileNameGp=../graphsdb/mcs50/m4D/m4Dr6/mcs50_m4Dr6_s35.A76 fileNameGt=../graphsdb/mcs50/m4D/m4Dr6/mcs50_m4Dr6_s35.B76
Reading graphs...
35 :  80
35 :  82
Initializing...
maxdom : 35
D->valSize : 1225
Solving...
Blb : 5 (clique : 17)
currentSize : 17 <-- 0.024981 s
currentSize : 18 <-- 0.025126 s
currentSize : 19 <-- 0.025335 s
currentSize : 20 <-- 0.027596 s
currentSize : 21 <-- 0.048093 s
currentSize : 22 <-- 0.637480 s
currentSize : 23 <-- 0.711973 s
currentSize : 24 <-- 27.557367 s

maxsize : 24
nodes : 218524910.000000
filtered : 11874683218.000000
time : 1601.894043
