Parameters: GAD=1 vflib=1 dir=0 label=0 lowerbound=1 fileNameGp=../graphsdb/mcs50/bvg/b06m/mcs50_b06m_s35.A57 fileNameGt=../graphsdb/mcs50/bvg/b06m/mcs50_b06m_s35.B57
Reading graphs...
35 :  102
35 :  102
Initializing...
maxdom : 35
D->valSize : 1225
Solving...
Blb : 2 (clique : 15)
currentSize : 15 <-- 0.019467 s
currentSize : 16 <-- 0.020462 s
currentSize : 17 <-- 0.020992 s
currentSize : 18 <-- 0.034025 s
currentSize : 19 <-- 1.466163 s
currentSize : 20 <-- 32.583435 s
currentSize : 21 <-- 3057.137695 s
currentSize : 22 <-- 3057.137695 s

TIMEOUT
maxsize : 22
nodes : 729227814.000000
filtered : 20625443755.000000
time : 3600.000000
