Parameters: GAD=1 vflib=1 dir=0 label=0 lowerbound=1 fileNameGp=../graphsdb/mcs70/rand/r005/mcs70_r005_s35.A03 fileNameGt=../graphsdb/mcs70/rand/r005/mcs70_r005_s35.B03
Reading graphs...
35 :  57
35 :  56
Initializing...
maxdom : 35
D->valSize : 1225
Solving...
Blb : 2 (clique : 20)
currentSize : 20 <-- 0.036978 s
currentSize : 21 <-- 0.037245 s
currentSize : 22 <-- 0.037675 s
currentSize : 23 <-- 1.734058 s
currentSize : 24 <-- 2.506247 s
currentSize : 25 <-- 2.531660 s
currentSize : 26 <-- 54.662979 s

maxsize : 26
nodes : 81058998.000000
filtered : 3876287479.000000
time : 558.823364
