Parameters: GAD=1 vflib=1 dir=0 label=0 lowerbound=1 fileNameGp=../graphsdb/mcs70/bvg/b06m/mcs70_b06m_s35.A41 fileNameGt=../graphsdb/mcs70/bvg/b06m/mcs70_b06m_s35.B41
Reading graphs...
35 :  100
35 :  101
Initializing...
maxdom : 35
D->valSize : 1225
Solving...
Blb : 2 (clique : 16)
currentSize : 16 <-- 0.019625 s
currentSize : 17 <-- 0.019787 s
currentSize : 18 <-- 0.019804 s
currentSize : 19 <-- 0.019837 s
currentSize : 20 <-- 0.029691 s
currentSize : 21 <-- 1.783502 s
currentSize : 23 <-- 1550.897339 s
currentSize : 24 <-- 1550.898682 s

maxsize : 24
nodes : 284545219.000000
filtered : 11261708602.000000
time : 1676.595459
