Parameters: GAD=1 vflib=1 dir=0 label=0 lowerbound=1 fileNameGp=../graphsdb/mcs70/rand/r01/mcs70_r01_s35.A59 fileNameGt=../graphsdb/mcs70/rand/r01/mcs70_r01_s35.B59
Reading graphs...
35 :  112
35 :  113
Initializing...
maxdom : 35
D->valSize : 1225
Solving...
Blb : 2 (clique : 16)
currentSize : 16 <-- 0.019788 s
currentSize : 17 <-- 0.022184 s
currentSize : 18 <-- 0.031588 s
currentSize : 19 <-- 0.031603 s
currentSize : 20 <-- 88.423759 s
currentSize : 21 <-- 346.614105 s
currentSize : 22 <-- 535.932922 s
currentSize : 24 <-- 535.933044 s

maxsize : 24
nodes : 124651278.000000
filtered : 3413710722.000000
time : 619.339783
