Parameters: GAD=1 vflib=1 dir=0 label=0 lowerbound=1 fileNameGp=../graphsdb/mcs70/m4D/m4Dr2/mcs70_m4Dr2_s25.A92 fileNameGt=../graphsdb/mcs70/m4D/m4Dr2/mcs70_m4Dr2_s25.B92
Reading graphs...
25 :  51
25 :  52
Initializing...
maxdom : 25
D->valSize : 625
Solving...
Blb : 2 (clique : 13)
currentSize : 13 <-- 0.005314 s
currentSize : 14 <-- 0.005400 s
currentSize : 15 <-- 0.006180 s
currentSize : 16 <-- 0.111652 s
currentSize : 17 <-- 0.133388 s
currentSize : 18 <-- 0.580693 s
currentSize : 19 <-- 1.608195 s

maxsize : 19
nodes : 363044.000000
filtered : 12358644.000000
time : 1.760915
