Parameters: GAD=1 vflib=1 dir=0 label=0 lowerbound=1 fileNameGp=../graphsdb/mcs70/rand/r01/mcs70_r01_s30.A49 fileNameGt=../graphsdb/mcs70/rand/r01/mcs70_r01_s30.B49
Reading graphs...
30 :  79
30 :  82
Initializing...
maxdom : 30
D->valSize : 900
Solving...
Blb : 2 (clique : 15)
currentSize : 15 <-- 0.010724 s
currentSize : 16 <-- 0.011666 s
currentSize : 17 <-- 0.011785 s
currentSize : 18 <-- 0.070340 s
currentSize : 19 <-- 3.368836 s
currentSize : 20 <-- 3.370619 s
currentSize : 21 <-- 3.370645 s

maxsize : 21
nodes : 4359742.000000
filtered : 151312423.000000
time : 23.463972
