Parameters: GAD=1 vflib=1 dir=0 label=0 lowerbound=1 fileNameGp=../graphsdb/mcs70/bvg/b06m/mcs70_b06m_s30.A11 fileNameGt=../graphsdb/mcs70/bvg/b06m/mcs70_b06m_s30.B11
Reading graphs...
30 :  88
30 :  85
Initializing...
maxdom : 30
D->valSize : 900
Solving...
Blb : 2 (clique : 13)
currentSize : 13 <-- 0.010697 s
currentSize : 14 <-- 0.011227 s
currentSize : 15 <-- 0.012424 s
currentSize : 16 <-- 0.022120 s
currentSize : 17 <-- 0.088527 s
currentSize : 18 <-- 7.926799 s
currentSize : 20 <-- 52.730904 s
currentSize : 21 <-- 52.733776 s

maxsize : 21
nodes : 13118451.000000
filtered : 379007106.000000
time : 61.184311
