Parameters: GAD=1 vflib=1 dir=0 label=0 lowerbound=1 fileNameGp=../graphsdb/mcs70/bvg/b06/mcs70_b06_s25.A33 fileNameGt=../graphsdb/mcs70/bvg/b06/mcs70_b06_s25.B33
Reading graphs...
25 :  75
25 :  73
Initializing...
maxdom : 25
D->valSize : 625
Solving...
Blb : 2 (clique : 11)
currentSize : 11 <-- 0.008468 s
currentSize : 12 <-- 0.008584 s
currentSize : 13 <-- 0.010741 s
currentSize : 14 <-- 0.016549 s
currentSize : 15 <-- 0.016567 s
currentSize : 16 <-- 0.016637 s
currentSize : 17 <-- 0.019161 s
currentSize : 18 <-- 0.034618 s

maxsize : 18
nodes : 169576.000000
filtered : 5046097.000000
time : 0.940289
