Parameters: GAD=1 vflib=1 dir=0 label=0 lowerbound=1 fileNameGp=../graphsdb/mcs70/bvg/b09m/mcs70_b09m_s30.A03 fileNameGt=../graphsdb/mcs70/bvg/b09m/mcs70_b09m_s30.B03
Reading graphs...
30 :  128
30 :  126
Initializing...
maxdom : 30
D->valSize : 900
Solving...
Blb : 5 (clique : 12)
currentSize : 12 <-- 0.009863 s
currentSize : 13 <-- 0.009976 s
currentSize : 14 <-- 0.019927 s
currentSize : 15 <-- 0.038440 s
currentSize : 17 <-- 0.048667 s
currentSize : 18 <-- 0.048887 s
currentSize : 21 <-- 5.634311 s

maxsize : 21
nodes : 1604744.000000
filtered : 46774276.000000
time : 8.001476
