Parameters: GAD=1 vflib=1 dir=0 label=0 lowerbound=1 fileNameGp=../graphsdb/mcs70/bvg/b06/mcs70_b06_s25.A36 fileNameGt=../graphsdb/mcs70/bvg/b06/mcs70_b06_s25.B36
Reading graphs...
25 :  74
25 :  74
Initializing...
maxdom : 25
D->valSize : 625
Solving...
Blb : 2 (clique : 11)
currentSize : 11 <-- 0.005067 s
currentSize : 12 <-- 0.005272 s
currentSize : 13 <-- 0.005852 s
currentSize : 15 <-- 0.008516 s
currentSize : 16 <-- 0.022330 s
currentSize : 17 <-- 0.026324 s
currentSize : 18 <-- 0.253197 s

maxsize : 18
nodes : 206856.000000
filtered : 4736467.000000
time : 0.840980
