Parameters: GAD=1 vflib=1 dir=0 label=0 lowerbound=1 fileNameGp=../graphsdb/mcs70/bvg/b03/mcs70_b03_s35.A92 fileNameGt=../graphsdb/mcs70/bvg/b03/mcs70_b03_s35.B92
Reading graphs...
35 :  52
35 :  51
Initializing...
maxdom : 35
D->valSize : 1225
Solving...
Blb : 2 (clique : 23)
currentSize : 23 <-- 0.021400 s
currentSize : 24 <-- 0.023079 s
currentSize : 25 <-- 0.023607 s
currentSize : 26 <-- 0.123166 s
currentSize : 27 <-- 1.108894 s
currentSize : 28 <-- 1.113912 s
currentSize : 29 <-- 36.153351 s

maxsize : 29
nodes : 12535961.000000
filtered : 572337207.000000
time : 98.100189
