Parameters: GAD=1 vflib=1 dir=0 label=0 lowerbound=1 fileNameGp=../graphsdb/mcs70/bvg/b09/mcs70_b09_s30.A45 fileNameGt=../graphsdb/mcs70/bvg/b09/mcs70_b09_s30.B45
Reading graphs...
30 :  135
30 :  134
Initializing...
maxdom : 30
D->valSize : 900
Solving...
Blb : 2 (clique : 12)
currentSize : 12 <-- 0.009730 s
currentSize : 13 <-- 0.009971 s
currentSize : 14 <-- 0.061127 s
currentSize : 15 <-- 0.116119 s
currentSize : 16 <-- 0.116156 s
currentSize : 17 <-- 0.116463 s
currentSize : 21 <-- 0.200115 s

maxsize : 21
nodes : 823760.000000
filtered : 28183942.000000
time : 4.264633
