Parameters: GAD=1 vflib=1 dir=0 label=0 lowerbound=1 fileNameGp=../graphsdb/mcs70/m2D/m2Dr4/mcs70_m2Dr4_s35.A23 fileNameGt=../graphsdb/mcs70/m2D/m2Dr4/mcs70_m2Dr4_s35.B23
Reading graphs...
35 :  71
35 :  71
Initializing...
maxdom : 35
D->valSize : 1225
Solving...
Blb : 2 (clique : 20)
currentSize : 20 <-- 0.020597 s
currentSize : 21 <-- 0.025851 s
currentSize : 22 <-- 0.094860 s
currentSize : 23 <-- 4.914147 s
currentSize : 24 <-- 8.466594 s
currentSize : 25 <-- 961.685486 s
currentSize : 26 <-- 961.685547 s

maxsize : 26
nodes : 153739113.000000
filtered : 7033722847.000000
time : 1037.106323
