Parameters: GAD=1 vflib=1 dir=0 label=0 lowerbound=1 fileNameGp=../graphsdb/mcs90/m2D/m2Dr6/mcs90_m2Dr6_s30.A84 fileNameGt=../graphsdb/mcs90/m2D/m2Dr6/mcs90_m2Dr6_s30.B84
Reading graphs...
30 :  66
30 :  64
Initializing...
maxdom : 30
D->valSize : 900
Solving...
Blb : 2 (clique : 15)
currentSize : 15 <-- 0.018831 s
currentSize : 16 <-- 0.019018 s
currentSize : 17 <-- 0.019146 s
currentSize : 18 <-- 0.019200 s
currentSize : 19 <-- 0.035916 s
currentSize : 20 <-- 3.281116 s
currentSize : 21 <-- 11.195795 s
currentSize : 22 <-- 12.686882 s
currentSize : 23 <-- 14.787762 s
currentSize : 25 <-- 14.796950 s

maxsize : 25
nodes : 3077837.000000
filtered : 93725313.000000
time : 15.014804
