Parameters: GAD=1 vflib=1 dir=0 label=0 lowerbound=1 fileNameGp=../graphsdb/mcs90/bvg/b03m/mcs90_b03m_s30.A21 fileNameGt=../graphsdb/mcs90/bvg/b03m/mcs90_b03m_s30.B21
Reading graphs...
30 :  44
30 :  44
Initializing...
maxdom : 30
D->valSize : 900
Solving...
Blb : 2 (clique : 19)
currentSize : 19 <-- 0.019836 s
currentSize : 20 <-- 0.026160 s
currentSize : 21 <-- 0.036353 s
currentSize : 22 <-- 0.120105 s
currentSize : 23 <-- 2.872937 s
currentSize : 24 <-- 9.537217 s
currentSize : 25 <-- 10.230809 s
currentSize : 26 <-- 10.244874 s

maxsize : 26
nodes : 1916747.000000
filtered : 60141479.000000
time : 10.335948
