Parameters: GAD=1 vflib=1 dir=0 label=0 lowerbound=1 fileNameGp=../graphsdb/mcs90/m2D/m2Dr2/mcs90_m2Dr2_s30.A30 fileNameGt=../graphsdb/mcs90/m2D/m2Dr2/mcs90_m2Dr2_s30.B30
Reading graphs...
30 :  55
30 :  54
Initializing...
maxdom : 30
D->valSize : 900
Solving...
Blb : 3 (clique : 16)
currentSize : 16 <-- 0.015700 s
currentSize : 17 <-- 0.015822 s
currentSize : 18 <-- 0.015846 s
currentSize : 19 <-- 0.027614 s
currentSize : 20 <-- 0.075043 s
currentSize : 21 <-- 2.453688 s
currentSize : 22 <-- 19.863834 s
currentSize : 23 <-- 36.865093 s
currentSize : 25 <-- 39.833363 s

maxsize : 25
nodes : 7332311.000000
filtered : 254867387.000000
time : 39.949554
