Parameters: GAD=1 vflib=1 dir=0 label=0 lowerbound=1 fileNameGp=../graphsdb/mcs90/m3D/m3Dr4/mcs90_m3Dr4_s30.A39 fileNameGt=../graphsdb/mcs90/m3D/m3Dr4/mcs90_m3Dr4_s30.B39
Reading graphs...
30 :  72
30 :  72
Initializing...
maxdom : 30
D->valSize : 900
Solving...
Blb : 2 (clique : 17)
currentSize : 17 <-- 0.018606 s
currentSize : 18 <-- 0.019548 s
currentSize : 20 <-- 0.022069 s
currentSize : 21 <-- 0.108127 s
currentSize : 22 <-- 0.108196 s
currentSize : 23 <-- 0.304812 s
currentSize : 24 <-- 0.304868 s
currentSize : 27 <-- 0.712074 s

maxsize : 27
nodes : 102252.000000
filtered : 4555415.000000
time : 0.734320
