Parameters: GAD=1 vflib=1 dir=0 label=0 lowerbound=1 fileNameGp=../graphsdb/mcs90/m2D/m2Dr4/mcs90_m2Dr4_s30.A38 fileNameGt=../graphsdb/mcs90/m2D/m2Dr4/mcs90_m2Dr4_s30.B38
Reading graphs...
30 :  61
30 :  61
Initializing...
maxdom : 30
D->valSize : 900
Solving...
Blb : 2 (clique : 17)
currentSize : 17 <-- 0.011219 s
currentSize : 18 <-- 0.045298 s
currentSize : 19 <-- 0.120329 s
currentSize : 20 <-- 0.327763 s
currentSize : 21 <-- 3.301020 s
currentSize : 23 <-- 4.878053 s
currentSize : 24 <-- 4.893234 s
currentSize : 26 <-- 4.895110 s

maxsize : 26
nodes : 1158679.000000
filtered : 23770855.000000
time : 4.966823
