Parameters: GAD=1 vflib=1 dir=0 label=0 lowerbound=1 fileNameGp=../graphsdb/mcs90/m3D/m3Dr6/mcs90_m3Dr6_s30.A49 fileNameGt=../graphsdb/mcs90/m3D/m3Dr6/mcs90_m3Dr6_s30.B49
Reading graphs...
30 :  79
30 :  77
Initializing...
maxdom : 30
D->valSize : 900
Solving...
Blb : 2 (clique : 15)
currentSize : 15 <-- 0.018179 s
currentSize : 17 <-- 0.018352 s
currentSize : 18 <-- 0.485334 s
currentSize : 20 <-- 12.769910 s
currentSize : 21 <-- 13.790799 s
currentSize : 23 <-- 14.134869 s
currentSize : 27 <-- 14.136423 s

maxsize : 27
nodes : 3295195.000000
filtered : 79281726.000000
time : 14.165132
