Parameters: GAD=1 vflib=1 dir=0 label=0 lowerbound=1 fileNameGp=../graphsdb/mcs90/rand/r02/mcs90_r02_s25.A33 fileNameGt=../graphsdb/mcs90/rand/r02/mcs90_r02_s25.B33
Reading graphs...
25 :  109
25 :  109
Initializing...
maxdom : 25
D->valSize : 625
Solving...
Blb : 2 (clique : 11)
currentSize : 11 <-- 0.004772 s
currentSize : 12 <-- 0.048789 s
currentSize : 13 <-- 0.052930 s
currentSize : 14 <-- 0.053244 s
currentSize : 15 <-- 0.375022 s
currentSize : 16 <-- 0.375992 s
currentSize : 22 <-- 0.376177 s

maxsize : 22
nodes : 117599.000000
filtered : 1458727.000000
time : 0.381437
