Parameters: GAD=1 vflib=1 dir=0 label=0 lowerbound=1 fileNameGp=../graphsdb/mcs90/bvg/b09m/mcs90_b09m_s30.A01 fileNameGt=../graphsdb/mcs90/bvg/b09m/mcs90_b09m_s30.B01
Reading graphs...
30 :  131
30 :  131
Initializing...
maxdom : 30
D->valSize : 900
Solving...
Blb : 2 (clique : 11)
currentSize : 11 <-- 0.009862 s
currentSize : 12 <-- 0.009991 s
currentSize : 13 <-- 0.010395 s
currentSize : 14 <-- 0.052565 s
currentSize : 15 <-- 0.108841 s
currentSize : 16 <-- 0.108868 s
currentSize : 17 <-- 0.108920 s
currentSize : 18 <-- 0.279375 s
currentSize : 19 <-- 2.798950 s
currentSize : 20 <-- 2.799018 s
currentSize : 26 <-- 2.807477 s

maxsize : 26
nodes : 595628.000000
filtered : 16642433.000000
time : 2.862221
