Parameters: GAD=1 vflib=1 dir=0 label=0 lowerbound=1 fileNameGp=../graphsdb/mcs90/rand/r005/mcs90_r005_s35.A21 fileNameGt=../graphsdb/mcs90/rand/r005/mcs90_r005_s35.B21
Reading graphs...
35 :  57
35 :  58
Initializing...
maxdom : 35
D->valSize : 1225
Solving...
Blb : 2 (clique : 21)
currentSize : 21 <-- 0.021383 s
currentSize : 22 <-- 0.021569 s
currentSize : 23 <-- 0.022783 s
currentSize : 24 <-- 0.028406 s
currentSize : 25 <-- 0.200850 s
currentSize : 26 <-- 0.500404 s
currentSize : 27 <-- 8.269653 s
currentSize : 29 <-- 8.353488 s
currentSize : 30 <-- 19.988235 s
currentSize : 31 <-- 19.988997 s

maxsize : 31
nodes : 2279689.000000
filtered : 139275361.000000
time : 20.045813
