Parameters: GAD=1 vflib=1 dir=0 label=0 lowerbound=1 fileNameGp=../graphsdb/mcs90/m2D/m2D/mcs90_m2D_s30.A92 fileNameGt=../graphsdb/mcs90/m2D/m2D/mcs90_m2D_s30.B92
Reading graphs...
30 :  49
30 :  49
Initializing...
maxdom : 30
D->valSize : 900
Solving...
Blb : 2 (clique : 19)
currentSize : 19 <-- 0.011286 s
currentSize : 20 <-- 0.011521 s
currentSize : 21 <-- 0.011869 s
currentSize : 22 <-- 0.073875 s
currentSize : 23 <-- 0.596703 s
currentSize : 24 <-- 3.280071 s
currentSize : 25 <-- 3.452320 s
currentSize : 26 <-- 3.515780 s

maxsize : 26
nodes : 667173.000000
filtered : 23964544.000000
time : 3.730824
