Parameters: GAD=1 vflib=1 dir=0 label=0 lowerbound=1 fileNameGp=../graphsdb/mcs90/bvg/b03m/mcs90_b03m_s20.A64 fileNameGt=../graphsdb/mcs90/bvg/b03m/mcs90_b03m_s20.B64
Reading graphs...
20 :  30
20 :  30
Initializing...
maxdom : 20
D->valSize : 400
Solving...
Blb : 2 (clique : 12)
currentSize : 12 <-- 0.002428 s
currentSize : 13 <-- 0.002490 s
currentSize : 14 <-- 0.003126 s
currentSize : 15 <-- 0.003509 s
currentSize : 16 <-- 0.043577 s
currentSize : 17 <-- 0.044212 s
currentSize : 18 <-- 0.044279 s

maxsize : 18
nodes : 14412.000000
filtered : 231774.000000
time : 0.046668
