Parameters: GAD=1 vflib=1 dir=0 label=0 lowerbound=1 fileNameGp=../graphsdb/mcs90/rand/r005/mcs90_r005_s35.A69 fileNameGt=../graphsdb/mcs90/rand/r005/mcs90_r005_s35.B69
Reading graphs...
35 :  57
35 :  58
Initializing...
maxdom : 35
D->valSize : 1225
Solving...
Blb : 2 (clique : 22)
currentSize : 22 <-- 0.021509 s
currentSize : 23 <-- 0.022143 s
currentSize : 24 <-- 0.033681 s
currentSize : 25 <-- 0.121854 s
currentSize : 26 <-- 2.269902 s
currentSize : 27 <-- 17.716991 s
currentSize : 28 <-- 17.776527 s
currentSize : 29 <-- 17.785076 s
currentSize : 30 <-- 17.788904 s
currentSize : 31 <-- 17.789003 s

maxsize : 31
nodes : 2854663.000000
filtered : 94986462.000000
time : 17.848070
