Parameters: GAD=1 vflib=1 dir=0 label=0 lowerbound=1 fileNameGp=../graphsdb/mcs90/bvg/b03m/mcs90_b03m_s30.A22 fileNameGt=../graphsdb/mcs90/bvg/b03m/mcs90_b03m_s30.B22
Reading graphs...
30 :  45
30 :  44
Initializing...
maxdom : 30
D->valSize : 900
Solving...
Blb : 2 (clique : 19)
currentSize : 19 <-- 0.020175 s
currentSize : 20 <-- 0.020678 s
currentSize : 21 <-- 0.054620 s
currentSize : 22 <-- 0.058148 s
currentSize : 23 <-- 0.152866 s
currentSize : 25 <-- 0.157621 s
currentSize : 26 <-- 0.195455 s

maxsize : 26
nodes : 44377.000000
filtered : 1557449.000000
time : 0.382525
