Parameters: GAD=1 vflib=1 dir=0 label=1 lowerbound=1 fileNameGp=../graphsdb/mcs30/rand/r02/mcs30_r02_s90.A65 fileNameGt=../graphsdb/mcs30/rand/r02/mcs30_r02_s90.B65
Reading graphs...
90 :  1423
90 :  1450
Initializing...
maxdom : 10
D->valSize : 517
Solving...
currentSize : 5 <-- 0.005857 s
currentSize : 6 <-- 0.006278 s
currentSize : 7 <-- 0.016088 s
currentSize : 12 <-- 0.018937 s
currentSize : 13 <-- 0.019241 s
currentSize : 23 <-- 0.170135 s

maxsize : 23
nodes : 35330.000000
filtered : 497997.000000
CCGP filtered : 90874.000000
CCGT filtered : 29548.000000
time : 2.628858
