Parameters: GAD=1 vflib=1 dir=0 label=1 lowerbound=1 fileNameGp=../graphsdb/mcs30/rand/r02/mcs30_r02_s90.A12 fileNameGt=../graphsdb/mcs30/rand/r02/mcs30_r02_s90.B12
Reading graphs...
90 :  1443
90 :  1450
Initializing...
maxdom : 10
D->valSize : 577
Solving...
currentSize : 5 <-- 0.006932 s
currentSize : 6 <-- 0.008899 s
currentSize : 14 <-- 0.016317 s
currentSize : 17 <-- 0.055372 s
currentSize : 18 <-- 0.136582 s
currentSize : 23 <-- 0.195139 s

maxsize : 23
nodes : 35698.000000
filtered : 537091.000000
CCGP filtered : 108931.000000
CCGT filtered : 38244.000000
time : 2.553707
