Parameters: GAD=1 vflib=1 dir=0 label=1 lowerbound=1 fileNameGp=../graphsdb/mcs50/bvg/b09/mcs50_b09_s25.A37 fileNameGt=../graphsdb/mcs50/bvg/b09/mcs50_b09_s25.B37
Reading graphs...
25 :  110
25 :  108
Initializing...
maxdom : 10
D->valSize : 156
Solving...
currentSize : 4 <-- 0.000886 s
currentSize : 5 <-- 0.001190 s
currentSize : 6 <-- 0.001299 s
currentSize : 9 <-- 0.002451 s
currentSize : 10 <-- 0.003320 s
currentSize : 12 <-- 0.005146 s

maxsize : 12
nodes : 543.000000
filtered : 8515.000000
CCGP filtered : 1936.000000
CCGT filtered : 1468.000000
time : 0.007367
