Parameters: GAD=1 vflib=1 dir=0 label=1 lowerbound=1 fileNameGp=../graphsdb/mcs50/bvg/b03m/mcs50_b03m_s15.A70 fileNameGt=../graphsdb/mcs50/bvg/b03m/mcs50_b03m_s15.B70
Reading graphs...
15 :  22
15 :  22
Initializing...
maxdom : 10
D->valSize : 115
Solving...
currentSize : 1 <-- 0.000468 s
currentSize : 2 <-- 0.000494 s
currentSize : 3 <-- 0.000539 s
currentSize : 4 <-- 0.000553 s
currentSize : 5 <-- 0.000599 s
currentSize : 8 <-- 0.000725 s

maxsize : 8
nodes : 189.000000
filtered : 2599.000000
CCGP filtered : 1360.000000
CCGT filtered : 1801.000000
time : 0.001885
