Parameters: GAD=1 vflib=1 dir=0 label=1 lowerbound=1 fileNameGp=../graphsdb/mcs50/bvg/b06/mcs50_b06_s25.A89 fileNameGt=../graphsdb/mcs50/bvg/b06/mcs50_b06_s25.B89
Reading graphs...
25 :  71
25 :  75
Initializing...
maxdom : 8
D->valSize : 175
Solving...
currentSize : 1 <-- 0.000888 s
currentSize : 4 <-- 0.000955 s
currentSize : 5 <-- 0.001233 s
currentSize : 8 <-- 0.001468 s
currentSize : 9 <-- 0.001516 s
currentSize : 12 <-- 0.002682 s

maxsize : 12
nodes : 587.000000
filtered : 6737.000000
CCGP filtered : 3013.000000
CCGT filtered : 3011.000000
time : 0.006771
