Parameters: GAD=1 vflib=1 dir=0 label=1 lowerbound=1 fileNameGp=../graphsdb/mcs70/m2D/m2Dr6/m2Dr6/mcs70_m2Dr6_s15.A58 fileNameGt=../graphsdb/mcs70/m2D/m2Dr6/m2Dr6/mcs70_m2Dr6_s15.B58
Reading graphs...
15 :  28
15 :  28
Initializing...
maxdom : 9
D->valSize : 117
Solving...
currentSize : 2 <-- 0.000503 s
currentSize : 3 <-- 0.000550 s
currentSize : 4 <-- 0.000591 s
currentSize : 6 <-- 0.000675 s
currentSize : 8 <-- 0.000751 s
currentSize : 10 <-- 0.000804 s

maxsize : 10
nodes : 156.000000
filtered : 2322.000000
CCGP filtered : 430.000000
CCGT filtered : 439.000000
time : 0.001563
