Parameters: GAD=1 vflib=1 dir=0 label=1 lowerbound=1 fileNameGp=../graphsdb/mcs70/m4D/m4Dr4/mcs70_m4Dr4_s25.A56 fileNameGt=../graphsdb/mcs70/m4D/m4Dr4/mcs70_m4Dr4_s25.B56
Reading graphs...
25 :  57
25 :  54
Initializing...
maxdom : 9
D->valSize : 164
Solving...
currentSize : 1 <-- 0.000787 s
currentSize : 2 <-- 0.000848 s
currentSize : 4 <-- 0.000959 s
currentSize : 6 <-- 0.001015 s
currentSize : 9 <-- 0.001266 s
currentSize : 11 <-- 0.001323 s
currentSize : 12 <-- 0.001591 s
currentSize : 16 <-- 0.002172 s

maxsize : 16
nodes : 459.000000
filtered : 4953.000000
CCGP filtered : 2221.000000
CCGT filtered : 1842.000000
time : 0.004458
