Parameters: GAD=1 vflib=1 dir=0 label=1 lowerbound=1 fileNameGp=../graphsdb/mcs90/bvg/b06m/mcs90_b06m_s15.A34 fileNameGt=../graphsdb/mcs90/bvg/b06m/mcs90_b06m_s15.B34
Reading graphs...
15 :  44
15 :  44
Initializing...
maxdom : 8
D->valSize : 113
Solving...
currentSize : 3 <-- 0.000584 s
currentSize : 4 <-- 0.000611 s
currentSize : 5 <-- 0.000623 s
currentSize : 6 <-- 0.000689 s
currentSize : 8 <-- 0.000778 s
currentSize : 10 <-- 0.000926 s
currentSize : 13 <-- 0.000986 s

maxsize : 13
nodes : 92.000000
filtered : 695.000000
CCGP filtered : 8.000000
CCGT filtered : 14.000000
time : 0.001178
