Parameters: GAD=1 vflib=1 dir=0 label=1 lowerbound=1 fileNameGp=../graphsdb/mcs90/rand/r01/mcs90_r01_s90.A70 fileNameGt=../graphsdb/mcs90/rand/r01/mcs90_r01_s90.B70
Reading graphs...
90 :  757
90 :  761
Initializing...
maxdom : 8
D->valSize : 557
Solving...
currentSize : 2 <-- 0.006143 s
currentSize : 33 <-- 0.007569 s
currentSize : 41 <-- 0.932006 s
currentSize : 47 <-- 2.914252 s
currentSize : 67 <-- 3.104392 s
currentSize : 68 <-- 17.090025 s

maxsize : 68
nodes : 2952105.000000
filtered : 5465284.000000
CCGP filtered : 7791.000000
CCGT filtered : 5333.000000
time : 92.170311
