Parameters: GAD=1 vflib=1 dir=0 label=1 lowerbound=1 fileNameGp=../graphsdb/mcs90/rand/r02/mcs90_r02_s50.A29 fileNameGt=../graphsdb/mcs90/rand/r02/mcs90_r02_s50.B29
Reading graphs...
50 :  438
50 :  437
Initializing...
maxdom : 9
D->valSize : 324
Solving...
currentSize : 4 <-- 0.002336 s
currentSize : 5 <-- 0.003024 s
currentSize : 6 <-- 0.004141 s
currentSize : 12 <-- 0.004274 s
currentSize : 17 <-- 0.005565 s
currentSize : 21 <-- 0.007991 s
currentSize : 37 <-- 0.009583 s
currentSize : 38 <-- 0.010184 s

maxsize : 38
nodes : 6066.000000
filtered : 23192.000000
CCGP filtered : 807.000000
CCGT filtered : 416.000000
time : 0.105988
