Parameters: GAD=1 vflib=1 dir=0 label=1 lowerbound=1 fileNameGp=../graphsdb/mcs90/m3D/m3Dr4/mcs90_m3Dr4_s10.A25 fileNameGt=../graphsdb/mcs90/m3D/m3Dr4/mcs90_m3Dr4_s10.B25
Reading graphs...
10 :  19
10 :  17
Initializing...
maxdom : 6
D->valSize : 50
Solving...
currentSize : 2 <-- 0.000383 s
currentSize : 3 <-- 0.000408 s
currentSize : 4 <-- 0.000469 s
currentSize : 5 <-- 0.000603 s
currentSize : 7 <-- 0.000694 s
currentSize : 8 <-- 0.000749 s

maxsize : 8
nodes : 88.000000
filtered : 441.000000
CCGP filtered : 76.000000
CCGT filtered : 46.000000
time : 0.000806
