Parameters: GAD=1 vflib=1 dir=0 label=1 lowerbound=1 fileNameGp=../graphsdb/mcs90/bvg/b03m/mcs90_b03m_s15.A07 fileNameGt=../graphsdb/mcs90/bvg/b03m/mcs90_b03m_s15.B07
Reading graphs...
15 :  22
15 :  22
Initializing...
maxdom : 14
D->valSize : 210
Solving...
currentSize : 3 <-- 0.001020 s
currentSize : 5 <-- 0.001084 s
currentSize : 6 <-- 0.001245 s
currentSize : 7 <-- 0.001381 s
currentSize : 8 <-- 0.001925 s
currentSize : 9 <-- 0.001980 s
currentSize : 12 <-- 0.002572 s

maxsize : 12
nodes : 327.000000
filtered : 5911.000000
CCGP filtered : 3437.000000
CCGT filtered : 930.000000
time : 0.003496
