Parameters: GAD=1 vflib=1 dir=0 label=0 lowerbound=1 fileNameGp=../graphsdb/mcs30/bvg/b03/mcs30_b03_s35.A03 fileNameGt=../graphsdb/mcs30/bvg/b03/mcs30_b03_s35.B03
Reading graphs...
35 :  52
35 :  52
Initializing...
maxdom : 35
D->valSize : 1225
Solving...
currentSize : 2 <-- 0.021492 s
currentSize : 14 <-- 0.021614 s
currentSize : 17 <-- 0.022029 s
currentSize : 19 <-- 0.504389 s
currentSize : 21 <-- 2.664480 s
currentSize : 22 <-- 2.718406 s
currentSize : 23 <-- 254.776093 s
currentSize : 24 <-- 320.281158 s
currentSize : 25 <-- 544.061096 s

maxsize : 25
nodes : 194199563.000000
filtered : 2983250767.000000
time : 867.378601
