Parameters: GAD=1 vflib=1 dir=0 label=0 lowerbound=1 fileNameGp=../graphsdb/mcs30/bvg/b06/mcs30_b06_s35.A49 fileNameGt=../graphsdb/mcs30/bvg/b06/mcs30_b06_s35.B49
Reading graphs...
35 :  100
35 :  102
Initializing...
maxdom : 35
D->valSize : 1225
Solving...
currentSize : 12 <-- 0.033548 s
currentSize : 15 <-- 0.033684 s
currentSize : 16 <-- 0.033710 s
currentSize : 17 <-- 0.040995 s
currentSize : 18 <-- 0.052651 s
currentSize : 19 <-- 0.126454 s
currentSize : 20 <-- 1.669854 s
currentSize : 21 <-- 19.882223 s
currentSize : 22 <-- 550.337036 s

maxsize : 22
nodes : 149654795.000000
filtered : 4223128773.000000
time : 865.191833
