Parameters: GAD=1 vflib=1 dir=0 label=0 lowerbound=1 fileNameGp=../graphsdb/mcs30/m3D/m3Dr4/mcs30_m3Dr4_s25.A50 fileNameGt=../graphsdb/mcs30/m3D/m3Dr4/mcs30_m3Dr4_s25.B50
Reading graphs...
25 :  56
25 :  55
Initializing...
maxdom : 25
D->valSize : 625
Solving...
currentSize : 9 <-- 0.005054 s
currentSize : 11 <-- 0.005076 s
currentSize : 12 <-- 0.007722 s
currentSize : 13 <-- 0.027415 s
currentSize : 14 <-- 0.031371 s
currentSize : 15 <-- 0.181782 s
currentSize : 16 <-- 1.629361 s
currentSize : 17 <-- 10.436040 s

maxsize : 17
nodes : 2961956.000000
filtered : 49146043.000000
time : 11.795324
