Parameters: GAD=1 vflib=1 dir=0 label=0 lowerbound=1 fileNameGp=../graphsdb/mcs30/bvg/b03/mcs30_b03_s35.A99 fileNameGt=../graphsdb/mcs30/bvg/b03/mcs30_b03_s35.B99
Reading graphs...
35 :  51
35 :  52
Initializing...
maxdom : 35
D->valSize : 1225
Solving...
currentSize : 15 <-- 0.021293 s
currentSize : 17 <-- 0.021337 s
currentSize : 18 <-- 0.022166 s
currentSize : 19 <-- 0.072588 s
currentSize : 20 <-- 1.009830 s
currentSize : 21 <-- 8.255429 s
currentSize : 22 <-- 29.713400 s
currentSize : 23 <-- 52.332733 s
currentSize : 24 <-- 808.844788 s
currentSize : 25 <-- 808.848694 s

maxsize : 25
nodes : 253005837.000000
filtered : 3870143659.000000
time : 1149.265869
