Parameters: GAD=1 vflib=1 dir=0 label=0 lowerbound=1 fileNameGp=../graphsdb/mcs30/m3D/m3Dr2/mcs30_m3Dr2_s30.A52 fileNameGt=../graphsdb/mcs30/m3D/m3Dr2/mcs30_m3Dr2_s30.B52
Reading graphs...
30 :  64
30 :  66
Initializing...
maxdom : 30
D->valSize : 900
Solving...
currentSize : 10 <-- 0.010706 s
currentSize : 11 <-- 0.010725 s
currentSize : 12 <-- 0.010795 s
currentSize : 13 <-- 0.010804 s
currentSize : 14 <-- 0.010833 s
currentSize : 15 <-- 0.010840 s
currentSize : 16 <-- 0.036737 s
currentSize : 17 <-- 0.036911 s
currentSize : 18 <-- 0.439898 s
currentSize : 19 <-- 0.591864 s
currentSize : 20 <-- 21.760559 s

maxsize : 20
nodes : 12616265.000000
filtered : 302300704.000000
time : 64.500763
