Parameters: GAD=1 vflib=1 dir=0 label=0 lowerbound=1 fileNameGp=../graphsdb/mcs50/bvg/b03/mcs50_b03_s35.A47 fileNameGt=../graphsdb/mcs50/bvg/b03/mcs50_b03_s35.B47
Reading graphs...
35 :  52
35 :  50
Initializing...
maxdom : 35
D->valSize : 1225
Solving...
currentSize : 16 <-- 0.021080 s
currentSize : 17 <-- 0.021114 s
currentSize : 18 <-- 0.021188 s
currentSize : 19 <-- 0.021401 s
currentSize : 20 <-- 0.021434 s
currentSize : 21 <-- 0.022539 s
currentSize : 22 <-- 0.023164 s
currentSize : 23 <-- 0.048928 s
currentSize : 24 <-- 8.359148 s
currentSize : 25 <-- 8.439145 s

maxsize : 25
nodes : 90272901.000000
filtered : 2113463025.000000
time : 478.710114
