Parameters: GAD=1 vflib=1 dir=0 label=0 lowerbound=1 fileNameGp=../graphsdb/mcs50/m4D/m4Dr2/mcs50_m4Dr2_s35.A26 fileNameGt=../graphsdb/mcs50/m4D/m4Dr2/mcs50_m4Dr2_s35.B26
Reading graphs...
35 :  69
35 :  69
Initializing...
maxdom : 35
D->valSize : 1225
Solving...
currentSize : 16 <-- 0.020355 s
currentSize : 17 <-- 0.257842 s
currentSize : 18 <-- 4.062190 s
currentSize : 19 <-- 4.074729 s
currentSize : 21 <-- 4.074788 s
currentSize : 22 <-- 4.202516 s
currentSize : 23 <-- 6.224058 s
currentSize : 24 <-- 29.123236 s

maxsize : 24
nodes : 44702408.000000
filtered : 1320499096.000000
time : 271.786438
