Parameters: GAD=1 vflib=1 dir=0 label=0 lowerbound=1 fileNameGp=../graphsdb/mcs50/bvg/b09m/mcs50_b09m_s35.A47 fileNameGt=../graphsdb/mcs50/bvg/b09m/mcs50_b09m_s35.B47
Reading graphs...
35 :  146
35 :  144
Initializing...
maxdom : 35
D->valSize : 1225
Solving...
currentSize : 11 <-- 0.018504 s
currentSize : 12 <-- 0.018574 s
currentSize : 13 <-- 0.018721 s
currentSize : 14 <-- 0.024872 s
currentSize : 15 <-- 0.028119 s
currentSize : 17 <-- 0.028233 s
currentSize : 18 <-- 1.073344 s
currentSize : 19 <-- 229.781403 s

maxsize : 19
nodes : 195931752.000000
filtered : 4985358007.000000
time : 1065.580811
