Parameters: GAD=1 vflib=1 dir=0 label=0 lowerbound=1 fileNameGp=../graphsdb/mcs50/m4D/m4Dr6/mcs50_m4Dr6_s30.A57 fileNameGt=../graphsdb/mcs50/m4D/m4Dr6/mcs50_m4Dr6_s30.B57
Reading graphs...
30 :  72
30 :  71
Initializing...
maxdom : 30
D->valSize : 900
Solving...
currentSize : 12 <-- 0.010560 s
currentSize : 13 <-- 0.010602 s
currentSize : 14 <-- 0.011212 s
currentSize : 15 <-- 0.014665 s
currentSize : 16 <-- 0.065181 s
currentSize : 17 <-- 0.145390 s
currentSize : 18 <-- 0.369141 s
currentSize : 19 <-- 3.563109 s

maxsize : 19
nodes : 25373636.000000
filtered : 583172865.000000
time : 124.170242
