Parameters: GAD=1 vflib=1 dir=0 label=0 lowerbound=1 fileNameGp=../graphsdb/mcs50/bvg/b03/mcs50_b03_s35.A09 fileNameGt=../graphsdb/mcs50/bvg/b03/mcs50_b03_s35.B09
Reading graphs...
35 :  49
35 :  52
Initializing...
maxdom : 35
D->valSize : 1225
Solving...
currentSize : 15 <-- 0.036348 s
currentSize : 16 <-- 0.036770 s
currentSize : 17 <-- 0.037101 s
currentSize : 18 <-- 0.037500 s
currentSize : 19 <-- 0.111895 s
currentSize : 20 <-- 0.130236 s
currentSize : 21 <-- 0.454461 s
currentSize : 22 <-- 9.032913 s
currentSize : 23 <-- 14.236695 s
currentSize : 24 <-- 200.418533 s

maxsize : 24
nodes : 417339978.000000
filtered : 6647799022.000000
time : 1885.480469
