Parameters: GAD=1 vflib=1 dir=0 label=0 lowerbound=1 fileNameGp=../graphsdb/mcs50/rand/r01/mcs50_r01_s25.A83 fileNameGt=../graphsdb/mcs50/rand/r01/mcs50_r01_s25.B83
Reading graphs...
25 :  57
25 :  57
Initializing...
maxdom : 25
D->valSize : 625
Solving...
currentSize : 8 <-- 0.008638 s
currentSize : 9 <-- 0.008673 s
currentSize : 10 <-- 0.010674 s
currentSize : 11 <-- 0.010711 s
currentSize : 12 <-- 0.013513 s
currentSize : 13 <-- 0.037148 s
currentSize : 14 <-- 0.040197 s
currentSize : 15 <-- 0.085151 s
currentSize : 16 <-- 2.115821 s

maxsize : 16
nodes : 1611113.000000
filtered : 29079091.000000
time : 6.761826
