Parameters: GAD=1 vflib=1 dir=0 label=0 lowerbound=1 fileNameGp=../graphsdb/mcs50/rand/r005/mcs50_r005_s30.A61 fileNameGt=../graphsdb/mcs50/rand/r005/mcs50_r005_s30.B61
Reading graphs...
30 :  45
30 :  46
Initializing...
maxdom : 30
D->valSize : 900
Solving...
currentSize : 12 <-- 0.011811 s
currentSize : 14 <-- 0.012643 s
currentSize : 16 <-- 0.012662 s
currentSize : 17 <-- 0.013105 s
currentSize : 18 <-- 0.039035 s
currentSize : 19 <-- 0.066736 s
currentSize : 20 <-- 10.329996 s
currentSize : 22 <-- 11.446653 s

maxsize : 22
nodes : 7366652.000000
filtered : 135864429.000000
time : 33.972103
