Parameters: GAD=1 vflib=1 dir=0 label=0 lowerbound=1 fileNameGp=../graphsdb/mcs50/m2D/m2Dr6/mcs50_m2Dr6_s30.A47 fileNameGt=../graphsdb/mcs50/m2D/m2Dr6/mcs50_m2Dr6_s30.B47
Reading graphs...
30 :  66
30 :  64
Initializing...
maxdom : 30
D->valSize : 900
Solving...
currentSize : 11 <-- 0.018396 s
currentSize : 14 <-- 0.018923 s
currentSize : 15 <-- 0.022733 s
currentSize : 16 <-- 0.048841 s
currentSize : 17 <-- 0.175781 s
currentSize : 18 <-- 1.393338 s
currentSize : 19 <-- 1.414395 s
currentSize : 20 <-- 38.700802 s

maxsize : 20
nodes : 17536933.000000
filtered : 403922310.000000
time : 85.753632
