Parameters: GAD=1 vflib=1 dir=0 label=0 lowerbound=1 fileNameGp=../graphsdb/mcs50/m2D/m2Dr4/mcs50_m2Dr4_s20.A45 fileNameGt=../graphsdb/mcs50/m2D/m2Dr4/mcs50_m2Dr4_s20.B45
Reading graphs...
20 :  36
20 :  37
Initializing...
maxdom : 20
D->valSize : 400
Solving...
currentSize : 7 <-- 0.002179 s
currentSize : 8 <-- 0.002194 s
currentSize : 9 <-- 0.002209 s
currentSize : 10 <-- 0.002406 s
currentSize : 11 <-- 0.003768 s
currentSize : 12 <-- 0.008050 s
currentSize : 13 <-- 0.017560 s
currentSize : 14 <-- 0.051646 s

maxsize : 14
nodes : 87731.000000
filtered : 1388879.000000
time : 0.311802
