Parameters: GAD=1 vflib=1 dir=0 label=0 lowerbound=1 fileNameGp=../graphsdb/mcs50/rand/r005/mcs50_r005_s35.A92 fileNameGt=../graphsdb/mcs50/rand/r005/mcs50_r005_s35.B92
Reading graphs...
35 :  61
35 :  61
Initializing...
maxdom : 35
D->valSize : 1225
Solving...
currentSize : 15 <-- 0.020674 s
currentSize : 18 <-- 0.021164 s
currentSize : 19 <-- 0.021191 s
currentSize : 20 <-- 0.023064 s
currentSize : 21 <-- 0.035810 s
currentSize : 22 <-- 0.699321 s
currentSize : 23 <-- 15.215562 s
currentSize : 24 <-- 31.144665 s
currentSize : 25 <-- 347.678650 s

maxsize : 25
nodes : 84516987.000000
filtered : 2173809365.000000
time : 474.943390
