Parameters: GAD=1 vflib=1 dir=0 label=0 lowerbound=1 fileNameGp=../graphsdb/mcs50/rand/r01/mcs50_r01_s35.A50 fileNameGt=../graphsdb/mcs50/rand/r01/mcs50_r01_s35.B50
Reading graphs...
35 :  111
35 :  112
Initializing...
maxdom : 35
D->valSize : 1225
Solving...
currentSize : 13 <-- 0.024434 s
currentSize : 14 <-- 0.024480 s
currentSize : 15 <-- 0.025076 s
currentSize : 16 <-- 0.025203 s
currentSize : 17 <-- 0.029881 s
currentSize : 18 <-- 4.490558 s
currentSize : 19 <-- 16.640072 s
currentSize : 20 <-- 32.326977 s

maxsize : 20
nodes : 453440556.000000
filtered : 12092353887.000000
time : 2561.440918
