Parameters: GAD=1 vflib=1 dir=0 label=0 lowerbound=1 fileNameGp=../graphsdb/mcs50/bvg/b03/mcs50_b03_s35.A59 fileNameGt=../graphsdb/mcs50/bvg/b03/mcs50_b03_s35.B59
Reading graphs...
35 :  51
35 :  52
Initializing...
maxdom : 35
D->valSize : 1225
Solving...
currentSize : 16 <-- 0.021104 s
currentSize : 17 <-- 0.021220 s
currentSize : 18 <-- 0.022057 s
currentSize : 19 <-- 0.023110 s
currentSize : 20 <-- 0.025763 s
currentSize : 21 <-- 0.041613 s
currentSize : 22 <-- 0.198809 s
currentSize : 23 <-- 0.299204 s
currentSize : 24 <-- 2.278793 s
currentSize : 25 <-- 4.519285 s
currentSize : 26 <-- 48.249111 s

maxsize : 26
nodes : 41274415.000000
filtered : 1069750888.000000
time : 247.260101
