Parameters: GAD=1 vflib=1 dir=0 label=0 lowerbound=1 fileNameGp=../graphsdb/mcs50/bvg/b03/mcs50_b03_s30.A65 fileNameGt=../graphsdb/mcs50/bvg/b03/mcs50_b03_s30.B65
Reading graphs...
30 :  45
30 :  45
Initializing...
maxdom : 30
D->valSize : 900
Solving...
currentSize : 2 <-- 0.016201 s
currentSize : 15 <-- 0.016318 s
currentSize : 16 <-- 0.016438 s
currentSize : 17 <-- 0.017064 s
currentSize : 18 <-- 0.026069 s
currentSize : 19 <-- 1.636141 s
currentSize : 20 <-- 2.547305 s
currentSize : 21 <-- 4.767971 s
currentSize : 22 <-- 6.888194 s

maxsize : 22
nodes : 4662609.000000
filtered : 90715479.000000
time : 21.842363
