Parameters: GAD=1 vflib=1 dir=0 label=0 lowerbound=1 fileNameGp=../graphsdb/mcs50/rand/r005/mcs50_r005_s35.A94 fileNameGt=../graphsdb/mcs50/rand/r005/mcs50_r005_s35.B94
Reading graphs...
35 :  60
35 :  62
Initializing...
maxdom : 35
D->valSize : 1225
Solving...
currentSize : 15 <-- 0.035831 s
currentSize : 16 <-- 0.039203 s
currentSize : 17 <-- 0.059496 s
currentSize : 18 <-- 0.067968 s
currentSize : 19 <-- 0.431139 s
currentSize : 20 <-- 0.495456 s
currentSize : 21 <-- 1.360517 s
currentSize : 22 <-- 12.698679 s
currentSize : 23 <-- 15.481724 s
currentSize : 24 <-- 636.567566 s

maxsize : 24
nodes : 186221296.000000
filtered : 3753466313.000000
time : 943.173645
