Parameters: GAD=1 vflib=1 dir=0 label=0 lowerbound=1 fileNameGp=../graphsdb/mcs70/m3D/m3Dr2/mcs70_m3Dr2_s35.A39 fileNameGt=../graphsdb/mcs70/m3D/m3Dr2/mcs70_m3Dr2_s35.B39
Reading graphs...
35 :  78
35 :  77
Initializing...
maxdom : 35
D->valSize : 1225
Solving...
currentSize : 16 <-- 0.020451 s
currentSize : 17 <-- 0.021804 s
currentSize : 18 <-- 0.022577 s
currentSize : 19 <-- 0.059625 s
currentSize : 20 <-- 0.342553 s
currentSize : 21 <-- 4.252530 s
currentSize : 22 <-- 9.818061 s
currentSize : 23 <-- 12.947583 s
currentSize : 24 <-- 50.040577 s
currentSize : 26 <-- 261.051086 s
currentSize : 27 <-- 279.899628 s

maxsize : 27
nodes : 48970765.000000
filtered : 1401843407.000000
time : 286.237183
