Parameters: GAD=1 vflib=1 dir=0 label=0 lowerbound=1 fileNameGp=../graphsdb/mcs70/bvg/b03m/mcs70_b03m_s25.A41 fileNameGt=../graphsdb/mcs70/bvg/b03m/mcs70_b03m_s25.B41
Reading graphs...
25 :  36
25 :  36
Initializing...
maxdom : 25
D->valSize : 625
Solving...
currentSize : 11 <-- 0.005386 s
currentSize : 12 <-- 0.005406 s
currentSize : 13 <-- 0.005587 s
currentSize : 14 <-- 0.006426 s
currentSize : 15 <-- 0.006550 s
currentSize : 16 <-- 0.018677 s
currentSize : 17 <-- 0.029765 s
currentSize : 18 <-- 0.176196 s

maxsize : 18
nodes : 612579.000000
filtered : 10481615.000000
time : 2.561422
