Parameters: GAD=1 vflib=1 dir=0 label=0 lowerbound=1 fileNameGp=../graphsdb/mcs70/rand/r005/mcs70_r005_s30.A84 fileNameGt=../graphsdb/mcs70/rand/r005/mcs70_r005_s30.B84
Reading graphs...
30 :  41
30 :  40
Initializing...
maxdom : 30
D->valSize : 900
Solving...
currentSize : 8 <-- 0.019324 s
currentSize : 10 <-- 0.019389 s
currentSize : 11 <-- 0.019422 s
currentSize : 12 <-- 0.019470 s
currentSize : 13 <-- 0.019498 s
currentSize : 16 <-- 0.043561 s
currentSize : 17 <-- 0.043826 s
currentSize : 18 <-- 0.875468 s
currentSize : 19 <-- 0.880014 s
currentSize : 20 <-- 0.913993 s
currentSize : 21 <-- 0.924163 s
currentSize : 23 <-- 5.976854 s
currentSize : 24 <-- 6.240052 s

maxsize : 24
nodes : 1653298.000000
filtered : 24221101.000000
time : 6.993781
