Parameters: GAD=1 vflib=1 dir=0 label=0 lowerbound=1 fileNameGp=../graphsdb/mcs70/bvg/b03m/mcs70_b03m_s30.A44 fileNameGt=../graphsdb/mcs70/bvg/b03m/mcs70_b03m_s30.B44
Reading graphs...
30 :  44
30 :  44
Initializing...
maxdom : 30
D->valSize : 900
Solving...
currentSize : 16 <-- 0.011061 s
currentSize : 17 <-- 0.011871 s
currentSize : 18 <-- 0.033371 s
currentSize : 19 <-- 0.221322 s
currentSize : 20 <-- 4.262532 s
currentSize : 21 <-- 4.319324 s
currentSize : 22 <-- 12.384520 s
currentSize : 23 <-- 12.461949 s

maxsize : 23
nodes : 4335766.000000
filtered : 70863849.000000
time : 18.252823
