Parameters: GAD=1 vflib=1 dir=0 label=0 lowerbound=1 fileNameGp=../graphsdb/mcs70/m3D/m3Dr6/mcs70_m3Dr6_s35.A21 fileNameGt=../graphsdb/mcs70/m3D/m3Dr6/mcs70_m3Dr6_s35.B21
Reading graphs...
35 :  90
35 :  89
Initializing...
maxdom : 35
D->valSize : 1225
Solving...
currentSize : 16 <-- 0.034167 s
currentSize : 17 <-- 0.049945 s
currentSize : 18 <-- 0.066594 s
currentSize : 19 <-- 0.141102 s
currentSize : 20 <-- 0.277065 s
currentSize : 21 <-- 4.878118 s
currentSize : 22 <-- 158.590179 s
currentSize : 23 <-- 532.631897 s
currentSize : 24 <-- 533.117920 s
currentSize : 27 <-- 533.117981 s

maxsize : 27
nodes : 97058211.000000
filtered : 2527187723.000000
time : 540.115051
