Parameters: GAD=1 vflib=1 dir=0 label=0 lowerbound=1 fileNameGp=../graphsdb/mcs70/bvg/b09m/mcs70_b09m_s35.A33 fileNameGt=../graphsdb/mcs70/bvg/b09m/mcs70_b09m_s35.B33
Reading graphs...
35 :  149
35 :  147
Initializing...
maxdom : 35
D->valSize : 1225
Solving...
currentSize : 12 <-- 0.023293 s
currentSize : 13 <-- 0.023709 s
currentSize : 14 <-- 0.024388 s
currentSize : 15 <-- 0.042736 s
currentSize : 16 <-- 0.113175 s
currentSize : 17 <-- 16.984962 s
currentSize : 18 <-- 112.585403 s
currentSize : 19 <-- 112.687309 s
currentSize : 21 <-- 116.962685 s
currentSize : 24 <-- 116.962761 s

maxsize : 24
nodes : 26829701.000000
filtered : 551973304.000000
time : 135.351318
