Parameters: GAD=1 vflib=1 dir=0 label=0 lowerbound=1 fileNameGp=../graphsdb/mcs70/rand/r005/mcs70_r005_s25.A19 fileNameGt=../graphsdb/mcs70/rand/r005/mcs70_r005_s25.B19
Reading graphs...
25 :  33
25 :  33
Initializing...
maxdom : 25
D->valSize : 625
Solving...
currentSize : 13 <-- 0.005304 s
currentSize : 14 <-- 0.005409 s
currentSize : 15 <-- 0.007074 s
currentSize : 16 <-- 0.009624 s
currentSize : 17 <-- 0.019911 s
currentSize : 18 <-- 0.107814 s
currentSize : 19 <-- 0.324625 s
currentSize : 20 <-- 0.359163 s

maxsize : 20
nodes : 146403.000000
filtered : 2046349.000000
time : 0.533253
