Parameters: GAD=1 vflib=1 dir=0 label=0 lowerbound=1 fileNameGp=../graphsdb/mcs70/rand/r005/mcs70_r005_s30.A45 fileNameGt=../graphsdb/mcs70/rand/r005/mcs70_r005_s30.B45
Reading graphs...
30 :  42
30 :  41
Initializing...
maxdom : 30
D->valSize : 900
Solving...
currentSize : 9 <-- 0.011225 s
currentSize : 11 <-- 0.011253 s
currentSize : 12 <-- 0.011344 s
currentSize : 15 <-- 0.011358 s
currentSize : 16 <-- 0.012887 s
currentSize : 17 <-- 0.013004 s
currentSize : 18 <-- 0.088010 s
currentSize : 19 <-- 0.088044 s
currentSize : 20 <-- 0.088202 s
currentSize : 21 <-- 0.701928 s
currentSize : 22 <-- 14.009584 s
currentSize : 23 <-- 14.270679 s

maxsize : 23
nodes : 4353628.000000
filtered : 85711120.000000
time : 20.302868
