Parameters: GAD=1 vflib=1 dir=0 label=0 lowerbound=1 fileNameGp=../graphsdb/mcs70/bvg/b03m/mcs70_b03m_s35.A41 fileNameGt=../graphsdb/mcs70/bvg/b03m/mcs70_b03m_s35.B41
Reading graphs...
35 :  52
35 :  51
Initializing...
maxdom : 35
D->valSize : 1225
Solving...
currentSize : 14 <-- 0.021353 s
currentSize : 15 <-- 0.021549 s
currentSize : 16 <-- 0.021567 s
currentSize : 18 <-- 0.026361 s
currentSize : 19 <-- 0.060424 s
currentSize : 20 <-- 0.077175 s
currentSize : 21 <-- 0.077314 s
currentSize : 23 <-- 0.185606 s
currentSize : 24 <-- 0.670013 s
currentSize : 25 <-- 45.623634 s
currentSize : 26 <-- 279.218170 s
currentSize : 27 <-- 279.404114 s

maxsize : 27
nodes : 57096694.000000
filtered : 1252582269.000000
time : 301.931519
