Parameters: GAD=1 vflib=1 dir=0 label=0 lowerbound=1 fileNameGp=../graphsdb/mcs70/rand/r02/mcs70_r02_s30.A22 fileNameGt=../graphsdb/mcs70/rand/r02/mcs70_r02_s30.B22
Reading graphs...
30 :  156
30 :  154
Initializing...
maxdom : 30
D->valSize : 900
Solving...
currentSize : 10 <-- 0.009453 s
currentSize : 11 <-- 0.009473 s
currentSize : 12 <-- 0.009634 s
currentSize : 13 <-- 0.036701 s
currentSize : 14 <-- 4.698425 s
currentSize : 15 <-- 17.818396 s
currentSize : 16 <-- 106.768822 s
currentSize : 21 <-- 106.849419 s

maxsize : 21
nodes : 25489696.000000
filtered : 356204388.000000
time : 109.257507
