Parameters: GAD=1 vflib=1 dir=0 label=0 lowerbound=1 fileNameGp=../graphsdb/mcs70/bvg/b09m/mcs70_b09m_s35.A67 fileNameGt=../graphsdb/mcs70/bvg/b09m/mcs70_b09m_s35.B67
Reading graphs...
35 :  153
35 :  154
Initializing...
maxdom : 35
D->valSize : 1225
Solving...
currentSize : 10 <-- 0.018182 s
currentSize : 12 <-- 0.018255 s
currentSize : 13 <-- 0.018592 s
currentSize : 14 <-- 0.018633 s
currentSize : 15 <-- 0.026783 s
currentSize : 16 <-- 0.106523 s
currentSize : 17 <-- 3.503647 s
currentSize : 24 <-- 224.152161 s

maxsize : 24
nodes : 50146044.000000
filtered : 871898022.000000
time : 243.006470
