Parameters: GAD=1 vflib=1 dir=0 label=0 lowerbound=1 fileNameGp=../graphsdb/mcs70/bvg/b09m/mcs70_b09m_s30.A11 fileNameGt=../graphsdb/mcs70/bvg/b09m/mcs70_b09m_s30.B11
Reading graphs...
30 :  131
30 :  128
Initializing...
maxdom : 30
D->valSize : 900
Solving...
currentSize : 10 <-- 0.009391 s
currentSize : 11 <-- 0.009431 s
currentSize : 12 <-- 0.009790 s
currentSize : 13 <-- 0.015309 s
currentSize : 14 <-- 0.034546 s
currentSize : 15 <-- 0.511182 s
currentSize : 16 <-- 2.001441 s
currentSize : 17 <-- 5.852673 s
currentSize : 20 <-- 12.356365 s

maxsize : 20
nodes : 3616926.000000
filtered : 84884964.000000
time : 18.030624
