Parameters: GAD=1 vflib=1 dir=0 label=0 lowerbound=1 fileNameGp=../graphsdb/mcs70/rand/r02/mcs70_r02_s30.A54 fileNameGt=../graphsdb/mcs70/rand/r02/mcs70_r02_s30.B54
Reading graphs...
30 :  158
30 :  157
Initializing...
maxdom : 30
D->valSize : 900
Solving...
currentSize : 11 <-- 0.009420 s
currentSize : 12 <-- 0.011260 s
currentSize : 13 <-- 0.088598 s
currentSize : 14 <-- 2.269601 s
currentSize : 15 <-- 129.967087 s
currentSize : 16 <-- 157.173248 s
currentSize : 17 <-- 171.912506 s
currentSize : 21 <-- 172.073715 s

maxsize : 21
nodes : 43000518.000000
filtered : 517675254.000000
time : 174.007217
