Parameters: GAD=1 vflib=1 dir=0 label=0 lowerbound=1 fileNameGp=../graphsdb/mcs70/bvg/b09m/mcs70_b09m_s30.A81 fileNameGt=../graphsdb/mcs70/bvg/b09m/mcs70_b09m_s30.B81
Reading graphs...
30 :  131
30 :  128
Initializing...
maxdom : 30
D->valSize : 900
Solving...
currentSize : 8 <-- 0.016353 s
currentSize : 10 <-- 0.016472 s
currentSize : 11 <-- 0.016494 s
currentSize : 12 <-- 0.018021 s
currentSize : 13 <-- 0.024432 s
currentSize : 14 <-- 0.025853 s
currentSize : 15 <-- 1.152549 s
currentSize : 16 <-- 15.329079 s
currentSize : 17 <-- 16.123180 s
currentSize : 18 <-- 16.611032 s
currentSize : 19 <-- 26.997044 s
currentSize : 20 <-- 27.001469 s
currentSize : 21 <-- 28.277914 s

maxsize : 21
nodes : 6149719.000000
filtered : 127996123.000000
time : 29.527052
