Parameters: GAD=1 vflib=1 dir=0 label=0 lowerbound=1 fileNameGp=../graphsdb/mcs70/rand/r005/mcs70_r005_s30.A55 fileNameGt=../graphsdb/mcs70/rand/r005/mcs70_r005_s30.B55
Reading graphs...
30 :  42
30 :  40
Initializing...
maxdom : 30
D->valSize : 900
Solving...
currentSize : 13 <-- 0.011630 s
currentSize : 14 <-- 0.011774 s
currentSize : 15 <-- 0.011783 s
currentSize : 16 <-- 0.013195 s
currentSize : 17 <-- 0.021418 s
currentSize : 18 <-- 0.021470 s
currentSize : 19 <-- 0.082611 s
currentSize : 20 <-- 0.298151 s
currentSize : 21 <-- 1.245577 s
currentSize : 22 <-- 3.088227 s
currentSize : 23 <-- 17.337084 s

maxsize : 23
nodes : 4866692.000000
filtered : 90230720.000000
time : 21.964840
