Parameters: GAD=1 vflib=1 dir=0 label=0 lowerbound=1 fileNameGp=../graphsdb/mcs70/bvg/b06m/mcs70_b06m_s25.A54 fileNameGt=../graphsdb/mcs70/bvg/b06m/mcs70_b06m_s25.B54
Reading graphs...
25 :  73
25 :  72
Initializing...
maxdom : 25
D->valSize : 625
Solving...
currentSize : 9 <-- 0.004764 s
currentSize : 10 <-- 0.004972 s
currentSize : 11 <-- 0.005102 s
currentSize : 12 <-- 0.006237 s
currentSize : 13 <-- 0.014890 s
currentSize : 14 <-- 0.020680 s
currentSize : 15 <-- 0.456022 s
currentSize : 16 <-- 0.693078 s
currentSize : 17 <-- 0.693115 s
currentSize : 18 <-- 0.693138 s

maxsize : 18
nodes : 257890.000000
filtered : 5499228.000000
time : 1.126581
