Parameters: GAD=1 vflib=1 dir=0 label=0 lowerbound=1 fileNameGp=../graphsdb/mcs70/m2D/m2D/mcs70_m2D_s35.A29 fileNameGt=../graphsdb/mcs70/m2D/m2D/mcs70_m2D_s35.B29
Reading graphs...
35 :  58
35 :  58
Initializing...
maxdom : 35
D->valSize : 1225
Solving...
currentSize : 20 <-- 0.021567 s
currentSize : 21 <-- 0.021696 s
currentSize : 22 <-- 0.054823 s
currentSize : 23 <-- 0.065187 s
currentSize : 24 <-- 0.466535 s
currentSize : 25 <-- 0.599554 s
currentSize : 26 <-- 1.724850 s
currentSize : 27 <-- 1.724873 s
currentSize : 28 <-- 1.724981 s

maxsize : 28
nodes : 1469629.000000
filtered : 53561577.000000
time : 10.873228
