Parameters: GAD=1 vflib=1 dir=0 label=0 lowerbound=1 fileNameGp=../graphsdb/mcs70/m2D/m2D/mcs70_m2D_s35.A33 fileNameGt=../graphsdb/mcs70/m2D/m2D/mcs70_m2D_s35.B33
Reading graphs...
35 :  58
35 :  58
Initializing...
maxdom : 35
D->valSize : 1225
Solving...
currentSize : 17 <-- 0.020901 s
currentSize : 18 <-- 0.021111 s
currentSize : 19 <-- 0.022115 s
currentSize : 20 <-- 0.085590 s
currentSize : 21 <-- 0.136053 s
currentSize : 22 <-- 0.156486 s
currentSize : 23 <-- 0.171247 s
currentSize : 24 <-- 1.628567 s
currentSize : 25 <-- 2.645663 s
currentSize : 26 <-- 10.074382 s
currentSize : 27 <-- 11.642555 s
currentSize : 28 <-- 12.030031 s

maxsize : 28
nodes : 3706102.000000
filtered : 109649142.000000
time : 22.872116
