Parameters: GAD=1 vflib=1 dir=0 label=0 lowerbound=1 fileNameGp=../graphsdb/mcs70/bvg/b03/mcs70_b03_s30.A55 fileNameGt=../graphsdb/mcs70/bvg/b03/mcs70_b03_s30.B55
Reading graphs...
30 :  45
30 :  45
Initializing...
maxdom : 30
D->valSize : 900
Solving...
currentSize : 13 <-- 0.011108 s
currentSize : 15 <-- 0.011161 s
currentSize : 16 <-- 0.011336 s
currentSize : 17 <-- 0.012887 s
currentSize : 18 <-- 0.031191 s
currentSize : 19 <-- 0.041161 s
currentSize : 20 <-- 0.113557 s
currentSize : 21 <-- 0.400761 s
currentSize : 22 <-- 0.716389 s
currentSize : 23 <-- 2.151001 s
currentSize : 24 <-- 6.095366 s

maxsize : 24
nodes : 1422821.000000
filtered : 32666750.000000
time : 7.413140
