Parameters: GAD=1 vflib=1 dir=0 label=0 lowerbound=1 fileNameGp=../graphsdb/mcs70/bvg/b03m/mcs70_b03m_s35.A51 fileNameGt=../graphsdb/mcs70/bvg/b03m/mcs70_b03m_s35.B51
Reading graphs...
35 :  52
35 :  52
Initializing...
maxdom : 35
D->valSize : 1225
Solving...
currentSize : 12 <-- 0.021126 s
currentSize : 20 <-- 0.021183 s
currentSize : 21 <-- 0.021198 s
currentSize : 22 <-- 0.027432 s
currentSize : 23 <-- 0.035264 s
currentSize : 24 <-- 0.048006 s
currentSize : 25 <-- 0.200996 s
currentSize : 26 <-- 3.503768 s

maxsize : 26
nodes : 16440507.000000
filtered : 492859355.000000
time : 105.371704
