Parameters: GAD=1 vflib=1 dir=0 label=0 lowerbound=1 fileNameGp=../graphsdb/mcs70/bvg/b09m/mcs70_b09m_s35.A05 fileNameGt=../graphsdb/mcs70/bvg/b09m/mcs70_b09m_s35.B05
Reading graphs...
35 :  152
35 :  152
Initializing...
maxdom : 35
D->valSize : 1225
Solving...
currentSize : 13 <-- 0.031023 s
currentSize : 14 <-- 0.031062 s
currentSize : 15 <-- 0.036555 s
currentSize : 16 <-- 0.132355 s
currentSize : 17 <-- 1.307591 s
currentSize : 18 <-- 128.762405 s
currentSize : 19 <-- 390.809967 s
currentSize : 23 <-- 445.964600 s
currentSize : 24 <-- 445.966583 s

maxsize : 24
nodes : 90930089.000000
filtered : 1825722688.000000
time : 461.831818
