Parameters: GAD=1 vflib=1 dir=0 label=0 lowerbound=1 fileNameGp=../graphsdb/mcs70/m2D/m2Dr6/m2Dr6/mcs70_m2Dr6_s35.A63 fileNameGt=../graphsdb/mcs70/m2D/m2Dr6/m2Dr6/mcs70_m2Dr6_s35.B63
Reading graphs...
35 :  78
35 :  78
Initializing...
maxdom : 35
D->valSize : 1225
Solving...
currentSize : 14 <-- 0.024553 s
currentSize : 15 <-- 0.024622 s
currentSize : 16 <-- 0.029127 s
currentSize : 17 <-- 0.029835 s
currentSize : 18 <-- 0.103025 s
currentSize : 19 <-- 0.286321 s
currentSize : 20 <-- 5.097149 s
currentSize : 21 <-- 7.709336 s
currentSize : 22 <-- 97.826813 s
currentSize : 23 <-- 646.245483 s
currentSize : 24 <-- 646.245972 s
currentSize : 25 <-- 647.104126 s

maxsize : 25
nodes : 141936471.000000
filtered : 3323433478.000000
time : 765.252075
