Parameters: GAD=1 vflib=1 dir=0 label=0 lowerbound=1 fileNameGp=../graphsdb/mcs70/m3D/m3Dr4/mcs70_m3Dr4_s35.A63 fileNameGt=../graphsdb/mcs70/m3D/m3Dr4/mcs70_m3Dr4_s35.B63
Reading graphs...
35 :  85
35 :  85
Initializing...
maxdom : 35
D->valSize : 1225
Solving...
currentSize : 13 <-- 0.024280 s
currentSize : 14 <-- 0.024314 s
currentSize : 15 <-- 0.024417 s
currentSize : 16 <-- 0.024673 s
currentSize : 17 <-- 0.025046 s
currentSize : 18 <-- 0.060881 s
currentSize : 19 <-- 0.282674 s
currentSize : 20 <-- 0.519548 s
currentSize : 21 <-- 32.552433 s
currentSize : 22 <-- 143.792297 s
currentSize : 24 <-- 323.925079 s
currentSize : 25 <-- 484.688354 s
currentSize : 27 <-- 549.568420 s

maxsize : 27
nodes : 99781236.000000
filtered : 2631567953.000000
time : 554.293640
