Parameters: GAD=1 vflib=1 dir=0 label=0 lowerbound=1 fileNameGp=../graphsdb/mcs90/m4D/m4D/mcs90_m4D_s20.A06 fileNameGt=../graphsdb/mcs90/m4D/m4D/mcs90_m4D_s20.B06
Reading graphs...
20 :  37
20 :  37
Initializing...
maxdom : 20
D->valSize : 400
Solving...
currentSize : 7 <-- 0.002536 s
currentSize : 9 <-- 0.002553 s
currentSize : 10 <-- 0.002599 s
currentSize : 11 <-- 0.002693 s
currentSize : 12 <-- 0.029953 s
currentSize : 13 <-- 0.045301 s
currentSize : 14 <-- 0.046218 s
currentSize : 15 <-- 0.079810 s
currentSize : 16 <-- 0.079861 s

maxsize : 16
nodes : 39506.000000
filtered : 397502.000000
time : 0.107087
