Parameters: GAD=1 vflib=1 dir=0 label=0 lowerbound=1 fileNameGp=../graphsdb/mcs90/bvg/b09m/mcs90_b09m_s35.A25 fileNameGt=../graphsdb/mcs90/bvg/b09m/mcs90_b09m_s35.B25
Reading graphs...
35 :  154
35 :  153
Initializing...
maxdom : 35
D->valSize : 1225
Solving...
currentSize : 12 <-- 0.031199 s
currentSize : 13 <-- 0.031501 s
currentSize : 14 <-- 0.031548 s
currentSize : 15 <-- 0.032515 s
currentSize : 16 <-- 3.143631 s
currentSize : 17 <-- 47.371906 s
currentSize : 18 <-- 71.195709 s
currentSize : 19 <-- 72.364655 s
currentSize : 21 <-- 72.364700 s
currentSize : 22 <-- 115.943344 s
currentSize : 30 <-- 124.408775 s

maxsize : 30
nodes : 23965472.000000
filtered : 515489614.000000
time : 124.577057
