Parameters: GAD=1 vflib=1 dir=0 label=0 lowerbound=1 fileNameGp=../graphsdb/mcs90/bvg/b06m/mcs90_b06m_s30.A75 fileNameGt=../graphsdb/mcs90/bvg/b06m/mcs90_b06m_s30.B75
Reading graphs...
30 :  89
30 :  89
Initializing...
maxdom : 30
D->valSize : 900
Solving...
currentSize : 13 <-- 0.010043 s
currentSize : 14 <-- 0.010069 s
currentSize : 15 <-- 0.010282 s
currentSize : 16 <-- 0.097030 s
currentSize : 17 <-- 0.382281 s
currentSize : 18 <-- 0.955432 s
currentSize : 19 <-- 1.651909 s
currentSize : 20 <-- 1.897683 s
currentSize : 21 <-- 1.903447 s
currentSize : 22 <-- 2.045097 s
currentSize : 24 <-- 2.045165 s
currentSize : 27 <-- 2.045219 s

maxsize : 27
nodes : 454215.000000
filtered : 9076787.000000
time : 2.066706
