Parameters: GAD=1 vflib=1 dir=0 label=0 lowerbound=1 fileNameGp=../graphsdb/mcs90/m2D/m2Dr2/mcs90_m2Dr2_s30.A67 fileNameGt=../graphsdb/mcs90/m2D/m2Dr2/mcs90_m2Dr2_s30.B67
Reading graphs...
30 :  55
30 :  55
Initializing...
maxdom : 30
D->valSize : 900
Solving...
currentSize : 14 <-- 0.018921 s
currentSize : 15 <-- 0.037011 s
currentSize : 17 <-- 0.058077 s
currentSize : 18 <-- 0.058134 s
currentSize : 19 <-- 0.058178 s
currentSize : 20 <-- 0.707146 s
currentSize : 21 <-- 1.029602 s
currentSize : 26 <-- 1.959302 s

maxsize : 26
nodes : 432314.000000
filtered : 8178158.000000
time : 2.040671
