Parameters: GAD=1 vflib=1 dir=0 label=0 lowerbound=1 fileNameGp=../graphsdb/mcs90/bvg/b09m/mcs90_b09m_s35.A08 fileNameGt=../graphsdb/mcs90/bvg/b09m/mcs90_b09m_s35.B08
Reading graphs...
35 :  151
35 :  151
Initializing...
maxdom : 35
D->valSize : 1225
Solving...
currentSize : 11 <-- 0.018517 s
currentSize : 12 <-- 0.018569 s
currentSize : 14 <-- 0.020022 s
currentSize : 15 <-- 0.028678 s
currentSize : 16 <-- 0.820165 s
currentSize : 17 <-- 1.832523 s
currentSize : 18 <-- 1.927341 s
currentSize : 19 <-- 2.882596 s
currentSize : 21 <-- 6.351931 s
currentSize : 22 <-- 7.010552 s
currentSize : 23 <-- 7.016252 s
currentSize : 30 <-- 10.666141 s

maxsize : 30
nodes : 1855261.000000
filtered : 54881522.000000
time : 10.891223
