Parameters: GAD=1 vflib=1 dir=0 label=0 lowerbound=1 fileNameGp=../graphsdb/mcs90/bvg/b06m/mcs90_b06m_s20.A90 fileNameGt=../graphsdb/mcs90/bvg/b06m/mcs90_b06m_s20.B90
Reading graphs...
20 :  58
20 :  57
Initializing...
maxdom : 20
D->valSize : 400
Solving...
currentSize : 7 <-- 0.002070 s
currentSize : 9 <-- 0.002086 s
currentSize : 10 <-- 0.002170 s
currentSize : 11 <-- 0.005433 s
currentSize : 12 <-- 0.007270 s
currentSize : 13 <-- 0.070879 s
currentSize : 16 <-- 0.087079 s
currentSize : 18 <-- 0.087327 s

maxsize : 18
nodes : 18974.000000
filtered : 262083.000000
time : 0.091122
