Parameters: GAD=1 vflib=1 dir=0 label=0 lowerbound=1 fileNameGp=../graphsdb/mcs90/rand/r02/mcs90_r02_s25.A42 fileNameGt=../graphsdb/mcs90/rand/r02/mcs90_r02_s25.B42
Reading graphs...
25 :  105
25 :  105
Initializing...
maxdom : 25
D->valSize : 625
Solving...
currentSize : 8 <-- 0.004714 s
currentSize : 9 <-- 0.004742 s
currentSize : 10 <-- 0.004914 s
currentSize : 11 <-- 0.005393 s
currentSize : 12 <-- 0.005432 s
currentSize : 13 <-- 0.392575 s
currentSize : 14 <-- 0.916931 s
currentSize : 16 <-- 1.188334 s
currentSize : 17 <-- 2.089451 s
currentSize : 22 <-- 2.093160 s

maxsize : 22
nodes : 526573.000000
filtered : 8304435.000000
time : 2.102078
