Parameters: GAD=1 vflib=1 dir=0 label=0 lowerbound=1 fileNameGp=../graphsdb/mcs90/rand/r02/mcs90_r02_s25.A13 fileNameGt=../graphsdb/mcs90/rand/r02/mcs90_r02_s25.B13
Reading graphs...
25 :  108
25 :  108
Initializing...
maxdom : 25
D->valSize : 625
Solving...
currentSize : 8 <-- 0.004536 s
currentSize : 9 <-- 0.004554 s
currentSize : 10 <-- 0.004601 s
currentSize : 11 <-- 0.004674 s
currentSize : 12 <-- 0.016289 s
currentSize : 14 <-- 0.089305 s
currentSize : 15 <-- 0.343695 s
currentSize : 17 <-- 0.488451 s
currentSize : 20 <-- 0.489725 s
currentSize : 22 <-- 0.490283 s

maxsize : 22
nodes : 130956.000000
filtered : 1809159.000000
time : 0.503923
