Parameters: GAD=1 vflib=1 dir=0 label=0 lowerbound=1 fileNameGp=../graphsdb/mcs90/bvg/b06m/mcs90_b06m_s20.A76 fileNameGt=../graphsdb/mcs90/bvg/b06m/mcs90_b06m_s20.B76
Reading graphs...
20 :  60
20 :  60
Initializing...
maxdom : 20
D->valSize : 400
Solving...
currentSize : 8 <-- 0.002043 s
currentSize : 9 <-- 0.002056 s
currentSize : 10 <-- 0.002104 s
currentSize : 11 <-- 0.002119 s
currentSize : 12 <-- 0.007044 s
currentSize : 13 <-- 0.062870 s
currentSize : 14 <-- 0.063432 s
currentSize : 18 <-- 0.064698 s

maxsize : 18
nodes : 19573.000000
filtered : 232328.000000
time : 0.066495
