Parameters: GAD=1 vflib=1 dir=0 label=0 lowerbound=1 fileNameGp=../graphsdb/mcs90/rand/r005/mcs90_r005_s25.A64 fileNameGt=../graphsdb/mcs90/rand/r005/mcs90_r005_s25.B64
Reading graphs...
25 :  29
25 :  28
Initializing...
maxdom : 25
D->valSize : 625
Solving...
currentSize : 5 <-- 0.005404 s
currentSize : 7 <-- 0.005432 s
currentSize : 10 <-- 0.005497 s
currentSize : 11 <-- 0.005566 s
currentSize : 12 <-- 0.007778 s
currentSize : 13 <-- 0.016629 s
currentSize : 14 <-- 0.041353 s
currentSize : 15 <-- 0.043337 s
currentSize : 16 <-- 0.125408 s
currentSize : 17 <-- 0.126348 s
currentSize : 18 <-- 0.674990 s
currentSize : 19 <-- 0.675604 s
currentSize : 20 <-- 0.682000 s
currentSize : 21 <-- 0.694139 s
currentSize : 22 <-- 0.696918 s

maxsize : 22
nodes : 275813.000000
filtered : 1834439.000000
time : 0.705279
