Parameters: GAD=1 vflib=1 dir=0 label=0 lowerbound=1 fileNameGp=../graphsdb/mcs90/bvg/b06/mcs90_b06_s25.A97 fileNameGt=../graphsdb/mcs90/bvg/b06/mcs90_b06_s25.B97
Reading graphs...
25 :  75
25 :  75
Initializing...
maxdom : 25
D->valSize : 625
Solving...
currentSize : 11 <-- 0.004760 s
currentSize : 12 <-- 0.004855 s
currentSize : 13 <-- 0.004963 s
currentSize : 14 <-- 0.005084 s
currentSize : 15 <-- 0.005113 s
currentSize : 16 <-- 0.005783 s
currentSize : 17 <-- 0.006664 s
currentSize : 19 <-- 0.006746 s
currentSize : 20 <-- 0.007119 s
currentSize : 22 <-- 0.008228 s
currentSize : 23 <-- 0.023127 s

maxsize : 23
nodes : 4575.000000
filtered : 126006.000000
time : 0.026888
