Parameters: GAD=1 vflib=1 dir=0 label=0 lowerbound=1 fileNameGp=../graphsdb/mcs90/m3D/m3Dr4/mcs90_m3Dr4_s30.A97 fileNameGt=../graphsdb/mcs90/m3D/m3Dr4/mcs90_m3Dr4_s30.B97
Reading graphs...
30 :  71
30 :  71
Initializing...
maxdom : 30
D->valSize : 900
Solving...
currentSize : 15 <-- 0.011218 s
currentSize : 16 <-- 0.011272 s
currentSize : 17 <-- 0.013228 s
currentSize : 18 <-- 0.030614 s
currentSize : 19 <-- 2.580953 s
currentSize : 20 <-- 5.326995 s
currentSize : 21 <-- 5.359346 s
currentSize : 23 <-- 7.154850 s
currentSize : 24 <-- 7.377922 s
currentSize : 27 <-- 7.905588 s

maxsize : 27
nodes : 1746828.000000
filtered : 32698629.000000
time : 7.915025
