Parameters: GAD=1 vflib=1 dir=0 label=0 lowerbound=1 fileNameGp=../graphsdb/mcs90/m4D/m4Dr6/mcs90_m4Dr6_s20.A68 fileNameGt=../graphsdb/mcs90/m4D/m4Dr6/mcs90_m4Dr6_s20.B68
Reading graphs...
20 :  49
20 :  47
Initializing...
maxdom : 20
D->valSize : 400
Solving...
currentSize : 8 <-- 0.002067 s
currentSize : 9 <-- 0.002096 s
currentSize : 10 <-- 0.002101 s
currentSize : 11 <-- 0.002572 s
currentSize : 12 <-- 0.003088 s
currentSize : 13 <-- 0.004274 s
currentSize : 14 <-- 0.022924 s
currentSize : 16 <-- 0.043831 s

maxsize : 16
nodes : 13721.000000
filtered : 263474.000000
time : 0.052981
