Parameters: GAD=1 vflib=1 dir=0 label=0 lowerbound=1 fileNameGp=../graphsdb/mcs90/bvg/b03m/mcs90_b03m_s35.A98 fileNameGt=../graphsdb/mcs90/bvg/b03m/mcs90_b03m_s35.B98
Reading graphs...
35 :  51
35 :  51
Initializing...
maxdom : 35
D->valSize : 1225
Solving...
currentSize : 18 <-- 0.020702 s
currentSize : 20 <-- 0.020729 s
currentSize : 21 <-- 0.023069 s
currentSize : 22 <-- 0.249330 s
currentSize : 23 <-- 0.974729 s
currentSize : 24 <-- 1.621135 s
currentSize : 25 <-- 2.915950 s
currentSize : 26 <-- 26.015884 s
currentSize : 30 <-- 26.017878 s

maxsize : 30
nodes : 5443614.000000
filtered : 107548049.000000
time : 26.785473
