Parameters: GAD=1 vflib=1 dir=1 label=1 lowerbound=1 fileNameGp=../graphsdb/mcs10/m4D/m4Dr4/mcs10_m4Dr4_s100.A16 fileNameGt=../graphsdb/mcs10/m4D/m4Dr4/mcs10_m4Dr4_s100.B16
Reading graphs...
100 : 199
100 : 198
Initializing...
maxdom : 7
D->valSize : 331
Solving...
Blb : 3 (clique : 30)
currentSize : 30 <-- 0.005336 s
currentSize : 31 <-- 0.005953 s
currentSize : 32 <-- 0.006406 s
currentSize : 33 <-- 0.008156 s
currentSize : 34 <-- 0.042724 s
currentSize : 35 <-- 0.971202 s
currentSize : 36 <-- 2.710566 s
currentSize : 37 <-- 3.145973 s
currentSize : 38 <-- 205.569611 s

TIMEOUT
maxsize : 38
nodes : 674721485.000000
filtered : 4100611807.000000
time : 3600.000000
