Parameters: GAD=1 vflib=1 dir=1 label=1 lowerbound=1 fileNameGp=../graphsdb/mcs10/bvg/b03m/mcs10_b03m_s70.A25 fileNameGt=../graphsdb/mcs10/bvg/b03m/mcs10_b03m_s70.B25
Reading graphs...
70 : 105
70 : 105
Initializing...
maxdom : 9
D->valSize : 295
Solving...
Blb : 2 (clique : 25)
currentSize : 25 <-- 0.002303 s
currentSize : 26 <-- 0.002531 s
currentSize : 27 <-- 0.008526 s
currentSize : 28 <-- 2.859247 s
currentSize : 29 <-- 12.930036 s
currentSize : 30 <-- 40.030376 s

TIMEOUT
maxsize : 30
nodes : 871699115.000000
filtered : 4955475485.000000
time : 3600.000000
