Parameters: GAD=1 vflib=1 dir=1 label=1 lowerbound=1 fileNameGp=../graphsdb/mcs10/m3D/m3Dr6/mcs10_m3Dr6_s80.A55 fileNameGt=../graphsdb/mcs10/m3D/m3Dr6/mcs10_m3Dr6_s80.B55
Reading graphs...
80 : 232
80 : 231
Initializing...
maxdom : 8
D->valSize : 392
Solving...
Blb : 2 (clique : 21)
currentSize : 21 <-- 0.003706 s
currentSize : 22 <-- 0.005027 s
currentSize : 23 <-- 0.006563 s
currentSize : 24 <-- 0.014569 s
currentSize : 25 <-- 0.362897 s
currentSize : 26 <-- 116.358543 s
currentSize : 27 <-- 893.783508 s

TIMEOUT
maxsize : 27
nodes : 719402889.000000
filtered : 5909068436.000000
time : 3600.000000
