Parameters: GAD=1 vflib=1 dir=1 label=1 lowerbound=1 fileNameGp=../graphsdb/mcs10/m4D/m4Dr2/mcs10_m4Dr2_s100.A82 fileNameGt=../graphsdb/mcs10/m4D/m4Dr2/mcs10_m4Dr2_s100.B82
Reading graphs...
100 : 179
100 : 179
Initializing...
maxdom : 6
D->valSize : 311
Solving...
Blb : 2 (clique : 32)
currentSize : 32 <-- 0.003040 s
currentSize : 33 <-- 3.874436 s
currentSize : 34 <-- 5.495537 s
currentSize : 35 <-- 5.500497 s
currentSize : 36 <-- 7.851035 s
currentSize : 37 <-- 11.628749 s
currentSize : 38 <-- 94.952293 s
currentSize : 39 <-- 824.872620 s

TIMEOUT
maxsize : 39
nodes : 741260029.000000
filtered : 2925227081.000000
time : 3600.000000
