Parameters: GAD=1 vflib=1 dir=1 label=1 lowerbound=1 fileNameGp=../graphsdb/mcs10/m3D/m3D/mcs10_m3D_s90.A44 fileNameGt=../graphsdb/mcs10/m3D/m3D/mcs10_m3D_s90.B44
Reading graphs...
90 : 209
90 : 209
Initializing...
maxdom : 8
D->valSize : 497
Solving...
Blb : 2 (clique : 26)
currentSize : 26 <-- 0.005435 s
currentSize : 27 <-- 0.105406 s
currentSize : 28 <-- 0.111101 s
currentSize : 29 <-- 0.325675 s
currentSize : 30 <-- 2.551972 s
currentSize : 31 <-- 2.597200 s
currentSize : 32 <-- 15.905633 s
currentSize : 33 <-- 15.928822 s

TIMEOUT
maxsize : 33
nodes : 662792068.000000
filtered : 5280824717.000000
time : 3600.000000
