Parameters: GAD=1 vflib=1 dir=1 label=1 lowerbound=1 fileNameGp=../graphsdb/mcs10/m4D/m4Dr2/mcs10_m4Dr2_s100.A73 fileNameGt=../graphsdb/mcs10/m4D/m4Dr2/mcs10_m4Dr2_s100.B73
Reading graphs...
100 : 179
100 : 179
Initializing...
maxdom : 8
D->valSize : 375
Solving...
Blb : 2 (clique : 33)
currentSize : 33 <-- 0.003808 s
currentSize : 34 <-- 0.004294 s
currentSize : 35 <-- 0.004678 s
currentSize : 36 <-- 0.472142 s
currentSize : 37 <-- 0.473370 s
currentSize : 38 <-- 1.826403 s
currentSize : 39 <-- 75.622604 s

TIMEOUT
maxsize : 39
nodes : 689665937.000000
filtered : 3634560438.000000
time : 3600.000000
