Parameters: GAD=1 vflib=1 dir=1 label=1 lowerbound=1 fileNameGp=../graphsdb/mcs10/m3D/m3Dr6/mcs10_m3Dr6_s70.A94 fileNameGt=../graphsdb/mcs10/m3D/m3Dr6/mcs10_m3Dr6_s70.B94
Reading graphs...
70 : 201
70 : 201
Initializing...
maxdom : 8
D->valSize : 296
Solving...
Blb : 5 (clique : 18)
currentSize : 18 <-- 0.003697 s
currentSize : 19 <-- 0.004329 s
currentSize : 20 <-- 0.006748 s
currentSize : 21 <-- 0.021791 s
currentSize : 22 <-- 3.224590 s
currentSize : 23 <-- 45.519939 s
currentSize : 24 <-- 3160.352295 s

TIMEOUT
maxsize : 24
nodes : 836855551.000000
filtered : 5308462548.000000
time : 3600.000000
