Parameters: GAD=1 vflib=1 dir=1 label=1 lowerbound=1 fileNameGp=../graphsdb/mcs10/m4D/m4Dr6/mcs10_m4Dr6_s100.A69 fileNameGt=../graphsdb/mcs10/m4D/m4Dr6/mcs10_m4Dr6_s100.B69
Reading graphs...
100 : 219
100 : 219
Initializing...
maxdom : 8
D->valSize : 343
Solving...
Blb : 2 (clique : 31)
currentSize : 31 <-- 0.003460 s
currentSize : 32 <-- 0.003713 s
currentSize : 33 <-- 0.003913 s
currentSize : 34 <-- 0.004270 s
currentSize : 35 <-- 1.751652 s
currentSize : 36 <-- 14.024539 s
currentSize : 37 <-- 250.980026 s

TIMEOUT
maxsize : 37
nodes : 695344532.000000
filtered : 3645756140.000000
time : 3600.000000
