Parameters: GAD=1 vflib=1 dir=1 label=1 lowerbound=1 fileNameGp=../graphsdb/mcs10/bvg/b03/mcs10_b03_s90.A53 fileNameGt=../graphsdb/mcs10/bvg/b03/mcs10_b03_s90.B53
Reading graphs...
90 : 135
90 : 135
Initializing...
maxdom : 12
D->valSize : 523
Solving...
Blb : 2 (clique : 33)
currentSize : 33 <-- 0.005899 s
currentSize : 34 <-- 0.119135 s
currentSize : 35 <-- 0.224492 s
currentSize : 36 <-- 0.292716 s
currentSize : 37 <-- 0.331063 s
currentSize : 38 <-- 20.279411 s
currentSize : 39 <-- 43.371037 s
currentSize : 40 <-- 55.224384 s
currentSize : 41 <-- 1768.287231 s

TIMEOUT
maxsize : 41
nodes : 672328302.000000
filtered : 5903130775.000000
time : 3600.000000
