Parameters: GAD=1 vflib=1 dir=1 label=1 lowerbound=1 fileNameGp=../graphsdb/mcs10/bvg/b03/mcs10_b03_s60.A23 fileNameGt=../graphsdb/mcs10/bvg/b03/mcs10_b03_s60.B23
Reading graphs...
60 : 90
60 : 90
Initializing...
maxdom : 10
D->valSize : 271
Solving...
Blb : 2 (clique : 23)
currentSize : 23 <-- 0.002457 s
currentSize : 24 <-- 0.004518 s
currentSize : 25 <-- 0.335906 s
currentSize : 26 <-- 440.183594 s
currentSize : 27 <-- 453.698914 s
currentSize : 28 <-- 1802.628052 s

TIMEOUT
maxsize : 28
nodes : 764798325.000000
filtered : 5891324573.000000
time : 3600.000000
