Parameters: GAD=1 vflib=1 dir=1 label=1 lowerbound=1 fileNameGp=../graphsdb/mcs10/m2D/m2D/mcs10_m2D_s90.A69 fileNameGt=../graphsdb/mcs10/m2D/m2D/mcs10_m2D_s90.B69
Reading graphs...
90 : 161
90 : 161
Initializing...
maxdom : 10
D->valSize : 503
Solving...
Blb : 2 (clique : 29)
currentSize : 29 <-- 0.009461 s
currentSize : 31 <-- 0.009831 s
currentSize : 33 <-- 0.010049 s
currentSize : 34 <-- 0.013801 s
currentSize : 35 <-- 0.125805 s
currentSize : 36 <-- 822.013794 s
currentSize : 37 <-- 822.885620 s

TIMEOUT
maxsize : 37
nodes : 728267214.000000
filtered : 5335119216.000000
time : 3600.000000
