Parameters: GAD=1 vflib=1 dir=1 label=1 lowerbound=1 fileNameGp=../graphsdb/mcs10/m2D/m2Dr6/mcs10_m2Dr6_s70.A64 fileNameGt=../graphsdb/mcs10/m2D/m2Dr6/mcs10_m2Dr6_s70.B64
Reading graphs...
70 : 165
70 : 164
Initializing...
maxdom : 7
D->valSize : 293
Solving...
Blb : 5 (clique : 19)
currentSize : 19 <-- 0.003684 s
currentSize : 20 <-- 0.004285 s
currentSize : 21 <-- 0.004450 s
currentSize : 22 <-- 2.858269 s
currentSize : 23 <-- 9.065013 s
currentSize : 24 <-- 15.417806 s
currentSize : 25 <-- 60.318317 s

TIMEOUT
maxsize : 25
nodes : 817310123.000000
filtered : 6372343925.000000
time : 3600.000000
