Parameters: GAD=1 vflib=1 dir=1 label=1 lowerbound=1 fileNameGp=../graphsdb/mcs10/bvg/b06/mcs10_b06_s70.A24 fileNameGt=../graphsdb/mcs10/bvg/b06/mcs10_b06_s70.B24
Reading graphs...
70 : 210
70 : 210
Initializing...
maxdom : 7
D->valSize : 327
Solving...
Blb : 2 (clique : 19)
currentSize : 19 <-- 0.002598 s
currentSize : 20 <-- 0.002738 s
currentSize : 21 <-- 0.003070 s
currentSize : 22 <-- 0.004568 s
currentSize : 23 <-- 0.043921 s
currentSize : 24 <-- 1.738028 s
currentSize : 25 <-- 48.574543 s
currentSize : 26 <-- 55.650864 s

TIMEOUT
maxsize : 26
nodes : 696801020.000000
filtered : 7072609354.000000
time : 3600.000000
