Parameters: GAD=1 vflib=1 dir=1 label=1 lowerbound=1 fileNameGp=../graphsdb/mcs10/rand/r01/mcs10_r01_s80.A50 fileNameGt=../graphsdb/mcs10/rand/r01/mcs10_r01_s80.B50
Reading graphs...
80 : 634
80 : 634
Initializing...
maxdom : 9
D->valSize : 403
Solving...
Blb : 2 (clique : 11)
currentSize : 11 <-- 0.003581 s
currentSize : 12 <-- 0.004472 s
currentSize : 13 <-- 0.012580 s
currentSize : 14 <-- 0.026647 s
currentSize : 15 <-- 0.149507 s
currentSize : 16 <-- 0.554529 s
currentSize : 17 <-- 115.066078 s

maxsize : 17
nodes : 49770354.000000
filtered : 667529209.000000
time : 271.500092
