Parameters: GAD=1 vflib=1 dir=1 label=1 lowerbound=1 fileNameGp=../graphsdb/mcs10/bvg/b03m/mcs10_b03m_s100.A24 fileNameGt=../graphsdb/mcs10/bvg/b03m/mcs10_b03m_s100.B24
Reading graphs...
100 : 150
100 : 150
Initializing...
maxdom : 10
D->valSize : 353
Solving...
Blb : 2 (clique : 36)
currentSize : 36 <-- 0.003658 s
currentSize : 37 <-- 0.048452 s
currentSize : 38 <-- 0.319878 s
currentSize : 39 <-- 15.055732 s
currentSize : 40 <-- 354.318420 s
currentSize : 41 <-- 1162.835205 s
currentSize : 42 <-- 1478.423218 s
currentSize : 43 <-- 1890.949463 s

TIMEOUT
maxsize : 43
nodes : 548854306.000000
filtered : 3184108577.000000
time : 3600.000000
