Parameters: GAD=1 vflib=1 dir=1 label=1 lowerbound=1 fileNameGp=../graphsdb/mcs10/m3D/m3Dr6/mcs10_m3Dr6_s60.A97 fileNameGt=../graphsdb/mcs10/m3D/m3Dr6/mcs10_m3Dr6_s60.B97
Reading graphs...
60 : 170
60 : 169
Initializing...
maxdom : 10
D->valSize : 229
Solving...
Blb : 5 (clique : 15)
currentSize : 15 <-- 0.001640 s
currentSize : 16 <-- 0.002079 s
currentSize : 17 <-- 0.004540 s
currentSize : 18 <-- 0.013775 s
currentSize : 19 <-- 0.399996 s
currentSize : 20 <-- 0.563112 s
currentSize : 21 <-- 1.755551 s

maxsize : 21
nodes : 22255975.000000
filtered : 177135197.000000
time : 96.199112
