Parameters: GAD=1 vflib=1 dir=1 label=1 lowerbound=1 fileNameGp=../graphsdb/mcs10/rand/r001/mcs10_r001_s100.A29 fileNameGt=../graphsdb/mcs10/rand/r001/mcs10_r001_s100.B29
Reading graphs...
100 : 108
100 : 108
Initializing...
maxdom : 7
D->valSize : 294
Solving...
Blb : 2 (clique : 39)
currentSize : 39 <-- 0.003091 s
currentSize : 40 <-- 2.781419 s
currentSize : 41 <-- 15.036852 s
currentSize : 42 <-- 39.276814 s
currentSize : 43 <-- 197.535019 s
currentSize : 44 <-- 1450.338135 s

TIMEOUT
maxsize : 44
nodes : 655373048.000000
filtered : 2651764094.000000
time : 3600.000000
