Parameters: GAD=1 vflib=1 dir=1 label=1 lowerbound=1 fileNameGp=../graphsdb/mcs10/bvg/b06/mcs10_b06_s70.A55 fileNameGt=../graphsdb/mcs10/bvg/b06/mcs10_b06_s70.B55
Reading graphs...
70 : 210
70 : 210
Initializing...
maxdom : 8
D->valSize : 315
Solving...
Blb : 2 (clique : 17)
currentSize : 17 <-- 0.002622 s
currentSize : 18 <-- 0.002848 s
currentSize : 19 <-- 0.003866 s
currentSize : 20 <-- 0.006446 s
currentSize : 21 <-- 0.131398 s
currentSize : 22 <-- 1.476776 s
currentSize : 23 <-- 4.010290 s
currentSize : 24 <-- 1364.230957 s
currentSize : 25 <-- 1406.318848 s

TIMEOUT
maxsize : 25
nodes : 757656789.000000
filtered : 6508175932.000000
time : 3600.000000
