Parameters: GAD=1 vflib=1 dir=1 label=1 lowerbound=1 fileNameGp=../graphsdb/mcs30/m2D/m2Dr2/mcs30_m2Dr2_s70.A82 fileNameGt=../graphsdb/mcs30/m2D/m2Dr2/mcs30_m2Dr2_s70.B82
Reading graphs...
70 : 137
70 : 137
Initializing...
maxdom : 9
D->valSize : 343
Solving...
Blb : 2 (clique : 24)
currentSize : 24 <-- 0.004738 s
currentSize : 25 <-- 0.005072 s
currentSize : 26 <-- 0.096428 s
currentSize : 27 <-- 5.090561 s
currentSize : 28 <-- 139.364609 s
currentSize : 29 <-- 400.473663 s
currentSize : 30 <-- 419.449829 s

TIMEOUT
maxsize : 30
nodes : 744582154.000000
filtered : 7623060543.000000
time : 3600.000000
