Parameters: GAD=1 vflib=1 dir=1 label=1 lowerbound=1 fileNameGp=../graphsdb/mcs30/bvg/b09/mcs30_b09_s70.A76 fileNameGt=../graphsdb/mcs30/bvg/b09/mcs30_b09_s70.B76
Reading graphs...
70 : 315
70 : 315
Initializing...
maxdom : 7
D->valSize : 341
Solving...
Blb : 2 (clique : 19)
currentSize : 19 <-- 0.002837 s
currentSize : 20 <-- 0.003091 s
currentSize : 21 <-- 0.003414 s
currentSize : 22 <-- 0.060666 s
currentSize : 23 <-- 58.174435 s
currentSize : 24 <-- 125.335052 s
currentSize : 25 <-- 125.551506 s

maxsize : 25
nodes : 32462112.000000
filtered : 354960028.000000
time : 165.303299
