Parameters: GAD=1 vflib=1 dir=1 label=1 lowerbound=1 fileNameGp=../graphsdb/mcs30/bvg/b09m/mcs30_b09m_s90.A16 fileNameGt=../graphsdb/mcs30/bvg/b09m/mcs30_b09m_s90.B16
Reading graphs...
90 : 405
90 : 405
Initializing...
maxdom : 10
D->valSize : 537
Solving...
Blb : 2 (clique : 21)
currentSize : 21 <-- 0.006226 s
currentSize : 22 <-- 0.350695 s
currentSize : 23 <-- 13.104645 s
currentSize : 24 <-- 29.011644 s
currentSize : 25 <-- 69.368217 s
currentSize : 26 <-- 127.904671 s
currentSize : 27 <-- 210.613327 s
currentSize : 28 <-- 763.716980 s
currentSize : 29 <-- 768.067688 s
currentSize : 30 <-- 1619.604004 s
currentSize : 31 <-- 1744.278687 s
currentSize : 32 <-- 3055.421387 s

TIMEOUT
maxsize : 32
nodes : 606943039.000000
filtered : 7096723636.000000
time : 3600.000000
