Parameters: GAD=1 vflib=1 dir=1 label=1 lowerbound=1 fileNameGp=../graphsdb/mcs30/m2D/m2Dr2/mcs30_m2Dr2_s80.A35 fileNameGt=../graphsdb/mcs30/m2D/m2Dr2/mcs30_m2Dr2_s80.B35
Reading graphs...
80 : 158
80 : 158
Initializing...
maxdom : 9
D->valSize : 434
Solving...
Blb : 2 (clique : 28)
currentSize : 28 <-- 0.005745 s
currentSize : 30 <-- 0.005984 s
currentSize : 31 <-- 0.006236 s
currentSize : 32 <-- 0.010772 s
currentSize : 33 <-- 0.074829 s
currentSize : 34 <-- 0.080178 s
currentSize : 35 <-- 363.301056 s

TIMEOUT
maxsize : 35
nodes : 691542317.000000
filtered : 6247727492.000000
time : 3600.000000
