Parameters: GAD=1 vflib=1 dir=1 label=1 lowerbound=1 fileNameGp=../graphsdb/mcs30/m3D/m3Dr2/mcs30_m3Dr2_s80.A27 fileNameGt=../graphsdb/mcs30/m3D/m3Dr2/mcs30_m3Dr2_s80.B27
Reading graphs...
80 : 200
80 : 199
Initializing...
maxdom : 11
D->valSize : 407
Solving...
Blb : 2 (clique : 27)
currentSize : 27 <-- 0.006390 s
currentSize : 28 <-- 195.009888 s
currentSize : 29 <-- 195.239868 s
currentSize : 30 <-- 706.040527 s
currentSize : 31 <-- 706.502686 s
currentSize : 32 <-- 3116.365479 s

TIMEOUT
maxsize : 32
nodes : 645092919.000000
filtered : 7364093524.000000
time : 3600.000000
