Parameters: GAD=1 vflib=1 dir=1 label=1 lowerbound=1 fileNameGp=../graphsdb/mcs30/bvg/b06m/mcs30_b06m_s50.A71 fileNameGt=../graphsdb/mcs30/bvg/b06m/mcs30_b06m_s50.B71
Reading graphs...
50 : 150
50 : 150
Initializing...
maxdom : 11
D->valSize : 344
Solving...
Blb : 2 (clique : 15)
currentSize : 15 <-- 0.002528 s
currentSize : 16 <-- 0.048205 s
currentSize : 17 <-- 0.069060 s
currentSize : 18 <-- 0.140465 s
currentSize : 19 <-- 0.392766 s
currentSize : 20 <-- 0.433161 s
currentSize : 21 <-- 15.222217 s

maxsize : 21
nodes : 8611111.000000
filtered : 137420254.000000
time : 40.977165
