Parameters: GAD=1 vflib=1 dir=1 label=1 lowerbound=1 fileNameGp=../graphsdb/mcs30/m2D/m2D/mcs30_m2D_s50.A97 fileNameGt=../graphsdb/mcs30/m2D/m2D/mcs30_m2D_s50.B97
Reading graphs...
50 : 85
50 : 85
Initializing...
maxdom : 9
D->valSize : 315
Solving...
Blb : 2 (clique : 17)
currentSize : 17 <-- 0.003656 s
currentSize : 18 <-- 0.003838 s
currentSize : 19 <-- 0.003969 s
currentSize : 20 <-- 0.124880 s
currentSize : 21 <-- 0.647812 s
currentSize : 22 <-- 7.878073 s
currentSize : 23 <-- 331.200134 s
currentSize : 24 <-- 393.764008 s
currentSize : 25 <-- 393.785889 s

maxsize : 25
nodes : 103385287.000000
filtered : 1236926513.000000
time : 480.257172
