Parameters: GAD=1 vflib=1 dir=1 label=1 lowerbound=1 fileNameGp=../graphsdb/mcs30/bvg/b09m/mcs30_b09m_s100.A54 fileNameGt=../graphsdb/mcs30/bvg/b09m/mcs30_b09m_s100.B54
Reading graphs...
100 : 450
100 : 450
Initializing...
maxdom : 7
D->valSize : 329
Solving...
Blb : 3 (clique : 25)
currentSize : 25 <-- 0.005052 s
currentSize : 26 <-- 23.119804 s
currentSize : 27 <-- 92.935005 s
currentSize : 28 <-- 120.024986 s
currentSize : 29 <-- 124.015480 s
currentSize : 30 <-- 275.595703 s
currentSize : 31 <-- 298.592102 s
currentSize : 32 <-- 1439.630371 s

TIMEOUT
maxsize : 32
nodes : 685890656.000000
filtered : 3695109754.000000
time : 3600.000000
