Parameters: GAD=1 vflib=1 dir=1 label=1 lowerbound=1 fileNameGp=../graphsdb/mcs30/rand/r005/mcs30_r005_s90.A09 fileNameGt=../graphsdb/mcs30/rand/r005/mcs30_r005_s90.B09
Reading graphs...
90 : 399
90 : 399
Initializing...
maxdom : 10
D->valSize : 540
Solving...
Blb : 2 (clique : 23)
currentSize : 23 <-- 0.006231 s
currentSize : 24 <-- 0.006502 s
currentSize : 25 <-- 0.006704 s
currentSize : 26 <-- 0.089413 s
currentSize : 27 <-- 0.433519 s
currentSize : 28 <-- 67.932205 s

TIMEOUT
maxsize : 28
nodes : 614892999.000000
filtered : 7032147967.000000
time : 3600.000000
