Parameters: GAD=1 vflib=1 dir=1 label=1 lowerbound=1 fileNameGp=../graphsdb/mcs30/m2D/m2Dr2/mcs30_m2Dr2_s70.A17 fileNameGt=../graphsdb/mcs30/m2D/m2Dr2/mcs30_m2Dr2_s70.B17
Reading graphs...
70 : 137
70 : 137
Initializing...
maxdom : 7
D->valSize : 311
Solving...
Blb : 2 (clique : 25)
currentSize : 25 <-- 0.004123 s
currentSize : 26 <-- 0.051134 s
currentSize : 27 <-- 0.766522 s
currentSize : 28 <-- 2.070385 s
currentSize : 29 <-- 357.606110 s
currentSize : 30 <-- 1137.731689 s
currentSize : 31 <-- 2185.954102 s
currentSize : 32 <-- 2203.719971 s

TIMEOUT
maxsize : 32
nodes : 768434209.000000
filtered : 5597357659.000000
time : 3600.000000
