Parameters: GAD=1 vflib=1 dir=1 label=1 lowerbound=1 fileNameGp=../graphsdb/mcs30/m2D/m2D/mcs30_m2D_s100.A40 fileNameGt=../graphsdb/mcs30/m2D/m2D/mcs30_m2D_s100.B40
Reading graphs...
100 : 180
100 : 180
Initializing...
maxdom : 7
D->valSize : 316
Solving...
Blb : 2 (clique : 30)
currentSize : 30 <-- 0.005168 s
currentSize : 31 <-- 0.087715 s
currentSize : 32 <-- 12.639262 s
currentSize : 33 <-- 23.723471 s
currentSize : 34 <-- 89.154495 s
currentSize : 35 <-- 107.517311 s

TIMEOUT
maxsize : 35
nodes : 720152095.000000
filtered : 3375020723.000000
time : 3600.000000
