Parameters: GAD=1 vflib=1 dir=1 label=1 lowerbound=1 fileNameGp=../graphsdb/mcs30/m4D/m4Dr2/mcs30_m4Dr2_s80.A68 fileNameGt=../graphsdb/mcs30/m4D/m4Dr2/mcs30_m4Dr2_s80.B68
Reading graphs...
80 : 147
80 : 147
Initializing...
maxdom : 9
D->valSize : 423
Solving...
Blb : 2 (clique : 29)
currentSize : 29 <-- 0.004420 s
currentSize : 30 <-- 0.004673 s
currentSize : 31 <-- 0.004785 s
currentSize : 32 <-- 0.008837 s
currentSize : 33 <-- 0.293766 s
currentSize : 34 <-- 5.154738 s

TIMEOUT
maxsize : 34
nodes : 769290723.000000
filtered : 5019935858.000000
time : 3600.000000
