Parameters: GAD=1 vflib=1 dir=1 label=1 lowerbound=1 fileNameGp=../graphsdb/mcs30/m4D/m4Dr4/mcs30_m4Dr4_s80.A71 fileNameGt=../graphsdb/mcs30/m4D/m4Dr4/mcs30_m4Dr4_s80.B71
Reading graphs...
80 : 163
80 : 162
Initializing...
maxdom : 8
D->valSize : 385
Solving...
Blb : 2 (clique : 27)
currentSize : 27 <-- 0.003602 s
currentSize : 28 <-- 0.329798 s
currentSize : 29 <-- 0.414309 s
currentSize : 30 <-- 78.600929 s
currentSize : 31 <-- 98.422249 s
currentSize : 32 <-- 119.511490 s
currentSize : 33 <-- 119.595978 s
currentSize : 34 <-- 2222.177490 s
currentSize : 35 <-- 2233.141602 s

TIMEOUT
maxsize : 35
nodes : 735515381.000000
filtered : 5878027137.000000
time : 3600.000000
