Parameters: GAD=1 vflib=1 dir=1 label=1 lowerbound=1 fileNameGp=../graphsdb/mcs30/bvg/b06/mcs30_b06_s90.A38 fileNameGt=../graphsdb/mcs30/bvg/b06/mcs30_b06_s90.B38
Reading graphs...
90 : 270
90 : 270
Initializing...
maxdom : 11
D->valSize : 496
Solving...
Blb : 3 (clique : 24)
currentSize : 24 <-- 0.005452 s
currentSize : 25 <-- 0.102266 s
currentSize : 26 <-- 0.604454 s
currentSize : 27 <-- 3.115325 s
currentSize : 28 <-- 929.368713 s
currentSize : 29 <-- 1549.116455 s

TIMEOUT
maxsize : 29
nodes : 715537530.000000
filtered : 6435430757.000000
time : 3600.000000
