Parameters: GAD=1 vflib=1 dir=1 label=1 lowerbound=1 fileNameGp=../graphsdb/mcs30/bvg/b06/mcs30_b06_s90.A58 fileNameGt=../graphsdb/mcs30/bvg/b06/mcs30_b06_s90.B58
Reading graphs...
90 : 270
90 : 270
Initializing...
maxdom : 13
D->valSize : 499
Solving...
Blb : 3 (clique : 27)
currentSize : 27 <-- 0.008969 s
currentSize : 28 <-- 51.187801 s
currentSize : 29 <-- 122.932114 s
currentSize : 30 <-- 159.168991 s
currentSize : 31 <-- 1254.917603 s
currentSize : 32 <-- 1255.239136 s
currentSize : 33 <-- 2057.498291 s

TIMEOUT
maxsize : 33
nodes : 665603723.000000
filtered : 5882184830.000000
time : 3600.000000
