Parameters: GAD=1 vflib=1 dir=1 label=1 lowerbound=1 fileNameGp=../graphsdb/mcs30/m3D/m3Dr2/mcs30_m3Dr2_s90.A48 fileNameGt=../graphsdb/mcs30/m3D/m3Dr2/mcs30_m3Dr2_s90.B48
Reading graphs...
90 : 227
90 : 227
Initializing...
maxdom : 12
D->valSize : 526
Solving...
Blb : 2 (clique : 26)
currentSize : 26 <-- 0.006051 s
currentSize : 29 <-- 0.006275 s
currentSize : 30 <-- 0.006475 s
currentSize : 31 <-- 0.007841 s
currentSize : 32 <-- 0.010633 s
currentSize : 33 <-- 0.032497 s
currentSize : 34 <-- 0.143252 s
currentSize : 35 <-- 1386.406128 s

TIMEOUT
maxsize : 35
nodes : 615088849.000000
filtered : 7100719892.000000
time : 3600.000000
