Parameters: GAD=1 vflib=1 dir=1 label=1 lowerbound=1 fileNameGp=../graphsdb/mcs30/bvg/b06/mcs30_b06_s60.A96 fileNameGt=../graphsdb/mcs30/bvg/b06/mcs30_b06_s60.B96
Reading graphs...
60 : 180
60 : 180
Initializing...
maxdom : 7
D->valSize : 252
Solving...
Blb : 2 (clique : 17)
currentSize : 17 <-- 0.002741 s
currentSize : 18 <-- 0.004114 s
currentSize : 19 <-- 0.015590 s
currentSize : 20 <-- 0.174825 s
currentSize : 21 <-- 0.174932 s
currentSize : 22 <-- 0.392329 s
currentSize : 23 <-- 0.430015 s
currentSize : 24 <-- 30.532148 s

maxsize : 24
nodes : 10751517.000000
filtered : 90435907.000000
time : 46.946999
