Parameters: GAD=1 vflib=1 dir=1 label=1 lowerbound=1 fileNameGp=../graphsdb/mcs30/m2D/m2Dr6/mcs30_m2Dr6_s70.A02 fileNameGt=../graphsdb/mcs30/m2D/m2Dr6/mcs30_m2Dr6_s70.B02
Reading graphs...
70 : 165
70 : 165
Initializing...
maxdom : 10
D->valSize : 327
Solving...
Blb : 2 (clique : 25)
currentSize : 25 <-- 0.002855 s
currentSize : 26 <-- 0.003049 s
currentSize : 27 <-- 0.003133 s
currentSize : 28 <-- 0.003224 s
currentSize : 29 <-- 0.093067 s
currentSize : 30 <-- 44.568459 s
currentSize : 31 <-- 68.348305 s

maxsize : 31
nodes : 605008326.000000
filtered : 5770290717.000000
time : 3084.882080
