Parameters: GAD=1 vflib=1 dir=1 label=1 lowerbound=1 fileNameGp=../graphsdb/mcs30/rand/r005/mcs30_r005_s100.A04 fileNameGt=../graphsdb/mcs30/rand/r005/mcs30_r005_s100.B04
Reading graphs...
100 : 494
100 : 494
Initializing...
maxdom : 6
D->valSize : 368
Solving...
Blb : 2 (clique : 22)
currentSize : 22 <-- 0.003810 s
currentSize : 23 <-- 0.023599 s
currentSize : 24 <-- 0.043554 s
currentSize : 25 <-- 0.096891 s
currentSize : 26 <-- 0.105486 s
currentSize : 27 <-- 0.355943 s
currentSize : 28 <-- 46.562584 s
currentSize : 29 <-- 59.683300 s
currentSize : 30 <-- 59.685841 s
currentSize : 31 <-- 984.307312 s
currentSize : 33 <-- 984.334229 s

TIMEOUT
maxsize : 33
nodes : 572601790.000000
filtered : 5646599565.000000
time : 3600.000000
