Parameters: GAD=1 vflib=1 dir=1 label=1 lowerbound=1 fileNameGp=../graphsdb/mcs30/bvg/b06/mcs30_b06_s70.A54 fileNameGt=../graphsdb/mcs30/bvg/b06/mcs30_b06_s70.B54
Reading graphs...
70 : 210
70 : 210
Initializing...
maxdom : 9
D->valSize : 325
Solving...
Blb : 3 (clique : 19)
currentSize : 19 <-- 0.002681 s
currentSize : 20 <-- 0.002912 s
currentSize : 21 <-- 0.384475 s
currentSize : 22 <-- 1.697947 s
currentSize : 23 <-- 1.709754 s
currentSize : 24 <-- 2.306404 s
currentSize : 25 <-- 15.171091 s
currentSize : 26 <-- 15.212265 s
currentSize : 27 <-- 41.786705 s

maxsize : 27
nodes : 65868348.000000
filtered : 766495087.000000
time : 342.933533
