Parameters: GAD=1 vflib=1 dir=1 label=1 lowerbound=1 fileNameGp=../graphsdb/mcs30/bvg/b06m/mcs30_b06m_s80.A89 fileNameGt=../graphsdb/mcs30/bvg/b06m/mcs30_b06m_s80.B89
Reading graphs...
80 : 240
80 : 240
Initializing...
maxdom : 10
D->valSize : 442
Solving...
Blb : 2 (clique : 27)
currentSize : 27 <-- 0.008195 s
currentSize : 28 <-- 0.008720 s
currentSize : 29 <-- 0.011380 s
currentSize : 30 <-- 0.012281 s
currentSize : 31 <-- 0.012486 s
currentSize : 32 <-- 4.425005 s

TIMEOUT
maxsize : 32
nodes : 602327086.000000
filtered : 8307171352.000000
time : 3600.000000
