Parameters: GAD=1 vflib=1 dir=1 label=1 lowerbound=1 fileNameGp=../graphsdb/mcs30/m3D/m3Dr6/mcs30_m3Dr6_s90.A10 fileNameGt=../graphsdb/mcs30/m3D/m3Dr6/mcs30_m3Dr6_s90.B10
Reading graphs...
90 : 263
90 : 262
Initializing...
maxdom : 10
D->valSize : 522
Solving...
Blb : 5 (clique : 24)
currentSize : 24 <-- 0.005798 s
currentSize : 25 <-- 0.006090 s
currentSize : 26 <-- 0.006266 s
currentSize : 27 <-- 0.059052 s
currentSize : 28 <-- 28.610928 s
currentSize : 29 <-- 53.826328 s
currentSize : 30 <-- 2773.937988 s
currentSize : 31 <-- 2781.166504 s

TIMEOUT
maxsize : 31
nodes : 726953474.000000
filtered : 4725910165.000000
time : 3600.000000
