Parameters: GAD=1 vflib=1 dir=1 label=1 lowerbound=1 fileNameGp=../graphsdb/mcs30/m2D/m2D/mcs30_m2D_s100.A25 fileNameGt=../graphsdb/mcs30/m2D/m2D/mcs30_m2D_s100.B25
Reading graphs...
100 : 180
100 : 180
Initializing...
maxdom : 6
D->valSize : 345
Solving...
Blb : 2 (clique : 32)
currentSize : 32 <-- 0.003620 s
currentSize : 33 <-- 0.003915 s
currentSize : 34 <-- 0.048656 s
currentSize : 35 <-- 0.154657 s
currentSize : 36 <-- 1.604052 s
currentSize : 37 <-- 8.616350 s
currentSize : 38 <-- 13.792223 s
currentSize : 39 <-- 151.242432 s
currentSize : 40 <-- 153.476395 s
currentSize : 41 <-- 359.832458 s
currentSize : 42 <-- 1600.575073 s

TIMEOUT
maxsize : 42
nodes : 682785859.000000
filtered : 3530055198.000000
time : 3600.000000
