Parameters: GAD=1 vflib=1 dir=1 label=1 lowerbound=1 fileNameGp=../graphsdb/mcs30/bvg/b09m/mcs30_b09m_s90.A03 fileNameGt=../graphsdb/mcs30/bvg/b09m/mcs30_b09m_s90.B03
Reading graphs...
90 : 405
90 : 405
Initializing...
maxdom : 11
D->valSize : 552
Solving...
Blb : 3 (clique : 22)
currentSize : 22 <-- 0.006558 s
currentSize : 23 <-- 0.107366 s
currentSize : 24 <-- 301.739319 s
currentSize : 25 <-- 416.994202 s
currentSize : 26 <-- 538.452820 s
currentSize : 27 <-- 538.452881 s
currentSize : 28 <-- 560.247803 s
currentSize : 29 <-- 1551.269531 s

TIMEOUT
maxsize : 29
nodes : 596529005.000000
filtered : 7994679357.000000
time : 3600.000000
