Parameters: GAD=1 vflib=1 dir=1 label=1 lowerbound=1 fileNameGp=../graphsdb/mcs30/m4D/m4Dr2/mcs30_m4Dr2_s80.A76 fileNameGt=../graphsdb/mcs30/m4D/m4Dr2/mcs30_m4Dr2_s80.B76
Reading graphs...
80 : 147
80 : 147
Initializing...
maxdom : 9
D->valSize : 429
Solving...
Blb : 2 (clique : 30)
currentSize : 30 <-- 0.007104 s
currentSize : 31 <-- 0.007546 s
currentSize : 32 <-- 0.027465 s
currentSize : 33 <-- 0.027646 s
currentSize : 34 <-- 0.575011 s
currentSize : 35 <-- 0.584548 s
currentSize : 36 <-- 0.631186 s
currentSize : 37 <-- 1.610862 s

TIMEOUT
maxsize : 37
nodes : 698976388.000000
filtered : 5447823398.000000
time : 3600.000000
