Parameters: GAD=1 vflib=1 dir=1 label=1 lowerbound=1 fileNameGp=../graphsdb/mcs30/m2D/m2Dr6/mcs30_m2Dr6_s90.A28 fileNameGt=../graphsdb/mcs30/m2D/m2Dr6/mcs30_m2Dr6_s90.B28
Reading graphs...
90 : 215
90 : 215
Initializing...
maxdom : 10
D->valSize : 509
Solving...
Blb : 5 (clique : 28)
currentSize : 28 <-- 0.005700 s
currentSize : 29 <-- 0.199356 s
currentSize : 30 <-- 0.329408 s
currentSize : 31 <-- 1.805805 s
currentSize : 32 <-- 39.442177 s
currentSize : 33 <-- 367.232697 s
currentSize : 34 <-- 393.661133 s
currentSize : 35 <-- 393.726959 s

TIMEOUT
maxsize : 35
nodes : 633579481.000000
filtered : 6474995009.000000
time : 3600.000000
