Parameters: GAD=1 vflib=1 dir=1 label=1 lowerbound=1 fileNameGp=../graphsdb/mcs30/bvg/b03m/mcs30_b03m_s60.A33 fileNameGt=../graphsdb/mcs30/bvg/b03m/mcs30_b03m_s60.B33
Reading graphs...
60 : 90
60 : 90
Initializing...
maxdom : 7
D->valSize : 231
Solving...
Blb : 2 (clique : 21)
currentSize : 21 <-- 0.001814 s
currentSize : 22 <-- 0.001951 s
currentSize : 23 <-- 0.002120 s
currentSize : 24 <-- 0.002674 s
currentSize : 25 <-- 0.042709 s
currentSize : 26 <-- 0.210968 s
currentSize : 27 <-- 0.364696 s
currentSize : 28 <-- 12.869536 s

maxsize : 28
nodes : 6966992.000000
filtered : 60660415.000000
time : 30.435413
