Parameters: GAD=1 vflib=1 dir=1 label=1 lowerbound=1 fileNameGp=../graphsdb/mcs30/bvg/b06/mcs30_b06_s90.A73 fileNameGt=../graphsdb/mcs30/bvg/b06/mcs30_b06_s90.B73
Reading graphs...
90 : 270
90 : 270
Initializing...
maxdom : 11
D->valSize : 548
Solving...
Blb : 5 (clique : 25)
currentSize : 25 <-- 0.010590 s
currentSize : 26 <-- 0.826802 s
currentSize : 27 <-- 0.855138 s
currentSize : 28 <-- 2.070609 s
currentSize : 29 <-- 20.431717 s
currentSize : 30 <-- 1880.241211 s

TIMEOUT
maxsize : 30
nodes : 648298722.000000
filtered : 6073653598.000000
time : 3600.000000
