Parameters: GAD=1 vflib=1 dir=1 label=1 lowerbound=1 fileNameGp=../graphsdb/mcs30/rand/r001/mcs30_r001_s100.A42 fileNameGt=../graphsdb/mcs30/rand/r001/mcs30_r001_s100.B42
Reading graphs...
100 : 120
100 : 120
Initializing...
maxdom : 8
D->valSize : 300
Solving...
Blb : 2 (clique : 37)
currentSize : 37 <-- 0.003415 s
currentSize : 40 <-- 0.003679 s
currentSize : 41 <-- 0.004003 s
currentSize : 42 <-- 0.274898 s
currentSize : 43 <-- 5.005997 s
currentSize : 44 <-- 29.351494 s
currentSize : 45 <-- 66.011497 s
currentSize : 46 <-- 140.716736 s

TIMEOUT
maxsize : 46
nodes : 744220070.000000
filtered : 3065259801.000000
time : 3600.000000
