Parameters: GAD=1 vflib=1 dir=1 label=1 lowerbound=1 fileNameGp=../graphsdb/mcs30/rand/r01/mcs30_r01_s80.A02 fileNameGt=../graphsdb/mcs30/rand/r01/mcs30_r01_s80.B02
Reading graphs...
80 : 631
80 : 631
Initializing...
maxdom : 10
D->valSize : 461
Solving...
Blb : 2 (clique : 11)
currentSize : 11 <-- 0.004360 s
currentSize : 12 <-- 0.004484 s
currentSize : 13 <-- 0.005731 s
currentSize : 14 <-- 0.006351 s
currentSize : 15 <-- 0.020786 s
currentSize : 16 <-- 0.038640 s
currentSize : 17 <-- 0.042457 s
currentSize : 18 <-- 0.843639 s
currentSize : 19 <-- 7.580298 s
currentSize : 20 <-- 10.460809 s
currentSize : 21 <-- 10.461665 s
currentSize : 22 <-- 10.461876 s
currentSize : 24 <-- 10.461942 s

maxsize : 24
nodes : 4090880.000000
filtered : 75709630.000000
time : 24.991596
