Parameters: GAD=1 vflib=1 dir=1 label=1 lowerbound=1 fileNameGp=../graphsdb/mcs50/bvg/b06m/mcs50_b06m_s100.A59 fileNameGt=../graphsdb/mcs50/bvg/b06m/mcs50_b06m_s100.B59
Reading graphs...
100 : 300
100 : 300
Initializing...
maxdom : 8
D->valSize : 388
Solving...
Blb : 2 (clique : 29)
currentSize : 29 <-- 0.004386 s
currentSize : 30 <-- 0.006630 s
currentSize : 31 <-- 0.007126 s
currentSize : 32 <-- 0.023593 s
currentSize : 33 <-- 0.024672 s
currentSize : 34 <-- 0.073302 s
currentSize : 35 <-- 0.073743 s
currentSize : 36 <-- 48.344521 s
currentSize : 37 <-- 50.348919 s
currentSize : 38 <-- 50.391121 s
currentSize : 39 <-- 50.392773 s
currentSize : 40 <-- 308.737335 s
currentSize : 41 <-- 308.773834 s
currentSize : 42 <-- 308.838318 s
currentSize : 44 <-- 527.462646 s
currentSize : 45 <-- 527.462952 s
currentSize : 46 <-- 590.308289 s
currentSize : 47 <-- 590.475525 s
currentSize : 48 <-- 1040.288452 s
currentSize : 49 <-- 1040.288696 s
currentSize : 50 <-- 1040.290039 s
currentSize : 51 <-- 1040.849609 s
currentSize : 52 <-- 1040.851196 s

maxsize : 52
nodes : 332501869.000000
filtered : 1754721188.000000
time : 1763.663086
