Parameters: GAD=1 vflib=1 dir=1 label=1 lowerbound=1 fileNameGp=../graphsdb/mcs50/bvg/b09m/mcs50_b09m_s80.A32 fileNameGt=../graphsdb/mcs50/bvg/b09m/mcs50_b09m_s80.B32
Reading graphs...
80 : 360
80 : 360
Initializing...
maxdom : 8
D->valSize : 404
Solving...
Blb : 2 (clique : 20)
currentSize : 20 <-- 0.006131 s
currentSize : 21 <-- 0.006396 s
currentSize : 22 <-- 0.006511 s
currentSize : 23 <-- 0.006636 s
currentSize : 25 <-- 0.020213 s
currentSize : 26 <-- 2.494360 s
currentSize : 28 <-- 2.494473 s
currentSize : 29 <-- 2.503025 s
currentSize : 30 <-- 3.180300 s
currentSize : 31 <-- 4.522266 s
currentSize : 32 <-- 7.189030 s
currentSize : 34 <-- 30.146029 s
currentSize : 36 <-- 30.146204 s
currentSize : 38 <-- 30.146824 s
currentSize : 40 <-- 30.149551 s

maxsize : 40
nodes : 27148921.000000
filtered : 146154334.000000
time : 129.354416
