Parameters: GAD=1 vflib=1 dir=1 label=1 lowerbound=1 fileNameGp=../graphsdb/mcs50/m3D/m3Dr6/mcs50_m3Dr6_s60.A48 fileNameGt=../graphsdb/mcs50/m3D/m3Dr6/mcs50_m3Dr6_s60.B48
Reading graphs...
60 : 170
60 : 169
Initializing...
maxdom : 6
D->valSize : 226
Solving...
Blb : 3 (clique : 21)
currentSize : 21 <-- 0.001639 s
currentSize : 22 <-- 0.142377 s
currentSize : 23 <-- 1.470980 s
currentSize : 24 <-- 7.323326 s
currentSize : 25 <-- 14.436740 s
currentSize : 26 <-- 15.547409 s
currentSize : 27 <-- 16.358145 s
currentSize : 28 <-- 25.060724 s

maxsize : 28
nodes : 6668664.000000
filtered : 37415631.000000
time : 27.205153
