Parameters: GAD=1 vflib=1 dir=1 label=1 lowerbound=1 fileNameGp=../graphsdb/mcs50/m2D/m2Dr4/mcs50_m2Dr4_s70.A60 fileNameGt=../graphsdb/mcs50/m2D/m2Dr4/mcs50_m2Dr4_s70.B60
Reading graphs...
70 : 151
70 : 151
Initializing...
maxdom : 6
D->valSize : 329
Solving...
Blb : 2 (clique : 25)
currentSize : 25 <-- 0.002964 s
currentSize : 27 <-- 0.003179 s
currentSize : 28 <-- 0.003350 s
currentSize : 29 <-- 0.003574 s
currentSize : 30 <-- 0.003743 s
currentSize : 31 <-- 0.004262 s
currentSize : 32 <-- 61.315887 s
currentSize : 33 <-- 99.713181 s
currentSize : 34 <-- 186.574219 s
currentSize : 35 <-- 186.579147 s
currentSize : 36 <-- 186.638260 s
currentSize : 37 <-- 186.638809 s

maxsize : 37
nodes : 147225861.000000
filtered : 1026397257.000000
time : 707.807068
