Parameters: GAD=1 vflib=1 dir=1 label=1 lowerbound=1 fileNameGp=../graphsdb/mcs50/m2D/m2Dr4/mcs50_m2Dr4_s70.A46 fileNameGt=../graphsdb/mcs50/m2D/m2Dr4/mcs50_m2Dr4_s70.B46
Reading graphs...
70 : 151
70 : 150
Initializing...
maxdom : 8
D->valSize : 319
Solving...
Blb : 2 (clique : 29)
currentSize : 29 <-- 0.003064 s
currentSize : 30 <-- 0.003254 s
currentSize : 31 <-- 0.003454 s
currentSize : 32 <-- 31.572496 s
currentSize : 33 <-- 99.555756 s
currentSize : 34 <-- 99.579094 s
currentSize : 35 <-- 103.271217 s
currentSize : 36 <-- 120.065674 s

maxsize : 36
nodes : 38913783.000000
filtered : 294385709.000000
time : 187.135239
