Parameters: GAD=1 vflib=1 dir=1 label=1 lowerbound=1 fileNameGp=../graphsdb/mcs50/bvg/b09m/mcs50_b09m_s90.A32 fileNameGt=../graphsdb/mcs50/bvg/b09m/mcs50_b09m_s90.B32
Reading graphs...
90 : 405
90 : 405
Initializing...
maxdom : 10
D->valSize : 558
Solving...
Blb : 2 (clique : 32)
currentSize : 32 <-- 0.010549 s
currentSize : 33 <-- 0.010992 s
currentSize : 34 <-- 0.013159 s
currentSize : 35 <-- 758.968445 s
currentSize : 36 <-- 758.968689 s
currentSize : 37 <-- 1367.553101 s
currentSize : 38 <-- 1367.658081 s
currentSize : 42 <-- 1367.691040 s
currentSize : 43 <-- 1367.691162 s
currentSize : 44 <-- 1367.691650 s
currentSize : 45 <-- 1367.691895 s
currentSize : 46 <-- 1367.693115 s

maxsize : 46
nodes : 342294118.000000
filtered : 3500878730.000000
time : 1968.895630
