Parameters: GAD=1 vflib=1 dir=1 label=1 lowerbound=1 fileNameGp=../graphsdb/mcs50/bvg/b09m/mcs50_b09m_s90.A76 fileNameGt=../graphsdb/mcs50/bvg/b09m/mcs50_b09m_s90.B76
Reading graphs...
90 : 405
90 : 405
Initializing...
maxdom : 10
D->valSize : 587
Solving...
Blb : 2 (clique : 37)
currentSize : 37 <-- 0.007054 s
currentSize : 38 <-- 0.007391 s
currentSize : 39 <-- 0.007520 s
currentSize : 40 <-- 0.007988 s
currentSize : 41 <-- 0.030870 s
currentSize : 42 <-- 0.030993 s
currentSize : 43 <-- 0.031268 s
currentSize : 44 <-- 0.031453 s

TIMEOUT
maxsize : 44
nodes : 717220913.000000
filtered : 3802930812.000000
time : 3600.000000
