Parameters: GAD=1 vflib=1 dir=1 label=1 lowerbound=1 fileNameGp=../graphsdb/mcs50/m4D/m4D/mcs50_m4D_s30.A05 fileNameGt=../graphsdb/mcs50/m4D/m4D/mcs50_m4D_s30.B05
Reading graphs...
30 : 55
30 : 55
Initializing...
maxdom : 7
D->valSize : 127
Solving...
Blb : 2 (clique : 10)
currentSize : 10 <-- 0.000712 s
currentSize : 11 <-- 0.000805 s
currentSize : 12 <-- 0.000857 s
currentSize : 13 <-- 0.001609 s
currentSize : 15 <-- 0.005052 s
currentSize : 16 <-- 0.008511 s
currentSize : 17 <-- 0.012926 s

maxsize : 17
nodes : 6147.000000
filtered : 43362.000000
time : 0.019822
