Parameters: GAD=1 vflib=1 dir=1 label=1 lowerbound=1 fileNameGp=../graphsdb/mcs50/bvg/b09/mcs50_b09_s70.A85 fileNameGt=../graphsdb/mcs50/bvg/b09/mcs50_b09_s70.B85
Reading graphs...
70 : 315
70 : 315
Initializing...
maxdom : 8
D->valSize : 329
Solving...
Blb : 2 (clique : 18)
currentSize : 18 <-- 0.004176 s
currentSize : 19 <-- 0.007034 s
currentSize : 22 <-- 0.010472 s
currentSize : 24 <-- 0.011180 s
currentSize : 25 <-- 0.011513 s
currentSize : 26 <-- 0.017148 s
currentSize : 29 <-- 4.294115 s
currentSize : 31 <-- 4.294204 s
currentSize : 32 <-- 4.294410 s
currentSize : 34 <-- 4.294617 s

maxsize : 34
nodes : 1281055.000000
filtered : 11788618.000000
time : 6.416403
