Parameters: GAD=1 vflib=1 dir=1 label=1 lowerbound=1 fileNameGp=../graphsdb/mcs50/bvg/b09m/mcs50_b09m_s50.A85 fileNameGt=../graphsdb/mcs50/bvg/b09m/mcs50_b09m_s50.B85
Reading graphs...
50 : 225
50 : 225
Initializing...
maxdom : 10
D->valSize : 326
Solving...
Blb : 5 (clique : 11)
currentSize : 11 <-- 0.003479 s
currentSize : 13 <-- 0.004044 s
currentSize : 14 <-- 0.006124 s
currentSize : 17 <-- 0.019408 s
currentSize : 18 <-- 0.019475 s
currentSize : 20 <-- 0.019605 s
currentSize : 22 <-- 0.075816 s
currentSize : 24 <-- 0.236595 s

maxsize : 24
nodes : 50378.000000
filtered : 941642.000000
time : 0.274970
