Parameters: GAD=1 vflib=1 dir=1 label=1 lowerbound=1 fileNameGp=../graphsdb/mcs50/m2D/m2Dr2/mcs50_m2Dr2_s40.A30 fileNameGt=../graphsdb/mcs50/m2D/m2Dr2/mcs50_m2Dr2_s40.B30
Reading graphs...
40 : 75
40 : 74
Initializing...
maxdom : 9
D->valSize : 216
Solving...
Blb : 2 (clique : 15)
currentSize : 15 <-- 0.001962 s
currentSize : 16 <-- 0.002079 s
currentSize : 17 <-- 0.002170 s
currentSize : 18 <-- 0.002232 s
currentSize : 19 <-- 0.302635 s
currentSize : 20 <-- 0.798384 s
currentSize : 21 <-- 0.963500 s

maxsize : 21
nodes : 349953.000000
filtered : 3629241.000000
time : 1.610999
