Parameters: GAD=1 vflib=1 dir=1 label=1 lowerbound=1 fileNameGp=../graphsdb/mcs50/bvg/b09/mcs50_b09_s60.A26 fileNameGt=../graphsdb/mcs50/bvg/b09/mcs50_b09_s60.B26
Reading graphs...
60 : 270
60 : 270
Initializing...
maxdom : 7
D->valSize : 242
Solving...
Blb : 3 (clique : 15)
currentSize : 15 <-- 0.001777 s
currentSize : 16 <-- 0.003776 s
currentSize : 17 <-- 0.011159 s
currentSize : 18 <-- 0.165035 s
currentSize : 19 <-- 0.170373 s
currentSize : 20 <-- 0.170430 s
currentSize : 21 <-- 0.605181 s
currentSize : 23 <-- 0.623103 s
currentSize : 24 <-- 0.623189 s
currentSize : 25 <-- 0.623518 s
currentSize : 26 <-- 0.623728 s
currentSize : 27 <-- 0.623825 s
currentSize : 29 <-- 0.823237 s
currentSize : 30 <-- 0.823350 s

maxsize : 30
nodes : 319628.000000
filtered : 1895989.000000
time : 1.311358
