Parameters: GAD=1 vflib=1 dir=1 label=1 lowerbound=1 fileNameGp=../graphsdb/mcs50/m2D/m2Dr4/mcs50_m2Dr4_s40.A32 fileNameGt=../graphsdb/mcs50/m2D/m2Dr4/mcs50_m2Dr4_s40.B32
Reading graphs...
40 : 83
40 : 83
Initializing...
maxdom : 7
D->valSize : 207
Solving...
Blb : 2 (clique : 13)
currentSize : 13 <-- 0.001223 s
currentSize : 14 <-- 0.001335 s
currentSize : 15 <-- 0.001493 s
currentSize : 16 <-- 0.003841 s
currentSize : 17 <-- 0.288118 s
currentSize : 18 <-- 0.916232 s
currentSize : 19 <-- 2.004079 s
currentSize : 20 <-- 2.214699 s

maxsize : 20
nodes : 644893.000000
filtered : 5983056.000000
time : 2.475777
