Parameters: GAD=1 vflib=1 dir=1 label=1 lowerbound=1 fileNameGp=../graphsdb/mcs50/rand/r01/mcs50_r01_s50.A84 fileNameGt=../graphsdb/mcs50/rand/r01/mcs50_r01_s50.B84
Reading graphs...
50 : 244
50 : 244
Initializing...
maxdom : 11
D->valSize : 342
Solving...
Blb : 2 (clique : 11)
currentSize : 11 <-- 0.002600 s
currentSize : 12 <-- 0.009364 s
currentSize : 13 <-- 0.009720 s
currentSize : 14 <-- 0.018637 s
currentSize : 15 <-- 0.026028 s
currentSize : 16 <-- 0.033380 s
currentSize : 18 <-- 0.043349 s
currentSize : 19 <-- 0.060001 s
currentSize : 20 <-- 0.060073 s
currentSize : 22 <-- 0.103885 s
currentSize : 23 <-- 0.149886 s
currentSize : 25 <-- 0.149937 s

maxsize : 25
nodes : 35819.000000
filtered : 782102.000000
time : 0.205114
