Parameters: GAD=1 vflib=1 dir=1 label=1 lowerbound=1 fileNameGp=../graphsdb/mcs50/m2D/m2D/mcs50_m2D_s50.A23 fileNameGt=../graphsdb/mcs50/m2D/m2D/mcs50_m2D_s50.B23
Reading graphs...
50 : 85
50 : 85
Initializing...
maxdom : 9
D->valSize : 356
Solving...
Blb : 2 (clique : 18)
currentSize : 18 <-- 0.004948 s
currentSize : 19 <-- 0.015448 s
currentSize : 20 <-- 0.160735 s
currentSize : 21 <-- 0.303395 s
currentSize : 22 <-- 0.303435 s
currentSize : 23 <-- 0.338504 s
currentSize : 24 <-- 6.476279 s
currentSize : 25 <-- 8.500190 s
currentSize : 27 <-- 17.679943 s
currentSize : 28 <-- 17.705961 s

maxsize : 28
nodes : 10224068.000000
filtered : 145046653.000000
time : 52.276443
