Parameters: GAD=1 vflib=1 dir=1 label=1 lowerbound=1 fileNameGp=../graphsdb/mcs50/m2D/m2Dr4/mcs50_m2Dr4_s60.A16 fileNameGt=../graphsdb/mcs50/m2D/m2Dr4/mcs50_m2Dr4_s60.B16
Reading graphs...
60 : 128
60 : 128
Initializing...
maxdom : 7
D->valSize : 225
Solving...
Blb : 3 (clique : 17)
currentSize : 17 <-- 0.001622 s
currentSize : 18 <-- 0.001798 s
currentSize : 19 <-- 0.007576 s
currentSize : 20 <-- 0.111254 s
currentSize : 21 <-- 0.860696 s
currentSize : 22 <-- 2.802471 s
currentSize : 23 <-- 4.511464 s
currentSize : 24 <-- 7.051064 s
currentSize : 25 <-- 7.060905 s
currentSize : 26 <-- 27.406424 s
currentSize : 27 <-- 31.162209 s
currentSize : 28 <-- 31.212597 s

maxsize : 28
nodes : 11101489.000000
filtered : 59504469.000000
time : 45.053928
