Parameters: GAD=1 vflib=1 dir=1 label=1 lowerbound=1 fileNameGp=../graphsdb/mcs50/m2D/m2D/mcs50_m2D_s30.A08 fileNameGt=../graphsdb/mcs50/m2D/m2D/mcs50_m2D_s30.B08
Reading graphs...
30 : 49
30 : 49
Initializing...
maxdom : 6
D->valSize : 124
Solving...
Blb : 2 (clique : 11)
currentSize : 11 <-- 0.000704 s
currentSize : 12 <-- 0.000759 s
currentSize : 13 <-- 0.000910 s
currentSize : 14 <-- 0.016354 s
currentSize : 15 <-- 0.016754 s
currentSize : 17 <-- 0.020958 s
currentSize : 18 <-- 0.020985 s

maxsize : 18
nodes : 8619.000000
filtered : 52894.000000
time : 0.026976
