Parameters: GAD=1 vflib=1 dir=1 label=1 lowerbound=1 fileNameGp=../graphsdb/mcs50/bvg/b06m/mcs50_b06m_s80.A85 fileNameGt=../graphsdb/mcs50/bvg/b06m/mcs50_b06m_s80.B85
Reading graphs...
80 : 240
80 : 240
Initializing...
maxdom : 11
D->valSize : 442
Solving...
Blb : 2 (clique : 24)
currentSize : 24 <-- 0.004313 s
currentSize : 26 <-- 0.004497 s
currentSize : 27 <-- 0.005155 s
currentSize : 28 <-- 20.341433 s
currentSize : 30 <-- 33.706757 s
currentSize : 31 <-- 34.769772 s
currentSize : 32 <-- 45.068417 s
currentSize : 33 <-- 45.069519 s
currentSize : 35 <-- 138.991837 s
currentSize : 36 <-- 139.000336 s
currentSize : 37 <-- 267.470703 s
currentSize : 38 <-- 462.666138 s
currentSize : 39 <-- 576.084106 s
currentSize : 40 <-- 852.953186 s

maxsize : 40
nodes : 514403738.000000
filtered : 4503025165.000000
time : 2673.836182
