Parameters: GAD=1 vflib=1 dir=1 label=1 lowerbound=1 fileNameGp=../graphsdb/mcs50/m2D/m2Dr4/mcs50_m2Dr4_s90.A67 fileNameGt=../graphsdb/mcs50/m2D/m2Dr4/mcs50_m2Dr4_s90.B67
Reading graphs...
90 : 197
90 : 196
Initializing...
maxdom : 11
D->valSize : 537
Solving...
Blb : 2 (clique : 46)
currentSize : 46 <-- 0.006454 s
currentSize : 47 <-- 0.007170 s
currentSize : 48 <-- 1.480558 s
currentSize : 49 <-- 4.692417 s
currentSize : 50 <-- 4.695312 s
currentSize : 51 <-- 4.695620 s
currentSize : 52 <-- 4.696367 s
currentSize : 53 <-- 6.695430 s

TIMEOUT
maxsize : 53
nodes : 650799446.000000
filtered : 3997755892.000000
time : 3600.000000
