Parameters: GAD=1 vflib=1 dir=1 label=1 lowerbound=1 fileNameGp=../graphsdb/mcs70/m4D/m4D/mcs70_m4D_s25.A71 fileNameGt=../graphsdb/mcs70/m4D/m4D/mcs70_m4D_s25.B71
Reading graphs...
25 : 47
25 : 47
Initializing...
maxdom : 7
D->valSize : 153
Solving...
Blb : 2 (clique : 10)
currentSize : 10 <-- 0.001133 s
currentSize : 11 <-- 0.001490 s
currentSize : 12 <-- 0.001904 s
currentSize : 13 <-- 0.003711 s
currentSize : 14 <-- 0.006012 s
currentSize : 15 <-- 0.008226 s
currentSize : 16 <-- 0.008293 s
currentSize : 17 <-- 0.009822 s

maxsize : 17
nodes : 2171.000000
filtered : 21748.000000
time : 0.011463
