Parameters: GAD=1 vflib=1 dir=1 label=1 lowerbound=1 fileNameGp=../graphsdb/mcs70/m3D/m3Dr2/mcs70_m3Dr2_s100.A14 fileNameGt=../graphsdb/mcs70/m3D/m3Dr2/mcs70_m3Dr2_s100.B14
Reading graphs...
100 : 255
100 : 253
Initializing...
maxdom : 7
D->valSize : 358
Solving...
Blb : 3 (clique : 45)
currentSize : 45 <-- 0.003891 s
currentSize : 46 <-- 0.317585 s
currentSize : 47 <-- 0.727270 s
currentSize : 48 <-- 0.826288 s
currentSize : 49 <-- 5.494693 s
currentSize : 50 <-- 30.946852 s
currentSize : 51 <-- 30.947136 s
currentSize : 52 <-- 30.986689 s
currentSize : 53 <-- 36.636833 s
currentSize : 54 <-- 212.821091 s
currentSize : 55 <-- 212.902359 s
currentSize : 56 <-- 212.903442 s
currentSize : 57 <-- 459.402618 s
currentSize : 58 <-- 462.031708 s
currentSize : 59 <-- 462.032257 s
currentSize : 60 <-- 577.512207 s
currentSize : 61 <-- 577.522888 s
currentSize : 62 <-- 587.866699 s
currentSize : 63 <-- 587.874939 s
currentSize : 64 <-- 587.876099 s

maxsize : 64
nodes : 150450211.000000
filtered : 464607396.000000
time : 722.559875
