Parameters: GAD=1 vflib=1 dir=1 label=1 lowerbound=1 fileNameGp=../graphsdb/mcs70/rand/r01/mcs70_r01_s60.A80 fileNameGt=../graphsdb/mcs70/rand/r01/mcs70_r01_s60.B80
Reading graphs...
60 : 353
60 : 353
Initializing...
maxdom : 8
D->valSize : 253
Solving...
Blb : 2 (clique : 15)
currentSize : 15 <-- 0.001725 s
currentSize : 16 <-- 0.001853 s
currentSize : 18 <-- 0.002593 s
currentSize : 21 <-- 0.002646 s
currentSize : 22 <-- 0.002880 s
currentSize : 23 <-- 0.003019 s
currentSize : 27 <-- 0.003099 s
currentSize : 42 <-- 0.008241 s

maxsize : 42
nodes : 1946.000000
filtered : 17573.000000
time : 0.010344
