Parameters: GAD=1 vflib=1 dir=1 label=1 lowerbound=1 fileNameGp=../graphsdb/mcs70/m2D/m2Dr4/mcs70_m2Dr4_s80.A98 fileNameGt=../graphsdb/mcs70/m2D/m2Dr4/mcs70_m2Dr4_s80.B98
Reading graphs...
80 : 174
80 : 174
Initializing...
maxdom : 10
D->valSize : 454
Solving...
Blb : 3 (clique : 34)
currentSize : 34 <-- 0.007675 s
currentSize : 35 <-- 0.042384 s
currentSize : 37 <-- 0.387143 s
currentSize : 38 <-- 0.521002 s
currentSize : 39 <-- 0.659818 s
currentSize : 40 <-- 0.754796 s
currentSize : 41 <-- 1.832375 s
currentSize : 42 <-- 1.842637 s
currentSize : 43 <-- 2.100286 s
currentSize : 44 <-- 2.106833 s
currentSize : 45 <-- 124.009033 s
currentSize : 48 <-- 124.157974 s
currentSize : 49 <-- 124.158836 s

maxsize : 49
nodes : 42959500.000000
filtered : 328448092.000000
time : 229.954559
