Parameters: GAD=1 vflib=1 dir=1 label=1 lowerbound=1 fileNameGp=../graphsdb/mcs70/m2D/m2Dr4/mcs70_m2Dr4_s80.A36 fileNameGt=../graphsdb/mcs70/m2D/m2Dr4/mcs70_m2Dr4_s80.B36
Reading graphs...
80 : 174
80 : 172
Initializing...
maxdom : 11
D->valSize : 439
Solving...
Blb : 2 (clique : 35)
currentSize : 35 <-- 0.004340 s
currentSize : 37 <-- 0.004879 s
currentSize : 38 <-- 0.005940 s
currentSize : 39 <-- 0.247857 s
currentSize : 40 <-- 95.382950 s
currentSize : 41 <-- 95.391632 s
currentSize : 43 <-- 95.396454 s
currentSize : 44 <-- 121.707481 s
currentSize : 45 <-- 185.491287 s
currentSize : 46 <-- 185.540359 s
currentSize : 47 <-- 185.559601 s
currentSize : 48 <-- 186.179825 s
currentSize : 49 <-- 186.192444 s

maxsize : 49
nodes : 42354348.000000
filtered : 306562772.000000
time : 221.342361
