Parameters: GAD=1 vflib=1 dir=1 label=1 lowerbound=1 fileNameGp=../graphsdb/mcs70/bvg/b06/mcs70_b06_s70.A89 fileNameGt=../graphsdb/mcs70/bvg/b06/mcs70_b06_s70.B89
Reading graphs...
70 : 210
70 : 210
Initializing...
maxdom : 8
D->valSize : 338
Solving...
Blb : 2 (clique : 22)
currentSize : 22 <-- 0.002875 s
currentSize : 23 <-- 0.003091 s
currentSize : 24 <-- 0.003194 s
currentSize : 29 <-- 0.014704 s
currentSize : 32 <-- 0.066255 s
currentSize : 33 <-- 0.143899 s
currentSize : 34 <-- 0.379581 s
currentSize : 35 <-- 0.404797 s
currentSize : 37 <-- 0.421172 s
currentSize : 38 <-- 0.421386 s
currentSize : 41 <-- 0.550151 s
currentSize : 42 <-- 2.136067 s
currentSize : 44 <-- 3.510608 s
currentSize : 45 <-- 3.511248 s
currentSize : 49 <-- 3.607136 s

maxsize : 49
nodes : 890710.000000
filtered : 5893854.000000
time : 4.001830
