Parameters: GAD=1 vflib=1 dir=1 label=1 lowerbound=1 fileNameGp=../graphsdb/mcs70/bvg/b06m/mcs70_b06m_s100.A82 fileNameGt=../graphsdb/mcs70/bvg/b06m/mcs70_b06m_s100.B82
Reading graphs...
100 : 300
100 : 300
Initializing...
maxdom : 7
D->valSize : 395
Solving...
Blb : 3 (clique : 57)
currentSize : 57 <-- 0.004485 s
currentSize : 60 <-- 0.005711 s
currentSize : 61 <-- 0.006174 s
currentSize : 65 <-- 0.190194 s
currentSize : 66 <-- 0.190747 s
currentSize : 69 <-- 9.207431 s
currentSize : 70 <-- 9.208149 s

maxsize : 70
nodes : 16390249.000000
filtered : 66671143.000000
time : 83.290123
