Parameters: GAD=1 vflib=1 dir=1 label=1 lowerbound=1 fileNameGp=../graphsdb/mcs70/rand/r02/mcs70_r02_s80.A49 fileNameGt=../graphsdb/mcs70/rand/r02/mcs70_r02_s80.B49
Reading graphs...
80 : 1263
80 : 1263
Initializing...
maxdom : 10
D->valSize : 481
Solving...
Blb : 2 (clique : 8)
currentSize : 8 <-- 0.006847 s
currentSize : 9 <-- 0.007116 s
currentSize : 10 <-- 0.007310 s
currentSize : 13 <-- 0.013421 s
currentSize : 22 <-- 0.013507 s
currentSize : 27 <-- 0.017763 s
currentSize : 28 <-- 0.021403 s
currentSize : 36 <-- 0.023621 s
currentSize : 56 <-- 0.028744 s

maxsize : 56
nodes : 2383.000000
filtered : 72142.000000
time : 0.032410
