Parameters: GAD=1 vflib=1 dir=1 label=1 lowerbound=1 fileNameGp=../graphsdb/mcs70/bvg/b06/mcs70_b06_s70.A85 fileNameGt=../graphsdb/mcs70/bvg/b06/mcs70_b06_s70.B85
Reading graphs...
70 : 210
70 : 210
Initializing...
maxdom : 10
D->valSize : 393
Solving...
Blb : 5 (clique : 29)
currentSize : 29 <-- 0.003602 s
currentSize : 30 <-- 0.003868 s
currentSize : 32 <-- 0.006701 s
currentSize : 33 <-- 0.024501 s
currentSize : 34 <-- 2.767223 s
currentSize : 35 <-- 2.767637 s
currentSize : 37 <-- 2.767716 s
currentSize : 39 <-- 4.959054 s
currentSize : 40 <-- 4.959228 s
currentSize : 41 <-- 5.366379 s
currentSize : 42 <-- 5.366599 s
currentSize : 44 <-- 5.366711 s
currentSize : 45 <-- 6.787437 s
currentSize : 48 <-- 8.757508 s
currentSize : 49 <-- 9.006828 s

maxsize : 49
nodes : 2071280.000000
filtered : 16217155.000000
time : 9.691660
