Parameters: GAD=1 vflib=1 dir=1 label=1 lowerbound=1 fileNameGp=../graphsdb/mcs70/m2D/m2Dr6/mcs70_m2Dr6_s50.A76 fileNameGt=../graphsdb/mcs70/m2D/m2Dr6/mcs70_m2Dr6_s50.B76
Reading graphs...
50 : 115
50 : 113
Initializing...
maxdom : 7
D->valSize : 320
Solving...
Blb : 5 (clique : 18)
currentSize : 18 <-- 0.003691 s
currentSize : 26 <-- 0.003877 s
currentSize : 27 <-- 0.003958 s
currentSize : 29 <-- 0.004045 s
currentSize : 30 <-- 0.004107 s
currentSize : 31 <-- 0.004344 s
currentSize : 36 <-- 0.087701 s

maxsize : 36
nodes : 19878.000000
filtered : 222960.000000
time : 0.115582
