Parameters: GAD=1 vflib=1 dir=1 label=1 lowerbound=1 fileNameGp=../graphsdb/mcs70/rand/r005/mcs70_r005_s90.A15 fileNameGt=../graphsdb/mcs70/rand/r005/mcs70_r005_s90.B15
Reading graphs...
90 : 399
90 : 399
Initializing...
maxdom : 11
D->valSize : 590
Solving...
Blb : 2 (clique : 24)
currentSize : 24 <-- 0.011250 s
currentSize : 25 <-- 0.012855 s
currentSize : 26 <-- 0.025369 s
currentSize : 27 <-- 0.025620 s
currentSize : 28 <-- 0.036074 s
currentSize : 29 <-- 0.038283 s
currentSize : 30 <-- 0.038345 s
currentSize : 31 <-- 0.084187 s
currentSize : 32 <-- 0.089265 s
currentSize : 33 <-- 0.094733 s
currentSize : 34 <-- 0.094836 s
currentSize : 35 <-- 0.725812 s
currentSize : 36 <-- 0.893690 s
currentSize : 37 <-- 1.273633 s
currentSize : 38 <-- 1.273690 s
currentSize : 39 <-- 1.405360 s
currentSize : 40 <-- 1.405494 s
currentSize : 41 <-- 1.500765 s
currentSize : 42 <-- 2.433655 s
currentSize : 48 <-- 3.139969 s
currentSize : 49 <-- 3.140148 s
currentSize : 50 <-- 5.385635 s
currentSize : 51 <-- 5.385976 s
currentSize : 63 <-- 5.388984 s

maxsize : 63
nodes : 990374.000000
filtered : 10021343.000000
time : 5.865303
