Parameters: GAD=1 vflib=1 dir=1 label=1 lowerbound=1 fileNameGp=../graphsdb/mcs70/m3D/m3Dr6/mcs70_m3Dr6_s100.A99 fileNameGt=../graphsdb/mcs70/m3D/m3Dr6/mcs70_m3Dr6_s100.B99
Reading graphs...
100 : 295
100 : 292
Initializing...
maxdom : 6
D->valSize : 365
Solving...
Blb : 2 (clique : 44)
currentSize : 44 <-- 0.006067 s
currentSize : 45 <-- 0.006839 s
currentSize : 46 <-- 0.007608 s
currentSize : 47 <-- 0.008222 s
currentSize : 49 <-- 0.008749 s
currentSize : 50 <-- 0.009857 s
currentSize : 52 <-- 0.114817 s
currentSize : 54 <-- 0.115187 s
currentSize : 56 <-- 0.115403 s
currentSize : 59 <-- 27.306593 s
currentSize : 60 <-- 27.309948 s
currentSize : 62 <-- 27.315184 s
currentSize : 64 <-- 27.315435 s

maxsize : 64
nodes : 8481979.000000
filtered : 43895613.000000
time : 49.283756
