Parameters: GAD=1 vflib=1 dir=1 label=1 lowerbound=1 fileNameGp=../graphsdb/mcs70/m2D/m2Dr6/mcs70_m2Dr6_s40.A04 fileNameGt=../graphsdb/mcs70/m2D/m2Dr6/mcs70_m2Dr6_s40.B04
Reading graphs...
40 : 91
40 : 91
Initializing...
maxdom : 7
D->valSize : 219
Solving...
Blb : 3 (clique : 16)
currentSize : 16 <-- 0.001324 s
currentSize : 17 <-- 0.001459 s
currentSize : 18 <-- 0.001563 s
currentSize : 20 <-- 0.003009 s
currentSize : 21 <-- 0.003119 s
currentSize : 24 <-- 0.015196 s
currentSize : 25 <-- 0.015274 s

maxsize : 25
nodes : 8632.000000
filtered : 81582.000000
time : 0.033722
