Parameters: GAD=1 vflib=1 dir=1 label=1 lowerbound=1 fileNameGp=../graphsdb/mcs70/m3D/m3Dr2/mcs70_m3Dr2_s35.A32 fileNameGt=../graphsdb/mcs70/m3D/m3Dr2/mcs70_m3Dr2_s35.B32
Reading graphs...
35 : 79
35 : 78
Initializing...
maxdom : 13
D->valSize : 234
Solving...
Blb : 2 (clique : 13)
currentSize : 13 <-- 0.001312 s
currentSize : 14 <-- 0.002644 s
currentSize : 17 <-- 0.002964 s
currentSize : 18 <-- 0.005114 s
currentSize : 19 <-- 0.006592 s
currentSize : 23 <-- 0.007951 s
currentSize : 25 <-- 0.009066 s
currentSize : 27 <-- 0.009105 s

maxsize : 27
nodes : 2096.000000
filtered : 24823.000000
time : 0.009434
