Parameters: GAD=1 vflib=1 dir=1 label=1 lowerbound=1 fileNameGp=../graphsdb/mcs70/m2D/m2Dr2/mcs70_m2Dr2_s80.A16 fileNameGt=../graphsdb/mcs70/m2D/m2Dr2/mcs70_m2Dr2_s80.B16
Reading graphs...
80 : 158
80 : 157
Initializing...
maxdom : 8
D->valSize : 425
Solving...
Blb : 2 (clique : 36)
currentSize : 36 <-- 0.004242 s
currentSize : 37 <-- 0.004509 s
currentSize : 38 <-- 0.004904 s
currentSize : 39 <-- 0.006183 s
currentSize : 40 <-- 0.026536 s
currentSize : 41 <-- 74.920639 s
currentSize : 42 <-- 115.129242 s
currentSize : 43 <-- 115.144409 s
currentSize : 44 <-- 446.906525 s
currentSize : 48 <-- 446.906708 s
currentSize : 49 <-- 446.915710 s
currentSize : 50 <-- 706.039001 s

maxsize : 50
nodes : 151169676.000000
filtered : 1236603472.000000
time : 828.654541
