Parameters: GAD=1 vflib=1 dir=1 label=1 lowerbound=1 fileNameGp=../graphsdb/mcs70/bvg/b09m/mcs70_b09m_s50.A82 fileNameGt=../graphsdb/mcs70/bvg/b09m/mcs70_b09m_s50.B82
Reading graphs...
50 : 225
50 : 225
Initializing...
maxdom : 12
D->valSize : 361
Solving...
Blb : 2 (clique : 21)
currentSize : 21 <-- 0.002563 s
currentSize : 22 <-- 0.006944 s
currentSize : 24 <-- 0.007000 s
currentSize : 26 <-- 0.007079 s
currentSize : 31 <-- 0.007163 s
currentSize : 33 <-- 0.011925 s
currentSize : 34 <-- 0.015268 s

maxsize : 34
nodes : 4242.000000
filtered : 70636.000000
time : 0.022270
