Parameters: GAD=1 vflib=1 dir=1 label=1 lowerbound=1 fileNameGp=../graphsdb/mcs70/m2D/m2Dr2/mcs70_m2Dr2_s35.A63 fileNameGt=../graphsdb/mcs70/m2D/m2Dr2/mcs70_m2Dr2_s35.B63
Reading graphs...
35 : 65
35 : 65
Initializing...
maxdom : 7
D->valSize : 182
Solving...
Blb : 3 (clique : 15)
currentSize : 15 <-- 0.001008 s
currentSize : 16 <-- 0.006157 s
currentSize : 17 <-- 0.006640 s
currentSize : 18 <-- 0.012055 s
currentSize : 19 <-- 0.012077 s
currentSize : 20 <-- 0.012140 s
currentSize : 24 <-- 0.017429 s
currentSize : 25 <-- 0.017606 s

maxsize : 25
nodes : 5041.000000
filtered : 45440.000000
time : 0.019051
