Parameters: GAD=1 vflib=1 dir=1 label=1 lowerbound=1 fileNameGp=../graphsdb/mcs70/bvg/b09m/mcs70_b09m_s100.A23 fileNameGt=../graphsdb/mcs70/bvg/b09m/mcs70_b09m_s100.B23
Reading graphs...
100 : 450
100 : 450
Initializing...
maxdom : 7
D->valSize : 403
Solving...
Blb : 2 (clique : 52)
currentSize : 52 <-- 0.004423 s
currentSize : 54 <-- 0.004778 s
currentSize : 55 <-- 0.005625 s
currentSize : 57 <-- 0.005827 s
currentSize : 63 <-- 0.011828 s
currentSize : 67 <-- 0.012235 s
currentSize : 70 <-- 0.027214 s

maxsize : 70
nodes : 254838.000000
filtered : 1330605.000000
time : 1.382236
