Parameters: GAD=1 vflib=1 dir=1 label=1 lowerbound=1 fileNameGp=../graphsdb/mcs70/m3D/m3D/mcs70_m3D_s35.A83 fileNameGt=../graphsdb/mcs70/m3D/m3D/mcs70_m3D_s35.B83
Reading graphs...
35 : 72
35 : 72
Initializing...
maxdom : 8
D->valSize : 174
Solving...
Blb : 3 (clique : 20)
currentSize : 20 <-- 0.001149 s
currentSize : 21 <-- 0.001435 s
currentSize : 22 <-- 0.002541 s
currentSize : 23 <-- 0.002632 s
currentSize : 24 <-- 0.004729 s
currentSize : 25 <-- 0.004848 s
currentSize : 27 <-- 0.006524 s

maxsize : 27
nodes : 1543.000000
filtered : 10805.000000
time : 0.007080
