Parameters: GAD=1 vflib=1 dir=1 label=1 lowerbound=1 fileNameGp=../graphsdb/mcs70/rand/r01/mcs70_r01_s60.A45 fileNameGt=../graphsdb/mcs70/rand/r01/mcs70_r01_s60.B45
Reading graphs...
60 : 353
60 : 353
Initializing...
maxdom : 7
D->valSize : 265
Solving...
Blb : 2 (clique : 15)
currentSize : 15 <-- 0.001824 s
currentSize : 20 <-- 0.001926 s
currentSize : 21 <-- 0.002170 s
currentSize : 22 <-- 0.002340 s
currentSize : 32 <-- 0.002427 s
currentSize : 36 <-- 0.002657 s
currentSize : 42 <-- 0.002812 s

maxsize : 42
nodes : 717.000000
filtered : 9293.000000
time : 0.005126
