Parameters: GAD=1 vflib=1 dir=1 label=1 lowerbound=1 fileNameGp=../graphsdb/mcs70/bvg/b03/mcs70_b03_s25.A98 fileNameGt=../graphsdb/mcs70/bvg/b03/mcs70_b03_s25.B98
Reading graphs...
25 : 37
25 : 37
Initializing...
maxdom : 9
D->valSize : 173
Solving...
Blb : 3 (clique : 11)
currentSize : 11 <-- 0.000853 s
currentSize : 12 <-- 0.001046 s
currentSize : 13 <-- 0.001599 s
currentSize : 14 <-- 0.003258 s
currentSize : 15 <-- 0.003607 s
currentSize : 16 <-- 0.006282 s
currentSize : 17 <-- 0.012118 s

maxsize : 17
nodes : 2830.000000
filtered : 51233.000000
time : 0.012894
