Parameters: GAD=1 vflib=1 dir=1 label=1 lowerbound=1 fileNameGp=../graphsdb/mcs70/bvg/b09m/mcs70_b09m_s90.A72 fileNameGt=../graphsdb/mcs70/bvg/b09m/mcs70_b09m_s90.B72
Reading graphs...
90 : 405
90 : 405
Initializing...
maxdom : 11
D->valSize : 563
Solving...
Blb : 3 (clique : 34)
currentSize : 34 <-- 0.010643 s
currentSize : 35 <-- 6.974745 s
currentSize : 36 <-- 24.241564 s
currentSize : 37 <-- 24.241709 s
currentSize : 38 <-- 30.902529 s
currentSize : 40 <-- 30.902622 s
currentSize : 43 <-- 35.551308 s
currentSize : 47 <-- 39.480343 s
currentSize : 49 <-- 46.302448 s
currentSize : 50 <-- 46.302956 s
currentSize : 51 <-- 51.188183 s
currentSize : 53 <-- 58.987679 s
currentSize : 55 <-- 65.650078 s
currentSize : 57 <-- 65.650276 s
currentSize : 62 <-- 71.465866 s

maxsize : 62
nodes : 13877972.000000
filtered : 91222676.000000
time : 74.660385
