Parameters: GAD=1 vflib=1 dir=1 label=1 lowerbound=1 fileNameGp=../graphsdb/mcs90/bvg/b03m/mcs90_b03m_s90.A89 fileNameGt=../graphsdb/mcs90/bvg/b03m/mcs90_b03m_s90.B89
Reading graphs...
90 : 135
90 : 135
Initializing...
maxdom : 9
D->valSize : 559
Solving...
Blb : 2 (clique : 69)
currentSize : 69 <-- 0.006994 s
currentSize : 71 <-- 0.138632 s
currentSize : 72 <-- 0.138878 s
currentSize : 74 <-- 0.461574 s
currentSize : 75 <-- 0.835122 s
currentSize : 79 <-- 0.835305 s
currentSize : 80 <-- 0.836093 s

maxsize : 80
nodes : 188106.000000
filtered : 968238.000000
time : 1.079219
