Parameters: GAD=1 vflib=1 dir=1 label=1 lowerbound=1 fileNameGp=../graphsdb/mcs90/m2D/m2D/mcs90_m2D_s80.A44 fileNameGt=../graphsdb/mcs90/m2D/m2D/mcs90_m2D_s80.B44
Reading graphs...
80 : 142
80 : 142
Initializing...
maxdom : 11
D->valSize : 449
Solving...
Blb : 2 (clique : 46)
currentSize : 46 <-- 0.004859 s
currentSize : 47 <-- 0.005279 s
currentSize : 49 <-- 0.011693 s
currentSize : 50 <-- 0.011915 s
currentSize : 52 <-- 0.057646 s
currentSize : 53 <-- 0.127618 s
currentSize : 56 <-- 0.141210 s
currentSize : 57 <-- 24.365627 s
currentSize : 64 <-- 29.902308 s

maxsize : 64
nodes : 6144209.000000
filtered : 36518785.000000
time : 30.686487
