Parameters: GAD=1 vflib=1 dir=1 label=1 lowerbound=1 fileNameGp=../graphsdb/mcs90/m4D/m4Dr4/mcs90_m4Dr4_s100.A05 fileNameGt=../graphsdb/mcs90/m4D/m4Dr4/mcs90_m4Dr4_s100.B05
Reading graphs...
100 : 263
100 : 262
Initializing...
maxdom : 8
D->valSize : 368
Solving...
Blb : 3 (clique : 71)
currentSize : 71 <-- 0.004040 s
currentSize : 72 <-- 0.099991 s
currentSize : 74 <-- 2.980917 s
currentSize : 75 <-- 2.981685 s
currentSize : 76 <-- 2.982858 s
currentSize : 79 <-- 3.436659 s
currentSize : 80 <-- 3.437602 s
currentSize : 81 <-- 3.438831 s

maxsize : 81
nodes : 955180.000000
filtered : 3128546.000000
time : 4.426444
