Parameters: GAD=1 vflib=1 dir=1 label=1 lowerbound=1 fileNameGp=../graphsdb/mcs90/bvg/b03m/mcs90_b03m_s60.A26 fileNameGt=../graphsdb/mcs90/bvg/b03m/mcs90_b03m_s60.B26
Reading graphs...
60 : 90
60 : 90
Initializing...
maxdom : 7
D->valSize : 279
Solving...
Blb : 2 (clique : 43)
currentSize : 43 <-- 0.002444 s
currentSize : 44 <-- 0.002914 s
currentSize : 46 <-- 0.003065 s
currentSize : 48 <-- 0.003185 s
currentSize : 49 <-- 0.007934 s
currentSize : 51 <-- 0.008061 s
currentSize : 54 <-- 0.008411 s

maxsize : 54
nodes : 1720.000000
filtered : 7110.000000
time : 0.008624
