Parameters: GAD=1 vflib=1 dir=1 label=1 lowerbound=1 fileNameGp=../graphsdb/mcs90/m2D/m2Dr4/mcs90_m2Dr4_s100.A96 fileNameGt=../graphsdb/mcs90/m2D/m2Dr4/mcs90_m2Dr4_s100.B96
Reading graphs...
100 : 220
100 : 219
Initializing...
maxdom : 7
D->valSize : 402
Solving...
Blb : 2 (clique : 56)
currentSize : 56 <-- 0.007341 s
currentSize : 57 <-- 0.013525 s
currentSize : 59 <-- 3.616151 s
currentSize : 60 <-- 9.022861 s
currentSize : 62 <-- 9.026395 s
currentSize : 64 <-- 9.226491 s
currentSize : 65 <-- 9.986662 s
currentSize : 66 <-- 10.099262 s
currentSize : 68 <-- 22.719940 s
currentSize : 70 <-- 22.720240 s
currentSize : 72 <-- 22.722445 s
currentSize : 73 <-- 22.731880 s
currentSize : 74 <-- 22.739080 s
currentSize : 75 <-- 31.073009 s
currentSize : 77 <-- 31.073326 s
currentSize : 78 <-- 31.075689 s
currentSize : 80 <-- 31.076540 s
currentSize : 81 <-- 31.294720 s

maxsize : 81
nodes : 6794566.000000
filtered : 24577007.000000
time : 34.134178
