Parameters: GAD=1 vflib=1 dir=0 label=0 lowerbound=1 fileNameGp=../graphsdb/mcs10/rand/r005/mcs10_r005_s35.A42 fileNameGt=../graphsdb/mcs10/rand/r005/mcs10_r005_s35.B42
Reading graphs...
35 :  61
35 :  60
Initializing...
maxdom : 35
D->valSize : 1225
Solving...
currentSize : 14 <-- 0.025699 s
currentSize : 16 <-- 0.025731 s
currentSize : 17 <-- 0.025751 s
currentSize : 20 <-- 0.026718 s
currentSize : 21 <-- 0.574705 s
currentSize : 22 <-- 2.121169 s
currentSize : 23 <-- 9.419365 s
currentSize : 24 <-- 278.489685 s
currentSize : 25 <-- 522.206116 s

maxsize : 25
nodes : 37988379.000000
filtered : 1420970957.000000
time : 1354.775635
