Parameters: GAD=1 vflib=1 dir=0 label=0 lowerbound=1 fileNameGp=../graphsdb/mcs10/rand/r005/mcs10_r005_s35.A24 fileNameGt=../graphsdb/mcs10/rand/r005/mcs10_r005_s35.B24
Reading graphs...
35 :  59
35 :  59
Initializing...
maxdom : 35
D->valSize : 1225
Solving...
currentSize : 14 <-- 0.020599 s
currentSize : 16 <-- 0.020639 s
currentSize : 18 <-- 0.020687 s
currentSize : 19 <-- 0.097540 s
currentSize : 20 <-- 1.895871 s
currentSize : 21 <-- 6.038289 s
currentSize : 22 <-- 16.257755 s
currentSize : 23 <-- 26.068939 s
currentSize : 24 <-- 610.606445 s
currentSize : 25 <-- 1547.867432 s

maxsize : 25
nodes : 81659365.000000
filtered : 2609048259.000000
time : 2315.752441
