Parameters: GAD=1 vflib=1 dir=0 label=0 lowerbound=1 fileNameGp=../graphsdb/mcs10/rand/r005/mcs10_r005_s35.A99 fileNameGt=../graphsdb/mcs10/rand/r005/mcs10_r005_s35.B99
Reading graphs...
35 :  60
35 :  58
Initializing...
maxdom : 35
D->valSize : 1225
Solving...
currentSize : 13 <-- 0.020739 s
currentSize : 14 <-- 0.020762 s
currentSize : 15 <-- 0.021549 s
currentSize : 16 <-- 0.023514 s
currentSize : 17 <-- 0.023522 s
currentSize : 18 <-- 0.023860 s
currentSize : 19 <-- 0.044861 s
currentSize : 20 <-- 0.404158 s
currentSize : 21 <-- 12.064034 s
currentSize : 22 <-- 24.054468 s
currentSize : 23 <-- 90.559769 s
currentSize : 24 <-- 92.271996 s
currentSize : 25 <-- 1714.023193 s

maxsize : 25
nodes : 80359922.000000
filtered : 2821277000.000000
time : 2292.459961
