Parameters: GAD=1 vflib=1 dir=0 label=0 lowerbound=1 fileNameGp=../graphsdb/mcs30/bvg/b03/mcs30_b03_s25.A15 fileNameGt=../graphsdb/mcs30/bvg/b03/mcs30_b03_s25.B15
Reading graphs...
25 :  37
25 :  36
Initializing...
maxdom : 25
D->valSize : 625
Solving...
currentSize : 8 <-- 0.005440 s
currentSize : 10 <-- 0.005532 s
currentSize : 12 <-- 0.005541 s
currentSize : 13 <-- 0.009098 s
currentSize : 14 <-- 0.009127 s
currentSize : 15 <-- 0.017844 s
currentSize : 16 <-- 0.455311 s
currentSize : 17 <-- 0.459569 s
currentSize : 18 <-- 0.636757 s

maxsize : 18
nodes : 371738.000000
filtered : 8001642.000000
time : 5.733515
