Parameters: GAD=1 vflib=1 dir=0 label=0 lowerbound=1 fileNameGp=../graphsdb/mcs30/bvg/b03/mcs30_b03_s35.A16 fileNameGt=../graphsdb/mcs30/bvg/b03/mcs30_b03_s35.B16
Reading graphs...
35 :  50
35 :  52
Initializing...
maxdom : 35
D->valSize : 1225
Solving...
currentSize : 10 <-- 0.020887 s
currentSize : 11 <-- 0.020925 s
currentSize : 12 <-- 0.021264 s
currentSize : 13 <-- 0.021613 s
currentSize : 16 <-- 0.021686 s
currentSize : 17 <-- 0.022351 s
currentSize : 18 <-- 0.027887 s
currentSize : 19 <-- 0.420672 s
currentSize : 20 <-- 7.281570 s
currentSize : 22 <-- 8.069272 s
currentSize : 23 <-- 51.829098 s
currentSize : 24 <-- 833.713745 s

TIMEOUT
maxsize : 24
nodes : 156403624.000000
filtered : 3336054462.000000
time : 3600.000000
