Parameters: GAD=1 vflib=1 dir=0 label=0 lowerbound=1 fileNameGp=../graphsdb/mcs30/bvg/b03m/mcs30_b03m_s35.A62 fileNameGt=../graphsdb/mcs30/bvg/b03m/mcs30_b03m_s35.B62
Reading graphs...
35 :  52
35 :  52
Initializing...
maxdom : 35
D->valSize : 1225
Solving...
currentSize : 15 <-- 0.020818 s
currentSize : 16 <-- 0.020836 s
currentSize : 17 <-- 0.020969 s
currentSize : 18 <-- 0.021000 s
currentSize : 19 <-- 0.024334 s
currentSize : 21 <-- 0.024898 s
currentSize : 22 <-- 4.157067 s
currentSize : 23 <-- 85.171135 s
currentSize : 24 <-- 191.210159 s
currentSize : 25 <-- 1185.418579 s
currentSize : 26 <-- 1719.496216 s

maxsize : 26
nodes : 57309882.000000
filtered : 1411010019.000000
time : 1826.239990
