Parameters: GAD=1 vflib=1 dir=0 label=0 lowerbound=1 fileNameGp=../graphsdb/mcs30/rand/r005/mcs30_r005_s35.A96 fileNameGt=../graphsdb/mcs30/rand/r005/mcs30_r005_s35.B96
Reading graphs...
35 :  63
35 :  63
Initializing...
maxdom : 35
D->valSize : 1225
Solving...
currentSize : 16 <-- 0.036243 s
currentSize : 18 <-- 0.036406 s
currentSize : 19 <-- 0.036709 s
currentSize : 20 <-- 0.221657 s
currentSize : 21 <-- 1.320896 s
currentSize : 22 <-- 2.439202 s
currentSize : 23 <-- 36.165543 s
currentSize : 24 <-- 52.176888 s
currentSize : 25 <-- 1141.503052 s

maxsize : 25
nodes : 73323679.000000
filtered : 2450737400.000000
time : 1754.100708
