Parameters: GAD=1 vflib=1 dir=0 label=0 lowerbound=1 fileNameGp=../graphsdb/mcs30/rand/r005/mcs30_r005_s35.A35 fileNameGt=../graphsdb/mcs30/rand/r005/mcs30_r005_s35.B35
Reading graphs...
35 :  62
35 :  62
Initializing...
maxdom : 35
D->valSize : 1225
Solving...
currentSize : 15 <-- 0.025901 s
currentSize : 16 <-- 0.025978 s
currentSize : 17 <-- 0.026006 s
currentSize : 18 <-- 0.026581 s
currentSize : 19 <-- 0.028378 s
currentSize : 20 <-- 0.049950 s
currentSize : 21 <-- 0.083291 s
currentSize : 22 <-- 0.233336 s
currentSize : 23 <-- 0.912404 s
currentSize : 24 <-- 0.995495 s
currentSize : 25 <-- 691.096313 s

maxsize : 25
nodes : 46346943.000000
filtered : 1669477258.000000
time : 1198.909912
