Parameters: GAD=1 vflib=1 dir=0 label=0 lowerbound=1 fileNameGp=../graphsdb/mcs30/rand/r005/mcs30_r005_s30.A23 fileNameGt=../graphsdb/mcs30/rand/r005/mcs30_r005_s30.B23
Reading graphs...
30 :  48
30 :  48
Initializing...
maxdom : 30
D->valSize : 900
Solving...
currentSize : 14 <-- 0.011415 s
currentSize : 15 <-- 0.011913 s
currentSize : 16 <-- 0.028070 s
currentSize : 17 <-- 0.112253 s
currentSize : 18 <-- 0.127681 s
currentSize : 19 <-- 0.131405 s
currentSize : 20 <-- 6.849541 s
currentSize : 21 <-- 11.358362 s
currentSize : 22 <-- 44.897320 s

maxsize : 22
nodes : 3886095.000000
filtered : 115328988.000000
time : 106.001389
