Parameters: GAD=1 vflib=1 dir=0 label=0 lowerbound=1 fileNameGp=../graphsdb/mcs30/m2D/m2D/mcs30_m2D_s30.A82 fileNameGt=../graphsdb/mcs30/m2D/m2D/mcs30_m2D_s30.B82
Reading graphs...
30 :  48
30 :  49
Initializing...
maxdom : 30
D->valSize : 900
Solving...
currentSize : 14 <-- 0.011176 s
currentSize : 15 <-- 0.012842 s
currentSize : 16 <-- 0.012945 s
currentSize : 17 <-- 0.012951 s
currentSize : 18 <-- 0.035961 s
currentSize : 19 <-- 0.053242 s
currentSize : 20 <-- 0.411120 s
currentSize : 21 <-- 15.225284 s

maxsize : 21
nodes : 11111676.000000
filtered : 311071286.000000
time : 190.213654
