Parameters: GAD=1 vflib=1 dir=0 label=0 lowerbound=1 fileNameGp=../graphsdb/mcs50/m3D/m3D/mcs50_m3D_s20.A97 fileNameGt=../graphsdb/mcs50/m3D/m3D/mcs50_m3D_s20.B97
Reading graphs...
20 :  37
20 :  35
Initializing...
maxdom : 20
D->valSize : 400
Solving...
currentSize : 5 <-- 0.002279 s
currentSize : 8 <-- 0.002301 s
currentSize : 9 <-- 0.002453 s
currentSize : 10 <-- 0.002885 s
currentSize : 12 <-- 0.004889 s
currentSize : 13 <-- 0.022501 s
currentSize : 14 <-- 0.155983 s
currentSize : 15 <-- 0.356279 s

maxsize : 15
nodes : 61941.000000
filtered : 1101305.000000
time : 0.405222
