Parameters: GAD=1 vflib=1 dir=0 label=0 lowerbound=1 fileNameGp=../graphsdb/mcs50/bvg/b03m/mcs50_b03m_s25.A97 fileNameGt=../graphsdb/mcs50/bvg/b03m/mcs50_b03m_s25.B97
Reading graphs...
25 :  35
25 :  35
Initializing...
maxdom : 25
D->valSize : 625
Solving...
currentSize : 8 <-- 0.009302 s
currentSize : 9 <-- 0.009793 s
currentSize : 10 <-- 0.009828 s
currentSize : 11 <-- 0.014232 s
currentSize : 12 <-- 0.014378 s
currentSize : 13 <-- 0.021943 s
currentSize : 14 <-- 0.079804 s
currentSize : 16 <-- 0.110390 s
currentSize : 17 <-- 0.113733 s
currentSize : 18 <-- 4.630261 s

maxsize : 18
nodes : 763665.000000
filtered : 14418459.000000
time : 10.664785
