Parameters: GAD=1 vflib=1 dir=0 label=0 lowerbound=1 fileNameGp=../graphsdb/mcs50/m4D/m4Dr4/mcs50_m4Dr4_s35.A73 fileNameGt=../graphsdb/mcs50/m4D/m4Dr4/mcs50_m4Dr4_s35.B73
Reading graphs...
35 :  75
35 :  76
Initializing...
maxdom : 35
D->valSize : 1225
Solving...
currentSize : 13 <-- 0.035710 s
currentSize : 14 <-- 0.035741 s
currentSize : 15 <-- 0.035753 s
currentSize : 16 <-- 0.035791 s
currentSize : 17 <-- 0.036411 s
currentSize : 18 <-- 0.047037 s
currentSize : 19 <-- 0.817444 s
currentSize : 20 <-- 2.309185 s
currentSize : 21 <-- 2.401536 s
currentSize : 22 <-- 11.694863 s
currentSize : 23 <-- 35.237946 s
currentSize : 24 <-- 46.023895 s

maxsize : 24
nodes : 30200516.000000
filtered : 1222542120.000000
time : 870.240723
