Parameters: GAD=1 vflib=1 dir=0 label=0 lowerbound=1 fileNameGp=../graphsdb/mcs50/m4D/m4Dr6/mcs50_m4Dr6_s30.A01 fileNameGt=../graphsdb/mcs50/m4D/m4Dr6/mcs50_m4Dr6_s30.B01
Reading graphs...
30 :  67
30 :  68
Initializing...
maxdom : 30
D->valSize : 900
Solving...
currentSize : 12 <-- 0.010587 s
currentSize : 13 <-- 0.014443 s
currentSize : 14 <-- 0.024578 s
currentSize : 15 <-- 0.064406 s
currentSize : 16 <-- 0.116545 s
currentSize : 17 <-- 0.147428 s
currentSize : 18 <-- 0.490588 s
currentSize : 19 <-- 0.621954 s
currentSize : 20 <-- 20.815392 s

maxsize : 20
nodes : 6042944.000000
filtered : 180338025.000000
time : 101.744431
