Parameters: GAD=1 vflib=1 dir=0 label=0 lowerbound=1 fileNameGp=../graphsdb/mcs50/m4D/m4D/mcs50_m4D_s35.A08 fileNameGt=../graphsdb/mcs50/m4D/m4D/mcs50_m4D_s35.B08
Reading graphs...
35 :  62
35 :  63
Initializing...
maxdom : 35
D->valSize : 1225
Solving...
currentSize : 14 <-- 0.020507 s
currentSize : 15 <-- 0.020534 s
currentSize : 16 <-- 0.021106 s
currentSize : 17 <-- 0.021119 s
currentSize : 18 <-- 0.021850 s
currentSize : 19 <-- 0.041655 s
currentSize : 20 <-- 0.041904 s
currentSize : 21 <-- 0.126795 s
currentSize : 22 <-- 0.565216 s
currentSize : 23 <-- 0.577910 s
currentSize : 24 <-- 0.661551 s
currentSize : 25 <-- 1.754991 s

maxsize : 25
nodes : 17173256.000000
filtered : 655040781.000000
time : 625.537720
