Parameters: GAD=1 vflib=1 dir=0 label=0 lowerbound=1 fileNameGp=../graphsdb/mcs50/rand/r01/mcs50_r01_s35.A09 fileNameGt=../graphsdb/mcs50/rand/r01/mcs50_r01_s35.B09
Reading graphs...
35 :  114
35 :  112
Initializing...
maxdom : 35
D->valSize : 1225
Solving...
currentSize : 13 <-- 0.033617 s
currentSize : 15 <-- 0.035001 s
currentSize : 16 <-- 0.046384 s
currentSize : 17 <-- 0.083268 s
currentSize : 18 <-- 0.406268 s
currentSize : 19 <-- 21.465841 s
currentSize : 20 <-- 388.165283 s
currentSize : 21 <-- 2059.255127 s

maxsize : 21
nodes : 343660641.000000
filtered : 9606964921.000000
time : 3027.136963
