Parameters: GAD=1 vflib=1 dir=0 label=0 lowerbound=1 fileNameGp=../graphsdb/mcs50/bvg/b06/mcs50_b06_s25.A63 fileNameGt=../graphsdb/mcs50/bvg/b06/mcs50_b06_s25.B63
Reading graphs...
25 :  70
25 :  75
Initializing...
maxdom : 25
D->valSize : 625
Solving...
currentSize : 9 <-- 0.008358 s
currentSize : 10 <-- 0.008467 s
currentSize : 12 <-- 0.008537 s
currentSize : 13 <-- 0.008584 s
currentSize : 14 <-- 0.868808 s
currentSize : 15 <-- 1.846317 s
currentSize : 16 <-- 2.291285 s
currentSize : 17 <-- 4.205101 s

maxsize : 17
nodes : 737875.000000
filtered : 16104414.000000
time : 4.964642
