Parameters: GAD=1 vflib=1 dir=0 label=0 lowerbound=1 fileNameGp=../graphsdb/mcs50/m4D/m4Dr6/mcs50_m4Dr6_s35.A84 fileNameGt=../graphsdb/mcs50/m4D/m4Dr6/mcs50_m4Dr6_s35.B84
Reading graphs...
35 :  79
35 :  79
Initializing...
maxdom : 35
D->valSize : 1225
Solving...
currentSize : 11 <-- 0.035261 s
currentSize : 13 <-- 0.035301 s
currentSize : 14 <-- 0.035335 s
currentSize : 15 <-- 0.035638 s
currentSize : 16 <-- 0.039972 s
currentSize : 17 <-- 0.167303 s
currentSize : 18 <-- 0.174198 s
currentSize : 19 <-- 0.894373 s
currentSize : 20 <-- 5.906495 s
currentSize : 21 <-- 20.326796 s
currentSize : 22 <-- 487.464294 s

TIMEOUT
maxsize : 22
nodes : 261516646.000000
filtered : 7652077348.000000
time : 3600.000000
