Parameters: GAD=1 vflib=1 dir=0 label=0 lowerbound=1 fileNameGp=../graphsdb/mcs50/bvg/b03m/mcs50_b03m_s35.A53 fileNameGt=../graphsdb/mcs50/bvg/b03m/mcs50_b03m_s35.B53
Reading graphs...
35 :  52
35 :  51
Initializing...
maxdom : 35
D->valSize : 1225
Solving...
currentSize : 15 <-- 0.020873 s
currentSize : 18 <-- 0.022144 s
currentSize : 19 <-- 0.022370 s
currentSize : 20 <-- 0.082560 s
currentSize : 21 <-- 0.201092 s
currentSize : 22 <-- 6.075171 s
currentSize : 23 <-- 19.872028 s
currentSize : 24 <-- 176.038925 s
currentSize : 25 <-- 433.784454 s

maxsize : 25
nodes : 42851367.000000
filtered : 1195118063.000000
time : 1164.503662
