Parameters: GAD=1 vflib=1 dir=0 label=0 lowerbound=1 fileNameGp=../graphsdb/mcs70/rand/r005/mcs70_r005_s35.A71 fileNameGt=../graphsdb/mcs70/rand/r005/mcs70_r005_s35.B71
Reading graphs...
35 :  57
35 :  56
Initializing...
maxdom : 35
D->valSize : 1225
Solving...
currentSize : 15 <-- 0.020874 s
currentSize : 16 <-- 0.026268 s
currentSize : 17 <-- 0.033156 s
currentSize : 18 <-- 0.049394 s
currentSize : 19 <-- 0.057926 s
currentSize : 20 <-- 1.754557 s
currentSize : 21 <-- 3.736115 s
currentSize : 22 <-- 18.307331 s
currentSize : 23 <-- 135.264175 s
currentSize : 24 <-- 519.041565 s
currentSize : 25 <-- 2437.490479 s

maxsize : 25
nodes : 97335044.000000
filtered : 3238303431.000000
time : 2924.911133
