Parameters: GAD=1 vflib=1 dir=0 label=0 lowerbound=1 fileNameGp=../graphsdb/mcs70/rand/r02/mcs70_r02_s30.A42 fileNameGt=../graphsdb/mcs70/rand/r02/mcs70_r02_s30.B42
Reading graphs...
30 :  153
30 :  159
Initializing...
maxdom : 30
D->valSize : 900
Solving...
currentSize : 10 <-- 0.009447 s
currentSize : 11 <-- 0.009483 s
currentSize : 12 <-- 0.009543 s
currentSize : 13 <-- 0.036123 s
currentSize : 14 <-- 0.842683 s
currentSize : 15 <-- 0.969691 s
currentSize : 16 <-- 1.132035 s
currentSize : 19 <-- 1.225260 s
currentSize : 21 <-- 2.802852 s

maxsize : 21
nodes : 917980.000000
filtered : 28713591.000000
time : 6.524491
