Parameters: GAD=1 vflib=1 dir=0 label=0 lowerbound=1 fileNameGp=../graphsdb/mcs70/m4D/m4Dr2/mcs70_m4Dr2_s25.A89 fileNameGt=../graphsdb/mcs70/m4D/m4Dr2/mcs70_m4Dr2_s25.B89
Reading graphs...
25 :  51
25 :  52
Initializing...
maxdom : 25
D->valSize : 625
Solving...
currentSize : 5 <-- 0.008771 s
currentSize : 7 <-- 0.008804 s
currentSize : 8 <-- 0.008886 s
currentSize : 9 <-- 0.011039 s
currentSize : 10 <-- 0.011202 s
currentSize : 11 <-- 0.012368 s
currentSize : 12 <-- 0.059319 s
currentSize : 13 <-- 0.089872 s
currentSize : 14 <-- 0.092305 s
currentSize : 15 <-- 0.292296 s
currentSize : 16 <-- 0.950801 s
currentSize : 17 <-- 0.951327 s

maxsize : 17
nodes : 407679.000000
filtered : 9544653.000000
time : 6.395667
