Parameters: GAD=1 vflib=1 dir=0 label=0 lowerbound=1 fileNameGp=../graphsdb/mcs70/rand/r005/mcs70_r005_s20.A06 fileNameGt=../graphsdb/mcs70/rand/r005/mcs70_r005_s20.B06
Reading graphs...
20 :  22
20 :  21
Initializing...
maxdom : 20
D->valSize : 400
Solving...
currentSize : 5 <-- 0.002461 s
currentSize : 6 <-- 0.002481 s
currentSize : 7 <-- 0.002492 s
currentSize : 10 <-- 0.002519 s
currentSize : 11 <-- 0.002616 s
currentSize : 12 <-- 0.004625 s
currentSize : 13 <-- 0.017448 s
currentSize : 14 <-- 0.056103 s
currentSize : 15 <-- 0.056300 s
currentSize : 16 <-- 0.058236 s

maxsize : 16
nodes : 15241.000000
filtered : 187478.000000
time : 0.148423
