Parameters: GAD=1 vflib=1 dir=0 label=0 lowerbound=1 fileNameGp=../graphsdb/mcs70/m3D/m3Dr6/mcs70_m3Dr6_s35.A65 fileNameGt=../graphsdb/mcs70/m3D/m3Dr6/mcs70_m3Dr6_s35.B65
Reading graphs...
35 :  90
35 :  90
Initializing...
maxdom : 35
D->valSize : 1225
Solving...
currentSize : 15 <-- 0.019768 s
currentSize : 17 <-- 0.019800 s
currentSize : 18 <-- 0.021660 s
currentSize : 19 <-- 0.028576 s
currentSize : 20 <-- 0.562798 s
currentSize : 21 <-- 10.361788 s
currentSize : 22 <-- 175.066788 s
currentSize : 23 <-- 182.211899 s
currentSize : 24 <-- 240.376434 s
currentSize : 27 <-- 240.376511 s

maxsize : 27
nodes : 23527934.000000
filtered : 668805750.000000
time : 264.480316
