Parameters: GAD=1 vflib=1 dir=0 label=0 lowerbound=1 fileNameGp=../graphsdb/mcs70/m2D/m2D/mcs70_m2D_s35.A22 fileNameGt=../graphsdb/mcs70/m2D/m2D/mcs70_m2D_s35.B22
Reading graphs...
35 :  58
35 :  58
Initializing...
maxdom : 35
D->valSize : 1225
Solving...
currentSize : 17 <-- 0.020748 s
currentSize : 19 <-- 0.020769 s
currentSize : 21 <-- 0.023861 s
currentSize : 22 <-- 0.067030 s
currentSize : 23 <-- 0.533017 s
currentSize : 24 <-- 2.711689 s
currentSize : 25 <-- 21.187920 s
currentSize : 26 <-- 141.787643 s
currentSize : 27 <-- 454.510498 s

maxsize : 27
nodes : 14951727.000000
filtered : 607868179.000000
time : 514.856262
