Parameters: GAD=1 vflib=1 dir=0 label=0 lowerbound=1 fileNameGp=../graphsdb/mcs70/bvg/b09/mcs70_b09_s35.A64 fileNameGt=../graphsdb/mcs70/bvg/b09/mcs70_b09_s35.B64
Reading graphs...
35 :  153
35 :  156
Initializing...
maxdom : 35
D->valSize : 1225
Solving...
currentSize : 14 <-- 0.018223 s
currentSize : 15 <-- 0.018466 s
currentSize : 17 <-- 0.019021 s
currentSize : 18 <-- 0.426461 s
currentSize : 19 <-- 0.974856 s
currentSize : 20 <-- 1.399352 s
currentSize : 21 <-- 1.438654 s
currentSize : 22 <-- 1.793273 s
currentSize : 23 <-- 1.794009 s
currentSize : 24 <-- 1.794221 s
currentSize : 25 <-- 1.794345 s

maxsize : 25
nodes : 2154770.000000
filtered : 95921837.000000
time : 23.559441
