Parameters: GAD=1 vflib=1 dir=0 label=0 lowerbound=1 fileNameGp=../graphsdb/mcs70/bvg/b03m/mcs70_b03m_s30.A03 fileNameGt=../graphsdb/mcs70/bvg/b03m/mcs70_b03m_s30.B03
Reading graphs...
30 :  45
30 :  45
Initializing...
maxdom : 30
D->valSize : 900
Solving...
currentSize : 12 <-- 0.011168 s
currentSize : 14 <-- 0.011223 s
currentSize : 15 <-- 0.011232 s
currentSize : 16 <-- 0.011266 s
currentSize : 17 <-- 0.011507 s
currentSize : 18 <-- 0.036725 s
currentSize : 19 <-- 0.127281 s
currentSize : 20 <-- 0.131773 s
currentSize : 21 <-- 0.186805 s
currentSize : 22 <-- 0.188000 s

maxsize : 22
nodes : 2111797.000000
filtered : 67957739.000000
time : 57.354286
