Parameters: GAD=1 vflib=1 dir=0 label=0 lowerbound=1 fileNameGp=../graphsdb/mcs70/rand/r02/mcs70_r02_s20.A21 fileNameGt=../graphsdb/mcs70/rand/r02/mcs70_r02_s20.B21
Reading graphs...
20 :  71
20 :  69
Initializing...
maxdom : 20
D->valSize : 400
Solving...
currentSize : 7 <-- 0.003312 s
currentSize : 8 <-- 0.003348 s
currentSize : 9 <-- 0.003390 s
currentSize : 10 <-- 0.004483 s
currentSize : 11 <-- 0.067175 s
currentSize : 12 <-- 0.236632 s
currentSize : 13 <-- 0.486166 s
currentSize : 14 <-- 0.486397 s

maxsize : 14
nodes : 118474.000000
filtered : 1536001.000000
time : 0.542070
