Parameters: GAD=1 vflib=1 dir=0 label=0 lowerbound=1 fileNameGp=../graphsdb/mcs70/bvg/b06/mcs70_b06_s30.A62 fileNameGt=../graphsdb/mcs70/bvg/b06/mcs70_b06_s30.B62
Reading graphs...
30 :  90
30 :  89
Initializing...
maxdom : 30
D->valSize : 900
Solving...
currentSize : 14 <-- 0.010089 s
currentSize : 15 <-- 0.012822 s
currentSize : 16 <-- 0.022773 s
currentSize : 17 <-- 0.025760 s
currentSize : 18 <-- 8.169107 s
currentSize : 19 <-- 8.276302 s
currentSize : 20 <-- 8.989496 s
currentSize : 21 <-- 9.340148 s
currentSize : 22 <-- 13.058235 s

maxsize : 22
nodes : 1631600.000000
filtered : 45219336.000000
time : 16.806524
