Parameters: GAD=1 vflib=1 dir=0 label=0 lowerbound=1 fileNameGp=../graphsdb/mcs70/bvg/b06m/mcs70_b06m_s35.A89 fileNameGt=../graphsdb/mcs70/bvg/b06m/mcs70_b06m_s35.B89
Reading graphs...
35 :  103
35 :  102
Initializing...
maxdom : 35
D->valSize : 1225
Solving...
currentSize : 14 <-- 0.033111 s
currentSize : 15 <-- 0.033149 s
currentSize : 16 <-- 0.071846 s
currentSize : 17 <-- 0.071909 s
currentSize : 18 <-- 0.109102 s
currentSize : 19 <-- 0.699159 s
currentSize : 20 <-- 2.706059 s
currentSize : 21 <-- 137.373611 s
currentSize : 22 <-- 509.979095 s
currentSize : 23 <-- 851.073853 s
currentSize : 24 <-- 876.156738 s

maxsize : 24
nodes : 65160274.000000
filtered : 2394897601.000000
time : 929.754028
