Parameters: GAD=1 vflib=1 dir=0 label=0 lowerbound=1 fileNameGp=../graphsdb/mcs90/rand/r02/mcs90_r02_s30.A93 fileNameGt=../graphsdb/mcs90/rand/r02/mcs90_r02_s30.B93
Reading graphs...
30 :  157
30 :  157
Initializing...
maxdom : 30
D->valSize : 900
Solving...
currentSize : 10 <-- 0.009370 s
currentSize : 11 <-- 0.009405 s
currentSize : 12 <-- 0.009918 s
currentSize : 13 <-- 0.067049 s
currentSize : 14 <-- 0.089525 s
currentSize : 15 <-- 0.396549 s
currentSize : 20 <-- 0.411406 s
currentSize : 27 <-- 1.595943 s

maxsize : 27
nodes : 241989.000000
filtered : 7195895.000000
time : 1.621968
