Parameters: GAD=1 vflib=1 dir=0 label=0 lowerbound=1 fileNameGp=../graphsdb/mcs90/rand/r01/mcs90_r01_s35.A36 fileNameGt=../graphsdb/mcs90/rand/r01/mcs90_r01_s35.B36
Reading graphs...
35 :  113
35 :  112
Initializing...
maxdom : 35
D->valSize : 1225
Solving...
currentSize : 17 <-- 0.019062 s
currentSize : 18 <-- 0.079131 s
currentSize : 19 <-- 1.345271 s
currentSize : 21 <-- 118.782875 s
currentSize : 22 <-- 227.126907 s
currentSize : 24 <-- 228.424454 s
currentSize : 25 <-- 232.350739 s
currentSize : 26 <-- 252.958496 s
currentSize : 29 <-- 253.804230 s
currentSize : 31 <-- 253.807083 s

maxsize : 31
nodes : 29509945.000000
filtered : 792897821.000000
time : 253.964310
