Parameters: GAD=1 vflib=1 dir=0 label=0 lowerbound=1 fileNameGp=../graphsdb/mcs90/m3D/m3Dr4/mcs90_m3Dr4_s30.A70 fileNameGt=../graphsdb/mcs90/m3D/m3Dr4/mcs90_m3Dr4_s30.B70
Reading graphs...
30 :  69
30 :  70
Initializing...
maxdom : 30
D->valSize : 900
Solving...
currentSize : 11 <-- 0.010833 s
currentSize : 13 <-- 0.010907 s
currentSize : 14 <-- 0.011803 s
currentSize : 15 <-- 0.014449 s
currentSize : 16 <-- 0.019854 s
currentSize : 17 <-- 0.055083 s
currentSize : 18 <-- 0.469681 s
currentSize : 19 <-- 1.655694 s
currentSize : 20 <-- 27.215172 s
currentSize : 21 <-- 27.841902 s
currentSize : 22 <-- 27.841923 s
currentSize : 23 <-- 29.892818 s
currentSize : 27 <-- 30.715456 s

maxsize : 27
nodes : 3280576.000000
filtered : 76141150.000000
time : 30.838356
