Parameters: GAD=1 vflib=1 dir=0 label=0 lowerbound=1 fileNameGp=../graphsdb/mcs90/rand/r01/mcs90_r01_s30.A08 fileNameGt=../graphsdb/mcs90/rand/r01/mcs90_r01_s30.B08
Reading graphs...
30 :  81
30 :  80
Initializing...
maxdom : 30
D->valSize : 900
Solving...
currentSize : 14 <-- 0.010377 s
currentSize : 15 <-- 0.011309 s
currentSize : 16 <-- 0.026946 s
currentSize : 17 <-- 0.215656 s
currentSize : 18 <-- 3.248912 s
currentSize : 19 <-- 4.511753 s
currentSize : 20 <-- 5.889507 s
currentSize : 21 <-- 5.889688 s
currentSize : 27 <-- 10.476122 s

maxsize : 27
nodes : 943606.000000
filtered : 26312306.000000
time : 10.526941
