Parameters: GAD=1 vflib=1 dir=0 label=0 lowerbound=1 fileNameGp=../graphsdb/mcs90/m2D/m2Dr2/mcs90_m2Dr2_s30.A78 fileNameGt=../graphsdb/mcs90/m2D/m2Dr2/mcs90_m2Dr2_s30.B78
Reading graphs...
30 :  54
30 :  54
Initializing...
maxdom : 30
D->valSize : 900
Solving...
currentSize : 15 <-- 0.011668 s
currentSize : 16 <-- 0.012002 s
currentSize : 17 <-- 0.021431 s
currentSize : 18 <-- 0.042765 s
currentSize : 20 <-- 0.158851 s
currentSize : 21 <-- 3.408341 s
currentSize : 23 <-- 8.078870 s
currentSize : 24 <-- 8.135134 s
currentSize : 26 <-- 8.136268 s

maxsize : 26
nodes : 410681.000000
filtered : 12196936.000000
time : 8.452918
