Parameters: GAD=1 vflib=1 dir=0 label=0 lowerbound=1 fileNameGp=../graphsdb/mcs90/bvg/b09/mcs90_b09_s30.A21 fileNameGt=../graphsdb/mcs90/bvg/b09/mcs90_b09_s30.B21
Reading graphs...
30 :  135
30 :  134
Initializing...
maxdom : 30
D->valSize : 900
Solving...
currentSize : 14 <-- 0.014239 s
currentSize : 15 <-- 0.017271 s
currentSize : 16 <-- 0.017349 s
currentSize : 18 <-- 0.046772 s
currentSize : 19 <-- 0.053678 s
currentSize : 20 <-- 0.059059 s
currentSize : 22 <-- 0.077332 s
currentSize : 24 <-- 0.912150 s
currentSize : 26 <-- 0.960485 s

maxsize : 26
nodes : 96296.000000
filtered : 4779400.000000
time : 1.048647
