Parameters: GAD=1 vflib=1 dir=0 label=0 lowerbound=1 fileNameGp=../graphsdb/mcs90/rand/r01/mcs90_r01_s30.A39 fileNameGt=../graphsdb/mcs90/rand/r01/mcs90_r01_s30.B39
Reading graphs...
30 :  83
30 :  83
Initializing...
maxdom : 30
D->valSize : 900
Solving...
currentSize : 14 <-- 0.010176 s
currentSize : 15 <-- 0.014532 s
currentSize : 16 <-- 0.014732 s
currentSize : 17 <-- 0.014795 s
currentSize : 18 <-- 0.215768 s
currentSize : 20 <-- 1.890594 s
currentSize : 21 <-- 1.894580 s
currentSize : 23 <-- 1.894700 s
currentSize : 27 <-- 2.016607 s

maxsize : 27
nodes : 233669.000000
filtered : 6039025.000000
time : 2.060707
