Parameters: GAD=1 vflib=1 dir=0 label=0 lowerbound=1 fileNameGp=../graphsdb/mcs90/rand/r02/mcs90_r02_s35.A65 fileNameGt=../graphsdb/mcs90/rand/r02/mcs90_r02_s35.B65
Reading graphs...
35 :  212
35 :  214
Initializing...
maxdom : 35
D->valSize : 1225
Solving...
currentSize : 10 <-- 0.029855 s
currentSize : 11 <-- 0.029971 s
currentSize : 12 <-- 0.030409 s
currentSize : 13 <-- 0.032301 s
currentSize : 14 <-- 0.913929 s
currentSize : 15 <-- 5.591778 s
currentSize : 16 <-- 11.188284 s
currentSize : 17 <-- 175.458069 s
currentSize : 20 <-- 229.231186 s
currentSize : 22 <-- 233.973328 s
currentSize : 23 <-- 248.718109 s
currentSize : 31 <-- 248.743515 s

maxsize : 31
nodes : 46913403.000000
filtered : 756705590.000000
time : 248.866516
