Parameters: GAD=1 vflib=1 dir=0 label=0 lowerbound=1 fileNameGp=../graphsdb/mcs90/m2D/m2D/mcs90_m2D_s20.A82 fileNameGt=../graphsdb/mcs90/m2D/m2D/mcs90_m2D_s20.B82
Reading graphs...
20 :  31
20 :  31
Initializing...
maxdom : 20
D->valSize : 400
Solving...
currentSize : 10 <-- 0.002313 s
currentSize : 11 <-- 0.002362 s
currentSize : 12 <-- 0.002774 s
currentSize : 13 <-- 0.002934 s
currentSize : 14 <-- 0.003918 s
currentSize : 15 <-- 0.007902 s
currentSize : 16 <-- 0.010683 s
currentSize : 17 <-- 0.031815 s

maxsize : 17
nodes : 3421.000000
filtered : 89829.000000
time : 0.062985
