Parameters: GAD=1 vflib=1 dir=0 label=0 lowerbound=1 fileNameGp=../graphsdb/mcs90/bvg/b03m/mcs90_b03m_s35.A55 fileNameGt=../graphsdb/mcs90/bvg/b03m/mcs90_b03m_s35.B55
Reading graphs...
35 :  52
35 :  52
Initializing...
maxdom : 35
D->valSize : 1225
Solving...
currentSize : 17 <-- 0.036124 s
currentSize : 18 <-- 0.036206 s
currentSize : 19 <-- 0.037876 s
currentSize : 20 <-- 0.061212 s
currentSize : 21 <-- 0.061585 s
currentSize : 22 <-- 0.066842 s
currentSize : 23 <-- 0.393156 s
currentSize : 24 <-- 3.991427 s
currentSize : 25 <-- 31.600023 s
currentSize : 27 <-- 77.353325 s
currentSize : 28 <-- 81.592644 s
currentSize : 30 <-- 96.956230 s

maxsize : 30
nodes : 3318428.000000
filtered : 88168483.000000
time : 97.799850
