Parameters: GAD=1 vflib=1 dir=0 label=0 lowerbound=1 fileNameGp=../graphsdb/mcs90/m3D/m3Dr6/mcs90_m3Dr6_s30.A46 fileNameGt=../graphsdb/mcs90/m3D/m3Dr6/mcs90_m3Dr6_s30.B46
Reading graphs...
30 :  74
30 :  71
Initializing...
maxdom : 30
D->valSize : 900
Solving...
currentSize : 15 <-- 0.018175 s
currentSize : 16 <-- 0.018566 s
currentSize : 17 <-- 0.038063 s
currentSize : 18 <-- 0.069857 s
currentSize : 19 <-- 3.167306 s
currentSize : 20 <-- 9.320361 s
currentSize : 21 <-- 10.643807 s
currentSize : 23 <-- 11.462151 s
currentSize : 27 <-- 13.954880 s

maxsize : 27
nodes : 1286777.000000
filtered : 35459529.000000
time : 13.984500
