Parameters: GAD=1 vflib=1 dir=0 label=0 lowerbound=1 fileNameGp=../graphsdb/mcs90/bvg/b09m/mcs90_b09m_s30.A45 fileNameGt=../graphsdb/mcs90/bvg/b09m/mcs90_b09m_s30.B45
Reading graphs...
30 :  129
30 :  129
Initializing...
maxdom : 30
D->valSize : 900
Solving...
currentSize : 10 <-- 0.015467 s
currentSize : 11 <-- 0.020156 s
currentSize : 12 <-- 0.029386 s
currentSize : 13 <-- 0.034354 s
currentSize : 14 <-- 0.187876 s
currentSize : 15 <-- 0.311972 s
currentSize : 16 <-- 1.124358 s
currentSize : 18 <-- 1.124731 s
currentSize : 19 <-- 2.185979 s
currentSize : 22 <-- 2.187512 s
currentSize : 26 <-- 2.193479 s

maxsize : 26
nodes : 369039.000000
filtered : 7971509.000000
time : 2.333697
