Parameters: GAD=1 vflib=1 dir=0 label=0 lowerbound=1 fileNameGp=../graphsdb/mcs90/m2D/m2Dr6/mcs90_m2Dr6_s30.A38 fileNameGt=../graphsdb/mcs90/m2D/m2Dr6/mcs90_m2Dr6_s30.B38
Reading graphs...
30 :  66
30 :  64
Initializing...
maxdom : 30
D->valSize : 900
Solving...
currentSize : 13 <-- 0.018549 s
currentSize : 14 <-- 0.018662 s
currentSize : 16 <-- 0.018901 s
currentSize : 17 <-- 0.019250 s
currentSize : 18 <-- 0.082956 s
currentSize : 19 <-- 3.136772 s
currentSize : 20 <-- 16.661327 s
currentSize : 21 <-- 18.591509 s
currentSize : 22 <-- 18.593344 s
currentSize : 23 <-- 19.863026 s
currentSize : 26 <-- 20.813433 s

maxsize : 26
nodes : 1644592.000000
filtered : 42502205.000000
time : 21.046980
