Parameters: GAD=1 vflib=1 dir=0 label=0 lowerbound=1 fileNameGp=../graphsdb/mcs90/rand/r005/mcs90_r005_s25.A13 fileNameGt=../graphsdb/mcs90/rand/r005/mcs90_r005_s25.B13
Reading graphs...
25 :  29
25 :  29
Initializing...
maxdom : 25
D->valSize : 625
Solving...
currentSize : 11 <-- 0.005396 s
currentSize : 12 <-- 0.005418 s
currentSize : 14 <-- 0.005523 s
currentSize : 15 <-- 0.005547 s
currentSize : 17 <-- 0.021985 s
currentSize : 18 <-- 0.185712 s
currentSize : 19 <-- 0.195492 s
currentSize : 20 <-- 1.099738 s
currentSize : 22 <-- 1.149079 s

maxsize : 22
nodes : 73222.000000
filtered : 1340117.000000
time : 1.253360
