Parameters: GAD=1 vflib=1 dir=0 label=0 lowerbound=1 fileNameGp=../graphsdb/mcs90/m4D/m4Dr4/mcs90_m4Dr4_s20.A74 fileNameGt=../graphsdb/mcs90/m4D/m4Dr4/mcs90_m4Dr4_s20.B74
Reading graphs...
20 :  45
20 :  43
Initializing...
maxdom : 20
D->valSize : 400
Solving...
currentSize : 8 <-- 0.002307 s
currentSize : 9 <-- 0.002323 s
currentSize : 10 <-- 0.002435 s
currentSize : 11 <-- 0.002522 s
currentSize : 12 <-- 0.003038 s
currentSize : 13 <-- 0.006387 s
currentSize : 14 <-- 0.006674 s
currentSize : 15 <-- 0.029614 s
currentSize : 16 <-- 0.030121 s

maxsize : 16
nodes : 6026.000000
filtered : 171859.000000
time : 0.053690
