Parameters: GAD=1 vflib=1 dir=0 label=0 lowerbound=1 fileNameGp=../graphsdb/mcs90/bvg/b06/mcs90_b06_s35.A43 fileNameGt=../graphsdb/mcs90/bvg/b06/mcs90_b06_s35.B43
Reading graphs...
35 :  103
35 :  104
Initializing...
maxdom : 35
D->valSize : 1225
Solving...
currentSize : 20 <-- 0.019060 s
currentSize : 21 <-- 0.029748 s
currentSize : 22 <-- 0.031243 s
currentSize : 23 <-- 0.034595 s
currentSize : 24 <-- 0.059833 s
currentSize : 25 <-- 0.060881 s
currentSize : 26 <-- 0.061011 s
currentSize : 27 <-- 0.062207 s
currentSize : 29 <-- 0.119259 s
currentSize : 31 <-- 0.150691 s
currentSize : 32 <-- 0.203433 s

maxsize : 32
nodes : 13520.000000
filtered : 745654.000000
time : 0.670524
