Parameters: GAD=1 vflib=1 dir=0 label=0 lowerbound=1 fileNameGp=../graphsdb/mcs90/m3D/m3Dr6/mcs90_m3Dr6_s30.A54 fileNameGt=../graphsdb/mcs90/m3D/m3Dr6/mcs90_m3Dr6_s30.B54
Reading graphs...
30 :  76
30 :  76
Initializing...
maxdom : 30
D->valSize : 900
Solving...
currentSize : 14 <-- 0.018138 s
currentSize : 15 <-- 0.018262 s
currentSize : 16 <-- 0.018581 s
currentSize : 17 <-- 0.026757 s
currentSize : 18 <-- 0.747638 s
currentSize : 19 <-- 5.665974 s
currentSize : 20 <-- 17.844671 s
currentSize : 21 <-- 19.428240 s
currentSize : 22 <-- 19.785292 s
currentSize : 27 <-- 20.399321 s

maxsize : 27
nodes : 2090231.000000
filtered : 50290651.000000
time : 20.493298
