Parameters: GAD=1 vflib=1 dir=0 label=0 lowerbound=1 fileNameGp=../graphsdb/mcs90/rand/r005/mcs90_r005_s35.A19 fileNameGt=../graphsdb/mcs90/rand/r005/mcs90_r005_s35.B19
Reading graphs...
35 :  57
35 :  57
Initializing...
maxdom : 35
D->valSize : 1225
Solving...
currentSize : 16 <-- 0.025845 s
currentSize : 17 <-- 0.036255 s
currentSize : 18 <-- 0.036303 s
currentSize : 20 <-- 0.036480 s
currentSize : 21 <-- 51.779461 s
currentSize : 22 <-- 145.681381 s
currentSize : 23 <-- 309.545227 s
currentSize : 24 <-- 364.117615 s
currentSize : 26 <-- 373.171448 s
currentSize : 27 <-- 373.171478 s
currentSize : 31 <-- 373.230286 s

maxsize : 31
nodes : 28101313.000000
filtered : 376883111.000000
time : 373.506012
