Parameters: GAD=1 vflib=1 dir=0 label=0 lowerbound=1 fileNameGp=../graphsdb/mcs90/rand/r005/mcs90_r005_s35.A15 fileNameGt=../graphsdb/mcs90/rand/r005/mcs90_r005_s35.B15
Reading graphs...
35 :  58
35 :  58
Initializing...
maxdom : 35
D->valSize : 1225
Solving...
currentSize : 15 <-- 0.020518 s
currentSize : 17 <-- 0.020550 s
currentSize : 18 <-- 0.020769 s
currentSize : 19 <-- 0.022611 s
currentSize : 21 <-- 0.667742 s
currentSize : 22 <-- 160.391556 s
currentSize : 23 <-- 504.942078 s
currentSize : 24 <-- 798.217651 s
currentSize : 25 <-- 798.217651 s
currentSize : 26 <-- 990.222595 s
currentSize : 29 <-- 1049.610474 s
currentSize : 30 <-- 1049.658325 s
currentSize : 31 <-- 1050.604004 s

maxsize : 31
nodes : 53452680.000000
filtered : 1232781268.000000
time : 1050.731934
