Parameters: GAD=1 vflib=1 dir=0 label=1 lowerbound=1 fileNameGp=../graphsdb/mcs30/rand/r02/mcs30_r02_s50.A65 fileNameGt=../graphsdb/mcs30/rand/r02/mcs30_r02_s50.B65
Reading graphs...
50 :  432
50 :  430
Initializing...
maxdom : 11
D->valSize : 328
Solving...
currentSize : 4 <-- 0.002225 s
currentSize : 5 <-- 0.002337 s
currentSize : 6 <-- 0.002569 s
currentSize : 9 <-- 0.002878 s
currentSize : 11 <-- 0.024069 s
currentSize : 14 <-- 0.027225 s

maxsize : 14
nodes : 5735.000000
filtered : 106468.000000
CCGP filtered : 37121.000000
CCGT filtered : 14229.000000
time : 0.169466
