Parameters: GAD=1 vflib=1 dir=0 label=1 lowerbound=1 fileNameGp=../graphsdb/mcs30/rand/r02/mcs30_r02_s90.A02 fileNameGt=../graphsdb/mcs30/rand/r02/mcs30_r02_s90.B02
Reading graphs...
90 :  1435
90 :  1439
Initializing...
maxdom : 11
D->valSize : 543
Solving...
currentSize : 8 <-- 0.006287 s
currentSize : 10 <-- 0.036613 s
currentSize : 12 <-- 0.048397 s
currentSize : 13 <-- 0.067429 s
currentSize : 16 <-- 0.224614 s
currentSize : 17 <-- 0.225205 s
currentSize : 22 <-- 0.482749 s
currentSize : 23 <-- 0.528852 s

maxsize : 23
nodes : 27476.000000
filtered : 403569.000000
CCGP filtered : 91786.000000
CCGT filtered : 32033.000000
time : 1.944960
