Parameters: GAD=1 vflib=1 dir=0 label=1 lowerbound=1 fileNameGp=../graphsdb/mcs30/rand/r02/mcs30_r02_s80.A76 fileNameGt=../graphsdb/mcs30/rand/r02/mcs30_r02_s80.B76
Reading graphs...
80 :  1127
80 :  1134
Initializing...
maxdom : 8
D->valSize : 426
Solving...
currentSize : 5 <-- 0.004352 s
currentSize : 6 <-- 0.015934 s
currentSize : 8 <-- 0.018485 s
currentSize : 11 <-- 0.019037 s
currentSize : 12 <-- 0.022704 s
currentSize : 14 <-- 0.033408 s
currentSize : 20 <-- 0.034843 s
currentSize : 21 <-- 0.047983 s

maxsize : 21
nodes : 18968.000000
filtered : 240834.000000
CCGP filtered : 50355.000000
CCGT filtered : 17712.000000
time : 1.110563
