Parameters: GAD=1 vflib=1 dir=0 label=1 lowerbound=1 fileNameGp=../graphsdb/mcs30/rand/r01/mcs30_r01_s40.A54 fileNameGt=../graphsdb/mcs30/rand/r01/mcs30_r01_s40.B54
Reading graphs...
40 :  148
40 :  149
Initializing...
maxdom : 6
D->valSize : 200
Solving...
currentSize : 1 <-- 0.001159 s
currentSize : 2 <-- 0.001348 s
currentSize : 4 <-- 0.001491 s
currentSize : 9 <-- 0.002073 s
currentSize : 11 <-- 0.003550 s
currentSize : 12 <-- 0.004921 s

maxsize : 12
nodes : 1051.000000
filtered : 12013.000000
CCGP filtered : 11849.000000
CCGT filtered : 11732.000000
time : 0.022180
