Parameters: GAD=1 vflib=1 dir=0 label=1 lowerbound=1 fileNameGp=../graphsdb/mcs30/rand/r02/mcs30_r02_s40.A69 fileNameGt=../graphsdb/mcs30/rand/r02/mcs30_r02_s40.B69
Reading graphs...
40 :  278
40 :  280
Initializing...
maxdom : 8
D->valSize : 213
Solving...
currentSize : 5 <-- 0.001259 s
currentSize : 6 <-- 0.001371 s
currentSize : 7 <-- 0.002464 s
currentSize : 8 <-- 0.002508 s
currentSize : 9 <-- 0.002526 s
currentSize : 11 <-- 0.004202 s

maxsize : 11
nodes : 1683.000000
filtered : 29074.000000
CCGP filtered : 11892.000000
CCGT filtered : 5090.000000
time : 0.038092
