Parameters: GAD=1 vflib=1 dir=0 label=1 lowerbound=1 fileNameGp=../graphsdb/mcs50/rand/r02/mcs50_r02_s90.A21 fileNameGt=../graphsdb/mcs50/rand/r02/mcs50_r02_s90.B21
Reading graphs...
90 :  1414
90 :  1419
Initializing...
maxdom : 10
D->valSize : 573
Solving...
currentSize : 3 <-- 0.006473 s
currentSize : 9 <-- 0.007280 s
currentSize : 11 <-- 0.013310 s
currentSize : 14 <-- 0.045818 s
currentSize : 17 <-- 0.085558 s
currentSize : 20 <-- 0.086734 s
currentSize : 21 <-- 0.087516 s
currentSize : 31 <-- 0.153216 s
currentSize : 32 <-- 0.154074 s
currentSize : 33 <-- 0.156024 s

maxsize : 33
nodes : 185076.000000
filtered : 845854.000000
CCGP filtered : 41575.000000
CCGT filtered : 10573.000000
time : 10.814237
