Parameters: GAD=1 vflib=1 dir=0 label=1 lowerbound=1 fileNameGp=../graphsdb/mcs50/rand/r02/mcs50_r02_s70.A61 fileNameGt=../graphsdb/mcs50/rand/r02/mcs50_r02_s70.B61
Reading graphs...
70 :  874
70 :  860
Initializing...
maxdom : 8
D->valSize : 336
Solving...
currentSize : 3 <-- 0.002877 s
currentSize : 4 <-- 0.003781 s
currentSize : 5 <-- 0.006306 s
currentSize : 9 <-- 0.010104 s
currentSize : 12 <-- 0.015768 s
currentSize : 27 <-- 0.019653 s

maxsize : 27
nodes : 17132.000000
filtered : 97278.000000
CCGP filtered : 8938.000000
CCGT filtered : 5190.000000
time : 0.691911
