Parameters: GAD=1 vflib=1 dir=0 label=1 lowerbound=1 fileNameGp=../graphsdb/mcs50/bvg/b09/mcs50_b09_s30.A52 fileNameGt=../graphsdb/mcs50/bvg/b09/mcs50_b09_s30.B52
Reading graphs...
30 :  129
30 :  129
Initializing...
maxdom : 6
D->valSize : 118
Solving...
currentSize : 1 <-- 0.000606 s
currentSize : 3 <-- 0.000749 s
currentSize : 4 <-- 0.001068 s
currentSize : 5 <-- 0.001188 s
currentSize : 6 <-- 0.001825 s
currentSize : 14 <-- 0.002357 s

maxsize : 14
nodes : 239.000000
filtered : 3149.000000
CCGP filtered : 677.000000
CCGT filtered : 1041.000000
time : 0.004012
