Parameters: GAD=1 vflib=1 dir=0 label=1 lowerbound=1 fileNameGp=../graphsdb/mcs50/rand/r01/mcs50_r01_s25.A65 fileNameGt=../graphsdb/mcs50/rand/r01/mcs50_r01_s25.B65
Reading graphs...
25 :  57
25 :  57
Initializing...
maxdom : 11
D->valSize : 189
Solving...
currentSize : 5 <-- 0.000945 s
currentSize : 6 <-- 0.001568 s
currentSize : 7 <-- 0.001585 s
currentSize : 10 <-- 0.003015 s
currentSize : 11 <-- 0.003155 s
currentSize : 12 <-- 0.003789 s

maxsize : 12
nodes : 522.000000
filtered : 7117.000000
CCGP filtered : 5511.000000
CCGT filtered : 5362.000000
time : 0.006624
