Parameters: GAD=1 vflib=1 dir=0 label=1 lowerbound=1 fileNameGp=../graphsdb/mcs70/bvg/b06/mcs70_b06_s25.A70 fileNameGt=../graphsdb/mcs70/bvg/b06/mcs70_b06_s25.B70
Reading graphs...
25 :  74
25 :  74
Initializing...
maxdom : 10
D->valSize : 182
Solving...
currentSize : 1 <-- 0.000943 s
currentSize : 2 <-- 0.000996 s
currentSize : 3 <-- 0.001130 s
currentSize : 4 <-- 0.001167 s
currentSize : 5 <-- 0.001302 s
currentSize : 17 <-- 0.001569 s

maxsize : 17
nodes : 245.000000
filtered : 3235.000000
CCGP filtered : 576.000000
CCGT filtered : 1110.000000
time : 0.003323
