Parameters: GAD=1 vflib=1 dir=0 label=1 lowerbound=1 fileNameGp=../graphsdb/mcs90/rand/r02/mcs90_r02_s80.A39 fileNameGt=../graphsdb/mcs90/rand/r02/mcs90_r02_s80.B39
Reading graphs...
80 :  1118
80 :  1121
Initializing...
maxdom : 9
D->valSize : 453
Solving...
currentSize : 12 <-- 0.004752 s
currentSize : 45 <-- 0.011336 s
currentSize : 46 <-- 0.186020 s
currentSize : 47 <-- 8.935502 s
currentSize : 48 <-- 1870.251831 s

TIMEOUT
maxsize : 48
nodes : 111678225.000000
filtered : 33316119.000000
CCGP filtered : 486.000000
CCGT filtered : 85.000000
time : 3600.000000
