Parameters: GAD=1 vflib=1 dir=0 label=1 lowerbound=1 fileNameGp=../graphsdb/mcs90/bvg/b06m/mcs90_b06m_s15.A37 fileNameGt=../graphsdb/mcs90/bvg/b06m/mcs90_b06m_s15.B37
Reading graphs...
15 :  41
15 :  40
Initializing...
maxdom : 11
D->valSize : 130
Solving...
currentSize : 4 <-- 0.000607 s
currentSize : 5 <-- 0.000655 s
currentSize : 6 <-- 0.000788 s
currentSize : 7 <-- 0.000864 s
currentSize : 8 <-- 0.000924 s
currentSize : 9 <-- 0.001344 s
currentSize : 13 <-- 0.001590 s

maxsize : 13
nodes : 195.000000
filtered : 1862.000000
CCGP filtered : 328.000000
CCGT filtered : 225.000000
time : 0.001706
