Parameters: GAD=1 vflib=1 dir=0 label=1 lowerbound=1 fileNameGp=../graphsdb/mcs90/rand/r02/mcs90_r02_s25.A00 fileNameGt=../graphsdb/mcs90/rand/r02/mcs90_r02_s25.B00
Reading graphs...
25 :  105
25 :  104
Initializing...
maxdom : 8
D->valSize : 166
Solving...
currentSize : 4 <-- 0.000793 s
currentSize : 5 <-- 0.000826 s
currentSize : 6 <-- 0.001392 s
currentSize : 9 <-- 0.001473 s
currentSize : 16 <-- 0.001677 s
currentSize : 17 <-- 0.001889 s
currentSize : 18 <-- 0.002291 s

maxsize : 18
nodes : 343.000000
filtered : 3722.000000
CCGP filtered : 461.000000
CCGT filtered : 55.000000
time : 0.003682
